[0.015s] Invoking command in '/root/colcon_ws/build/orb_slam3_ros2_wrapper': CMAKE_PREFIX_PATH=/root/colcon_ws/install/slam_msgs:/root/colcon_ws/install/trajectory_comparison:/root/colcon_ws/install/orb_slam3_ros2_wrapper:/root/colcon_ws/install/trajectory_publisher:/root/colcon_ws/install/trajectory_comparer:/opt/ros/humble /usr/bin/cmake --build /root/colcon_ws/build/orb_slam3_ros2_wrapper -- -j8 -l8
[0.084s] [35m[1mConsolidate compiler generated dependencies of target rgbd[0m
[0.134s] [ 20%] [32mBuilding CXX object CMakeFiles/rgbd.dir/src/rgbd/rgbd-slam-node.cpp.o[0m
[7.140s] In file included from [01m[K/home/orb/ORB_SLAM3/include/Frame.h:30[m[K,
[7.140s]                  from [01m[K/home/orb/ORB_SLAM3/include/KeyFrame.h:28[m[K,
[7.140s]                  from [01m[K/home/orb/ORB_SLAM3/include/MapPoint.h:23[m[K,
[7.140s]                  from [01m[K/root/colcon_ws/src/orb_slam3_ros2_wrapper/include/orb_slam3_ros2_wrapper/type_conversion.hpp:26[m[K,
[7.140s]                  from [01m[K/root/colcon_ws/src/orb_slam3_ros2_wrapper/src/rgbd/rgbd-slam-node.hpp:35[m[K,
[7.140s]                  from [01m[K/root/colcon_ws/src/orb_slam3_ros2_wrapper/src/rgbd/rgbd-slam-node.cpp:6[m[K:
[7.141s] [01m[K/home/orb/ORB_SLAM3/include/ImuTypes.h:[m[K In member function ‘[01m[Kvoid ORB_SLAM3::IMU::Preintegrated::printMeasurements() const[m[K’:
[7.141s] [01m[K/home/orb/ORB_SLAM3/include/ImuTypes.h:204:23:[m[K [01;35m[Kwarning: [m[Kcomparison of integer expressions of different signedness: ‘[01m[Kint[m[K’ and ‘[01m[Kstd::vector<ORB_SLAM3::IMU::Preintegrated::integrable>::size_type[m[K’ {aka ‘[01m[Klong unsigned int[m[K’} [[01;35m[K-Wsign-compare[m[K]
[7.141s]   204 |         for(int i=0; [01;35m[Ki<mvMeasurements.size()[m[K; i++){
[7.141s]       |                      [01;35m[K~^~~~~~~~~~~~~~~~~~~~~~[m[K
[7.355s] In file included from [01m[K/home/orb/ORB_SLAM3/Thirdparty/g2o/g2o/types/types_six_dof_expmap.h:37[m[K,
[7.355s]                  from [01m[K/home/orb/ORB_SLAM3/include/Converter.h:26[m[K,
[7.355s]                  from [01m[K/home/orb/ORB_SLAM3/include/Frame.h:33[m[K,
[7.355s]                  from [01m[K/home/orb/ORB_SLAM3/include/KeyFrame.h:28[m[K,
[7.355s]                  from [01m[K/home/orb/ORB_SLAM3/include/MapPoint.h:23[m[K,
[7.355s]                  from [01m[K/root/colcon_ws/src/orb_slam3_ros2_wrapper/include/orb_slam3_ros2_wrapper/type_conversion.hpp:26[m[K,
[7.356s]                  from [01m[K/root/colcon_ws/src/orb_slam3_ros2_wrapper/src/rgbd/rgbd-slam-node.hpp:35[m[K,
[7.356s]                  from [01m[K/root/colcon_ws/src/orb_slam3_ros2_wrapper/src/rgbd/rgbd-slam-node.cpp:6[m[K:
[7.356s] [01m[K/home/orb/ORB_SLAM3/Thirdparty/g2o/g2o/types/../core/base_vertex.h:[m[K At global scope:
[7.356s] [01m[K/home/orb/ORB_SLAM3/Thirdparty/g2o/g2o/types/../core/base_vertex.h:62:74:[m[K [01;35m[Kwarning: [m[K‘[01m[KEigen::AlignedBit[m[K’ is deprecated [[01;35m[K-Wdeprecated-declarations[m[K]
[7.356s]    62 |     typedef Eigen::Map<Matrix<double, D, D>, Matrix<double,D,D>::Flags & [01;35m[KAlignedBit[m[K ? Aligned : Unaligned >  HessianBlockType;
[7.356s]       |                                                                          [01;35m[K^~~~~~~~~~[m[K
[7.356s] In file included from [01m[K/usr/include/eigen3/Eigen/Core:161[m[K,
[7.356s]                  from [01m[K/root/colcon_ws/src/orb_slam3_ros2_wrapper/include/orb_slam3_ros2_wrapper/type_conversion.hpp:10[m[K,
[7.356s]                  from [01m[K/root/colcon_ws/src/orb_slam3_ros2_wrapper/src/rgbd/rgbd-slam-node.hpp:35[m[K,
[7.356s]                  from [01m[K/root/colcon_ws/src/orb_slam3_ros2_wrapper/src/rgbd/rgbd-slam-node.cpp:6[m[K:
[7.356s] [01m[K/usr/include/eigen3/Eigen/src/Core/util/Constants.h:167:37:[m[K [01;36m[Knote: [m[Kdeclared here
[7.356s]   167 | EIGEN_DEPRECATED const unsigned int [01;36m[KAlignedBit[m[K = 0x80;
[7.357s]       |                                     [01;36m[K^~~~~~~~~~[m[K
[7.370s] In file included from [01m[K/home/orb/ORB_SLAM3/Thirdparty/g2o/g2o/types/types_six_dof_expmap.h:38[m[K,
[7.371s]                  from [01m[K/home/orb/ORB_SLAM3/include/Converter.h:26[m[K,
[7.371s]                  from [01m[K/home/orb/ORB_SLAM3/include/Frame.h:33[m[K,
[7.371s]                  from [01m[K/home/orb/ORB_SLAM3/include/KeyFrame.h:28[m[K,
[7.371s]                  from [01m[K/home/orb/ORB_SLAM3/include/MapPoint.h:23[m[K,
[7.371s]                  from [01m[K/root/colcon_ws/src/orb_slam3_ros2_wrapper/include/orb_slam3_ros2_wrapper/type_conversion.hpp:26[m[K,
[7.371s]                  from [01m[K/root/colcon_ws/src/orb_slam3_ros2_wrapper/src/rgbd/rgbd-slam-node.hpp:35[m[K,
[7.371s]                  from [01m[K/root/colcon_ws/src/orb_slam3_ros2_wrapper/src/rgbd/rgbd-slam-node.cpp:6[m[K:
[7.371s] [01m[K/home/orb/ORB_SLAM3/Thirdparty/g2o/g2o/types/../core/base_binary_edge.h:59:82:[m[K [01;35m[Kwarning: [m[K‘[01m[KEigen::AlignedBit[m[K’ is deprecated [[01;35m[K-Wdeprecated-declarations[m[K]
[7.371s]    59 |      typedef Eigen::Map<Matrix<double, Di, Dj>, Matrix<double, Di, Dj>::Flags & [01;35m[KAlignedBit[m[K ? Aligned : Unaligned > HessianBlockType;
[7.371s]       |                                                                                 [01;35m[K^~~~~~~~~~[m[K
[7.372s] 
[7.372s] In file included from [01m[K/usr/include/eigen3/Eigen/Core:161[m[K,
[7.372s]                  from [01m[K/root/colcon_ws/src/orb_slam3_ros2_wrapper/include/orb_slam3_ros2_wrapper/type_conversion.hpp:10[m[K,
[7.372s]                  from [01m[K/root/colcon_ws/src/orb_slam3_ros2_wrapper/src/rgbd/rgbd-slam-node.hpp:35[m[K,
[7.372s]                  from [01m[K/root/colcon_ws/src/orb_slam3_ros2_wrapper/src/rgbd/rgbd-slam-node.cpp:6[m[K:
[7.372s] [01m[K/usr/include/eigen3/Eigen/src/Core/util/Constants.h:167:37:[m[K [01;36m[Knote: [m[Kdeclared here
[7.373s]   167 | EIGEN_DEPRECATED const unsigned int [01;36m[KAlignedBit[m[K = 0x80;
[7.373s]       |                                     [01;36m[K^~~~~~~~~~[m[K
[7.373s] In file included from [01m[K/home/orb/ORB_SLAM3/Thirdparty/g2o/g2o/types/types_six_dof_expmap.h:38[m[K,
[7.373s]                  from [01m[K/home/orb/ORB_SLAM3/include/Converter.h:26[m[K,
[7.373s]                  from [01m[K/home/orb/ORB_SLAM3/include/Frame.h:33[m[K,
[7.373s]                  from [01m[K/home/orb/ORB_SLAM3/include/KeyFrame.h:28[m[K,
[7.373s]                  from [01m[K/home/orb/ORB_SLAM3/include/MapPoint.h:23[m[K,
[7.373s]                  from [01m[K/root/colcon_ws/src/orb_slam3_ros2_wrapper/include/orb_slam3_ros2_wrapper/type_conversion.hpp:26[m[K,
[7.373s]                  from [01m[K/root/colcon_ws/src/orb_slam3_ros2_wrapper/src/rgbd/rgbd-slam-node.hpp:35[m[K,
[7.373s]                  from [01m[K/root/colcon_ws/src/orb_slam3_ros2_wrapper/src/rgbd/rgbd-slam-node.cpp:6[m[K:
[7.373s] [01m[K/home/orb/ORB_SLAM3/Thirdparty/g2o/g2o/types/../core/base_binary_edge.h:60:82:[m[K [01;35m[Kwarning: [m[K‘[01m[KEigen::AlignedBit[m[K’ is deprecated [[01;35m[K-Wdeprecated-declarations[m[K]
[7.373s]    60 |      typedef Eigen::Map<Matrix<double, Dj, Di>, Matrix<double, Dj, Di>::Flags & [01;35m[KAlignedBit[m[K ? Aligned : Unaligned > HessianBlockTransposedType;
[7.374s]       |                                                                                 [01;35m[K^~~~~~~~~~[m[K
[7.374s] 
[7.374s] In file included from [01m[K/usr/include/eigen3/Eigen/Core:161[m[K,
[7.374s]                  from [01m[K/root/colcon_ws/src/orb_slam3_ros2_wrapper/include/orb_slam3_ros2_wrapper/type_conversion.hpp:10[m[K,
[7.374s]                  from [01m[K/root/colcon_ws/src/orb_slam3_ros2_wrapper/src/rgbd/rgbd-slam-node.hpp:35[m[K,
[7.374s]                  from [01m[K/root/colcon_ws/src/orb_slam3_ros2_wrapper/src/rgbd/rgbd-slam-node.cpp:6[m[K:
[7.374s] [01m[K/usr/include/eigen3/Eigen/src/Core/util/Constants.h:167:37:[m[K [01;36m[Knote: [m[Kdeclared here
[7.374s]   167 | EIGEN_DEPRECATED const unsigned int [01;36m[KAlignedBit[m[K = 0x80;
[7.374s]       |                                     [01;36m[K^~~~~~~~~~[m[K
[7.450s] In file included from [01m[K/home/orb/ORB_SLAM3/Thirdparty/g2o/g2o/types/types_six_dof_expmap.h:41[m[K,
[7.451s]                  from [01m[K/home/orb/ORB_SLAM3/include/Converter.h:26[m[K,
[7.451s]                  from [01m[K/home/orb/ORB_SLAM3/include/Frame.h:33[m[K,
[7.451s]                  from [01m[K/home/orb/ORB_SLAM3/include/KeyFrame.h:28[m[K,
[7.451s]                  from [01m[K/home/orb/ORB_SLAM3/include/MapPoint.h:23[m[K,
[7.451s]                  from [01m[K/root/colcon_ws/src/orb_slam3_ros2_wrapper/include/orb_slam3_ros2_wrapper/type_conversion.hpp:26[m[K,
[7.451s]                  from [01m[K/root/colcon_ws/src/orb_slam3_ros2_wrapper/src/rgbd/rgbd-slam-node.hpp:35[m[K,
[7.451s]                  from [01m[K/root/colcon_ws/src/orb_slam3_ros2_wrapper/src/rgbd/rgbd-slam-node.cpp:6[m[K:
[7.452s] [01m[K/home/orb/ORB_SLAM3/Thirdparty/g2o/g2o/types/se3quat.h:43:38:[m[K [01;35m[Kwarning: [m[Kextra ‘[01m[K;[m[K’ [[01;35m[K-Wpedantic[m[K]
[7.452s]    43 |       EIGEN_MAKE_ALIGNED_OPERATOR_NEW[01;35m[K;[m[K
[7.452s]       |                                      [01;35m[K^[m[K
[7.452s]       |                                      [31m[K-[m[K
[7.796s] In file included from [01m[K/home/orb/ORB_SLAM3/Thirdparty/g2o/g2o/types/types_six_dof_expmap.h:37[m[K,
[7.796s]                  from [01m[K/home/orb/ORB_SLAM3/include/Converter.h:26[m[K,
[7.796s]                  from [01m[K/home/orb/ORB_SLAM3/include/Frame.h:33[m[K,
[7.796s]                  from [01m[K/home/orb/ORB_SLAM3/include/KeyFrame.h:28[m[K,
[7.796s]                  from [01m[K/home/orb/ORB_SLAM3/include/MapPoint.h:23[m[K,
[7.796s]                  from [01m[K/root/colcon_ws/src/orb_slam3_ros2_wrapper/include/orb_slam3_ros2_wrapper/type_conversion.hpp:26[m[K,
[7.796s]                  from [01m[K/root/colcon_ws/src/orb_slam3_ros2_wrapper/src/rgbd/rgbd-slam-node.hpp:35[m[K,
[7.796s]                  from [01m[K/root/colcon_ws/src/orb_slam3_ros2_wrapper/src/rgbd/rgbd-slam-node.cpp:6[m[K:
[7.796s] /home/orb/ORB_SLAM3/Thirdparty/g2o/g2o/types/../core/base_vertex.h: In instantiation of ‘[01m[Kclass g2o::BaseVertex<3, Eigen::Matrix<double, 3, 1> >[m[K’:
[7.796s] [01m[K/home/orb/ORB_SLAM3/Thirdparty/g2o/g2o/types/types_sba.h:40:35:[m[K   required from here
[7.796s] [01m[K/home/orb/ORB_SLAM3/Thirdparty/g2o/g2o/types/../core/base_vertex.h:62:72:[m[K [01;35m[Kwarning: [m[K‘[01m[KEigen::AlignedBit[m[K’ is deprecated [[01;35m[K-Wdeprecated-declarations[m[K]
[7.796s]    62 |     typedef Eigen::Map<Matrix<double, D, D>, Matrix<double,D,D>::[01;35m[KFlags & AlignedBit[m[K ? Aligned : Unaligned >  HessianBlockType;
[7.797s]       |                                                                  [01;35m[K~~~~~~^~~~~~~~~~~~[m[K
[7.797s] In file included from [01m[K/usr/include/eigen3/Eigen/Core:161[m[K,
[7.797s]                  from [01m[K/root/colcon_ws/src/orb_slam3_ros2_wrapper/include/orb_slam3_ros2_wrapper/type_conversion.hpp:10[m[K,
[7.797s]                  from [01m[K/root/colcon_ws/src/orb_slam3_ros2_wrapper/src/rgbd/rgbd-slam-node.hpp:35[m[K,
[7.797s]                  from [01m[K/root/colcon_ws/src/orb_slam3_ros2_wrapper/src/rgbd/rgbd-slam-node.cpp:6[m[K:
[7.797s] [01m[K/usr/include/eigen3/Eigen/src/Core/util/Constants.h:167:37:[m[K [01;36m[Knote: [m[Kdeclared here
[7.797s]   167 | EIGEN_DEPRECATED const unsigned int [01;36m[KAlignedBit[m[K = 0x80;
[7.797s]       |                                     [01;36m[K^~~~~~~~~~[m[K
[7.834s] In file included from [01m[K/home/orb/ORB_SLAM3/Thirdparty/g2o/g2o/types/types_six_dof_expmap.h:37[m[K,
[7.834s]                  from [01m[K/home/orb/ORB_SLAM3/include/Converter.h:26[m[K,
[7.834s]                  from [01m[K/home/orb/ORB_SLAM3/include/Frame.h:33[m[K,
[7.834s]                  from [01m[K/home/orb/ORB_SLAM3/include/KeyFrame.h:28[m[K,
[7.834s]                  from [01m[K/home/orb/ORB_SLAM3/include/MapPoint.h:23[m[K,
[7.834s]                  from [01m[K/root/colcon_ws/src/orb_slam3_ros2_wrapper/include/orb_slam3_ros2_wrapper/type_conversion.hpp:26[m[K,
[7.834s]                  from [01m[K/root/colcon_ws/src/orb_slam3_ros2_wrapper/src/rgbd/rgbd-slam-node.hpp:35[m[K,
[7.834s]                  from [01m[K/root/colcon_ws/src/orb_slam3_ros2_wrapper/src/rgbd/rgbd-slam-node.cpp:6[m[K:
[7.834s] /home/orb/ORB_SLAM3/Thirdparty/g2o/g2o/types/../core/base_vertex.h: In instantiation of ‘[01m[Kclass g2o::BaseVertex<6, g2o::SE3Quat>[m[K’:
[7.834s] [01m[K/home/orb/ORB_SLAM3/Thirdparty/g2o/g2o/types/types_six_dof_expmap.h:59:33:[m[K   required from here
[7.834s] [01m[K/home/orb/ORB_SLAM3/Thirdparty/g2o/g2o/types/../core/base_vertex.h:62:72:[m[K [01;35m[Kwarning: [m[K‘[01m[KEigen::AlignedBit[m[K’ is deprecated [[01;35m[K-Wdeprecated-declarations[m[K]
[7.835s]    62 |     typedef Eigen::Map<Matrix<double, D, D>, Matrix<double,D,D>::[01;35m[KFlags & AlignedBit[m[K ? Aligned : Unaligned >  HessianBlockType;
[7.835s]       |                                                                  [01;35m[K~~~~~~^~~~~~~~~~~~[m[K
[7.835s] In file included from [01m[K/usr/include/eigen3/Eigen/Core:161[m[K,
[7.835s]                  from [01m[K/root/colcon_ws/src/orb_slam3_ros2_wrapper/include/orb_slam3_ros2_wrapper/type_conversion.hpp:10[m[K,
[7.835s]                  from [01m[K/root/colcon_ws/src/orb_slam3_ros2_wrapper/src/rgbd/rgbd-slam-node.hpp:35[m[K,
[7.835s]                  from [01m[K/root/colcon_ws/src/orb_slam3_ros2_wrapper/src/rgbd/rgbd-slam-node.cpp:6[m[K:
[7.835s] [01m[K/usr/include/eigen3/Eigen/src/Core/util/Constants.h:167:37:[m[K [01;36m[Knote: [m[Kdeclared here
[7.835s]   167 | EIGEN_DEPRECATED const unsigned int [01;36m[KAlignedBit[m[K = 0x80;
[7.835s]       |                                     [01;36m[K^~~~~~~~~~[m[K
[7.874s] In file included from [01m[K/home/orb/ORB_SLAM3/Thirdparty/g2o/g2o/types/types_six_dof_expmap.h:38[m[K,
[7.874s]                  from [01m[K/home/orb/ORB_SLAM3/include/Converter.h:26[m[K,
[7.874s]                  from [01m[K/home/orb/ORB_SLAM3/include/Frame.h:33[m[K,
[7.874s]                  from [01m[K/home/orb/ORB_SLAM3/include/KeyFrame.h:28[m[K,
[7.874s]                  from [01m[K/home/orb/ORB_SLAM3/include/MapPoint.h:23[m[K,
[7.875s]                  from [01m[K/root/colcon_ws/src/orb_slam3_ros2_wrapper/include/orb_slam3_ros2_wrapper/type_conversion.hpp:26[m[K,
[7.875s]                  from [01m[K/root/colcon_ws/src/orb_slam3_ros2_wrapper/src/rgbd/rgbd-slam-node.hpp:35[m[K,
[7.875s]                  from [01m[K/root/colcon_ws/src/orb_slam3_ros2_wrapper/src/rgbd/rgbd-slam-node.cpp:6[m[K:
[7.875s] /home/orb/ORB_SLAM3/Thirdparty/g2o/g2o/types/../core/base_binary_edge.h: In instantiation of ‘[01m[Kclass g2o::BaseBinaryEdge<6, g2o::SE3Quat, g2o::VertexSE3Expmap, g2o::VertexSE3Expmap>[m[K’:
[7.875s] [01m[K/home/orb/ORB_SLAM3/Thirdparty/g2o/g2o/types/types_six_dof_expmap.h:83:24:[m[K   required from here
[7.875s] [01m[K/home/orb/ORB_SLAM3/Thirdparty/g2o/g2o/types/../core/base_binary_edge.h:59:80:[m[K [01;35m[Kwarning: [m[K‘[01m[KEigen::AlignedBit[m[K’ is deprecated [[01;35m[K-Wdeprecated-declarations[m[K]
[7.875s]    59 |       typedef Eigen::Map<Matrix<double, Di, Dj>, Matrix<double, Di, Dj>::[01;35m[KFlags & AlignedBit[m[K ? Aligned : Unaligned > HessianBlockType;
[7.875s]       |                                                                          [01;35m[K~~~~~~^~~~~~~~~~~~[m[K
[7.875s] In file included from [01m[K/usr/include/eigen3/Eigen/Core:161[m[K,
[7.875s]                  from [01m[K/root/colcon_ws/src/orb_slam3_ros2_wrapper/include/orb_slam3_ros2_wrapper/type_conversion.hpp:10[m[K,
[7.875s]                  from [01m[K/root/colcon_ws/src/orb_slam3_ros2_wrapper/src/rgbd/rgbd-slam-node.hpp:35[m[K,
[7.875s]                  from [01m[K/root/colcon_ws/src/orb_slam3_ros2_wrapper/src/rgbd/rgbd-slam-node.cpp:6[m[K:
[7.875s] [01m[K/usr/include/eigen3/Eigen/src/Core/util/Constants.h:167:37:[m[K [01;36m[Knote: [m[Kdeclared here
[7.875s]   167 | EIGEN_DEPRECATED const unsigned int [01;36m[KAlignedBit[m[K = 0x80;
[7.876s]       |                                     [01;36m[K^~~~~~~~~~[m[K
[7.876s] In file included from [01m[K/home/orb/ORB_SLAM3/Thirdparty/g2o/g2o/types/types_six_dof_expmap.h:38[m[K,
[7.876s]                  from [01m[K/home/orb/ORB_SLAM3/include/Converter.h:26[m[K,
[7.876s]                  from [01m[K/home/orb/ORB_SLAM3/include/Frame.h:33[m[K,
[7.876s]                  from [01m[K/home/orb/ORB_SLAM3/include/KeyFrame.h:28[m[K,
[7.876s]                  from [01m[K/home/orb/ORB_SLAM3/include/MapPoint.h:23[m[K,
[7.876s]                  from [01m[K/root/colcon_ws/src/orb_slam3_ros2_wrapper/include/orb_slam3_ros2_wrapper/type_conversion.hpp:26[m[K,
[7.876s]                  from [01m[K/root/colcon_ws/src/orb_slam3_ros2_wrapper/src/rgbd/rgbd-slam-node.hpp:35[m[K,
[7.876s]                  from [01m[K/root/colcon_ws/src/orb_slam3_ros2_wrapper/src/rgbd/rgbd-slam-node.cpp:6[m[K:
[7.876s] [01m[K/home/orb/ORB_SLAM3/Thirdparty/g2o/g2o/types/../core/base_binary_edge.h:60:80:[m[K [01;35m[Kwarning: [m[K‘[01m[KEigen::AlignedBit[m[K’ is deprecated [[01;35m[K-Wdeprecated-declarations[m[K]
[7.876s]    60 |       typedef Eigen::Map<Matrix<double, Dj, Di>, Matrix<double, Dj, Di>::[01;35m[KFlags & AlignedBit[m[K ? Aligned : Unaligned > HessianBlockTransposedType;
[7.876s]       |                                                                          [01;35m[K~~~~~~^~~~~~~~~~~~[m[K
[7.876s] In file included from [01m[K/usr/include/eigen3/Eigen/Core:161[m[K,
[7.876s]                  from [01m[K/root/colcon_ws/src/orb_slam3_ros2_wrapper/include/orb_slam3_ros2_wrapper/type_conversion.hpp:10[m[K,
[7.876s]                  from [01m[K/root/colcon_ws/src/orb_slam3_ros2_wrapper/src/rgbd/rgbd-slam-node.hpp:35[m[K,
[7.877s]                  from [01m[K/root/colcon_ws/src/orb_slam3_ros2_wrapper/src/rgbd/rgbd-slam-node.cpp:6[m[K:
[7.877s] [01m[K/usr/include/eigen3/Eigen/src/Core/util/Constants.h:167:37:[m[K [01;36m[Knote: [m[Kdeclared here
[7.877s]   167 | EIGEN_DEPRECATED const unsigned int [01;36m[KAlignedBit[m[K = 0x80;
[7.877s]       |                                     [01;36m[K^~~~~~~~~~[m[K
[7.963s] In file included from [01m[K/home/orb/ORB_SLAM3/Thirdparty/g2o/g2o/types/types_six_dof_expmap.h:38[m[K,
[7.963s]                  from [01m[K/home/orb/ORB_SLAM3/include/Converter.h:26[m[K,
[7.963s]                  from [01m[K/home/orb/ORB_SLAM3/include/Frame.h:33[m[K,
[7.963s]                  from [01m[K/home/orb/ORB_SLAM3/include/KeyFrame.h:28[m[K,
[7.963s]                  from [01m[K/home/orb/ORB_SLAM3/include/MapPoint.h:23[m[K,
[7.963s]                  from [01m[K/root/colcon_ws/src/orb_slam3_ros2_wrapper/include/orb_slam3_ros2_wrapper/type_conversion.hpp:26[m[K,
[7.963s]                  from [01m[K/root/colcon_ws/src/orb_slam3_ros2_wrapper/src/rgbd/rgbd-slam-node.hpp:35[m[K,
[7.963s]                  from [01m[K/root/colcon_ws/src/orb_slam3_ros2_wrapper/src/rgbd/rgbd-slam-node.cpp:6[m[K:
[7.963s] /home/orb/ORB_SLAM3/Thirdparty/g2o/g2o/types/../core/base_binary_edge.h: In instantiation of ‘[01m[Kclass g2o::BaseBinaryEdge<2, Eigen::Matrix<double, 2, 1>, g2o::VertexSBAPointXYZ, g2o::VertexSE3Expmap>[m[K’:
[7.964s] [01m[K/home/orb/ORB_SLAM3/Thirdparty/g2o/g2o/types/types_six_dof_expmap.h:114:35:[m[K   required from here
[7.964s] [01m[K/home/orb/ORB_SLAM3/Thirdparty/g2o/g2o/types/../core/base_binary_edge.h:59:80:[m[K [01;35m[Kwarning: [m[K‘[01m[KEigen::AlignedBit[m[K’ is deprecated [[01;35m[K-Wdeprecated-declarations[m[K]
[7.964s]    59 |       typedef Eigen::Map<Matrix<double, Di, Dj>, Matrix<double, Di, Dj>::[01;35m[KFlags & AlignedBit[m[K ? Aligned : Unaligned > HessianBlockType;
[7.964s]       |                                                                          [01;35m[K~~~~~~^~~~~~~~~~~~[m[K
[7.964s] In file included from [01m[K/usr/include/eigen3/Eigen/Core:161[m[K,
[7.964s]                  from [01m[K/root/colcon_ws/src/orb_slam3_ros2_wrapper/include/orb_slam3_ros2_wrapper/type_conversion.hpp:10[m[K,
[7.964s]                  from [01m[K/root/colcon_ws/src/orb_slam3_ros2_wrapper/src/rgbd/rgbd-slam-node.hpp:35[m[K,
[7.964s]                  from [01m[K/root/colcon_ws/src/orb_slam3_ros2_wrapper/src/rgbd/rgbd-slam-node.cpp:6[m[K:
[7.964s] [01m[K/usr/include/eigen3/Eigen/src/Core/util/Constants.h:167:37:[m[K [01;36m[Knote: [m[Kdeclared here
[7.964s]   167 | EIGEN_DEPRECATED const unsigned int [01;36m[KAlignedBit[m[K = 0x80;
[7.964s]       |                                     [01;36m[K^~~~~~~~~~[m[K
[7.982s] In file included from [01m[K/home/orb/ORB_SLAM3/Thirdparty/g2o/g2o/types/types_six_dof_expmap.h:38[m[K,
[7.982s]                  from [01m[K/home/orb/ORB_SLAM3/include/Converter.h:26[m[K,
[7.982s]                  from [01m[K/home/orb/ORB_SLAM3/include/Frame.h:33[m[K,
[7.982s]                  from [01m[K/home/orb/ORB_SLAM3/include/KeyFrame.h:28[m[K,
[7.982s]                  from [01m[K/home/orb/ORB_SLAM3/include/MapPoint.h:23[m[K,
[7.982s]                  from [01m[K/root/colcon_ws/src/orb_slam3_ros2_wrapper/include/orb_slam3_ros2_wrapper/type_conversion.hpp:26[m[K,
[7.982s]                  from [01m[K/root/colcon_ws/src/orb_slam3_ros2_wrapper/src/rgbd/rgbd-slam-node.hpp:35[m[K,
[7.982s]                  from [01m[K/root/colcon_ws/src/orb_slam3_ros2_wrapper/src/rgbd/rgbd-slam-node.cpp:6[m[K:
[7.982s] [01m[K/home/orb/ORB_SLAM3/Thirdparty/g2o/g2o/types/../core/base_binary_edge.h:60:80:[m[K [01;35m[Kwarning: [m[K‘[01m[KEigen::AlignedBit[m[K’ is deprecated [[01;35m[K-Wdeprecated-declarations[m[K]
[7.982s]    60 |       typedef Eigen::Map<Matrix<double, Dj, Di>, Matrix<double, Dj, Di>::[01;35m[KFlags & AlignedBit[m[K ? Aligned : Unaligned > HessianBlockTransposedType;
[7.982s]       |                                                                          [01;35m[K~~~~~~^~~~~~~~~~~~[m[K
[7.983s] In file included from [01m[K/usr/include/eigen3/Eigen/Core:161[m[K,
[7.983s]                  from [01m[K/root/colcon_ws/src/orb_slam3_ros2_wrapper/include/orb_slam3_ros2_wrapper/type_conversion.hpp:10[m[K,
[7.983s]                  from [01m[K/root/colcon_ws/src/orb_slam3_ros2_wrapper/src/rgbd/rgbd-slam-node.hpp:35[m[K,
[7.983s]                  from [01m[K/root/colcon_ws/src/orb_slam3_ros2_wrapper/src/rgbd/rgbd-slam-node.cpp:6[m[K:
[7.983s] [01m[K/usr/include/eigen3/Eigen/src/Core/util/Constants.h:167:37:[m[K [01;36m[Knote: [m[Kdeclared here
[7.983s]   167 | EIGEN_DEPRECATED const unsigned int [01;36m[KAlignedBit[m[K = 0x80;
[7.983s]       |                                     [01;36m[K^~~~~~~~~~[m[K
[8.064s] In file included from [01m[K/home/orb/ORB_SLAM3/Thirdparty/g2o/g2o/types/types_six_dof_expmap.h:38[m[K,
[8.064s]                  from [01m[K/home/orb/ORB_SLAM3/include/Converter.h:26[m[K,
[8.064s]                  from [01m[K/home/orb/ORB_SLAM3/include/Frame.h:33[m[K,
[8.064s]                  from [01m[K/home/orb/ORB_SLAM3/include/KeyFrame.h:28[m[K,
[8.065s]                  from [01m[K/home/orb/ORB_SLAM3/include/MapPoint.h:23[m[K,
[8.065s]                  from [01m[K/root/colcon_ws/src/orb_slam3_ros2_wrapper/include/orb_slam3_ros2_wrapper/type_conversion.hpp:26[m[K,
[8.065s]                  from [01m[K/root/colcon_ws/src/orb_slam3_ros2_wrapper/src/rgbd/rgbd-slam-node.hpp:35[m[K,
[8.065s]                  from [01m[K/root/colcon_ws/src/orb_slam3_ros2_wrapper/src/rgbd/rgbd-slam-node.cpp:6[m[K:
[8.065s] /home/orb/ORB_SLAM3/Thirdparty/g2o/g2o/types/../core/base_binary_edge.h: In instantiation of ‘[01m[Kclass g2o::BaseBinaryEdge<3, Eigen::Matrix<double, 3, 1>, g2o::VertexSBAPointXYZ, g2o::VertexSE3Expmap>[m[K’:
[8.065s] [01m[K/home/orb/ORB_SLAM3/Thirdparty/g2o/g2o/types/types_six_dof_expmap.h:146:41:[m[K   required from here
[8.065s] [01m[K/home/orb/ORB_SLAM3/Thirdparty/g2o/g2o/types/../core/base_binary_edge.h:59:80:[m[K [01;35m[Kwarning: [m[K‘[01m[KEigen::AlignedBit[m[K’ is deprecated [[01;35m[K-Wdeprecated-declarations[m[K]
[8.065s]    59 |       typedef Eigen::Map<Matrix<double, Di, Dj>, Matrix<double, Di, Dj>::[01;35m[KFlags & AlignedBit[m[K ? Aligned : Unaligned > HessianBlockType;
[8.066s]       |                                                                          [01;35m[K~~~~~~^~~~~~~~~~~~[m[K
[8.066s] In file included from [01m[K/usr/include/eigen3/Eigen/Core:161[m[K,
[8.066s]                  from [01m[K/root/colcon_ws/src/orb_slam3_ros2_wrapper/include/orb_slam3_ros2_wrapper/type_conversion.hpp:10[m[K,
[8.066s]                  from [01m[K/root/colcon_ws/src/orb_slam3_ros2_wrapper/src/rgbd/rgbd-slam-node.hpp:35[m[K,
[8.066s]                  from [01m[K/root/colcon_ws/src/orb_slam3_ros2_wrapper/src/rgbd/rgbd-slam-node.cpp:6[m[K:
[8.066s] [01m[K/usr/include/eigen3/Eigen/src/Core/util/Constants.h:167:37:[m[K [01;36m[Knote: [m[Kdeclared here
[8.066s]   167 | EIGEN_DEPRECATED const unsigned int [01;36m[KAlignedBit[m[K = 0x80;
[8.066s]       |                                     [01;36m[K^~~~~~~~~~[m[K
[8.066s] In file included from [01m[K/home/orb/ORB_SLAM3/Thirdparty/g2o/g2o/types/types_six_dof_expmap.h:38[m[K,
[8.066s]                  from [01m[K/home/orb/ORB_SLAM3/include/Converter.h:26[m[K,
[8.067s]                  from [01m[K/home/orb/ORB_SLAM3/include/Frame.h:33[m[K,
[8.067s]                  from [01m[K/home/orb/ORB_SLAM3/include/KeyFrame.h:28[m[K,
[8.067s]                  from [01m[K/home/orb/ORB_SLAM3/include/MapPoint.h:23[m[K,
[8.067s]                  from [01m[K/root/colcon_ws/src/orb_slam3_ros2_wrapper/include/orb_slam3_ros2_wrapper/type_conversion.hpp:26[m[K,
[8.067s]                  from [01m[K/root/colcon_ws/src/orb_slam3_ros2_wrapper/src/rgbd/rgbd-slam-node.hpp:35[m[K,
[8.067s]                  from [01m[K/root/colcon_ws/src/orb_slam3_ros2_wrapper/src/rgbd/rgbd-slam-node.cpp:6[m[K:
[8.067s] [01m[K/home/orb/ORB_SLAM3/Thirdparty/g2o/g2o/types/../core/base_binary_edge.h:60:80:[m[K [01;35m[Kwarning: [m[K‘[01m[KEigen::AlignedBit[m[K’ is deprecated [[01;35m[K-Wdeprecated-declarations[m[K]
[8.067s]    60 |       typedef Eigen::Map<Matrix<double, Dj, Di>, Matrix<double, Dj, Di>::[01;35m[KFlags & AlignedBit[m[K ? Aligned : Unaligned > HessianBlockTransposedType;
[8.067s]       |                                                                          [01;35m[K~~~~~~^~~~~~~~~~~~[m[K
[8.067s] In file included from [01m[K/usr/include/eigen3/Eigen/Core:161[m[K,
[8.067s]                  from [01m[K/root/colcon_ws/src/orb_slam3_ros2_wrapper/include/orb_slam3_ros2_wrapper/type_conversion.hpp:10[m[K,
[8.067s]                  from [01m[K/root/colcon_ws/src/orb_slam3_ros2_wrapper/src/rgbd/rgbd-slam-node.hpp:35[m[K,
[8.067s]                  from [01m[K/root/colcon_ws/src/orb_slam3_ros2_wrapper/src/rgbd/rgbd-slam-node.cpp:6[m[K:
[8.068s] [01m[K/usr/include/eigen3/Eigen/src/Core/util/Constants.h:167:37:[m[K [01;36m[Knote: [m[Kdeclared here
[8.068s]   167 | EIGEN_DEPRECATED const unsigned int [01;36m[KAlignedBit[m[K = 0x80;
[8.068s]       |                                     [01;36m[K^~~~~~~~~~[m[K
[8.337s] In file included from [01m[K/home/orb/ORB_SLAM3/Thirdparty/g2o/g2o/types/types_six_dof_expmap.h:37[m[K,
[8.337s]                  from [01m[K/home/orb/ORB_SLAM3/include/Converter.h:26[m[K,
[8.337s]                  from [01m[K/home/orb/ORB_SLAM3/include/Frame.h:33[m[K,
[8.337s]                  from [01m[K/home/orb/ORB_SLAM3/include/KeyFrame.h:28[m[K,
[8.337s]                  from [01m[K/home/orb/ORB_SLAM3/include/MapPoint.h:23[m[K,
[8.337s]                  from [01m[K/root/colcon_ws/src/orb_slam3_ros2_wrapper/include/orb_slam3_ros2_wrapper/type_conversion.hpp:26[m[K,
[8.337s]                  from [01m[K/root/colcon_ws/src/orb_slam3_ros2_wrapper/src/rgbd/rgbd-slam-node.hpp:35[m[K,
[8.337s]                  from [01m[K/root/colcon_ws/src/orb_slam3_ros2_wrapper/src/rgbd/rgbd-slam-node.cpp:6[m[K:
[8.338s] /home/orb/ORB_SLAM3/Thirdparty/g2o/g2o/types/../core/base_vertex.h: In instantiation of ‘[01m[Kclass g2o::BaseVertex<7, g2o::Sim3>[m[K’:
[8.338s] [01m[K/home/orb/ORB_SLAM3/Thirdparty/g2o/g2o/types/types_seven_dof_expmap.h:48:35:[m[K   required from here
[8.338s] [01m[K/home/orb/ORB_SLAM3/Thirdparty/g2o/g2o/types/../core/base_vertex.h:62:72:[m[K [01;35m[Kwarning: [m[K‘[01m[KEigen::AlignedBit[m[K’ is deprecated [[01;35m[K-Wdeprecated-declarations[m[K]
[8.338s]    62 |     typedef Eigen::Map<Matrix<double, D, D>, Matrix<double,D,D>::[01;35m[KFlags & AlignedBit[m[K ? Aligned : Unaligned >  HessianBlockType;
[8.338s]       |                                                                  [01;35m[K~~~~~~^~~~~~~~~~~~[m[K
[8.338s] In file included from [01m[K/usr/include/eigen3/Eigen/Core:161[m[K,
[8.338s]                  from [01m[K/root/colcon_ws/src/orb_slam3_ros2_wrapper/include/orb_slam3_ros2_wrapper/type_conversion.hpp:10[m[K,
[8.338s]                  from [01m[K/root/colcon_ws/src/orb_slam3_ros2_wrapper/src/rgbd/rgbd-slam-node.hpp:35[m[K,
[8.338s]                  from [01m[K/root/colcon_ws/src/orb_slam3_ros2_wrapper/src/rgbd/rgbd-slam-node.cpp:6[m[K:
[8.338s] [01m[K/usr/include/eigen3/Eigen/src/Core/util/Constants.h:167:37:[m[K [01;36m[Knote: [m[Kdeclared here
[8.338s]   167 | EIGEN_DEPRECATED const unsigned int [01;36m[KAlignedBit[m[K = 0x80;
[8.338s]       |                                     [01;36m[K^~~~~~~~~~[m[K
[8.380s] In file included from [01m[K/home/orb/ORB_SLAM3/Thirdparty/g2o/g2o/types/types_six_dof_expmap.h:38[m[K,
[8.381s]                  from [01m[K/home/orb/ORB_SLAM3/include/Converter.h:26[m[K,
[8.381s]                  from [01m[K/home/orb/ORB_SLAM3/include/Frame.h:33[m[K,
[8.381s]                  from [01m[K/home/orb/ORB_SLAM3/include/KeyFrame.h:28[m[K,
[8.381s]                  from [01m[K/home/orb/ORB_SLAM3/include/MapPoint.h:23[m[K,
[8.381s]                  from [01m[K/root/colcon_ws/src/orb_slam3_ros2_wrapper/include/orb_slam3_ros2_wrapper/type_conversion.hpp:26[m[K,
[8.382s]                  from [01m[K/root/colcon_ws/src/orb_slam3_ros2_wrapper/src/rgbd/rgbd-slam-node.hpp:35[m[K,
[8.382s]                  from [01m[K/root/colcon_ws/src/orb_slam3_ros2_wrapper/src/rgbd/rgbd-slam-node.cpp:6[m[K:
[8.382s] /home/orb/ORB_SLAM3/Thirdparty/g2o/g2o/types/../core/base_binary_edge.h: In instantiation of ‘[01m[Kclass g2o::BaseBinaryEdge<7, g2o::Sim3, g2o::VertexSim3Expmap, g2o::VertexSim3Expmap>[m[K’:
[8.382s] [01m[K/home/orb/ORB_SLAM3/Thirdparty/g2o/g2o/types/types_seven_dof_expmap.h:99:27:[m[K   required from here
[8.382s] [01m[K/home/orb/ORB_SLAM3/Thirdparty/g2o/g2o/types/../core/base_binary_edge.h:59:80:[m[K [01;35m[Kwarning: [m[K‘[01m[KEigen::AlignedBit[m[K’ is deprecated [[01;35m[K-Wdeprecated-declarations[m[K]
[8.382s]    59 |       typedef Eigen::Map<Matrix<double, Di, Dj>, Matrix<double, Di, Dj>::[01;35m[KFlags & AlignedBit[m[K ? Aligned : Unaligned > HessianBlockType;
[8.382s]       |                                                                          [01;35m[K~~~~~~^~~~~~~~~~~~[m[K
[8.383s] In file included from [01m[K/usr/include/eigen3/Eigen/Core:161[m[K,
[8.383s]                  from [01m[K/root/colcon_ws/src/orb_slam3_ros2_wrapper/include/orb_slam3_ros2_wrapper/type_conversion.hpp:10[m[K,
[8.383s]                  from [01m[K/root/colcon_ws/src/orb_slam3_ros2_wrapper/src/rgbd/rgbd-slam-node.hpp:35[m[K,
[8.383s]                  from [01m[K/root/colcon_ws/src/orb_slam3_ros2_wrapper/src/rgbd/rgbd-slam-node.cpp:6[m[K:
[8.383s] [01m[K/usr/include/eigen3/Eigen/src/Core/util/Constants.h:167:37:[m[K [01;36m[Knote: [m[Kdeclared here
[8.383s]   167 | EIGEN_DEPRECATED const unsigned int [01;36m[KAlignedBit[m[K = 0x80;
[8.383s]       |                                     [01;36m[K^~~~~~~~~~[m[K
[8.383s] In file included from [01m[K/home/orb/ORB_SLAM3/Thirdparty/g2o/g2o/types/types_six_dof_expmap.h:38[m[K,
[8.383s]                  from [01m[K/home/orb/ORB_SLAM3/include/Converter.h:26[m[K,
[8.384s]                  from [01m[K/home/orb/ORB_SLAM3/include/Frame.h:33[m[K,
[8.384s]                  from [01m[K/home/orb/ORB_SLAM3/include/KeyFrame.h:28[m[K,
[8.384s]                  from [01m[K/home/orb/ORB_SLAM3/include/MapPoint.h:23[m[K,
[8.384s]                  from [01m[K/root/colcon_ws/src/orb_slam3_ros2_wrapper/include/orb_slam3_ros2_wrapper/type_conversion.hpp:26[m[K,
[8.384s]                  from [01m[K/root/colcon_ws/src/orb_slam3_ros2_wrapper/src/rgbd/rgbd-slam-node.hpp:35[m[K,
[8.384s]                  from [01m[K/root/colcon_ws/src/orb_slam3_ros2_wrapper/src/rgbd/rgbd-slam-node.cpp:6[m[K:
[8.384s] [01m[K/home/orb/ORB_SLAM3/Thirdparty/g2o/g2o/types/../core/base_binary_edge.h:60:80:[m[K [01;35m[Kwarning: [m[K‘[01m[KEigen::AlignedBit[m[K’ is deprecated [[01;35m[K-Wdeprecated-declarations[m[K]
[8.384s]    60 |       typedef Eigen::Map<Matrix<double, Dj, Di>, Matrix<double, Dj, Di>::[01;35m[KFlags & AlignedBit[m[K ? Aligned : Unaligned > HessianBlockTransposedType;
[8.385s]       |                                                                          [01;35m[K~~~~~~^~~~~~~~~~~~[m[K
[8.385s] In file included from [01m[K/usr/include/eigen3/Eigen/Core:161[m[K,
[8.385s]                  from [01m[K/root/colcon_ws/src/orb_slam3_ros2_wrapper/include/orb_slam3_ros2_wrapper/type_conversion.hpp:10[m[K,
[8.385s]                  from [01m[K/root/colcon_ws/src/orb_slam3_ros2_wrapper/src/rgbd/rgbd-slam-node.hpp:35[m[K,
[8.385s]                  from [01m[K/root/colcon_ws/src/orb_slam3_ros2_wrapper/src/rgbd/rgbd-slam-node.cpp:6[m[K:
[8.385s] [01m[K/usr/include/eigen3/Eigen/src/Core/util/Constants.h:167:37:[m[K [01;36m[Knote: [m[Kdeclared here
[8.385s]   167 | EIGEN_DEPRECATED const unsigned int [01;36m[KAlignedBit[m[K = 0x80;
[8.385s]       |                                     [01;36m[K^~~~~~~~~~[m[K
[8.451s] In file included from [01m[K/home/orb/ORB_SLAM3/Thirdparty/g2o/g2o/types/types_six_dof_expmap.h:38[m[K,
[8.452s]                  from [01m[K/home/orb/ORB_SLAM3/include/Converter.h:26[m[K,
[8.452s]                  from [01m[K/home/orb/ORB_SLAM3/include/Frame.h:33[m[K,
[8.452s]                  from [01m[K/home/orb/ORB_SLAM3/include/KeyFrame.h:28[m[K,
[8.452s]                  from [01m[K/home/orb/ORB_SLAM3/include/MapPoint.h:23[m[K,
[8.452s]                  from [01m[K/root/colcon_ws/src/orb_slam3_ros2_wrapper/include/orb_slam3_ros2_wrapper/type_conversion.hpp:26[m[K,
[8.452s]                  from [01m[K/root/colcon_ws/src/orb_slam3_ros2_wrapper/src/rgbd/rgbd-slam-node.hpp:35[m[K,
[8.452s]                  from [01m[K/root/colcon_ws/src/orb_slam3_ros2_wrapper/src/rgbd/rgbd-slam-node.cpp:6[m[K:
[8.453s] /home/orb/ORB_SLAM3/Thirdparty/g2o/g2o/types/../core/base_binary_edge.h: In instantiation of ‘[01m[Kclass g2o::BaseBinaryEdge<2, Eigen::Matrix<double, 2, 1>, g2o::VertexSBAPointXYZ, g2o::VertexSim3Expmap>[m[K’:
[8.453s] [01m[K/home/orb/ORB_SLAM3/Thirdparty/g2o/g2o/types/types_seven_dof_expmap.h:130:36:[m[K   required from here
[8.453s] [01m[K/home/orb/ORB_SLAM3/Thirdparty/g2o/g2o/types/../core/base_binary_edge.h:59:80:[m[K [01;35m[Kwarning: [m[K‘[01m[KEigen::AlignedBit[m[K’ is deprecated [[01;35m[K-Wdeprecated-declarations[m[K]
[8.453s]    59 |       typedef Eigen::Map<Matrix<double, Di, Dj>, Matrix<double, Di, Dj>::[01;35m[KFlags & AlignedBit[m[K ? Aligned : Unaligned > HessianBlockType;
[8.453s]       |                                                                          [01;35m[K~~~~~~^~~~~~~~~~~~[m[K
[8.453s] In file included from [01m[K/usr/include/eigen3/Eigen/Core:161[m[K,
[8.453s]                  from [01m[K/root/colcon_ws/src/orb_slam3_ros2_wrapper/include/orb_slam3_ros2_wrapper/type_conversion.hpp:10[m[K,
[8.453s]                  from [01m[K/root/colcon_ws/src/orb_slam3_ros2_wrapper/src/rgbd/rgbd-slam-node.hpp:35[m[K,
[8.454s]                  from [01m[K/root/colcon_ws/src/orb_slam3_ros2_wrapper/src/rgbd/rgbd-slam-node.cpp:6[m[K:
[8.454s] [01m[K/usr/include/eigen3/Eigen/src/Core/util/Constants.h:167:37:[m[K [01;36m[Knote: [m[Kdeclared here
[8.454s]   167 | EIGEN_DEPRECATED const unsigned int [01;36m[KAlignedBit[m[K = 0x80;
[8.454s]       |                                     [01;36m[K^~~~~~~~~~[m[K
[8.483s] In file included from [01m[K/home/orb/ORB_SLAM3/Thirdparty/g2o/g2o/types/types_six_dof_expmap.h:38[m[K,
[8.483s]                  from [01m[K/home/orb/ORB_SLAM3/include/Converter.h:26[m[K,
[8.483s]                  from [01m[K/home/orb/ORB_SLAM3/include/Frame.h:33[m[K,
[8.483s]                  from [01m[K/home/orb/ORB_SLAM3/include/KeyFrame.h:28[m[K,
[8.483s]                  from [01m[K/home/orb/ORB_SLAM3/include/MapPoint.h:23[m[K,
[8.483s]                  from [01m[K/root/colcon_ws/src/orb_slam3_ros2_wrapper/include/orb_slam3_ros2_wrapper/type_conversion.hpp:26[m[K,
[8.483s]                  from [01m[K/root/colcon_ws/src/orb_slam3_ros2_wrapper/src/rgbd/rgbd-slam-node.hpp:35[m[K,
[8.483s]                  from [01m[K/root/colcon_ws/src/orb_slam3_ros2_wrapper/src/rgbd/rgbd-slam-node.cpp:6[m[K:
[8.483s] [01m[K/home/orb/ORB_SLAM3/Thirdparty/g2o/g2o/types/../core/base_binary_edge.h:60:80:[m[K [01;35m[Kwarning: [m[K‘[01m[KEigen::AlignedBit[m[K’ is deprecated [[01;35m[K-Wdeprecated-declarations[m[K]
[8.483s]    60 |       typedef Eigen::Map<Matrix<double, Dj, Di>, Matrix<double, Dj, Di>::[01;35m[KFlags & AlignedBit[m[K ? Aligned : Unaligned > HessianBlockTransposedType;
[8.483s]       |                                                                          [01;35m[K~~~~~~^~~~~~~~~~~~[m[K
[8.484s] In file included from [01m[K/usr/include/eigen3/Eigen/Core:161[m[K,
[8.484s]                  from [01m[K/root/colcon_ws/src/orb_slam3_ros2_wrapper/include/orb_slam3_ros2_wrapper/type_conversion.hpp:10[m[K,
[8.484s]                  from [01m[K/root/colcon_ws/src/orb_slam3_ros2_wrapper/src/rgbd/rgbd-slam-node.hpp:35[m[K,
[8.484s]                  from [01m[K/root/colcon_ws/src/orb_slam3_ros2_wrapper/src/rgbd/rgbd-slam-node.cpp:6[m[K:
[8.484s] [01m[K/usr/include/eigen3/Eigen/src/Core/util/Constants.h:167:37:[m[K [01;36m[Knote: [m[Kdeclared here
[8.484s]   167 | EIGEN_DEPRECATED const unsigned int [01;36m[KAlignedBit[m[K = 0x80;
[8.484s]       |                                     [01;36m[K^~~~~~~~~~[m[K
[9.936s] In file included from [01m[K/home/orb/ORB_SLAM3/include/Atlas.h:26[m[K,
[9.936s]                  from [01m[K/home/orb/ORB_SLAM3/include/FrameDrawer.h:25[m[K,
[9.936s]                  from [01m[K/home/orb/ORB_SLAM3/include/Viewer.h:23[m[K,
[9.936s]                  from [01m[K/home/orb/ORB_SLAM3/include/Tracking.h:26[m[K,
[9.936s]                  from [01m[K/home/orb/ORB_SLAM3/include/System.h:31[m[K,
[9.936s]                  from [01m[K/root/colcon_ws/src/orb_slam3_ros2_wrapper/include/orb_slam3_ros2_wrapper/orb_slam3_interface.hpp:29[m[K,
[9.937s]                  from [01m[K/root/colcon_ws/src/orb_slam3_ros2_wrapper/src/rgbd/rgbd-slam-node.hpp:36[m[K,
[9.937s]                  from [01m[K/root/colcon_ws/src/orb_slam3_ros2_wrapper/src/rgbd/rgbd-slam-node.cpp:6[m[K:
[9.937s] [01m[K/home/orb/ORB_SLAM3/include/CameraModels/Pinhole.h:[m[K In member function ‘[01m[Kvirtual bool ORB_SLAM3::Pinhole::matchAndtriangulate(const cv::KeyPoint&, const cv::KeyPoint&, ORB_SLAM3::GeometricCamera*, Sophus::SE3f&, Sophus::SE3f&, float, float, Eigen::Vector3f&)[m[K’:
[9.937s] [01m[K/home/orb/ORB_SLAM3/include/CameraModels/Pinhole.h:83:54:[m[K [01;35m[Kwarning: [m[Kunused parameter ‘[01m[Kkp1[m[K’ [[01;35m[K-Wunused-parameter[m[K]
[9.937s]    83 |         bool matchAndtriangulate([01;35m[Kconst cv::KeyPoint& kp1[m[K, const cv::KeyPoint& kp2, GeometricCamera* pOther,
[9.937s]       |                                  [01;35m[K~~~~~~~~~~~~~~~~~~~~^~~[m[K
[9.937s] [01m[K/home/orb/ORB_SLAM3/include/CameraModels/Pinhole.h:83:79:[m[K [01;35m[Kwarning: [m[Kunused parameter ‘[01m[Kkp2[m[K’ [[01;35m[K-Wunused-parameter[m[K]
[9.937s]    83 |         bool matchAndtriangulate(const cv::KeyPoint& kp1, [01;35m[Kconst cv::KeyPoint& kp2[m[K, GeometricCamera* pOther,
[9.937s]       |                                                           [01;35m[K~~~~~~~~~~~~~~~~~~~~^~~[m[K
[9.938s] [01m[K/home/orb/ORB_SLAM3/include/CameraModels/Pinhole.h:83:101:[m[K [01;35m[Kwarning: [m[Kunused parameter ‘[01m[KpOther[m[K’ [[01;35m[K-Wunused-parameter[m[K]
[9.938s]    83 | chAndtriangulate(const cv::KeyPoint& kp1, const cv::KeyPoint& kp2, [01;35m[KGeometricCamera* pOther[m[K,
[9.938s]       |                                                                    [01;35m[K~~~~~~~~~~~~~~~~~^~~~~~[m[K
[9.938s] 
[9.938s] [01m[K/home/orb/ORB_SLAM3/include/CameraModels/Pinhole.h:84:48:[m[K [01;35m[Kwarning: [m[Kunused parameter ‘[01m[KTcw1[m[K’ [[01;35m[K-Wunused-parameter[m[K]
[9.938s]    84 |                                  [01;35m[KSophus::SE3f& Tcw1[m[K, Sophus::SE3f& Tcw2,
[9.938s]       |                                  [01;35m[K~~~~~~~~~~~~~~^~~~[m[K
[9.938s] [01m[K/home/orb/ORB_SLAM3/include/CameraModels/Pinhole.h:84:68:[m[K [01;35m[Kwarning: [m[Kunused parameter ‘[01m[KTcw2[m[K’ [[01;35m[K-Wunused-parameter[m[K]
[9.938s]    84 |                                  Sophus::SE3f& Tcw1, [01;35m[KSophus::SE3f& Tcw2[m[K,
[9.938s]       |                                                      [01;35m[K~~~~~~~~~~~~~~^~~~[m[K
[9.939s] [01m[K/home/orb/ORB_SLAM3/include/CameraModels/Pinhole.h:85:46:[m[K [01;35m[Kwarning: [m[Kunused parameter ‘[01m[KsigmaLevel1[m[K’ [[01;35m[K-Wunused-parameter[m[K]
[9.939s]    85 |                                  [01;35m[Kconst float sigmaLevel1[m[K, const float sigmaLevel2,
[9.939s]       |                                  [01;35m[K~~~~~~~~~~~~^~~~~~~~~~~[m[K
[9.939s] [01m[K/home/orb/ORB_SLAM3/include/CameraModels/Pinhole.h:85:71:[m[K [01;35m[Kwarning: [m[Kunused parameter ‘[01m[KsigmaLevel2[m[K’ [[01;35m[K-Wunused-parameter[m[K]
[9.939s]    85 |                                  const float sigmaLevel1, [01;35m[Kconst float sigmaLevel2[m[K,
[9.939s]       |                                                           [01;35m[K~~~~~~~~~~~~^~~~~~~~~~~[m[K
[9.939s] [01m[K/home/orb/ORB_SLAM3/include/CameraModels/Pinhole.h:86:51:[m[K [01;35m[Kwarning: [m[Kunused parameter ‘[01m[Kx3Dtriangulated[m[K’ [[01;35m[K-Wunused-parameter[m[K]
[9.939s]    86 |                                  [01;35m[KEigen::Vector3f& x3Dtriangulated[m[K) { return false;}
[9.939s]       |                                  [01;35m[K~~~~~~~~~~~~~~~~~^~~~~~~~~~~~~~~[m[K
[9.939s] In file included from [01m[K/home/orb/ORB_SLAM3/include/Atlas.h:27[m[K,
[9.939s]                  from [01m[K/home/orb/ORB_SLAM3/include/FrameDrawer.h:25[m[K,
[9.939s]                  from [01m[K/home/orb/ORB_SLAM3/include/Viewer.h:23[m[K,
[9.939s]                  from [01m[K/home/orb/ORB_SLAM3/include/Tracking.h:26[m[K,
[9.939s]                  from [01m[K/home/orb/ORB_SLAM3/include/System.h:31[m[K,
[9.939s]                  from [01m[K/root/colcon_ws/src/orb_slam3_ros2_wrapper/include/orb_slam3_ros2_wrapper/orb_slam3_interface.hpp:29[m[K,
[9.940s]                  from [01m[K/root/colcon_ws/src/orb_slam3_ros2_wrapper/src/rgbd/rgbd-slam-node.hpp:36[m[K,
[9.940s]                  from [01m[K/root/colcon_ws/src/orb_slam3_ros2_wrapper/src/rgbd/rgbd-slam-node.cpp:6[m[K:
[9.940s] [01m[K/home/orb/ORB_SLAM3/include/CameraModels/KannalaBrandt8.h:[m[K In constructor ‘[01m[KORB_SLAM3::KannalaBrandt8::KannalaBrandt8(std::vector<float>)[m[K’:
[9.940s] [01m[K/home/orb/ORB_SLAM3/include/CameraModels/KannalaBrandt8.h:102:21:[m[K [01;35m[Kwarning: [m[K‘[01m[KORB_SLAM3::KannalaBrandt8::precision[m[K’ will be initialized after [[01;35m[K-Wreorder[m[K]
[9.940s]   102 |         const float [01;35m[Kprecision[m[K;
[9.940s]       |                     [01;35m[K^~~~~~~~~[m[K
[9.940s] [01m[K/home/orb/ORB_SLAM3/include/CameraModels/KannalaBrandt8.h:88:26:[m[K [01;35m[Kwarning: [m[K  ‘[01m[Kstd::vector<int> ORB_SLAM3::KannalaBrandt8::mvLappingArea[m[K’ [[01;35m[K-Wreorder[m[K]
[9.940s]    88 |         std::vector<int> [01;35m[KmvLappingArea[m[K;
[9.940s]       |                          [01;35m[K^~~~~~~~~~~~~[m[K
[9.940s] In file included from [01m[K/home/orb/ORB_SLAM3/include/Atlas.h:27[m[K,
[9.940s]                  from [01m[K/home/orb/ORB_SLAM3/include/FrameDrawer.h:25[m[K,
[9.940s]                  from [01m[K/home/orb/ORB_SLAM3/include/Viewer.h:23[m[K,
[9.940s]                  from [01m[K/home/orb/ORB_SLAM3/include/Tracking.h:26[m[K,
[9.940s]                  from [01m[K/home/orb/ORB_SLAM3/include/System.h:31[m[K,
[9.940s]                  from [01m[K/root/colcon_ws/src/orb_slam3_ros2_wrapper/include/orb_slam3_ros2_wrapper/orb_slam3_interface.hpp:29[m[K,
[9.941s]                  from [01m[K/root/colcon_ws/src/orb_slam3_ros2_wrapper/src/rgbd/rgbd-slam-node.hpp:36[m[K,
[9.941s]                  from [01m[K/root/colcon_ws/src/orb_slam3_ros2_wrapper/src/rgbd/rgbd-slam-node.cpp:6[m[K:
[9.941s] [01m[K/home/orb/ORB_SLAM3/include/CameraModels/KannalaBrandt8.h:47:9:[m[K [01;35m[Kwarning: [m[K  when initialized here [[01;35m[K-Wreorder[m[K]
[9.941s]    47 |         [01;35m[KKannalaBrandt8[m[K(const std::vector<float> _vParameters) : GeometricCamera(_vParameters), precision(1e-6), mvLappingArea(2,0) ,tvr(nullptr) {
[9.941s]       |         [01;35m[K^~~~~~~~~~~~~~[m[K
[9.941s] In file included from [01m[K/home/orb/ORB_SLAM3/include/Atlas.h:27[m[K,
[9.941s]                  from [01m[K/home/orb/ORB_SLAM3/include/FrameDrawer.h:25[m[K,
[9.941s]                  from [01m[K/home/orb/ORB_SLAM3/include/Viewer.h:23[m[K,
[9.941s]                  from [01m[K/home/orb/ORB_SLAM3/include/Tracking.h:26[m[K,
[9.941s]                  from [01m[K/home/orb/ORB_SLAM3/include/System.h:31[m[K,
[9.941s]                  from [01m[K/root/colcon_ws/src/orb_slam3_ros2_wrapper/include/orb_slam3_ros2_wrapper/orb_slam3_interface.hpp:29[m[K,
[9.941s]                  from [01m[K/root/colcon_ws/src/orb_slam3_ros2_wrapper/src/rgbd/rgbd-slam-node.hpp:36[m[K,
[9.941s]                  from [01m[K/root/colcon_ws/src/orb_slam3_ros2_wrapper/src/rgbd/rgbd-slam-node.cpp:6[m[K:
[9.941s] [01m[K/home/orb/ORB_SLAM3/include/CameraModels/KannalaBrandt8.h:[m[K In constructor ‘[01m[KORB_SLAM3::KannalaBrandt8::KannalaBrandt8(std::vector<float>, float)[m[K’:
[9.941s] [01m[K/home/orb/ORB_SLAM3/include/CameraModels/KannalaBrandt8.h:102:21:[m[K [01;35m[Kwarning: [m[K‘[01m[KORB_SLAM3::KannalaBrandt8::precision[m[K’ will be initialized after [[01;35m[K-Wreorder[m[K]
[9.941s]   102 |         const float [01;35m[Kprecision[m[K;
[9.942s]       |                     [01;35m[K^~~~~~~~~[m[K
[9.942s] [01m[K/home/orb/ORB_SLAM3/include/CameraModels/KannalaBrandt8.h:88:26:[m[K [01;35m[Kwarning: [m[K  ‘[01m[Kstd::vector<int> ORB_SLAM3::KannalaBrandt8::mvLappingArea[m[K’ [[01;35m[K-Wreorder[m[K]
[9.942s]    88 |         std::vector<int> [01;35m[KmvLappingArea[m[K;
[9.942s]       |                          [01;35m[K^~~~~~~~~~~~~[m[K
[9.942s] [01m[K/home/orb/ORB_SLAM3/include/CameraModels/KannalaBrandt8.h:53:9:[m[K [01;35m[Kwarning: [m[K  when initialized here [[01;35m[K-Wreorder[m[K]
[9.942s]    53 |         [01;35m[KKannalaBrandt8[m[K(const std::vector<float> _vParameters, const float _precision) : GeometricCamera(_vParameters),
[9.942s]       |         [01;35m[K^~~~~~~~~~~~~~[m[K
[9.942s] [01m[K/home/orb/ORB_SLAM3/include/CameraModels/KannalaBrandt8.h:[m[K In constructor ‘[01m[KORB_SLAM3::KannalaBrandt8::KannalaBrandt8(ORB_SLAM3::KannalaBrandt8*)[m[K’:
[9.942s] [01m[K/home/orb/ORB_SLAM3/include/CameraModels/KannalaBrandt8.h:102:21:[m[K [01;35m[Kwarning: [m[K‘[01m[KORB_SLAM3::KannalaBrandt8::precision[m[K’ will be initialized after [[01;35m[K-Wreorder[m[K]
[9.942s]   102 |         const float [01;35m[Kprecision[m[K;
[9.942s]       |                     [01;35m[K^~~~~~~~~[m[K
[9.942s] [01m[K/home/orb/ORB_SLAM3/include/CameraModels/KannalaBrandt8.h:88:26:[m[K [01;35m[Kwarning: [m[K  ‘[01m[Kstd::vector<int> ORB_SLAM3::KannalaBrandt8::mvLappingArea[m[K’ [[01;35m[K-Wreorder[m[K]
[9.942s]    88 |         std::vector<int> [01;35m[KmvLappingArea[m[K;
[9.942s]       |                          [01;35m[K^~~~~~~~~~~~~[m[K
[9.942s] [01m[K/home/orb/ORB_SLAM3/include/CameraModels/KannalaBrandt8.h:59:9:[m[K [01;35m[Kwarning: [m[K  when initialized here [[01;35m[K-Wreorder[m[K]
[9.943s]    59 |         [01;35m[KKannalaBrandt8[m[K(KannalaBrandt8* pKannala) : GeometricCamera(pKannala->mvParameters), precision(pKannala->precision), mvLappingArea(2,0) ,tvr(nullptr) {
[9.943s]       |         [01;35m[K^~~~~~~~~~~~~~[m[K
[10.540s] [01m[K/root/colcon_ws/src/orb_slam3_ros2_wrapper/src/rgbd/rgbd-slam-node.cpp:[m[K In member function ‘[01m[Kvoid ORB_SLAM3_Wrapper::RgbdSlamNode::RGBDCallback(sensor_msgs::msg::Image_<std::allocator<void> >::SharedPtr, sensor_msgs::msg::Image_<std::allocator<void> >::SharedPtr)[m[K’:
[10.540s] [01m[K/root/colcon_ws/src/orb_slam3_ros2_wrapper/src/rgbd/rgbd-slam-node.cpp:144:13:[m[K [01;31m[Kerror: [m[K‘[01m[KpublishCameraTrajectory[m[K’ was not declared in this scope
[10.540s]   144 |             [01;31m[KpublishCameraTrajectory[m[K();
[10.540s]       |             [01;31m[K^~~~~~~~~~~~~~~~~~~~~~~[m[K
[10.553s] [01m[K/root/colcon_ws/src/orb_slam3_ros2_wrapper/src/rgbd/rgbd-slam-node.cpp:[m[K In member function ‘[01m[Kvoid ORB_SLAM3_Wrapper::RgbdSlamNode::getMapServer(std::shared_ptr<rmw_request_id_s>, std::shared_ptr<slam_msgs::srv::GetMap_Request_<std::allocator<void> > >, std::shared_ptr<slam_msgs::srv::GetMap_Response_<std::allocator<void> > >)[m[K’:
[10.553s] [01m[K/root/colcon_ws/src/orb_slam3_ros2_wrapper/src/rgbd/rgbd-slam-node.cpp:202:71:[m[K [01;35m[Kwarning: [m[Kunused parameter ‘[01m[Krequest_header[m[K’ [[01;35m[K-Wunused-parameter[m[K]
[10.553s]   202 |     void RgbdSlamNode::getMapServer([01;35m[Kstd::shared_ptr<rmw_request_id_t> request_header[m[K,
[10.553s]       |                                     [01;35m[K~~~~~~~~~~~~~~~~~~~~~~~~~~~~~~~~~~^~~~~~~~~~~~~~[m[K
[10.553s] [01m[K/root/colcon_ws/src/orb_slam3_ros2_wrapper/src/rgbd/rgbd-slam-node.cpp:[m[K At global scope:
[10.553s] [01m[K/root/colcon_ws/src/orb_slam3_ros2_wrapper/src/rgbd/rgbd-slam-node.cpp:212:10:[m[K [01;31m[Kerror: [m[Kno declaration matches ‘[01m[Kvoid ORB_SLAM3_Wrapper::RgbdSlamNode::publishCameraTrajectory()[m[K’
[10.554s]   212 |     void [01;31m[KRgbdSlamNode[m[K::publishCameraTrajectory()
[10.554s]       |          [01;31m[K^~~~~~~~~~~~[m[K
[10.554s] [01m[K/root/colcon_ws/src/orb_slam3_ros2_wrapper/src/rgbd/rgbd-slam-node.cpp:212:10:[m[K [01;36m[Knote: [m[Kno functions named ‘[01m[Kvoid ORB_SLAM3_Wrapper::RgbdSlamNode::publishCameraTrajectory()[m[K’
[10.554s] In file included from [01m[K/root/colcon_ws/src/orb_slam3_ros2_wrapper/src/rgbd/rgbd-slam-node.cpp:6[m[K:
[10.554s] [01m[K/root/colcon_ws/src/orb_slam3_ros2_wrapper/src/rgbd/rgbd-slam-node.hpp:42:11:[m[K [01;36m[Knote: [m[K‘[01m[Kclass ORB_SLAM3_Wrapper::RgbdSlamNode[m[K’ defined here
[10.554s]    42 |     class [01;36m[KRgbdSlamNode[m[K : public rclcpp::Node
[10.554s]       |           [01;36m[K^~~~~~~~~~~~[m[K
[21.313s] gmake[2]: *** [CMakeFiles/rgbd.dir/build.make:104: CMakeFiles/rgbd.dir/src/rgbd/rgbd-slam-node.cpp.o] Error 1
[21.313s] gmake[1]: *** [CMakeFiles/Makefile2:137: CMakeFiles/rgbd.dir/all] Error 2
[21.313s] gmake: *** [Makefile:146: all] Error 2
[21.316s] Invoked command in '/root/colcon_ws/build/orb_slam3_ros2_wrapper' returned '2': CMAKE_PREFIX_PATH=/root/colcon_ws/install/slam_msgs:/root/colcon_ws/install/trajectory_comparison:/root/colcon_ws/install/orb_slam3_ros2_wrapper:/root/colcon_ws/install/trajectory_publisher:/root/colcon_ws/install/trajectory_comparer:/opt/ros/humble /usr/bin/cmake --build /root/colcon_ws/build/orb_slam3_ros2_wrapper -- -j8 -l8
