[WARN] [1725654475.942138956] [slam_accuracy_comparer]: Could not transform map to robot_0/base_footprint: "map" passed to lookupTransform argument target_frame does not exist. 
[WARN] [1725654476.007522053] [slam_accuracy_comparer]: Could not transform map to robot_0/base_footprint: "map" passed to lookupTransform argument target_frame does not exist. 
[WARN] [1725654476.107882982] [slam_accuracy_comparer]: Could not transform map to robot_0/base_footprint: "map" passed to lookupTransform argument target_frame does not exist. 
[WARN] [1725654476.207462792] [slam_accuracy_comparer]: Could not transform map to robot_0/base_footprint: "map" passed to lookupTransform argument target_frame does not exist. 
[WARN] [1725654476.307616643] [slam_accuracy_comparer]: Could not transform map to robot_0/base_footprint: "map" passed to lookupTransform argument target_frame does not exist. 
[WARN] [1725654476.407738411] [slam_accuracy_comparer]: Could not transform map to robot_0/base_footprint: "map" passed to lookupTransform argument target_frame does not exist. 
[WARN] [1725654476.507655779] [slam_accuracy_comparer]: Could not transform map to robot_0/base_footprint: "map" passed to lookupTransform argument target_frame does not exist. 
[WARN] [1725654476.607767795] [slam_accuracy_comparer]: Could not transform map to robot_0/base_footprint: "map" passed to lookupTransform argument target_frame does not exist. 
[WARN] [1725654476.707395872] [slam_accuracy_comparer]: Could not transform map to robot_0/base_footprint: "map" passed to lookupTransform argument target_frame does not exist. 
[WARN] [1725654476.807879268] [slam_accuracy_comparer]: Could not transform map to robot_0/base_footprint: "map" passed to lookupTransform argument target_frame does not exist. 
[WARN] [1725654476.907682089] [slam_accuracy_comparer]: Could not transform map to robot_0/base_footprint: "map" passed to lookupTransform argument target_frame does not exist. 
[WARN] [1725654477.007594231] [slam_accuracy_comparer]: Could not transform map to robot_0/base_footprint: "map" passed to lookupTransform argument target_frame does not exist. 
[WARN] [1725654477.107418431] [slam_accuracy_comparer]: Could not transform map to robot_0/base_footprint: "map" passed to lookupTransform argument target_frame does not exist. 
[WARN] [1725654477.207480518] [slam_accuracy_comparer]: Could not transform map to robot_0/base_footprint: "map" passed to lookupTransform argument target_frame does not exist. 
[WARN] [1725654477.307811573] [slam_accuracy_comparer]: Could not transform map to robot_0/base_footprint: "map" passed to lookupTransform argument target_frame does not exist. 
[WARN] [1725654477.407584835] [slam_accuracy_comparer]: Could not transform map to robot_0/base_footprint: "map" passed to lookupTransform argument target_frame does not exist. 
[WARN] [1725654477.507383234] [slam_accuracy_comparer]: Could not transform map to robot_0/base_footprint: "map" passed to lookupTransform argument target_frame does not exist. 
[WARN] [1725654477.607803170] [slam_accuracy_comparer]: Could not transform map to robot_0/base_footprint: "map" passed to lookupTransform argument target_frame does not exist. 
[WARN] [1725654477.707458885] [slam_accuracy_comparer]: Could not transform map to robot_0/base_footprint: "map" passed to lookupTransform argument target_frame does not exist. 
[WARN] [1725654477.807505356] [slam_accuracy_comparer]: Could not transform map to robot_0/base_footprint: "map" passed to lookupTransform argument target_frame does not exist. 
[WARN] [1725654477.907428790] [slam_accuracy_comparer]: Could not transform map to robot_0/base_footprint: "map" passed to lookupTransform argument target_frame does not exist. 
[WARN] [1725654478.007531976] [slam_accuracy_comparer]: Could not transform map to robot_0/base_footprint: "map" passed to lookupTransform argument target_frame does not exist. 
[WARN] [1725654478.107594296] [slam_accuracy_comparer]: Could not transform map to robot_0/base_footprint: "map" passed to lookupTransform argument target_frame does not exist. 
[WARN] [1725654478.207541944] [slam_accuracy_comparer]: Could not transform map to robot_0/base_footprint: "map" passed to lookupTransform argument target_frame does not exist. 
[WARN] [1725654478.307662364] [slam_accuracy_comparer]: Could not transform map to robot_0/base_footprint: "map" passed to lookupTransform argument target_frame does not exist. 
[WARN] [1725654478.407447425] [slam_accuracy_comparer]: Could not transform map to robot_0/base_footprint: "map" passed to lookupTransform argument target_frame does not exist. 
[WARN] [1725654478.507733882] [slam_accuracy_comparer]: Could not transform map to robot_0/base_footprint: "map" passed to lookupTransform argument target_frame does not exist. 
[WARN] [1725654478.607628187] [slam_accuracy_comparer]: Could not transform map to robot_0/base_footprint: "map" passed to lookupTransform argument target_frame does not exist. 
[WARN] [1725654478.707721253] [slam_accuracy_comparer]: Could not transform map to robot_0/base_footprint: "map" passed to lookupTransform argument target_frame does not exist. 
[WARN] [1725654478.807708977] [slam_accuracy_comparer]: Could not transform map to robot_0/base_footprint: "map" passed to lookupTransform argument target_frame does not exist. 
[WARN] [1725654478.907776042] [slam_accuracy_comparer]: Could not transform map to robot_0/base_footprint: "map" passed to lookupTransform argument target_frame does not exist. 
[WARN] [1725654479.007585510] [slam_accuracy_comparer]: Could not transform map to robot_0/base_footprint: "map" passed to lookupTransform argument target_frame does not exist. 
[WARN] [1725654479.107378401] [slam_accuracy_comparer]: Could not transform map to robot_0/base_footprint: "map" passed to lookupTransform argument target_frame does not exist. 
[WARN] [1725654479.207072484] [slam_accuracy_comparer]: Could not transform map to robot_0/base_footprint: "map" passed to lookupTransform argument target_frame does not exist. 
[WARN] [1725654479.307579618] [slam_accuracy_comparer]: Could not transform map to robot_0/base_footprint: "map" passed to lookupTransform argument target_frame does not exist. 
[WARN] [1725654479.407591776] [slam_accuracy_comparer]: Could not transform map to robot_0/base_footprint: "map" passed to lookupTransform argument target_frame does not exist. 
[WARN] [1725654479.507598877] [slam_accuracy_comparer]: Could not transform map to robot_0/base_footprint: "map" passed to lookupTransform argument target_frame does not exist. 
[WARN] [1725654479.607557129] [slam_accuracy_comparer]: Could not transform map to robot_0/base_footprint: "map" passed to lookupTransform argument target_frame does not exist. 
[WARN] [1725654479.707829537] [slam_accuracy_comparer]: Could not transform map to robot_0/base_footprint: "map" passed to lookupTransform argument target_frame does not exist. 
[WARN] [1725654479.807713233] [slam_accuracy_comparer]: Could not transform map to robot_0/base_footprint: "map" passed to lookupTransform argument target_frame does not exist. 
[WARN] [1725654479.907917230] [slam_accuracy_comparer]: Could not transform map to robot_0/base_footprint: "map" passed to lookupTransform argument target_frame does not exist. 
[WARN] [1725654480.007352997] [slam_accuracy_comparer]: Could not transform map to robot_0/base_footprint: "map" passed to lookupTransform argument target_frame does not exist. 
[WARN] [1725654480.107556187] [slam_accuracy_comparer]: Could not transform map to robot_0/base_footprint: "map" passed to lookupTransform argument target_frame does not exist. 
[WARN] [1725654480.207570706] [slam_accuracy_comparer]: Could not transform map to robot_0/base_footprint: "map" passed to lookupTransform argument target_frame does not exist. 
[WARN] [1725654480.307591663] [slam_accuracy_comparer]: Could not transform map to robot_0/base_footprint: "map" passed to lookupTransform argument target_frame does not exist. 
[WARN] [1725654480.407915830] [slam_accuracy_comparer]: Could not transform map to robot_0/base_footprint: "map" passed to lookupTransform argument target_frame does not exist. 
[WARN] [1725654480.508014549] [slam_accuracy_comparer]: Could not transform map to robot_0/base_footprint: "map" passed to lookupTransform argument target_frame does not exist. 
[WARN] [1725654480.608036015] [slam_accuracy_comparer]: Could not transform map to robot_0/base_footprint: "map" passed to lookupTransform argument target_frame does not exist. 
[WARN] [1725654480.707560979] [slam_accuracy_comparer]: Could not transform map to robot_0/base_footprint: "map" passed to lookupTransform argument target_frame does not exist. 
[WARN] [1725654480.807869673] [slam_accuracy_comparer]: Could not transform map to robot_0/base_footprint: "map" passed to lookupTransform argument target_frame does not exist. 
[WARN] [1725654480.910447608] [slam_accuracy_comparer]: Could not transform map to robot_0/base_footprint: "map" passed to lookupTransform argument target_frame does not exist. 
[WARN] [1725654481.014859047] [slam_accuracy_comparer]: Could not transform map to robot_0/base_footprint: "map" passed to lookupTransform argument target_frame does not exist. 
[WARN] [1725654481.108291225] [slam_accuracy_comparer]: Could not transform map to robot_0/base_footprint: "map" passed to lookupTransform argument target_frame does not exist. 
[WARN] [1725654481.210972955] [slam_accuracy_comparer]: Could not transform map to robot_0/base_footprint: "map" passed to lookupTransform argument target_frame does not exist. 
[WARN] [1725654481.308518851] [slam_accuracy_comparer]: Could not transform map to robot_0/base_footprint: "map" passed to lookupTransform argument target_frame does not exist. 
[WARN] [1725654481.408390355] [slam_accuracy_comparer]: Could not transform map to robot_0/base_footprint: "map" passed to lookupTransform argument target_frame does not exist. 
[WARN] [1725654481.508174644] [slam_accuracy_comparer]: Could not transform map to robot_0/base_footprint: "map" passed to lookupTransform argument target_frame does not exist. 
[WARN] [1725654481.608209963] [slam_accuracy_comparer]: Could not transform map to robot_0/base_footprint: "map" passed to lookupTransform argument target_frame does not exist. 
[WARN] [1725654481.707863928] [slam_accuracy_comparer]: Could not transform map to robot_0/base_footprint: "map" passed to lookupTransform argument target_frame does not exist. 
[WARN] [1725654481.808177345] [slam_accuracy_comparer]: Could not transform map to robot_0/base_footprint: "map" passed to lookupTransform argument target_frame does not exist. 
[WARN] [1725654481.907422871] [slam_accuracy_comparer]: Could not transform map to robot_0/base_footprint: "map" passed to lookupTransform argument target_frame does not exist. 
[WARN] [1725654482.007540013] [slam_accuracy_comparer]: Could not transform map to robot_0/base_footprint: "map" passed to lookupTransform argument target_frame does not exist. 
[WARN] [1725654482.107503285] [slam_accuracy_comparer]: Could not transform map to robot_0/base_footprint: "map" passed to lookupTransform argument target_frame does not exist. 
[WARN] [1725654482.207970872] [slam_accuracy_comparer]: Could not transform map to robot_0/base_footprint: "map" passed to lookupTransform argument target_frame does not exist. 
[WARN] [1725654482.307588094] [slam_accuracy_comparer]: Could not transform map to robot_0/base_footprint: "map" passed to lookupTransform argument target_frame does not exist. 
[WARN] [1725654482.408015530] [slam_accuracy_comparer]: Could not transform map to robot_0/base_footprint: "map" passed to lookupTransform argument target_frame does not exist. 
[WARN] [1725654482.508025682] [slam_accuracy_comparer]: Could not transform map to robot_0/base_footprint: "map" passed to lookupTransform argument target_frame does not exist. 
[WARN] [1725654482.607950108] [slam_accuracy_comparer]: Could not transform map to robot_0/base_footprint: "map" passed to lookupTransform argument target_frame does not exist. 
[WARN] [1725654482.708135979] [slam_accuracy_comparer]: Could not transform map to robot_0/base_footprint: "map" passed to lookupTransform argument target_frame does not exist. 
[WARN] [1725654482.808110538] [slam_accuracy_comparer]: Could not transform map to robot_0/base_footprint: "map" passed to lookupTransform argument target_frame does not exist. 
[WARN] [1725654482.907986785] [slam_accuracy_comparer]: Could not transform map to robot_0/base_footprint: "map" passed to lookupTransform argument target_frame does not exist. 
[WARN] [1725654483.008141746] [slam_accuracy_comparer]: Could not transform map to robot_0/base_footprint: "map" passed to lookupTransform argument target_frame does not exist. 
[WARN] [1725654483.107257767] [slam_accuracy_comparer]: Could not transform map to robot_0/base_footprint: "map" passed to lookupTransform argument target_frame does not exist. 
[WARN] [1725654483.207130473] [slam_accuracy_comparer]: Could not transform map to robot_0/base_footprint: "map" passed to lookupTransform argument target_frame does not exist. 
[WARN] [1725654483.307142640] [slam_accuracy_comparer]: Could not transform map to robot_0/base_footprint: "map" passed to lookupTransform argument target_frame does not exist. 
[WARN] [1725654483.407164031] [slam_accuracy_comparer]: Could not transform map to robot_0/base_footprint: "map" passed to lookupTransform argument target_frame does not exist. 
[WARN] [1725654483.507334447] [slam_accuracy_comparer]: Could not transform map to robot_0/base_footprint: "map" passed to lookupTransform argument target_frame does not exist. 
[WARN] [1725654483.607130410] [slam_accuracy_comparer]: Could not transform map to robot_0/base_footprint: "map" passed to lookupTransform argument target_frame does not exist. 
[WARN] [1725654483.707134823] [slam_accuracy_comparer]: Could not transform map to robot_0/base_footprint: "map" passed to lookupTransform argument target_frame does not exist. 
[WARN] [1725654483.807117279] [slam_accuracy_comparer]: Could not transform map to robot_0/base_footprint: "map" passed to lookupTransform argument target_frame does not exist. 
[WARN] [1725654483.907789134] [slam_accuracy_comparer]: Could not transform map to robot_0/base_footprint: "map" passed to lookupTransform argument target_frame does not exist. 
[WARN] [1725654484.007700500] [slam_accuracy_comparer]: Could not transform map to robot_0/base_footprint: "map" passed to lookupTransform argument target_frame does not exist. 
[WARN] [1725654484.107642344] [slam_accuracy_comparer]: Could not transform map to robot_0/base_footprint: "map" passed to lookupTransform argument target_frame does not exist. 
[WARN] [1725654484.208808766] [slam_accuracy_comparer]: Could not transform map to robot_0/base_footprint: "map" passed to lookupTransform argument target_frame does not exist. 
[WARN] [1725654484.307627471] [slam_accuracy_comparer]: Could not transform map to robot_0/base_footprint: "map" passed to lookupTransform argument target_frame does not exist. 
[WARN] [1725654484.407812070] [slam_accuracy_comparer]: Could not transform map to robot_0/base_footprint: "map" passed to lookupTransform argument target_frame does not exist. 
[WARN] [1725654484.507702518] [slam_accuracy_comparer]: Could not transform map to robot_0/base_footprint: "map" passed to lookupTransform argument target_frame does not exist. 
[WARN] [1725654484.608027502] [slam_accuracy_comparer]: Could not transform map to robot_0/base_footprint: "map" passed to lookupTransform argument target_frame does not exist. 
[WARN] [1725654484.707555245] [slam_accuracy_comparer]: Could not transform map to robot_0/base_footprint: "map" passed to lookupTransform argument target_frame does not exist. 
[WARN] [1725654484.807503519] [slam_accuracy_comparer]: Could not transform map to robot_0/base_footprint: "map" passed to lookupTransform argument target_frame does not exist. 
[WARN] [1725654484.907155190] [slam_accuracy_comparer]: Could not transform map to robot_0/base_footprint: "map" passed to lookupTransform argument target_frame does not exist. 
[WARN] [1725654485.007810273] [slam_accuracy_comparer]: Could not transform map to robot_0/base_footprint: "map" passed to lookupTransform argument target_frame does not exist. 
[WARN] [1725654485.108479004] [slam_accuracy_comparer]: Could not transform map to robot_0/base_footprint: "map" passed to lookupTransform argument target_frame does not exist. 
[WARN] [1725654485.209868902] [slam_accuracy_comparer]: Could not transform map to robot_0/base_footprint: "map" passed to lookupTransform argument target_frame does not exist. 
[WARN] [1725654485.308847690] [slam_accuracy_comparer]: Could not transform map to robot_0/base_footprint: "map" passed to lookupTransform argument target_frame does not exist. 
[WARN] [1725654485.408940650] [slam_accuracy_comparer]: Could not transform map to robot_0/base_footprint: "map" passed to lookupTransform argument target_frame does not exist. 
[WARN] [1725654485.507769444] [slam_accuracy_comparer]: Could not transform map to robot_0/base_footprint: "map" passed to lookupTransform argument target_frame does not exist. 
[WARN] [1725654485.607785015] [slam_accuracy_comparer]: Could not transform map to robot_0/base_footprint: "map" passed to lookupTransform argument target_frame does not exist. 
[WARN] [1725654485.707558602] [slam_accuracy_comparer]: Could not transform map to robot_0/base_footprint: "map" passed to lookupTransform argument target_frame does not exist. 
[WARN] [1725654485.807482131] [slam_accuracy_comparer]: Could not transform map to robot_0/base_footprint: "map" passed to lookupTransform argument target_frame does not exist. 
[WARN] [1725654485.909100165] [slam_accuracy_comparer]: Could not transform map to robot_0/base_footprint: "map" passed to lookupTransform argument target_frame does not exist. 
[WARN] [1725654486.009302655] [slam_accuracy_comparer]: Could not transform map to robot_0/base_footprint: "map" passed to lookupTransform argument target_frame does not exist. 
[WARN] [1725654486.107781789] [slam_accuracy_comparer]: Could not transform map to robot_0/base_footprint: "map" passed to lookupTransform argument target_frame does not exist. 
[WARN] [1725654486.208100819] [slam_accuracy_comparer]: Could not transform map to robot_0/base_footprint: "map" passed to lookupTransform argument target_frame does not exist. 
[WARN] [1725654486.308485932] [slam_accuracy_comparer]: Could not transform map to robot_0/base_footprint: "map" passed to lookupTransform argument target_frame does not exist. 
[INFO] [1725654486.397178194] [slam_accuracy_comparer]: Received camera trajectory with 1 poses
[INFO] [1725654486.399765346] [slam_accuracy_comparer]: Last camera pose: Position: (1.0000, 1.0000, 0.0000), Orientation: (0.0000, 0.0000, 0.0000, 1.0000)
[WARN] [1725654486.410195200] [slam_accuracy_comparer]: Could not transform map to robot_0/base_footprint: Could not find a connection between 'map' and 'robot_0/base_footprint' because they are not part of the same tree.Tf has two or more unconnected trees.
[INFO] [1725654486.468669103] [slam_accuracy_comparer]: Received camera trajectory with 1 poses
[INFO] [1725654486.469954620] [slam_accuracy_comparer]: Last camera pose: Position: (1.0000, 1.0000, 0.0000), Orientation: (0.0000, 0.0000, 0.0000, 1.0000)
[WARN] [1725654486.508241324] [slam_accuracy_comparer]: Could not transform map to robot_0/base_footprint: Could not find a connection between 'map' and 'robot_0/base_footprint' because they are not part of the same tree.Tf has two or more unconnected trees.
[INFO] [1725654486.513347374] [slam_accuracy_comparer]: Received camera trajectory with 1 poses
[INFO] [1725654486.515146713] [slam_accuracy_comparer]: Last camera pose: Position: (1.0000, 1.0000, 0.0000), Orientation: (0.0000, 0.0000, 0.0000, 1.0000)
[INFO] [1725654486.559192472] [slam_accuracy_comparer]: Received camera trajectory with 1 poses
[INFO] [1725654486.560003413] [slam_accuracy_comparer]: Last camera pose: Position: (1.0000, 1.0000, 0.0000), Orientation: (0.0000, 0.0000, 0.0000, 1.0000)
[INFO] [1725654486.597663334] [slam_accuracy_comparer]: Received camera trajectory with 1 poses
[INFO] [1725654486.598428499] [slam_accuracy_comparer]: Last camera pose: Position: (1.0000, 1.0000, 0.0000), Orientation: (0.0000, 0.0000, 0.0000, 1.0000)
[INFO] [1725654486.610683092] [slam_accuracy_comparer]: Robot pose 1: Position: (1.0057, 0.9943, -0.3815), Orientation: (0.0007, 0.0033, 0.0002, 1.0000)
[INFO] [1725654486.618766292] [slam_accuracy_comparer]: ATE RMSE: nan
[INFO] [1725654486.619528212] [slam_accuracy_comparer]: RPE RMSE: 0.0000
[INFO] [1725654486.625112430] [slam_accuracy_comparer]: Total distance traveled: 0.0000
[INFO] [1725654486.629360136] [slam_accuracy_comparer]: Accuracy: 0.00%
