[INFO] [1725392339.722988672] [robot_0.ORB_SLAM3_RGBD_ROS2]: CONSTRUCTOR END!
[INFO] [1725392340.337639148] [robot_0.ORB_SLAM3_RGBD_ROS2]: Current ORB-SLAM3 tracking frequency: 9.76176 frames / sec
[INFO] [1725392340.337932266] [robot_0.ORB_SLAM3_RGBD_ROS2]: *************************
[INFO] [1725392341.337660237] [robot_0.ORB_SLAM3_RGBD_ROS2]: Current ORB-SLAM3 tracking frequency: 0 frames / sec
[INFO] [1725392341.337789366] [robot_0.ORB_SLAM3_RGBD_ROS2]: *************************
[INFO] [1725392342.337618099] [robot_0.ORB_SLAM3_RGBD_ROS2]: Current ORB-SLAM3 tracking frequency: 3.00028 frames / sec
[INFO] [1725392342.337758781] [robot_0.ORB_SLAM3_RGBD_ROS2]: *************************
[INFO] [1725392343.337655723] [robot_0.ORB_SLAM3_RGBD_ROS2]: Current ORB-SLAM3 tracking frequency: 1.00002 frames / sec
[INFO] [1725392343.337802580] [robot_0.ORB_SLAM3_RGBD_ROS2]: *************************
[INFO] [1725392344.337659001] [robot_0.ORB_SLAM3_RGBD_ROS2]: Current ORB-SLAM3 tracking frequency: 2.00012 frames / sec
[INFO] [1725392344.337824071] [robot_0.ORB_SLAM3_RGBD_ROS2]: *************************
[INFO] [1725392345.337657675] [robot_0.ORB_SLAM3_RGBD_ROS2]: Current ORB-SLAM3 tracking frequency: 3.0002 frames / sec
[INFO] [1725392345.337790953] [robot_0.ORB_SLAM3_RGBD_ROS2]: *************************
[INFO] [1725392346.337674468] [robot_0.ORB_SLAM3_RGBD_ROS2]: Current ORB-SLAM3 tracking frequency: 0 frames / sec
[INFO] [1725392346.337808546] [robot_0.ORB_SLAM3_RGBD_ROS2]: *************************
[INFO] [1725392347.337678225] [robot_0.ORB_SLAM3_RGBD_ROS2]: Current ORB-SLAM3 tracking frequency: 0 frames / sec
[INFO] [1725392347.337798808] [robot_0.ORB_SLAM3_RGBD_ROS2]: *************************
[INFO] [1725392348.337725906] [robot_0.ORB_SLAM3_RGBD_ROS2]: Current ORB-SLAM3 tracking frequency: 0 frames / sec
[INFO] [1725392348.338042093] [robot_0.ORB_SLAM3_RGBD_ROS2]: *************************
[INFO] [1725392349.337703903] [robot_0.ORB_SLAM3_RGBD_ROS2]: Current ORB-SLAM3 tracking frequency: 0 frames / sec
[INFO] [1725392349.337847629] [robot_0.ORB_SLAM3_RGBD_ROS2]: *************************
[INFO] [1725392350.337717266] [robot_0.ORB_SLAM3_RGBD_ROS2]: Current ORB-SLAM3 tracking frequency: 0 frames / sec
[INFO] [1725392350.337945072] [robot_0.ORB_SLAM3_RGBD_ROS2]: *************************
[INFO] [1725392351.337717745] [robot_0.ORB_SLAM3_RGBD_ROS2]: Current ORB-SLAM3 tracking frequency: 0 frames / sec
[INFO] [1725392351.337871504] [robot_0.ORB_SLAM3_RGBD_ROS2]: *************************
[INFO] [1725392352.337716149] [robot_0.ORB_SLAM3_RGBD_ROS2]: Current ORB-SLAM3 tracking frequency: 0 frames / sec
[INFO] [1725392352.337850528] [robot_0.ORB_SLAM3_RGBD_ROS2]: *************************
[INFO] [1725392353.337724128] [robot_0.ORB_SLAM3_RGBD_ROS2]: Current ORB-SLAM3 tracking frequency: 0 frames / sec
[INFO] [1725392353.337867324] [robot_0.ORB_SLAM3_RGBD_ROS2]: *************************
[INFO] [1725392354.337735220] [robot_0.ORB_SLAM3_RGBD_ROS2]: Current ORB-SLAM3 tracking frequency: 0 frames / sec
[INFO] [1725392354.337849962] [robot_0.ORB_SLAM3_RGBD_ROS2]: *************************
[INFO] [1725392355.337742644] [robot_0.ORB_SLAM3_RGBD_ROS2]: Current ORB-SLAM3 tracking frequency: 0 frames / sec
[INFO] [1725392355.337873780] [robot_0.ORB_SLAM3_RGBD_ROS2]: *************************
[INFO] [1725392356.337784550] [robot_0.ORB_SLAM3_RGBD_ROS2]: Current ORB-SLAM3 tracking frequency: 0 frames / sec
[INFO] [1725392356.337918062] [robot_0.ORB_SLAM3_RGBD_ROS2]: *************************
[INFO] [1725392357.337735693] [robot_0.ORB_SLAM3_RGBD_ROS2]: Current ORB-SLAM3 tracking frequency: 0 frames / sec
[INFO] [1725392357.337855712] [robot_0.ORB_SLAM3_RGBD_ROS2]: *************************
[INFO] [1725392358.337796906] [robot_0.ORB_SLAM3_RGBD_ROS2]: Current ORB-SLAM3 tracking frequency: 0 frames / sec
[INFO] [1725392358.337920428] [robot_0.ORB_SLAM3_RGBD_ROS2]: *************************
[INFO] [1725392359.337777196] [robot_0.ORB_SLAM3_RGBD_ROS2]: Current ORB-SLAM3 tracking frequency: 0 frames / sec
[INFO] [1725392359.337926137] [robot_0.ORB_SLAM3_RGBD_RO