[INFO] [1725461905.857428391] [robot_0.ORB_SLAM3_RGBD_ROS2]: CONSTRUCTOR END!
[INFO] [1725461907.567529760] [robot_0.ORB_SLAM3_RGBD_ROS2]: Current ORB-SLAM3 tracking frequency: 1.16953 frames / sec
[INFO] [1725461907.567914702] [robot_0.ORB_SLAM3_RGBD_ROS2]: *************************
[INFO] [1725461908.567500795] [robot_0.ORB_SLAM3_RGBD_ROS2]: Current ORB-SLAM3 tracking frequency: 3.00029 frames / sec
[INFO] [1725461908.567658462] [robot_0.ORB_SLAM3_RGBD_ROS2]: *************************
[INFO] [1725461909.567496908] [robot_0.ORB_SLAM3_RGBD_ROS2]: Current ORB-SLAM3 tracking frequency: 2.00018 frames / sec
[INFO] [1725461909.567649479] [robot_0.ORB_SLAM3_RGBD_ROS2]: *************************
[INFO] [1725461910.567604998] [robot_0.ORB_SLAM3_RGBD_ROS2]: Current ORB-SLAM3 tracking frequency: 0.999952 frames / sec
[INFO] [1725461910.567770557] [robot_0.ORB_SLAM3_RGBD_ROS2]: *************************
[INFO] [1725461911.567682855] [robot_0.ORB_SLAM3_RGBD_ROS2]: Current ORB-SLAM3 tracking frequency: 2.99996 frames / sec
[INFO] [1725461911.567846341] [robot_0.ORB_SLAM3_RGBD_ROS2]: *************************
[INFO] [1725461912.567623174] [robot_0.ORB_SLAM3_RGBD_ROS2]: Current ORB-SLAM3 tracking frequency: 1.00015 frames / sec
[INFO] [1725461912.567789878] [robot_0.ORB_SLAM3_RGBD_ROS2]: *************************
[INFO] [1725461913.567531879] [robot_0.ORB_SLAM3_RGBD_ROS2]: Current ORB-SLAM3 tracking frequency: 0 frames / sec
[INFO] [1725461913.567671920] [robot_0.ORB_SLAM3_RGBD_ROS2]: *************************
[INFO] [1725461914.567567158] [robot_0.ORB_SLAM3_RGBD_ROS2]: Current ORB-SLAM3 tracking frequency: 0 frames / sec
[INFO] [1725461914.567739555] [robot_0.ORB_SLAM3_RGBD_ROS2]: *************************
[INFO] [1725461915.567577192] [robot_0.ORB_SLAM3_RGBD_ROS2]: Current ORB-SLAM3 tracking frequency: 1.00006 frames / sec
[INFO] [1725461915.567735224] [robot_0.ORB_SLAM3_RGBD_ROS2]: *************************
[INFO] [1725461916.567602808] [robot_0.ORB_SLAM3_RGBD_ROS2]: Current ORB-SLAM3 tracking frequency: 3.00014 frames / sec
[INFO] [1725461916.567984398] [robot_0.ORB_SLAM3_RGBD_ROS2]: *************************
[INFO] [1725461917.567744531] [robot_0.ORB_SLAM3_RGBD_ROS2]: Current ORB-SLAM3 tracking frequency: 0 frames / sec
[INFO] [1725461917.568123433] [robot_0.ORB_SLAM3_RGBD_ROS2]: *************************
[INFO] [1725461918.567577410] [robot_0.ORB_SLAM3_RGBD_ROS2]: Current ORB-SLAM3 tracking frequency: 0 frames / sec
[INFO] [1725461918.567701326] [robot_0.ORB_SLAM3_RGBD_ROS2]: *************************
[INFO] [1725461919.567575941] [robot_0.ORB_SLAM3_RGBD_ROS2]: Current ORB-SLAM3 tracking frequency: 2.00011 frames / sec
[INFO] [1725461919.568080621] [robot_0.ORB_SLAM3_RGBD_ROS2]: *************************
[INFO] [1725461920.567516866] [robot_0.ORB_SLAM3_RGBD_ROS2]: Current ORB-SLAM3 tracking frequency: 0 frames / sec
[INFO] [1725461920.567817714] [robot_0.ORB_SLAM3_RGBD_ROS2]: *************************
[INFO] [1725461921.567768378] [robot_0.ORB_SLAM3_RGBD_ROS2]: Current ORB-SLAM3 tracking frequency: 0 frames / sec
[INFO] [1725461921.567999308] [robot_0.ORB_SLAM3_RGBD_ROS2]: *************************
[INFO] [1725461922.567789439] [robot_0.ORB_SLAM3_RGBD_ROS2]: Current ORB-SLAM3 tracking frequency: 1.0001 frames / sec
[INFO] [1725461922.568244942] [robot_0.ORB_SLAM3_RGBD_ROS2]: *************************
[INFO] [1725461923.567717218] [robot_0.ORB_SLAM3_RGBD_ROS2]: Current ORB-SLAM3 tracking frequency: 1.00028 frames / sec
[INFO] [1725461923.568029997] [robot_0.ORB_SLAM3_RGBD_ROS2]: *************************
[INFO] [1725461924.567869092] [robot_0.ORB_SLAM3_RGBD_ROS2]: Current ORB-SLAM3 tracking frequency: 0 frames / sec
[INFO] [1725461924.568125306] [robot_0.ORB_SLAM3_RGBD_ROS2]: *************************
[INFO] [1725461925.567695848] [robot_0.ORB_SLAM3_RGBD_ROS2]: Current ORB-SLAM3 tracking frequency: 0 frames / sec
[INFO] [1725461925.567910202] [robot_0.ORB_SLAM3_RGBD_ROS2]: *************************
[INFO] [1725461926.567756242] [robot_0.ORB_SLAM3_RGBD_ROS2]: Current ORB-SLAM3 tracking frequency: 0 frames / sec
[INFO] [1725461926.