[0.201s] DEBUG:colcon:Command line arguments: ['/usr/bin/colcon', 'build', '--symlink-install']
[0.201s] DEBUG:colcon:Parsed command line arguments: Namespace(log_base=None, log_level=None, verb_name='build', build_base='build', install_base='install', merge_install=False, symlink_install=True, test_result_base=None, continue_on_error=False, executor='parallel', parallel_workers=8, event_handlers=None, ignore_user_meta=False, metas=['./colcon.meta'], base_paths=['.'], packages_ignore=None, packages_ignore_regex=None, paths=None, packages_up_to=None, packages_up_to_regex=None, packages_above=None, packages_above_and_dependencies=None, packages_above_depth=None, packages_select_by_dep=None, packages_skip_by_dep=None, packages_skip_up_to=None, packages_select_build_failed=False, packages_skip_build_finished=False, packages_select_test_failures=False, packages_skip_test_passed=False, packages_select=None, packages_skip=None, packages_select_regex=None, packages_skip_regex=None, packages_start=None, packages_end=None, cmake_args=None, cmake_target=None, cmake_target_skip_unavailable=False, cmake_clean_cache=False, cmake_clean_first=False, cmake_force_configure=False, ament_cmake_args=None, catkin_cmake_args=None, catkin_skip_building_tests=False, mixin_files=None, mixin=None, verb_parser=<colcon_mixin.mixin.mixin_argument.MixinArgumentDecorator object at 0x786f5e9e0040>, verb_extension=<colcon_core.verb.build.BuildVerb object at 0x786f5eb8d540>, main=<bound method BuildVerb.main of <colcon_core.verb.build.BuildVerb object at 0x786f5eb8d540>>, mixin_verb=('build',))
[0.392s] Level 1:colcon.colcon_core.package_discovery:discover_packages(colcon_meta) check parameters
[0.392s] Level 1:colcon.colcon_core.package_discovery:discover_packages(recursive) check parameters
[0.392s] Level 1:colcon.colcon_core.package_discovery:discover_packages(ignore) check parameters
[0.392s] Level 1:colcon.colcon_core.package_discovery:discover_packages(path) check parameters
[0.392s] Level 1:colcon.colcon_core.package_discovery:discover_packages(colcon_meta) discover
[0.393s] Level 1:colcon.colcon_core.package_discovery:discover_packages(recursive) discover
[0.393s] INFO:colcon.colcon_core.package_discovery:Crawling recursively for packages in '/root/colcon_ws'
[0.393s] Level 1:colcon.colcon_core.package_identification:_identify(.) by extensions ['ignore', 'ignore_ament_install']
[0.393s] Level 1:colcon.colcon_core.package_identification:_identify(.) by extension 'ignore'
[0.393s] Level 1:colcon.colcon_core.package_identification:_identify(.) by extension 'ignore_ament_install'
[0.393s] Level 1:colcon.colcon_core.package_identification:_identify(.) by extensions ['colcon_pkg']
[0.393s] Level 1:colcon.colcon_core.package_identification:_identify(.) by extension 'colcon_pkg'
[0.393s] Level 1:colcon.colcon_core.package_identification:_identify(.) by extensions ['colcon_meta']
[0.393s] Level 1:colcon.colcon_core.package_identification:_identify(.) by extension 'colcon_meta'
[0.393s] Level 1:colcon.colcon_core.package_identification:_identify(.) by extensions ['ros']
[0.393s] Level 1:colcon.colcon_core.package_identification:_identify(.) by extension 'ros'
[0.406s] Level 1:colcon.colcon_core.package_identification:_identify(.) by extensions ['cmake', 'python']
[0.406s] Level 1:colcon.colcon_core.package_identification:_identify(.) by extension 'cmake'
[0.406s] Level 1:colcon.colcon_core.package_identification:_identify(.) by extension 'python'
[0.406s] Level 1:colcon.colcon_core.package_identification:_identify(.) by extensions ['python_setup_py']
[0.406s] Level 1:colcon.colcon_core.package_identification:_identify(.) by extension 'python_setup_py'
[0.406s] Level 1:colcon.colcon_core.package_identification:_identify(build) by extensions ['ignore', 'ignore_ament_install']
[0.406s] Level 1:colcon.colcon_core.package_identification:_identify(build) by extension 'ignore'
[0.406s] Level 1:colcon.colcon_core.package_identification:_identify(build) ignored
[0.406s] Level 1:colcon.colcon_core.package_identification:_identify(install) by extensions ['ignore', 'ignore_ament_install']
[0.406s] Level 1:colcon.colcon_core.package_identification:_identify(install) by extension 'ignore'
[0.406s] Level 1:colcon.colcon_core.package_identification:_identify(install) ignored
[0.406s] Level 1:colcon.colcon_core.package_identification:_identify(log) by extensions ['ignore', 'ignore_ament_install']
[0.406s] Level 1:colcon.colcon_core.package_identification:_identify(log) by extension 'ignore'
[0.406s] Level 1:colcon.colcon_core.package_identification:_identify(log) ignored
[0.407s] Level 1:colcon.colcon_core.package_identification:_identify(src) by extensions ['ignore', 'ignore_ament_install']
[0.407s] Level 1:colcon.colcon_core.package_identification:_identify(src) by extension 'ignore'
[0.407s] Level 1:colcon.colcon_core.package_identification:_identify(src) by extension 'ignore_ament_install'
[0.407s] Level 1:colcon.colcon_core.package_identification:_identify(src) by extensions ['colcon_pkg']
[0.407s] Level 1:colcon.colcon_core.package_identification:_identify(src) by extension 'colcon_pkg'
[0.407s] Level 1:colcon.colcon_core.package_identification:_identify(src) by extensions ['colcon_meta']
[0.407s] Level 1:colcon.colcon_core.package_identification:_identify(src) by extension 'colcon_meta'
[0.407s] Level 1:colcon.colcon_core.package_identification:_identify(src) by extensions ['ros']
[0.407s] Level 1:colcon.colcon_core.package_identification:_identify(src) by extension 'ros'
[0.407s] Level 1:colcon.colcon_core.package_identification:_identify(src) by extensions ['cmake', 'python']
[0.407s] Level 1:colcon.colcon_core.package_identification:_identify(src) by extension 'cmake'
[0.407s] Level 1:colcon.colcon_core.package_identification:_identify(src) by extension 'python'
[0.407s] Level 1:colcon.colcon_core.package_identification:_identify(src) by extensions ['python_setup_py']
[0.407s] Level 1:colcon.colcon_core.package_identification:_identify(src) by extension 'python_setup_py'
[0.407s] Level 1:colcon.colcon_core.package_identification:_identify(src/orb_slam3_ros2_wrapper) by extensions ['ignore', 'ignore_ament_install']
[0.407s] Level 1:colcon.colcon_core.package_identification:_identify(src/orb_slam3_ros2_wrapper) by extension 'ignore'
[0.408s] Level 1:colcon.colcon_core.package_identification:_identify(src/orb_slam3_ros2_wrapper) by extension 'ignore_ament_install'
[0.408s] Level 1:colcon.colcon_core.package_identification:_identify(src/orb_slam3_ros2_wrapper) by extensions ['colcon_pkg']
[0.408s] Level 1:colcon.colcon_core.package_identification:_identify(src/orb_slam3_ros2_wrapper) by extension 'colcon_pkg'
[0.408s] Level 1:colcon.colcon_core.package_identification:_identify(src/orb_slam3_ros2_wrapper) by extensions ['colcon_meta']
[0.408s] Level 1:colcon.colcon_core.package_identification:_identify(src/orb_slam3_ros2_wrapper) by extension 'colcon_meta'
[0.408s] Level 1:colcon.colcon_core.package_identification:_identify(src/orb_slam3_ros2_wrapper) by extensions ['ros']
[0.408s] Level 1:colcon.colcon_core.package_identification:_identify(src/orb_slam3_ros2_wrapper) by extension 'ros'
[0.411s] DEBUG:colcon.colcon_core.package_identification:Package 'src/orb_slam3_ros2_wrapper' with type 'ros.ament_cmake' and name 'orb_slam3_ros2_wrapper'
[0.412s] Level 1:colcon.colcon_core.package_identification:_identify(src/slam_msgs) by extensions ['ignore', 'ignore_ament_install']
[0.412s] Level 1:colcon.colcon_core.package_identification:_identify(src/slam_msgs) by extension 'ignore'
[0.412s] Level 1:colcon.colcon_core.package_identification:_identify(src/slam_msgs) by extension 'ignore_ament_install'
[0.412s] Level 1:colcon.colcon_core.package_identification:_identify(src/slam_msgs) by extensions ['colcon_pkg']
[0.412s] Level 1:colcon.colcon_core.package_identification:_identify(src/slam_msgs) by extension 'colcon_pkg'
[0.412s] Level 1:colcon.colcon_core.package_identification:_identify(src/slam_msgs) by extensions ['colcon_meta']
[0.412s] Level 1:colcon.colcon_core.package_identification:_identify(src/slam_msgs) by extension 'colcon_meta'
[0.412s] Level 1:colcon.colcon_core.package_identification:_identify(src/slam_msgs) by extensions ['ros']
[0.412s] Level 1:colcon.colcon_core.package_identification:_identify(src/slam_msgs) by extension 'ros'
[0.413s] DEBUG:colcon.colcon_core.package_identification:Package 'src/slam_msgs' with type 'ros.ament_cmake' and name 'slam_msgs'
[0.413s] Level 1:colcon.colcon_core.package_discovery:discover_packages(recursive) using defaults
[0.413s] Level 1:colcon.colcon_core.package_discovery:discover_packages(ignore) discover
[0.413s] Level 1:colcon.colcon_core.package_discovery:discover_packages(ignore) using defaults
[0.413s] Level 1:colcon.colcon_core.package_discovery:discover_packages(path) discover
[0.413s] Level 1:colcon.colcon_core.package_discovery:discover_packages(path) using defaults
[0.441s] Level 5:colcon.colcon_core.verb:set package 'slam_msgs' build argument 'cmake_args' from command line to 'None'
[0.441s] Level 5:colcon.colcon_core.verb:set package 'slam_msgs' build argument 'cmake_target' from command line to 'None'
[0.441s] Level 5:colcon.colcon_core.verb:set package 'slam_msgs' build argument 'cmake_target_skip_unavailable' from command line to 'False'
[0.441s] Level 5:colcon.colcon_core.verb:set package 'slam_msgs' build argument 'cmake_clean_cache' from command line to 'False'
[0.441s] Level 5:colcon.colcon_core.verb:set package 'slam_msgs' build argument 'cmake_clean_first' from command line to 'False'
[0.441s] Level 5:colcon.colcon_core.verb:set package 'slam_msgs' build argument 'cmake_force_configure' from command line to 'False'
[0.441s] Level 5:colcon.colcon_core.verb:set package 'slam_msgs' build argument 'ament_cmake_args' from command line to 'None'
[0.441s] Level 5:colcon.colcon_core.verb:set package 'slam_msgs' build argument 'catkin_cmake_args' from command line to 'None'
[0.441s] Level 5:colcon.colcon_core.verb:set package 'slam_msgs' build argument 'catkin_skip_building_tests' from command line to 'False'
[0.441s] DEBUG:colcon.colcon_core.verb:Building package 'slam_msgs' with the following arguments: {'ament_cmake_args': None, 'build_base': '/root/colcon_ws/build/slam_msgs', 'catkin_cmake_args': None, 'catkin_skip_building_tests': False, 'cmake_args': None, 'cmake_clean_cache': False, 'cmake_clean_first': False, 'cmake_force_configure': False, 'cmake_target': None, 'cmake_target_skip_unavailable': False, 'install_base': '/root/colcon_ws/install/slam_msgs', 'merge_install': False, 'path': '/root/colcon_ws/src/slam_msgs', 'symlink_install': True, 'test_result_base': None}
[0.441s] Level 5:colcon.colcon_core.verb:set package 'orb_slam3_ros2_wrapper' build argument 'cmake_args' from command line to 'None'
[0.441s] Level 5:colcon.colcon_core.verb:set package 'orb_slam3_ros2_wrapper' build argument 'cmake_target' from command line to 'None'
[0.441s] Level 5:colcon.colcon_core.verb:set package 'orb_slam3_ros2_wrapper' build argument 'cmake_target_skip_unavailable' from command line to 'False'
[0.441s] Level 5:colcon.colcon_core.verb:set package 'orb_slam3_ros2_wrapper' build argument 'cmake_clean_cache' from command line to 'False'
[0.441s] Level 5:colcon.colcon_core.verb:set package 'orb_slam3_ros2_wrapper' build argument 'cmake_clean_first' from command line to 'False'
[0.441s] Level 5:colcon.colcon_core.verb:set package 'orb_slam3_ros2_wrapper' build argument 'cmake_force_configure' from command line to 'False'
[0.441s] Level 5:colcon.colcon_core.verb:set package 'orb_slam3_ros2_wrapper' build argument 'ament_cmake_args' from command line to 'None'
[0.441s] Level 5:colcon.colcon_core.verb:set package 'orb_slam3_ros2_wrapper' build argument 'catkin_cmake_args' from command line to 'None'
[0.441s] Level 5:colcon.colcon_core.verb:set package 'orb_slam3_ros2_wrapper' build argument 'catkin_skip_building_tests' from command line to 'False'
[0.441s] DEBUG:colcon.colcon_core.verb:Building package 'orb_slam3_ros2_wrapper' with the following arguments: {'ament_cmake_args': None, 'build_base': '/root/colcon_ws/build/orb_slam3_ros2_wrapper', 'catkin_cmake_args': None, 'catkin_skip_building_tests': False, 'cmake_args': None, 'cmake_clean_cache': False, 'cmake_clean_first': False, 'cmake_force_configure': False, 'cmake_target': None, 'cmake_target_skip_unavailable': False, 'install_base': '/root/colcon_ws/install/orb_slam3_ros2_wrapper', 'merge_install': False, 'path': '/root/colcon_ws/src/orb_slam3_ros2_wrapper', 'symlink_install': True, 'test_result_base': None}
[0.442s] INFO:colcon.colcon_core.executor:Executing jobs using 'parallel' executor
[0.443s] DEBUG:colcon.colcon_parallel_executor.executor.parallel:run_until_complete
[0.443s] INFO:colcon.colcon_ros.task.ament_cmake.build:Building ROS package in '/root/colcon_ws/src/slam_msgs' with build type 'ament_cmake'
[0.443s] INFO:colcon.colcon_cmake.task.cmake.build:Building CMake package in '/root/colcon_ws/src/slam_msgs'
[0.447s] INFO:colcon.colcon_core.plugin_system:Skipping extension 'colcon_core.shell.bat': Not used on non-Windows systems
[0.447s] INFO:colcon.colcon_core.shell:Skip shell extension 'powershell' for command environment: Not usable outside of PowerShell
[0.447s] DEBUG:colcon.colcon_core.shell:Skip shell extension 'dsv' for command environment
[0.454s] DEBUG:colcon.colcon_core.event_handler.log_command:Invoking command in '/root/colcon_ws/build/slam_msgs': CMAKE_PREFIX_PATH=/opt/ros/humble /usr/bin/cmake /root/colcon_ws/src/slam_msgs -DAMENT_CMAKE_SYMLINK_INSTALL=1 -DCMAKE_INSTALL_PREFIX=/root/colcon_ws/install/slam_msgs
[2.746s] DEBUG:colcon.colcon_core.event_handler.log_command:Invoked command in '/root/colcon_ws/build/slam_msgs' returned '0': CMAKE_PREFIX_PATH=/opt/ros/humble /usr/bin/cmake /root/colcon_ws/src/slam_msgs -DAMENT_CMAKE_SYMLINK_INSTALL=1 -DCMAKE_INSTALL_PREFIX=/root/colcon_ws/install/slam_msgs
[2.748s] DEBUG:colcon.colcon_core.event_handler.log_command:Invoking command in '/root/colcon_ws/build/slam_msgs': CMAKE_PREFIX_PATH=/opt/ros/humble /usr/bin/cmake --build /root/colcon_ws/build/slam_msgs -- -j8 -l8
[6.666s] DEBUG:colcon.colcon_core.event_handler.log_command:Invoked command in '/root/colcon_ws/build/slam_msgs' returned '0': CMAKE_PREFIX_PATH=/opt/ros/humble /usr/bin/cmake --build /root/colcon_ws/build/slam_msgs -- -j8 -l8
[6.750s] DEBUG:colcon.colcon_core.event_handler.log_command:Invoking command in '/root/colcon_ws/build/slam_msgs': CMAKE_PREFIX_PATH=/opt/ros/humble /usr/bin/cmake --install /root/colcon_ws/build/slam_msgs
[7.631s] Level 1:colcon.colcon_core.environment:create_environment_scripts_only(slam_msgs)
[7.631s] DEBUG:colcon.colcon_core.event_handler.log_command:Invoked command in '/root/colcon_ws/build/slam_msgs' returned '0': CMAKE_PREFIX_PATH=/opt/ros/humble /usr/bin/cmake --install /root/colcon_ws/build/slam_msgs
[7.639s] Level 1:colcon.colcon_core.environment:checking '/root/colcon_ws/install/slam_msgs' for CMake module files
[7.639s] Level 1:colcon.colcon_core.environment:checking '/root/colcon_ws/install/slam_msgs' for CMake config files
[7.640s] Level 1:colcon.colcon_core.shell:create_environment_hook('slam_msgs', 'cmake_prefix_path')
[7.640s] INFO:colcon.colcon_core.shell:Creating environment hook '/root/colcon_ws/install/slam_msgs/share/slam_msgs/hook/cmake_prefix_path.ps1'
[7.641s] INFO:colcon.colcon_core.shell:Creating environment descriptor '/root/colcon_ws/install/slam_msgs/share/slam_msgs/hook/cmake_prefix_path.dsv'
[7.642s] INFO:colcon.colcon_core.shell:Creating environment hook '/root/colcon_ws/install/slam_msgs/share/slam_msgs/hook/cmake_prefix_path.sh'
[7.643s] Level 1:colcon.colcon_core.environment:checking '/root/colcon_ws/install/slam_msgs/lib'
[7.643s] Level 1:colcon.colcon_core.shell:create_environment_hook('slam_msgs', 'ld_library_path_lib')
[7.643s] INFO:colcon.colcon_core.shell:Creating environment hook '/root/colcon_ws/install/slam_msgs/share/slam_msgs/hook/ld_library_path_lib.ps1'
[7.643s] INFO:colcon.colcon_core.shell:Creating environment descriptor '/root/colcon_ws/install/slam_msgs/share/slam_msgs/hook/ld_library_path_lib.dsv'
[7.644s] INFO:colcon.colcon_core.shell:Creating environment hook '/root/colcon_ws/install/slam_msgs/share/slam_msgs/hook/ld_library_path_lib.sh'
[7.644s] Level 1:colcon.colcon_core.environment:checking '/root/colcon_ws/install/slam_msgs/bin'
[7.644s] Level 1:colcon.colcon_core.environment:checking '/root/colcon_ws/install/slam_msgs/lib/pkgconfig/slam_msgs.pc'
[7.645s] Level 1:colcon.colcon_core.environment:checking '/root/colcon_ws/install/slam_msgs/lib/python3.10/site-packages'
[7.646s] Level 1:colcon.colcon_core.environment:checking '/root/colcon_ws/install/slam_msgs/bin'
[7.646s] INFO:colcon.colcon_core.shell:Creating package script '/root/colcon_ws/install/slam_msgs/share/slam_msgs/package.ps1'
[7.647s] INFO:colcon.colcon_core.shell:Creating package descriptor '/root/colcon_ws/install/slam_msgs/share/slam_msgs/package.dsv'
[7.648s] INFO:colcon.colcon_core.shell:Creating package script '/root/colcon_ws/install/slam_msgs/share/slam_msgs/package.sh'
[7.649s] INFO:colcon.colcon_core.shell:Creating package script '/root/colcon_ws/install/slam_msgs/share/slam_msgs/package.bash'
[7.650s] INFO:colcon.colcon_core.shell:Creating package script '/root/colcon_ws/install/slam_msgs/share/slam_msgs/package.zsh'
[7.651s] Level 1:colcon.colcon_core.environment:create_file_with_runtime_dependencies(/root/colcon_ws/install/slam_msgs/share/colcon-core/packages/slam_msgs)
[7.727s] Level 1:colcon.colcon_core.environment:create_environment_scripts_only(slam_msgs)
[7.728s] Level 1:colcon.colcon_core.environment:checking '/root/colcon_ws/install/slam_msgs' for CMake module files
[7.728s] Level 1:colcon.colcon_core.environment:checking '/root/colcon_ws/install/slam_msgs' for CMake config files
[7.729s] Level 1:colcon.colcon_core.shell:create_environment_hook('slam_msgs', 'cmake_prefix_path')
[7.729s] INFO:colcon.colcon_core.shell:Creating environment hook '/root/colcon_ws/install/slam_msgs/share/slam_msgs/hook/cmake_prefix_path.ps1'
[7.730s] INFO:colcon.colcon_core.shell:Creating environment descriptor '/root/colcon_ws/install/slam_msgs/share/slam_msgs/hook/cmake_prefix_path.dsv'
[7.730s] INFO:colcon.colcon_core.shell:Creating environment hook '/root/colcon_ws/install/slam_msgs/share/slam_msgs/hook/cmake_prefix_path.sh'
[7.730s] Level 1:colcon.colcon_core.environment:checking '/root/colcon_ws/install/slam_msgs/lib'
[7.731s] Level 1:colcon.colcon_core.shell:create_environment_hook('slam_msgs', 'ld_library_path_lib')
[7.731s] INFO:colcon.colcon_core.shell:Creating environment hook '/root/colcon_ws/install/slam_msgs/share/slam_msgs/hook/ld_library_path_lib.ps1'
[7.731s] INFO:colcon.colcon_core.shell:Creating environment descriptor '/root/colcon_ws/install/slam_msgs/share/slam_msgs/hook/ld_library_path_lib.dsv'
[7.731s] INFO:colcon.colcon_core.shell:Creating environment hook '/root/colcon_ws/install/slam_msgs/share/slam_msgs/hook/ld_library_path_lib.sh'
[7.732s] Level 1:colcon.colcon_core.environment:checking '/root/colcon_ws/install/slam_msgs/bin'
[7.732s] Level 1:colcon.colcon_core.environment:checking '/root/colcon_ws/install/slam_msgs/lib/pkgconfig/slam_msgs.pc'
[7.732s] Level 1:colcon.colcon_core.environment:checking '/root/colcon_ws/install/slam_msgs/lib/python3.10/site-packages'
[7.732s] Level 1:colcon.colcon_core.environment:checking '/root/colcon_ws/install/slam_msgs/bin'
[7.732s] INFO:colcon.colcon_core.shell:Creating package script '/root/colcon_ws/install/slam_msgs/share/slam_msgs/package.ps1'
[7.733s] INFO:colcon.colcon_core.shell:Creating package descriptor '/root/colcon_ws/install/slam_msgs/share/slam_msgs/package.dsv'
[7.733s] INFO:colcon.colcon_core.shell:Creating package script '/root/colcon_ws/install/slam_msgs/share/slam_msgs/package.sh'
[7.734s] INFO:colcon.colcon_core.shell:Creating package script '/root/colcon_ws/install/slam_msgs/share/slam_msgs/package.bash'
[7.734s] INFO:colcon.colcon_core.shell:Creating package script '/root/colcon_ws/install/slam_msgs/share/slam_msgs/package.zsh'
[7.734s] Level 1:colcon.colcon_core.environment:create_file_with_runtime_dependencies(/root/colcon_ws/install/slam_msgs/share/colcon-core/packages/slam_msgs)
[7.735s] INFO:colcon.colcon_ros.task.ament_cmake.build:Building ROS package in '/root/colcon_ws/src/orb_slam3_ros2_wrapper' with build type 'ament_cmake'
[7.735s] INFO:colcon.colcon_cmake.task.cmake.build:Building CMake package in '/root/colcon_ws/src/orb_slam3_ros2_wrapper'
[7.735s] INFO:colcon.colcon_core.shell:Skip shell extension 'powershell' for command environment: Not usable outside of PowerShell
[7.735s] DEBUG:colcon.colcon_core.shell:Skip shell extension 'dsv' for command environment
[7.743s] DEBUG:colcon.colcon_core.event_handler.log_command:Invoking command in '/root/colcon_ws/build/orb_slam3_ros2_wrapper': AMENT_PREFIX_PATH=/root/colcon_ws/install/slam_msgs:${AMENT_PREFIX_PATH} CMAKE_PREFIX_PATH=/root/colcon_ws/install/slam_msgs:/opt/ros/humble LD_LIBRARY_PATH=/root/colcon_ws/install/slam_msgs/lib:${LD_LIBRARY_PATH} PYTHONPATH=/root/colcon_ws/install/slam_msgs/local/lib/python3.10/dist-packages:${PYTHONPATH} /usr/bin/cmake /root/colcon_ws/src/orb_slam3_ros2_wrapper -DAMENT_CMAKE_SYMLINK_INSTALL=1 -DCMAKE_INSTALL_PREFIX=/root/colcon_ws/install/orb_slam3_ros2_wrapper
[10.780s] DEBUG:colcon.colcon_core.event_handler.log_command:Invoked command in '/root/colcon_ws/build/orb_slam3_ros2_wrapper' returned '0': AMENT_PREFIX_PATH=/root/colcon_ws/install/slam_msgs:${AMENT_PREFIX_PATH} CMAKE_PREFIX_PATH=/root/colcon_ws/install/slam_msgs:/opt/ros/humble LD_LIBRARY_PATH=/root/colcon_ws/install/slam_msgs/lib:${LD_LIBRARY_PATH} PYTHONPATH=/root/colcon_ws/install/slam_msgs/local/lib/python3.10/dist-packages:${PYTHONPATH} /usr/bin/cmake /root/colcon_ws/src/orb_slam3_ros2_wrapper -DAMENT_CMAKE_SYMLINK_INSTALL=1 -DCMAKE_INSTALL_PREFIX=/root/colcon_ws/install/orb_slam3_ros2_wrapper
[10.781s] DEBUG:colcon.colcon_core.event_handler.log_command:Invoking command in '/root/colcon_ws/build/orb_slam3_ros2_wrapper': AMENT_PREFIX_PATH=/root/colcon_ws/install/slam_msgs:${AMENT_PREFIX_PATH} CMAKE_PREFIX_PATH=/root/colcon_ws/install/slam_msgs:/opt/ros/humble LD_LIBRARY_PATH=/root/colcon_ws/install/slam_msgs/lib:${LD_LIBRARY_PATH} PYTHONPATH=/root/colcon_ws/install/slam_msgs/local/lib/python3.10/dist-packages:${PYTHONPATH} /usr/bin/cmake --build /root/colcon_ws/build/orb_slam3_ros2_wrapper -- -j8 -l8
[49.503s] DEBUG:colcon.colcon_core.event_handler.log_command:Invoked command in '/root/colcon_ws/build/orb_slam3_ros2_wrapper' returned '0': AMENT_PREFIX_PATH=/root/colcon_ws/install/slam_msgs:${AMENT_PREFIX_PATH} CMAKE_PREFIX_PATH=/root/colcon_ws/install/slam_msgs:/opt/ros/humble LD_LIBRARY_PATH=/root/colcon_ws/install/slam_msgs/lib:${LD_LIBRARY_PATH} PYTHONPATH=/root/colcon_ws/install/slam_msgs/local/lib/python3.10/dist-packages:${PYTHONPATH} /usr/bin/cmake --build /root/colcon_ws/build/orb_slam3_ros2_wrapper -- -j8 -l8
[49.536s] DEBUG:colcon.colcon_core.event_handler.log_command:Invoking command in '/root/colcon_ws/build/orb_slam3_ros2_wrapper': AMENT_PREFIX_PATH=/root/colcon_ws/install/slam_msgs:${AMENT_PREFIX_PATH} CMAKE_PREFIX_PATH=/root/colcon_ws/install/slam_msgs:/opt/ros/humble LD_LIBRARY_PATH=/root/colcon_ws/install/slam_msgs/lib:${LD_LIBRARY_PATH} PYTHONPATH=/root/colcon_ws/install/slam_msgs/local/lib/python3.10/dist-packages:${PYTHONPATH} /usr/bin/cmake --install /root/colcon_ws/build/orb_slam3_ros2_wrapper
[49.693s] Level 1:colcon.colcon_core.environment:create_environment_scripts_only(orb_slam3_ros2_wrapper)
[49.693s] Level 1:colcon.colcon_core.environment:checking '/root/colcon_ws/install/orb_slam3_ros2_wrapper' for CMake module files
[49.694s] DEBUG:colcon.colcon_core.event_handler.log_command:Invoked command in '/root/colcon_ws/build/orb_slam3_ros2_wrapper' returned '0': AMENT_PREFIX_PATH=/root/colcon_ws/install/slam_msgs:${AMENT_PREFIX_PATH} CMAKE_PREFIX_PATH=/root/colcon_ws/install/slam_msgs:/opt/ros/humble LD_LIBRARY_PATH=/root/colcon_ws/install/slam_msgs/lib:${LD_LIBRARY_PATH} PYTHONPATH=/root/colcon_ws/install/slam_msgs/local/lib/python3.10/dist-packages:${PYTHONPATH} /usr/bin/cmake --install /root/colcon_ws/build/orb_slam3_ros2_wrapper
[49.694s] Level 1:colcon.colcon_core.environment:checking '/root/colcon_ws/install/orb_slam3_ros2_wrapper' for CMake config files
[49.694s] Level 1:colcon.colcon_core.shell:create_environment_hook('orb_slam3_ros2_wrapper', 'cmake_prefix_path')
[49.695s] INFO:colcon.colcon_core.shell:Creating environment hook '/root/colcon_ws/install/orb_slam3_ros2_wrapper/share/orb_slam3_ros2_wrapper/hook/cmake_prefix_path.ps1'
[49.696s] INFO:colcon.colcon_core.shell:Creating environment descriptor '/root/colcon_ws/install/orb_slam3_ros2_wrapper/share/orb_slam3_ros2_wrapper/hook/cmake_prefix_path.dsv'
[49.697s] INFO:colcon.colcon_core.shell:Creating environment hook '/root/colcon_ws/install/orb_slam3_ros2_wrapper/share/orb_slam3_ros2_wrapper/hook/cmake_prefix_path.sh'
[49.698s] Level 1:colcon.colcon_core.environment:checking '/root/colcon_ws/install/orb_slam3_ros2_wrapper/lib'
[49.698s] Level 1:colcon.colcon_core.environment:checking '/root/colcon_ws/install/orb_slam3_ros2_wrapper/bin'
[49.698s] Level 1:colcon.colcon_core.environment:checking '/root/colcon_ws/install/orb_slam3_ros2_wrapper/lib/pkgconfig/orb_slam3_ros2_wrapper.pc'
[49.698s] Level 1:colcon.colcon_core.environment:checking '/root/colcon_ws/install/orb_slam3_ros2_wrapper/lib/python3.10/site-packages'
[49.699s] Level 1:colcon.colcon_core.environment:checking '/root/colcon_ws/install/orb_slam3_ros2_wrapper/bin'
[49.699s] INFO:colcon.colcon_core.shell:Creating package script '/root/colcon_ws/install/orb_slam3_ros2_wrapper/share/orb_slam3_ros2_wrapper/package.ps1'
[49.700s] INFO:colcon.colcon_core.shell:Creating package descriptor '/root/colcon_ws/install/orb_slam3_ros2_wrapper/share/orb_slam3_ros2_wrapper/package.dsv'
[49.701s] INFO:colcon.colcon_core.shell:Creating package script '/root/colcon_ws/install/orb_slam3_ros2_wrapper/share/orb_slam3_ros2_wrapper/package.sh'
[49.702s] INFO:colcon.colcon_core.shell:Creating package script '/root/colcon_ws/install/orb_slam3_ros2_wrapper/share/orb_slam3_ros2_wrapper/package.bash'
[49.702s] INFO:colcon.colcon_core.shell:Creating package script '/root/colcon_ws/install/orb_slam3_ros2_wrapper/share/orb_slam3_ros2_wrapper/package.zsh'
[49.703s] Level 1:colcon.colcon_core.environment:create_file_with_runtime_dependencies(/root/colcon_ws/install/orb_slam3_ros2_wrapper/share/colcon-core/packages/orb_slam3_ros2_wrapper)
[49.728s] Level 1:colcon.colcon_core.environment:create_environment_scripts_only(orb_slam3_ros2_wrapper)
[49.728s] Level 1:colcon.colcon_core.environment:checking '/root/colcon_ws/install/orb_slam3_ros2_wrapper' for CMake module files
[49.729s] Level 1:colcon.colcon_core.environment:checking '/root/colcon_ws/install/orb_slam3_ros2_wrapper' for CMake config files
[49.729s] Level 1:colcon.colcon_core.shell:create_environment_hook('orb_slam3_ros2_wrapper', 'cmake_prefix_path')
[49.729s] INFO:colcon.colcon_core.shell:Creating environment hook '/root/colcon_ws/install/orb_slam3_ros2_wrapper/share/orb_slam3_ros2_wrapper/hook/cmake_prefix_path.ps1'
[49.730s] INFO:colcon.colcon_core.shell:Creating environment descriptor '/root/colcon_ws/install/orb_slam3_ros2_wrapper/share/orb_slam3_ros2_wrapper/hook/cmake_prefix_path.dsv'
[49.730s] INFO:colcon.colcon_core.shell:Creating environment hook '/root/colcon_ws/install/orb_slam3_ros2_wrapper/share/orb_slam3_ros2_wrapper/hook/cmake_prefix_path.sh'
[49.730s] Level 1:colcon.colcon_core.environment:checking '/root/colcon_ws/install/orb_slam3_ros2_wrapper/lib'
[49.731s] Level 1:colcon.colcon_core.environment:checking '/root/colcon_ws/install/orb_slam3_ros2_wrapper/bin'
[49.731s] Level 1:colcon.colcon_core.environment:checking '/root/colcon_ws/install/orb_slam3_ros2_wrapper/lib/pkgconfig/orb_slam3_ros2_wrapper.pc'
[49.731s] Level 1:colcon.colcon_core.environment:checking '/root/colcon_ws/install/orb_slam3_ros2_wrapper/lib/python3.10/site-packages'
[49.731s] Level 1:colcon.colcon_core.environment:checking '/root/colcon_ws/install/orb_slam3_ros2_wrapper/bin'
[49.731s] INFO:colcon.colcon_core.shell:Creating package script '/root/colcon_ws/install/orb_slam3_ros2_wrapper/share/orb_slam3_ros2_wrapper/package.ps1'
[49.732s] INFO:colcon.colcon_core.shell:Creating package descriptor '/root/colcon_ws/install/orb_slam3_ros2_wrapper/share/orb_slam3_ros2_wrapper/package.dsv'
[49.732s] INFO:colcon.colcon_core.shell:Creating package script '/root/colcon_ws/install/orb_slam3_ros2_wrapper/share/orb_slam3_ros2_wrapper/package.sh'
[49.732s] INFO:colcon.colcon_core.shell:Creating package script '/root/colcon_ws/install/orb_slam3_ros2_wrapper/share/orb_slam3_ros2_wrapper/package.bash'
[49.733s] INFO:colcon.colcon_core.shell:Creating package script '/root/colcon_ws/install/orb_slam3_ros2_wrapper/share/orb_slam3_ros2_wrapper/package.zsh'
[49.733s] Level 1:colcon.colcon_core.environment:create_file_with_runtime_dependencies(/root/colcon_ws/install/orb_slam3_ros2_wrapper/share/colcon-core/packages/orb_slam3_ros2_wrapper)
[49.733s] DEBUG:colcon.colcon_parallel_executor.executor.parallel:closing loop
[49.734s] DEBUG:colcon.colcon_parallel_executor.executor.parallel:loop closed
[49.734s] DEBUG:colcon.colcon_parallel_executor.executor.parallel:run_until_complete finished with '0'
[49.734s] DEBUG:colcon.colcon_core.event_reactor:joining thread
[49.750s] INFO:colcon.colcon_core.plugin_system:Skipping extension 'colcon_notification.desktop_notification.notify_send': Could not find 'notify-send'
[49.750s] INFO:colcon.colcon_core.plugin_system:Skipping extension 'colcon_notification.desktop_notification.terminal_notifier': Not used on non-Darwin systems
[49.750s] INFO:colcon.colcon_core.plugin_system:Skipping extension 'colcon_notification.desktop_notification.win32': Not used on non-Windows systems
[49.750s] INFO:colcon.colcon_notification.desktop_notification:Sending desktop notification using 'notify2'
[49.758s] DEBUG:colcon.colcon_notification.desktop_notification.notify2:Failed to initialize notify2: org.freedesktop.DBus.Error.Spawn.ExecFailed: /usr/bin/dbus-launch terminated abnormally without any error message
[49.758s] DEBUG:colcon.colcon_core.event_reactor:joined thread
[49.758s] INFO:colcon.colcon_core.shell:Creating prefix script '/root/colcon_ws/install/local_setup.ps1'
[49.761s] INFO:colcon.colcon_core.shell:Creating prefix util module '/root/colcon_ws/install/_local_setup_util_ps1.py'
[49.762s] INFO:colcon.colcon_core.shell:Creating prefix chain script '/root/colcon_ws/install/setup.ps1'
[49.764s] INFO:colcon.colcon_core.shell:Creating prefix script '/root/colcon_ws/install/local_setup.sh'
[49.764s] INFO:colcon.colcon_core.shell:Creating prefix util module '/root/colcon_ws/install/_local_setup_util_sh.py'
[49.765s] INFO:colcon.colcon_core.shell:Creating prefix chain script '/root/colcon_ws/install/setup.sh'
[49.766s] INFO:colcon.colcon_core.shell:Creating prefix script '/root/colcon_ws/install/local_setup.bash'
[49.767s] INFO:colcon.colcon_core.shell:Creating prefix chain script '/root/colcon_ws/install/setup.bash'
[49.768s] INFO:colcon.colcon_core.shell:Creating prefix script '/root/colcon_ws/install/local_setup.zsh'
[49.768s] INFO:colcon.colcon_core.shell:Creating prefix chain script '/root/colcon_ws/install/setup.zsh'
