[0.017s] Invoking command in '/root/colcon_ws/build/slam_msgs': CMAKE_PREFIX_PATH=${CMAKE_PREFIX_PATH}:/root/colcon_ws/install/trajectory_publisher:/root/colcon_ws/install/trajectory_comparer:/opt/ros/humble /usr/bin/cmake --build /root/colcon_ws/build/slam_msgs -- -j8 -l8
[0.070s] [  1%] Built target slam_msgs__cpp
[0.071s] [ 12%] Built target slam_msgs__rosidl_generator_c
[0.077s] [ 12%] Built target ament_cmake_python_symlink_slam_msgs
[0.101s] [ 23%] Built target slam_msgs__rosidl_typesupport_introspection_c
[0.102s] [ 34%] Built target slam_msgs__rosidl_typesupport_c
[0.104s] [ 45%] Built target slam_msgs__rosidl_typesupport_introspection_cpp
[0.104s] [ 56%] Built target slam_msgs__rosidl_typesupport_cpp
[0.107s] [ 67%] Built target slam_msgs__rosidl_typesupport_fastrtps_cpp
[0.114s] [ 78%] Built target slam_msgs__rosidl_typesupport_fastrtps_c
[0.133s] [ 78%] Built target slam_msgs
[0.153s] [ 80%] Built target slam_msgs__py
[0.174s] [ 89%] Built target slam_msgs__rosidl_generator_py
[0.195s] [ 92%] Built target slam_msgs__rosidl_typesupport_introspection_c__pyext
[0.201s] [ 96%] Built target slam_msgs__rosidl_typesupport_fastrtps_c__pyext
[0.203s] [100%] Built target slam_msgs__rosidl_typesupport_c__pyext
[0.312s] running egg_info
[0.313s] writing slam_msgs.egg-info/PKG-INFO
[0.313s] writing dependency_links to slam_msgs.egg-info/dependency_links.txt
[0.313s] writing top-level names to slam_msgs.egg-info/top_level.txt
[0.315s] reading manifest file 'slam_msgs.egg-info/SOURCES.txt'
[0.316s] writing manifest file 'slam_msgs.egg-info/SOURCES.txt'
[0.344s] [100%] Built target ament_cmake_python_build_slam_msgs_egg
[0.355s] Invoked command in '/root/colcon_ws/build/slam_msgs' returned '0': CMAKE_PREFIX_PATH=${CMAKE_PREFIX_PATH}:/root/colcon_ws/install/trajectory_publisher:/root/colcon_ws/install/trajectory_comparer:/opt/ros/humble /usr/bin/cmake --build /root/colcon_ws/build/slam_msgs -- -j8 -l8
[0.455s] Invoking command in '/root/colcon_ws/build/slam_msgs': CMAKE_PREFIX_PATH=${CMAKE_PREFIX_PATH}:/root/colcon_ws/install/trajectory_publisher:/root/colcon_ws/install/trajectory_comparer:/opt/ros/humble /usr/bin/cmake --install /root/colcon_ws/build/slam_msgs
[0.466s] -- Install configuration: ""
[0.467s] -- Execute custom install script
[0.468s] -- Up-to-date symlink: /root/colcon_ws/install/slam_msgs/share/ament_index/resource_index/rosidl_interfaces/slam_msgs
[0.468s] -- Up-to-date symlink: /root/colcon_ws/install/slam_msgs/include/slam_msgs/slam_msgs/msg/detail/key_frame__functions.h
[0.469s] -- Up-to-date symlink: /root/colcon_ws/install/slam_msgs/include/slam_msgs/slam_msgs/msg/detail/key_frame__struct.h
[0.469s] -- Up-to-date symlink: /root/colcon_ws/install/slam_msgs/include/slam_msgs/slam_msgs/msg/detail/key_frame__type_support.h
[0.469s] -- Up-to-date symlink: /root/colcon_ws/install/slam_msgs/include/slam_msgs/slam_msgs/msg/detail/map_data__functions.h
[0.469s] -- Up-to-date symlink: /root/colcon_ws/install/slam_msgs/include/slam_msgs/slam_msgs/msg/detail/map_data__struct.h
[0.469s] -- Up-to-date symlink: /root/colcon_ws/install/slam_msgs/include/slam_msgs/slam_msgs/msg/detail/map_data__type_support.h
[0.470s] -- Up-to-date symlink: /root/colcon_ws/install/slam_msgs/include/slam_msgs/slam_msgs/msg/detail/map_graph__functions.h
[0.470s] -- Up-to-date symlink: /root/colcon_ws/install/slam_msgs/include/slam_msgs/slam_msgs/msg/detail/map_graph__struct.h
[0.470s] -- Up-to-date symlink: /root/colcon_ws/install/slam_msgs/include/slam_msgs/slam_msgs/msg/detail/map_graph__type_support.h
[0.470s] -- Up-to-date symlink: /root/colcon_ws/install/slam_msgs/include/slam_msgs/slam_msgs/msg/key_frame.h
[0.470s] -- Up-to-date symlink: /root/colcon_ws/install/slam_msgs/include/slam_msgs/slam_msgs/msg/map_data.h
[0.470s] -- Up-to-date symlink: /root/colcon_ws/install/slam_msgs/include/slam_msgs/slam_msgs/msg/map_graph.h
[0.470s] -- Up-to-date symlink: /root/colcon_ws/install/slam_msgs/include/slam_msgs/slam_msgs/msg/rosidl_generator_c__visibility_control.h
[0.470s] -- Up-to-date symlink: /root/colcon_ws/install/slam_msgs/include/slam_msgs/slam_msgs/srv/detail/get_map__functions.h
[0.471s] -- Up-to-date symlink: /root/colcon_ws/install/slam_msgs/include/slam_msgs/slam_msgs/srv/detail/get_map__struct.h
[0.471s] -- Up-to-date symlink: /root/colcon_ws/install/slam_msgs/include/slam_msgs/slam_msgs/srv/detail/get_map__type_support.h
[0.471s] -- Up-to-date symlink: /root/colcon_ws/install/slam_msgs/include/slam_msgs/slam_msgs/srv/get_map.h
[0.471s] -- Up-to-date symlink: /root/colcon_ws/install/slam_msgs/share/slam_msgs/environment/library_path.sh
[0.471s] -- Up-to-date symlink: /root/colcon_ws/install/slam_msgs/share/slam_msgs/environment/library_path.dsv
[0.472s] -- Up-to-date symlink: /root/colcon_ws/install/slam_msgs/include/slam_msgs/slam_msgs/msg/detail/key_frame__rosidl_typesupport_fastrtps_c.h
[0.472s] -- Up-to-date symlink: /root/colcon_ws/install/slam_msgs/include/slam_msgs/slam_msgs/msg/detail/map_data__rosidl_typesupport_fastrtps_c.h
[0.473s] -- Up-to-date symlink: /root/colcon_ws/install/slam_msgs/include/slam_msgs/slam_msgs/msg/detail/map_graph__rosidl_typesupport_fastrtps_c.h
[0.473s] -- Up-to-date symlink: /root/colcon_ws/install/slam_msgs/include/slam_msgs/slam_msgs/msg/rosidl_typesupport_fastrtps_c__visibility_control.h
[0.473s] -- Up-to-date symlink: /root/colcon_ws/install/slam_msgs/include/slam_msgs/slam_msgs/srv/detail/get_map__rosidl_typesupport_fastrtps_c.h
[0.473s] -- Up-to-date symlink: /root/colcon_ws/install/slam_msgs/include/slam_msgs/slam_msgs/msg/detail/key_frame__builder.hpp
[0.473s] -- Up-to-date symlink: /root/colcon_ws/install/slam_msgs/include/slam_msgs/slam_msgs/msg/detail/key_frame__struct.hpp
[0.473s] -- Up-to-date symlink: /root/colcon_ws/install/slam_msgs/include/slam_msgs/slam_msgs/msg/detail/key_frame__traits.hpp
[0.473s] -- Up-to-date symlink: /root/colcon_ws/install/slam_msgs/include/slam_msgs/slam_msgs/msg/detail/map_data__builder.hpp
[0.473s] -- Up-to-date symlink: /root/colcon_ws/install/slam_msgs/include/slam_msgs/slam_msgs/msg/detail/map_data__struct.hpp
[0.473s] -- Up-to-date symlink: /root/colcon_ws/install/slam_msgs/include/slam_msgs/slam_msgs/msg/detail/map_data__traits.hpp
[0.473s] -- Up-to-date symlink: /root/colcon_ws/install/slam_msgs/include/slam_msgs/slam_msgs/msg/detail/map_graph__builder.hpp
[0.474s] -- Up-to-date symlink: /root/colcon_ws/install/slam_msgs/include/slam_msgs/slam_msgs/msg/detail/map_graph__struct.hpp
[0.474s] -- Up-to-date symlink: /root/colcon_ws/install/slam_msgs/include/slam_msgs/slam_msgs/msg/detail/map_graph__traits.hpp
[0.474s] -- Up-to-date symlink: /root/colcon_ws/install/slam_msgs/include/slam_msgs/slam_msgs/msg/key_frame.hpp
[0.474s] -- Up-to-date symlink: /root/colcon_ws/install/slam_msgs/include/slam_msgs/slam_msgs/msg/map_data.hpp
[0.474s] -- Up-to-date symlink: /root/colcon_ws/install/slam_msgs/include/slam_msgs/slam_msgs/msg/map_graph.hpp
[0.474s] -- Up-to-date symlink: /root/colcon_ws/install/slam_msgs/include/slam_msgs/slam_msgs/srv/detail/get_map__builder.hpp
[0.474s] -- Up-to-date symlink: /root/colcon_ws/install/slam_msgs/include/slam_msgs/slam_msgs/srv/detail/get_map__struct.hpp
[0.474s] -- Up-to-date symlink: /root/colcon_ws/install/slam_msgs/include/slam_msgs/slam_msgs/srv/detail/get_map__traits.hpp
[0.474s] -- Up-to-date symlink: /root/colcon_ws/install/slam_msgs/include/slam_msgs/slam_msgs/srv/get_map.hpp
[0.475s] -- Up-to-date symlink: /root/colcon_ws/install/slam_msgs/include/slam_msgs/slam_msgs/msg/detail/key_frame__rosidl_typesupport_fastrtps_cpp.hpp
[0.475s] -- Up-to-date symlink: /root/colcon_ws/install/slam_msgs/include/slam_msgs/slam_msgs/msg/detail/map_data__rosidl_typesupport_fastrtps_cpp.hpp
[0.475s] -- Up-to-date symlink: /root/colcon_ws/install/slam_msgs/include/slam_msgs/slam_msgs/msg/detail/map_graph__rosidl_typesupport_fastrtps_cpp.hpp
[0.475s] -- Up-to-date symlink: /root/colcon_ws/install/slam_msgs/include/slam_msgs/slam_msgs/msg/rosidl_typesupport_fastrtps_cpp__visibility_control.h
[0.475s] -- Up-to-date symlink: /root/colcon_ws/install/slam_msgs/include/slam_msgs/slam_msgs/srv/detail/get_map__rosidl_typesupport_fastrtps_cpp.hpp
[0.476s] -- Up-to-date symlink: /root/colcon_ws/install/slam_msgs/include/slam_msgs/slam_msgs/msg/detail/key_frame__rosidl_typesupport_introspection_c.h
[0.476s] -- Up-to-date symlink: /root/colcon_ws/install/slam_msgs/include/slam_msgs/slam_msgs/msg/detail/map_data__rosidl_typesupport_introspection_c.h
[0.476s] -- Up-to-date symlink: /root/colcon_ws/install/slam_msgs/include/slam_msgs/slam_msgs/msg/detail/map_graph__rosidl_typesupport_introspection_c.h
[0.476s] -- Up-to-date symlink: /root/colcon_ws/install/slam_msgs/include/slam_msgs/slam_msgs/msg/rosidl_typesupport_introspection_c__visibility_control.h
[0.476s] -- Up-to-date symlink: /root/colcon_ws/install/slam_msgs/include/slam_msgs/slam_msgs/srv/detail/get_map__rosidl_typesupport_introspection_c.h
[0.477s] -- Up-to-date symlink: /root/colcon_ws/install/slam_msgs/include/slam_msgs/slam_msgs/msg/detail/key_frame__rosidl_typesupport_introspection_cpp.hpp
[0.477s] -- Up-to-date symlink: /root/colcon_ws/install/slam_msgs/include/slam_msgs/slam_msgs/msg/detail/map_data__rosidl_typesupport_introspection_cpp.hpp
[0.477s] -- Up-to-date symlink: /root/colcon_ws/install/slam_msgs/include/slam_msgs/slam_msgs/msg/detail/map_graph__rosidl_typesupport_introspection_cpp.hpp
[0.477s] -- Up-to-date symlink: /root/colcon_ws/install/slam_msgs/include/slam_msgs/slam_msgs/srv/detail/get_map__rosidl_typesupport_introspection_cpp.hpp
[0.477s] -- Up-to-date symlink: /root/colcon_ws/install/slam_msgs/share/slam_msgs/environment/pythonpath.sh
[0.478s] -- Up-to-date symlink: /root/colcon_ws/install/slam_msgs/share/slam_msgs/environment/pythonpath.dsv
[0.478s] -- Up-to-date symlink: /root/colcon_ws/install/slam_msgs/local/lib/python3.10/dist-packages/slam_msgs-1.0.0-py3.10.egg-info/PKG-INFO
[0.478s] -- Up-to-date symlink: /root/colcon_ws/install/slam_msgs/local/lib/python3.10/dist-packages/slam_msgs-1.0.0-py3.10.egg-info/SOURCES.txt
[0.478s] -- Up-to-date symlink: /root/colcon_ws/install/slam_msgs/local/lib/python3.10/dist-packages/slam_msgs-1.0.0-py3.10.egg-info/dependency_links.txt
[0.479s] -- Up-to-date symlink: /root/colcon_ws/install/slam_msgs/local/lib/python3.10/dist-packages/slam_msgs-1.0.0-py3.10.egg-info/top_level.txt
[0.479s] -- Up-to-date symlink: /root/colcon_ws/install/slam_msgs/local/lib/python3.10/dist-packages/slam_msgs/__init__.py
[0.480s] -- Up-to-date symlink: /root/colcon_ws/install/slam_msgs/local/lib/python3.10/dist-packages/slam_msgs/_slam_msgs_s.ep.rosidl_typesupport_c.c
[0.480s] -- Up-to-date symlink: /root/colcon_ws/install/slam_msgs/local/lib/python3.10/dist-packages/slam_msgs/_slam_msgs_s.ep.rosidl_typesupport_fastrtps_c.c
[0.480s] -- Up-to-date symlink: /root/colcon_ws/install/slam_msgs/local/lib/python3.10/dist-packages/slam_msgs/_slam_msgs_s.ep.rosidl_typesupport_introspection_c.c
[0.480s] -- Up-to-date symlink: /root/colcon_ws/install/slam_msgs/local/lib/python3.10/dist-packages/slam_msgs/libslam_msgs__rosidl_generator_py.so
[0.480s] -- Up-to-date symlink: /root/colcon_ws/install/slam_msgs/local/lib/python3.10/dist-packages/slam_msgs/msg/__init__.py
[0.480s] -- Up-to-date symlink: /root/colcon_ws/install/slam_msgs/local/lib/python3.10/dist-packages/slam_msgs/msg/_key_frame.py
[0.481s] -- Up-to-date symlink: /root/colcon_ws/install/slam_msgs/local/lib/python3.10/dist-packages/slam_msgs/msg/_key_frame_s.c
[0.481s] -- Up-to-date symlink: /root/colcon_ws/install/slam_msgs/local/lib/python3.10/dist-packages/slam_msgs/msg/_map_data.py
[0.481s] -- Up-to-date symlink: /root/colcon_ws/install/slam_msgs/local/lib/python3.10/dist-packages/slam_msgs/msg/_map_data_s.c
[0.481s] -- Up-to-date symlink: /root/colcon_ws/install/slam_msgs/local/lib/python3.10/dist-packages/slam_msgs/msg/_map_graph.py
[0.481s] -- Up-to-date symlink: /root/colcon_ws/install/slam_msgs/local/lib/python3.10/dist-packages/slam_msgs/msg/_map_graph_s.c
[0.482s] -- Up-to-date symlink: /root/colcon_ws/install/slam_msgs/local/lib/python3.10/dist-packages/slam_msgs/slam_msgs_s__rosidl_typesupport_c.cpython-310-x86_64-linux-gnu.so
[0.482s] -- Up-to-date symlink: /root/colcon_ws/install/slam_msgs/local/lib/python3.10/dist-packages/slam_msgs/slam_msgs_s__rosidl_typesupport_fastrtps_c.cpython-310-x86_64-linux-gnu.so
[0.482s] -- Up-to-date symlink: /root/colcon_ws/install/slam_msgs/local/lib/python3.10/dist-packages/slam_msgs/slam_msgs_s__rosidl_typesupport_introspection_c.cpython-310-x86_64-linux-gnu.so
[0.482s] -- Up-to-date symlink: /root/colcon_ws/install/slam_msgs/local/lib/python3.10/dist-packages/slam_msgs/srv/__init__.py
[0.482s] -- Up-to-date symlink: /root/colcon_ws/install/slam_msgs/local/lib/python3.10/dist-packages/slam_msgs/srv/_get_map.py
[0.482s] -- Up-to-date symlink: /root/colcon_ws/install/slam_msgs/local/lib/python3.10/dist-packages/slam_msgs/srv/_get_map_s.c
[0.484s] -- Up-to-date symlink: /root/colcon_ws/install/slam_msgs/local/lib/python3.10/dist-packages/slam_msgs/slam_msgs_s__rosidl_typesupport_fastrtps_c.cpython-310-x86_64-linux-gnu.so
[0.484s] -- Up-to-date symlink: /root/colcon_ws/install/slam_msgs/local/lib/python3.10/dist-packages/slam_msgs/slam_msgs_s__rosidl_typesupport_introspection_c.cpython-310-x86_64-linux-gnu.so
[0.485s] -- Up-to-date symlink: /root/colcon_ws/install/slam_msgs/local/lib/python3.10/dist-packages/slam_msgs/slam_msgs_s__rosidl_typesupport_c.cpython-310-x86_64-linux-gnu.so
[0.485s] -- Up-to-date symlink: /root/colcon_ws/install/slam_msgs/share/slam_msgs/msg/MapGraph.idl
[0.485s] -- Up-to-date symlink: /root/colcon_ws/install/slam_msgs/share/slam_msgs/msg/MapData.idl
[0.485s] -- Up-to-date symlink: /root/colcon_ws/install/slam_msgs/share/slam_msgs/msg/KeyFrame.idl
[0.486s] -- Up-to-date symlink: /root/colcon_ws/install/slam_msgs/share/slam_msgs/srv/GetMap.idl
[0.486s] -- Up-to-date symlink: /root/colcon_ws/install/slam_msgs/share/slam_msgs/msg/MapGraph.msg
[0.486s] -- Up-to-date symlink: /root/colcon_ws/install/slam_msgs/share/slam_msgs/msg/MapData.msg
[0.486s] -- Up-to-date symlink: /root/colcon_ws/install/slam_msgs/share/slam_msgs/msg/KeyFrame.msg
[0.486s] -- Up-to-date symlink: /root/colcon_ws/install/slam_msgs/share/slam_msgs/srv/GetMap.srv
[0.486s] -- Up-to-date symlink: /root/colcon_ws/install/slam_msgs/share/slam_msgs/srv/GetMap_Request.msg
[0.487s] -- Up-to-date symlink: /root/colcon_ws/install/slam_msgs/share/slam_msgs/srv/GetMap_Response.msg
[0.487s] -- Up-to-date symlink: /root/colcon_ws/install/slam_msgs/share/ament_index/resource_index/package_run_dependencies/slam_msgs
[0.487s] -- Up-to-date symlink: /root/colcon_ws/install/slam_msgs/share/ament_index/resource_index/parent_prefix_path/slam_msgs
[0.487s] -- Up-to-date symlink: /root/colcon_ws/install/slam_msgs/share/slam_msgs/environment/ament_prefix_path.sh
[0.488s] -- Up-to-date symlink: /root/colcon_ws/install/slam_msgs/share/slam_msgs/environment/ament_prefix_path.dsv
[0.488s] -- Up-to-date symlink: /root/colcon_ws/install/slam_msgs/share/slam_msgs/environment/path.sh
[0.488s] -- Up-to-date symlink: /root/colcon_ws/install/slam_msgs/share/slam_msgs/environment/path.dsv
[0.488s] -- Up-to-date symlink: /root/colcon_ws/install/slam_msgs/share/slam_msgs/local_setup.bash
[0.488s] -- Up-to-date symlink: /root/colcon_ws/install/slam_msgs/share/slam_msgs/local_setup.sh
[0.489s] -- Up-to-date symlink: /root/colcon_ws/install/slam_msgs/share/slam_msgs/local_setup.zsh
[0.489s] -- Up-to-date symlink: /root/colcon_ws/install/slam_msgs/share/slam_msgs/local_setup.dsv
[0.489s] -- Symlinking: /root/colcon_ws/install/slam_msgs/share/slam_msgs/package.dsv
[0.501s] -- Up-to-date symlink: /root/colcon_ws/install/slam_msgs/share/ament_index/resource_index/packages/slam_msgs
[0.501s] -- Up-to-date symlink: /root/colcon_ws/install/slam_msgs/share/slam_msgs/cmake/rosidl_cmake-extras.cmake
[0.501s] -- Up-to-date symlink: /root/colcon_ws/install/slam_msgs/share/slam_msgs/cmake/ament_cmake_export_dependencies-extras.cmake
[0.501s] -- Up-to-date symlink: /root/colcon_ws/install/slam_msgs/share/slam_msgs/cmake/ament_cmake_export_include_directories-extras.cmake
[0.502s] -- Up-to-date symlink: /root/colcon_ws/install/slam_msgs/share/slam_msgs/cmake/ament_cmake_export_libraries-extras.cmake
[0.502s] -- Up-to-date symlink: /root/colcon_ws/install/slam_msgs/share/slam_msgs/cmake/ament_cmake_export_targets-extras.cmake
[0.502s] -- Up-to-date symlink: /root/colcon_ws/install/slam_msgs/share/slam_msgs/cmake/rosidl_cmake_export_typesupport_targets-extras.cmake
[0.503s] -- Up-to-date symlink: /root/colcon_ws/install/slam_msgs/share/slam_msgs/cmake/rosidl_cmake_export_typesupport_libraries-extras.cmake
[0.503s] -- Up-to-date symlink: /root/colcon_ws/install/slam_msgs/share/slam_msgs/cmake/slam_msgsConfig.cmake
[0.503s] -- Up-to-date symlink: /root/colcon_ws/install/slam_msgs/share/slam_msgs/cmake/slam_msgsConfig-version.cmake
[0.503s] -- Up-to-date symlink: /root/colcon_ws/install/slam_msgs/share/slam_msgs/package.xml
[0.503s] -- Up-to-date: /root/colcon_ws/install/slam_msgs/lib/libslam_msgs__rosidl_generator_c.so
[0.504s] -- Up-to-date: /root/colcon_ws/install/slam_msgs/lib/libslam_msgs__rosidl_typesupport_fastrtps_c.so
[0.505s] -- Up-to-date: /root/colcon_ws/install/slam_msgs/lib/libslam_msgs__rosidl_typesupport_fastrtps_cpp.so
[0.506s] -- Up-to-date: /root/colcon_ws/install/slam_msgs/lib/libslam_msgs__rosidl_typesupport_introspection_c.so
[0.506s] -- Up-to-date: /root/colcon_ws/install/slam_msgs/lib/libslam_msgs__rosidl_typesupport_c.so
[0.507s] -- Up-to-date: /root/colcon_ws/install/slam_msgs/lib/libslam_msgs__rosidl_typesupport_introspection_cpp.so
[0.507s] -- Up-to-date: /root/colcon_ws/install/slam_msgs/lib/libslam_msgs__rosidl_typesupport_cpp.so
[0.547s] Listing '/root/colcon_ws/install/slam_msgs/local/lib/python3.10/dist-packages/slam_msgs'...
[0.548s] Listing '/root/colcon_ws/install/slam_msgs/local/lib/python3.10/dist-packages/slam_msgs/msg'...
[0.548s] Listing '/root/colcon_ws/install/slam_msgs/local/lib/python3.10/dist-packages/slam_msgs/srv'...
[0.551s] -- Up-to-date: /root/colcon_ws/install/slam_msgs/lib/libslam_msgs__rosidl_generator_py.so
[0.552s] -- Up-to-date: /root/colcon_ws/install/slam_msgs/share/slam_msgs/cmake/export_slam_msgs__rosidl_generator_cExport.cmake
[0.552s] -- Up-to-date: /root/colcon_ws/install/slam_msgs/share/slam_msgs/cmake/export_slam_msgs__rosidl_generator_cExport-noconfig.cmake
[0.552s] -- Up-to-date: /root/colcon_ws/install/slam_msgs/share/slam_msgs/cmake/export_slam_msgs__rosidl_typesupport_fastrtps_cExport.cmake
[0.552s] -- Up-to-date: /root/colcon_ws/install/slam_msgs/share/slam_msgs/cmake/export_slam_msgs__rosidl_typesupport_fastrtps_cExport-noconfig.cmake
[0.552s] -- Up-to-date: /root/colcon_ws/install/slam_msgs/share/slam_msgs/cmake/export_slam_msgs__rosidl_generator_cppExport.cmake
[0.553s] -- Up-to-date: /root/colcon_ws/install/slam_msgs/share/slam_msgs/cmake/export_slam_msgs__rosidl_typesupport_fastrtps_cppExport.cmake
[0.553s] -- Up-to-date: /root/colcon_ws/install/slam_msgs/share/slam_msgs/cmake/export_slam_msgs__rosidl_typesupport_fastrtps_cppExport-noconfig.cmake
[0.553s] -- Up-to-date: /root/colcon_ws/install/slam_msgs/share/slam_msgs/cmake/slam_msgs__rosidl_typesupport_introspection_cExport.cmake
[0.553s] -- Up-to-date: /root/colcon_ws/install/slam_msgs/share/slam_msgs/cmake/slam_msgs__rosidl_typesupport_introspection_cExport-noconfig.cmake
[0.553s] -- Up-to-date: /root/colcon_ws/install/slam_msgs/share/slam_msgs/cmake/slam_msgs__rosidl_typesupport_cExport.cmake
[0.553s] -- Up-to-date: /root/colcon_ws/install/slam_msgs/share/slam_msgs/cmake/slam_msgs__rosidl_typesupport_cExport-noconfig.cmake
[0.554s] -- Up-to-date: /root/colcon_ws/install/slam_msgs/share/slam_msgs/cmake/slam_msgs__rosidl_typesupport_introspection_cppExport.cmake
[0.554s] -- Up-to-date: /root/colcon_ws/install/slam_msgs/share/slam_msgs/cmake/slam_msgs__rosidl_typesupport_introspection_cppExport-noconfig.cmake
[0.554s] -- Up-to-date: /root/colcon_ws/install/slam_msgs/share/slam_msgs/cmake/slam_msgs__rosidl_typesupport_cppExport.cmake
[0.554s] -- Up-to-date: /root/colcon_ws/install/slam_msgs/share/slam_msgs/cmake/slam_msgs__rosidl_typesupport_cppExport-noconfig.cmake
[0.554s] -- Up-to-date: /root/colcon_ws/install/slam_msgs/share/slam_msgs/cmake/export_slam_msgs__rosidl_generator_pyExport.cmake
[0.554s] -- Up-to-date: /root/colcon_ws/install/slam_msgs/share/slam_msgs/cmake/export_slam_msgs__rosidl_generator_pyExport-noconfig.cmake
[0.556s] Invoked command in '/root/colcon_ws/build/slam_msgs' returned '0': CMAKE_PREFIX_PATH=${CMAKE_PREFIX_PATH}:/root/colcon_ws/install/trajectory_publisher:/root/colcon_ws/install/trajectory_comparer:/opt/ros/humble /usr/bin/cmake --install /root/colcon_ws/build/slam_msgs
