[0.011s] Invoking command in '/root/colcon_ws/build/orb_slam3_ros2_wrapper': CMAKE_PREFIX_PATH=/root/colcon_ws/install/slam_msgs:/root/colcon_ws/install/trajectory_comparison:/root/colcon_ws/install/orb_slam3_ros2_wrapper:/root/colcon_ws/install/trajectory_publisher:/opt/ros/humble /usr/bin/cmake --build /root/colcon_ws/build/orb_slam3_ros2_wrapper -- -j8 -l8
[0.122s] [100%] Built target rgbd
[0.134s] Invoked command in '/root/colcon_ws/build/orb_slam3_ros2_wrapper' returned '0': CMAKE_PREFIX_PATH=/root/colcon_ws/install/slam_msgs:/root/colcon_ws/install/trajectory_comparison:/root/colcon_ws/install/orb_slam3_ros2_wrapper:/root/colcon_ws/install/trajectory_publisher:/opt/ros/humble /usr/bin/cmake --build /root/colcon_ws/build/orb_slam3_ros2_wrapper -- -j8 -l8
[0.158s] Invoking command in '/root/colcon_ws/build/orb_slam3_ros2_wrapper': CMAKE_PREFIX_PATH=/root/colcon_ws/install/slam_msgs:/root/colcon_ws/install/trajectory_comparison:/root/colcon_ws/install/orb_slam3_ros2_wrapper:/root/colcon_ws/install/trajectory_publisher:/opt/ros/humble /usr/bin/cmake --install /root/colcon_ws/build/orb_slam3_ros2_wrapper
[0.164s] -- Install configuration: ""
[0.168s] -- Execute custom install script
[0.168s] -- Up-to-date symlink: /root/colcon_ws/install/orb_slam3_ros2_wrapper/lib/orb_slam3_ros2_wrapper/rgbd
[0.169s] -- Up-to-date symlink: /root/colcon_ws/install/orb_slam3_ros2_wrapper/share/orb_slam3_ros2_wrapper/launch/rgbd.launch.py
[0.169s] -- Up-to-date symlink: /root/colcon_ws/install/orb_slam3_ros2_wrapper/share/orb_slam3_ros2_wrapper/launch/unirobot.launch.py
[0.170s] -- Up-to-date symlink: /root/colcon_ws/install/orb_slam3_ros2_wrapper/share/orb_slam3_ros2_wrapper/params/gazebo_rgbd.yaml
[0.170s] -- Up-to-date symlink: /root/colcon_ws/install/orb_slam3_ros2_wrapper/share/orb_slam3_ros2_wrapper/params/rgbd-ros-params.yaml
[0.170s] -- Up-to-date symlink: /root/colcon_ws/install/orb_slam3_ros2_wrapper/share/ament_index/resource_index/package_run_dependencies/orb_slam3_ros2_wrapper
[0.171s] -- Up-to-date symlink: /root/colcon_ws/install/orb_slam3_ros2_wrapper/share/ament_index/resource_index/parent_prefix_path/orb_slam3_ros2_wrapper
[0.171s] -- Up-to-date symlink: /root/colcon_ws/install/orb_slam3_ros2_wrapper/share/orb_slam3_ros2_wrapper/environment/ament_prefix_path.sh
[0.171s] -- Up-to-date symlink: /root/colcon_ws/install/orb_slam3_ros2_wrapper/share/orb_slam3_ros2_wrapper/environment/ament_prefix_path.dsv
[0.171s] -- Up-to-date symlink: /root/colcon_ws/install/orb_slam3_ros2_wrapper/share/orb_slam3_ros2_wrapper/environment/path.sh
[0.171s] -- Up-to-date symlink: /root/colcon_ws/install/orb_slam3_ros2_wrapper/share/orb_slam3_ros2_wrapper/environment/path.dsv
[0.172s] -- Up-to-date symlink: /root/colcon_ws/install/orb_slam3_ros2_wrapper/share/orb_slam3_ros2_wrapper/local_setup.bash
[0.172s] -- Up-to-date symlink: /root/colcon_ws/install/orb_slam3_ros2_wrapper/share/orb_slam3_ros2_wrapper/local_setup.sh
[0.172s] -- Up-to-date symlink: /root/colcon_ws/install/orb_slam3_ros2_wrapper/share/orb_slam3_ros2_wrapper/local_setup.zsh
[0.172s] -- Up-to-date symlink: /root/colcon_ws/install/orb_slam3_ros2_wrapper/share/orb_slam3_ros2_wrapper/local_setup.dsv
[0.172s] -- Symlinking: /root/colcon_ws/install/orb_slam3_ros2_wrapper/share/orb_slam3_ros2_wrapper/package.dsv
[0.180s] -- Up-to-date symlink: /root/colcon_ws/install/orb_slam3_ros2_wrapper/share/ament_index/resource_index/packages/orb_slam3_ros2_wrapper
[0.181s] -- Up-to-date symlink: /root/colcon_ws/install/orb_slam3_ros2_wrapper/share/orb_slam3_ros2_wrapper/cmake/orb_slam3_ros2_wrapperConfig.cmake
[0.181s] -- Up-to-date symlink: /root/colcon_ws/install/orb_slam3_ros2_wrapper/share/orb_slam3_ros2_wrapper/cmake/orb_slam3_ros2_wrapperConfig-version.cmake
[0.181s] -- Up-to-date symlink: /root/colcon_ws/install/orb_slam3_ros2_wrapper/share/orb_slam3_ros2_wrapper/package.xml
[0.183s] Invoked command in '/root/colcon_ws/build/orb_slam3_ros2_wrapper' returned '0': CMAKE_PREFIX_PATH=/root/colcon_ws/install/slam_msgs:/root/colcon_ws/install/trajectory_comparison:/root/colcon_ws/install/orb_slam3_ros2_wrapper:/root/colcon_ws/install/trajectory_publisher:/opt/ros/humble /usr/bin/cmake --install /root/colcon_ws/build/orb_slam3_ros2_wrapper
