[0.034s] Invoking command in '/root/colcon_ws/build/slam_msgs': CMAKE_PREFIX_PATH=${CMAKE_PREFIX_PATH}:/root/colcon_ws/install/trajectory_publisher:/opt/ros/humble /usr/bin/cmake --build /root/colcon_ws/build/slam_msgs -- -j8 -l8
[0.140s] [  1%] Built target slam_msgs__cpp
[0.177s] [  1%] Built target ament_cmake_python_symlink_slam_msgs
[0.216s] [ 12%] Built target slam_msgs__rosidl_typesupport_introspection_cpp
[0.581s] running egg_info
[0.582s] writing slam_msgs.egg-info/PKG-INFO
[0.583s] writing dependency_links to slam_msgs.egg-info/dependency_links.txt
[0.583s] writing top-level names to slam_msgs.egg-info/top_level.txt
[0.588s] reading manifest file 'slam_msgs.egg-info/SOURCES.txt'
[0.589s] writing manifest file 'slam_msgs.egg-info/SOURCES.txt'
[0.642s] [ 12%] Built target ament_cmake_python_build_slam_msgs_egg
[0.682s] [ 23%] Built target slam_msgs__rosidl_typesupport_fastrtps_cpp
[0.720s] [ 34%] Built target slam_msgs__rosidl_typesupport_cpp
[0.755s] [ 45%] Built target slam_msgs__rosidl_generator_c
[0.793s] [ 56%] Built target slam_msgs__rosidl_typesupport_fastrtps_c
[0.825s] [ 67%] Built target slam_msgs__rosidl_typesupport_c
[0.862s] [ 78%] Built target slam_msgs__rosidl_typesupport_introspection_c
[0.887s] [ 78%] Built target slam_msgs
[0.914s] [ 80%] Built target slam_msgs__py
[0.948s] [ 89%] Built target slam_msgs__rosidl_generator_py
[0.980s] [ 92%] Built target slam_msgs__rosidl_typesupport_fastrtps_c__pyext
[1.010s] [ 96%] Built target slam_msgs__rosidl_typesupport_c__pyext
[1.044s] [100%] Built target slam_msgs__rosidl_typesupport_introspection_c__pyext
[1.058s] Invoked command in '/root/colcon_ws/build/slam_msgs' returned '0': CMAKE_PREFIX_PATH=${CMAKE_PREFIX_PATH}:/root/colcon_ws/install/trajectory_publisher:/opt/ros/humble /usr/bin/cmake --build /root/colcon_ws/build/slam_msgs -- -j8 -l8
[1.182s] Invoking command in '/root/colcon_ws/build/slam_msgs': CMAKE_PREFIX_PATH=${CMAKE_PREFIX_PATH}:/root/colcon_ws/install/trajectory_publisher:/opt/ros/humble /usr/bin/cmake --install /root/colcon_ws/build/slam_msgs
[1.196s] -- Install configuration: ""
[1.198s] -- Execute custom install script
[1.198s] -- Up-to-date symlink: /root/colcon_ws/install/slam_msgs/share/ament_index/resource_index/rosidl_interfaces/slam_msgs
[1.198s] -- Up-to-date symlink: /root/colcon_ws/install/slam_msgs/include/slam_msgs/slam_msgs/msg/detail/key_frame__functions.h
[1.198s] -- Up-to-date symlink: /root/colcon_ws/install/slam_msgs/include/slam_msgs/slam_msgs/msg/detail/key_frame__struct.h
[1.199s] -- Up-to-date symlink: /root/colcon_ws/install/slam_msgs/include/slam_msgs/slam_msgs/msg/detail/key_frame__type_support.h
[1.199s] -- Up-to-date symlink: /root/colcon_ws/install/slam_msgs/include/slam_msgs/slam_msgs/msg/detail/map_data__functions.h
[1.199s] -- Up-to-date symlink: /root/colcon_ws/install/slam_msgs/include/slam_msgs/slam_msgs/msg/detail/map_data__struct.h
[1.199s] -- Up-to-date symlink: /root/colcon_ws/install/slam_msgs/include/slam_msgs/slam_msgs/msg/detail/map_data__type_support.h
[1.199s] -- Up-to-date symlink: /root/colcon_ws/install/slam_msgs/include/slam_msgs/slam_msgs/msg/detail/map_graph__functions.h
[1.199s] -- Up-to-date symlink: /root/colcon_ws/install/slam_msgs/include/slam_msgs/slam_msgs/msg/detail/map_graph__struct.h
[1.200s] -- Up-to-date symlink: /root/colcon_ws/install/slam_msgs/include/slam_msgs/slam_msgs/msg/detail/map_graph__type_support.h
[1.200s] -- Up-to-date symlink: /root/colcon_ws/install/slam_msgs/include/slam_msgs/slam_msgs/msg/key_frame.h
[1.201s] -- Up-to-date symlink: /root/colcon_ws/install/slam_msgs/include/slam_msgs/slam_msgs/msg/map_data.h
[1.201s] -- Up-to-date symlink: /root/colcon_ws/install/slam_msgs/include/slam_msgs/slam_msgs/msg/map_graph.h
[1.201s] -- Up-to-date symlink: /root/colcon_ws/install/slam_msgs/include/slam_msgs/slam_msgs/msg/rosidl_generator_c__visibility_control.h
[1.206s] -- Up-to-date symlink: /root/colcon_ws/install/slam_msgs/include/slam_msgs/slam_msgs/srv/detail/get_map__functions.h
[1.207s] -- Up-to-date symlink: /root/colcon_ws/install/slam_msgs/include/slam_msgs/slam_msgs/srv/detail/get_map__struct.h
[1.208s] -- Up-to-date symlink: /root/colcon_ws/install/slam_msgs/include/slam_msgs/slam_msgs/srv/detail/get_map__type_support.h
[1.208s] -- Up-to-date symlink: /root/colcon_ws/install/slam_msgs/include/slam_msgs/slam_msgs/srv/get_map.h
[1.208s] -- Up-to-date symlink: /root/colcon_ws/install/slam_msgs/share/slam_msgs/environment/library_path.sh
[1.209s] -- Up-to-date symlink: /root/colcon_ws/install/slam_msgs/share/slam_msgs/environment/library_path.dsv
[1.209s] -- Up-to-date symlink: /root/colcon_ws/install/slam_msgs/include/slam_msgs/slam_msgs/msg/detail/key_frame__rosidl_typesupport_fastrtps_c.h
[1.209s] -- Up-to-date symlink: /root/colcon_ws/install/slam_msgs/include/slam_msgs/slam_msgs/msg/detail/map_data__rosidl_typesupport_fastrtps_c.h
[1.209s] -- Up-to-date symlink: /root/colcon_ws/install/slam_msgs/include/slam_msgs/slam_msgs/msg/detail/map_graph__rosidl_typesupport_fastrtps_c.h
[1.209s] -- Up-to-date symlink: /root/colcon_ws/install/slam_msgs/include/slam_msgs/slam_msgs/msg/rosidl_typesupport_fastrtps_c__visibility_control.h
[1.209s] -- Up-to-date symlink: /root/colcon_ws/install/slam_msgs/include/slam_msgs/slam_msgs/srv/detail/get_map__rosidl_typesupport_fastrtps_c.h
[1.211s] -- Up-to-date symlink: /root/colcon_ws/install/slam_msgs/include/slam_msgs/slam_msgs/msg/detail/key_frame__builder.hpp
[1.211s] -- Up-to-date symlink: /root/colcon_ws/install/slam_msgs/include/slam_msgs/slam_msgs/msg/detail/key_frame__struct.hpp
[1.212s] -- Up-to-date symlink: /root/colcon_ws/install/slam_msgs/include/slam_msgs/slam_msgs/msg/detail/key_frame__traits.hpp
[1.212s] -- Up-to-date symlink: /root/colcon_ws/install/slam_msgs/include/slam_msgs/slam_msgs/msg/detail/map_data__builder.hpp
[1.212s] -- Up-to-date symlink: /root/colcon_ws/install/slam_msgs/include/slam_msgs/slam_msgs/msg/detail/map_data__struct.hpp
[1.213s] -- Up-to-date symlink: /root/colcon_ws/install/slam_msgs/include/slam_msgs/slam_msgs/msg/detail/map_data__traits.hpp
[1.213s] -- Up-to-date symlink: /root/colcon_ws/install/slam_msgs/include/slam_msgs/slam_msgs/msg/detail/map_graph__builder.hpp
[1.213s] -- Up-to-date symlink: /root/colcon_ws/install/slam_msgs/include/slam_msgs/slam_msgs/msg/detail/map_graph__struct.hpp
[1.213s] -- Up-to-date symlink: /root/colcon_ws/install/slam_msgs/include/slam_msgs/slam_msgs/msg/detail/map_graph__traits.hpp
[1.213s] -- Up-to-date symlink: /root/colcon_ws/install/slam_msgs/include/slam_msgs/slam_msgs/msg/key_frame.hpp
[1.213s] -- Up-to-date symlink: /root/colcon_ws/install/slam_msgs/include/slam_msgs/slam_msgs/msg/map_data.hpp
[1.214s] -- Up-to-date symlink: /root/colcon_ws/install/slam_msgs/include/slam_msgs/slam_msgs/msg/map_graph.hpp
[1.214s] -- Up-to-date symlink: /root/colcon_ws/install/slam_msgs/include/slam_msgs/slam_msgs/srv/detail/get_map__builder.hpp
[1.214s] -- Up-to-date symlink: /root/colcon_ws/install/slam_msgs/include/slam_msgs/slam_msgs/srv/detail/get_map__struct.hpp
[1.214s] -- Up-to-date symlink: /root/colcon_ws/install/slam_msgs/include/slam_msgs/slam_msgs/srv/detail/get_map__traits.hpp
[1.214s] -- Up-to-date symlink: /root/colcon_ws/install/slam_msgs/include/slam_msgs/slam_msgs/srv/get_map.hpp
[1.214s] -- Up-to-date symlink: /root/colcon_ws/install/slam_msgs/include/slam_msgs/slam_msgs/msg/detail/key_frame__rosidl_typesupport_fastrtps_cpp.hpp
[1.215s] -- Up-to-date symlink: /root/colcon_ws/install/slam_msgs/include/slam_msgs/slam_msgs/msg/detail/map_data__rosidl_typesupport_fastrtps_cpp.hpp
[1.215s] -- Up-to-date symlink: /root/colcon_ws/install/slam_msgs/include/slam_msgs/slam_msgs/msg/detail/map_graph__rosidl_typesupport_fastrtps_cpp.hpp
[1.215s] -- Up-to-date symlink: /root/colcon_ws/install/slam_msgs/include/slam_msgs/slam_msgs/msg/rosidl_typesupport_fastrtps_cpp__visibility_control.h
[1.216s] -- Up-to-date symlink: /root/colcon_ws/install/slam_msgs/include/slam_msgs/slam_msgs/srv/detail/get_map__rosidl_typesupport_fastrtps_cpp.hpp
[1.216s] -- Up-to-date symlink: /root/colcon_ws/install/slam_msgs/include/slam_msgs/slam_msgs/msg/detail/key_frame__rosidl_typesupport_introspection_c.h
[1.217s] -- Up-to-date symlink: /root/colcon_ws/install/slam_msgs/include/slam_msgs/slam_msgs/msg/detail/map_data__rosidl_typesupport_introspection_c.h
[1.217s] -- Up-to-date symlink: /root/colcon_ws/install/slam_msgs/include/slam_msgs/slam_msgs/msg/detail/map_graph__rosidl_typesupport_introspection_c.h
[1.217s] -- Up-to-date symlink: /root/colcon_ws/install/slam_msgs/include/slam_msgs/slam_msgs/msg/rosidl_typesupport_introspection_c__visibility_control.h
[1.217s] -- Up-to-date symlink: /root/colcon_ws/install/slam_msgs/include/slam_msgs/slam_msgs/srv/detail/get_map__rosidl_typesupport_introspection_c.h
[1.219s] -- Up-to-date symlink: /root/colcon_ws/install/slam_msgs/include/slam_msgs/slam_msgs/msg/detail/key_frame__rosidl_typesupport_introspection_cpp.hpp
[1.219s] -- Up-to-date symlink: /root/colcon_ws/install/slam_msgs/include/slam_msgs/slam_msgs/msg/detail/map_data__rosidl_typesupport_introspection_cpp.hpp
[1.219s] -- Up-to-date symlink: /root/colcon_ws/install/slam_msgs/include/slam_msgs/slam_msgs/msg/detail/map_graph__rosidl_typesupport_introspection_cpp.hpp
[1.219s] -- Up-to-date symlink: /root/colcon_ws/install/slam_msgs/include/slam_msgs/slam_msgs/srv/detail/get_map__rosidl_typesupport_introspection_cpp.hpp
[1.220s] -- Up-to-date symlink: /root/colcon_ws/install/slam_msgs/share/slam_msgs/environment/pythonpath.sh
[1.220s] -- Up-to-date symlink: /root/colcon_ws/install/slam_msgs/share/slam_msgs/environment/pythonpath.dsv
[1.220s] -- Up-to-date symlink: /root/colcon_ws/install/slam_msgs/local/lib/python3.10/dist-packages/slam_msgs-1.0.0-py3.10.egg-info/PKG-INFO
[1.221s] -- Up-to-date symlink: /root/colcon_ws/install/slam_msgs/local/lib/python3.10/dist-packages/slam_msgs-1.0.0-py3.10.egg-info/SOURCES.txt
[1.221s] -- Up-to-date symlink: /root/colcon_ws/install/slam_msgs/local/lib/python3.10/dist-packages/slam_msgs-1.0.0-py3.10.egg-info/dependency_links.txt
[1.222s] -- Up-to-date symlink: /root/colcon_ws/install/slam_msgs/local/lib/python3.10/dist-packages/slam_msgs-1.0.0-py3.10.egg-info/top_level.txt
[1.222s] -- Up-to-date symlink: /root/colcon_ws/install/slam_msgs/local/lib/python3.10/dist-packages/slam_msgs/__init__.py
[1.222s] -- Up-to-date symlink: /root/colcon_ws/install/slam_msgs/local/lib/python3.10/dist-packages/slam_msgs/_slam_msgs_s.ep.rosidl_typesupport_c.c
[1.222s] -- Up-to-date symlink: /root/colcon_ws/install/slam_msgs/local/lib/python3.10/dist-packages/slam_msgs/_slam_msgs_s.ep.rosidl_typesupport_fastrtps_c.c
[1.222s] -- Up-to-date symlink: /root/colcon_ws/install/slam_msgs/local/lib/python3.10/dist-packages/slam_msgs/_slam_msgs_s.ep.rosidl_typesupport_introspection_c.c
[1.222s] -- Up-to-date symlink: /root/colcon_ws/install/slam_msgs/local/lib/python3.10/dist-packages/slam_msgs/libslam_msgs__rosidl_generator_py.so
[1.222s] -- Up-to-date symlink: /root/colcon_ws/install/slam_msgs/local/lib/python3.10/dist-packages/slam_msgs/msg/__init__.py
[1.222s] -- Up-to-date symlink: /root/colcon_ws/install/slam_msgs/local/lib/python3.10/dist-packages/slam_msgs/msg/_key_frame.py
[1.222s] -- Up-to-date symlink: /root/colcon_ws/install/slam_msgs/local/lib/python3.10/dist-packages/slam_msgs/msg/_key_frame_s.c
[1.222s] -- Up-to-date symlink: /root/colcon_ws/install/slam_msgs/local/lib/python3.10/dist-packages/slam_msgs/msg/_map_data.py
[1.222s] -- Up-to-date symlink: /root/colcon_ws/install/slam_msgs/local/lib/python3.10/dist-packages/slam_msgs/msg/_map_data_s.c
[1.222s] -- Up-to-date symlink: /root/colcon_ws/install/slam_msgs/local/lib/python3.10/dist-packages/slam_msgs/msg/_map_graph.py
[1.223s] -- Up-to-date symlink: /root/colcon_ws/install/slam_msgs/local/lib/python3.10/dist-packages/slam_msgs/msg/_map_graph_s.c
[1.223s] -- Up-to-date symlink: /root/colcon_ws/install/slam_msgs/local/lib/python3.10/dist-packages/slam_msgs/slam_msgs_s__rosidl_typesupport_c.cpython-310-x86_64-linux-gnu.so
[1.223s] -- Up-to-date symlink: /root/colcon_ws/install/slam_msgs/local/lib/python3.10/dist-packages/slam_msgs/slam_msgs_s__rosidl_typesupport_fastrtps_c.cpython-310-x86_64-linux-gnu.so
[1.223s] -- Up-to-date symlink: /root/colcon_ws/install/slam_msgs/local/lib/python3.10/dist-packages/slam_msgs/slam_msgs_s__rosidl_typesupport_introspection_c.cpython-310-x86_64-linux-gnu.so
[1.223s] -- Up-to-date symlink: /root/colcon_ws/install/slam_msgs/local/lib/python3.10/dist-packages/slam_msgs/srv/__init__.py
[1.223s] -- Up-to-date symlink: /root/colcon_ws/install/slam_msgs/local/lib/python3.10/dist-packages/slam_msgs/srv/_get_map.py
[1.223s] -- Up-to-date symlink: /root/colcon_ws/install/slam_msgs/local/lib/python3.10/dist-packages/slam_msgs/srv/_get_map_s.c
[1.224s] -- Up-to-date symlink: /root/colcon_ws/install/slam_msgs/local/lib/python3.10/dist-packages/slam_msgs/slam_msgs_s__rosidl_typesupport_fastrtps_c.cpython-310-x86_64-linux-gnu.so
[1.224s] -- Up-to-date symlink: /root/colcon_ws/install/slam_msgs/local/lib/python3.10/dist-packages/slam_msgs/slam_msgs_s__rosidl_typesupport_introspection_c.cpython-310-x86_64-linux-gnu.so
[1.225s] -- Up-to-date symlink: /root/colcon_ws/install/slam_msgs/local/lib/python3.10/dist-packages/slam_msgs/slam_msgs_s__rosidl_typesupport_c.cpython-310-x86_64-linux-gnu.so
[1.225s] -- Up-to-date symlink: /root/colcon_ws/install/slam_msgs/share/slam_msgs/msg/MapGraph.idl
[1.225s] -- Up-to-date symlink: /root/colcon_ws/install/slam_msgs/share/slam_msgs/msg/MapData.idl
[1.226s] -- Up-to-date symlink: /root/colcon_ws/install/slam_msgs/share/slam_msgs/msg/KeyFrame.idl
[1.226s] -- Up-to-date symlink: /root/colcon_ws/install/slam_msgs/share/slam_msgs/srv/GetMap.idl
[1.226s] -- Up-to-date symlink: /root/colcon_ws/install/slam_msgs/share/slam_msgs/msg/MapGraph.msg
[1.226s] -- Up-to-date symlink: /root/colcon_ws/install/slam_msgs/share/slam_msgs/msg/MapData.msg
[1.226s] -- Up-to-date symlink: /root/colcon_ws/install/slam_msgs/share/slam_msgs/msg/KeyFrame.msg
[1.226s] -- Up-to-date symlink: /root/colcon_ws/install/slam_msgs/share/slam_msgs/srv/GetMap.srv
[1.227s] -- Up-to-date symlink: /root/colcon_ws/install/slam_msgs/share/slam_msgs/srv/GetMap_Request.msg
[1.227s] -- Up-to-date symlink: /root/colcon_ws/install/slam_msgs/share/slam_msgs/srv/GetMap_Response.msg
[1.227s] -- Up-to-date symlink: /root/colcon_ws/install/slam_msgs/share/ament_index/resource_index/package_run_dependencies/slam_msgs
[1.227s] -- Up-to-date symlink: /root/colcon_ws/install/slam_msgs/share/ament_index/resource_index/parent_prefix_path/slam_msgs
[1.228s] -- Up-to-date symlink: /root/colcon_ws/install/slam_msgs/share/slam_msgs/environment/ament_prefix_path.sh
[1.228s] -- Up-to-date symlink: /root/colcon_ws/install/slam_msgs/share/slam_msgs/environment/ament_prefix_path.dsv
[1.228s] -- Up-to-date symlink: /root/colcon_ws/install/slam_msgs/share/slam_msgs/environment/path.sh
[1.229s] -- Up-to-date symlink: /root/colcon_ws/install/slam_msgs/share/slam_msgs/environment/path.dsv
[1.229s] -- Up-to-date symlink: /root/colcon_ws/install/slam_msgs/share/slam_msgs/local_setup.bash
[1.229s] -- Up-to-date symlink: /root/colcon_ws/install/slam_msgs/share/slam_msgs/local_setup.sh
[1.229s] -- Up-to-date symlink: /root/colcon_ws/install/slam_msgs/share/slam_msgs/local_setup.zsh
[1.230s] -- Up-to-date symlink: /root/colcon_ws/install/slam_msgs/share/slam_msgs/local_setup.dsv
[1.230s] -- Symlinking: /root/colcon_ws/install/slam_msgs/share/slam_msgs/package.dsv
[1.248s] -- Up-to-date symlink: /root/colcon_ws/install/slam_msgs/share/ament_index/resource_index/packages/slam_msgs
[1.248s] -- Up-to-date symlink: /root/colcon_ws/install/slam_msgs/share/slam_msgs/cmake/rosidl_cmake-extras.cmake
[1.249s] -- Up-to-date symlink: /root/colcon_ws/install/slam_msgs/share/slam_msgs/cmake/ament_cmake_export_dependencies-extras.cmake
[1.251s] -- Up-to-date symlink: /root/colcon_ws/install/slam_msgs/share/slam_msgs/cmake/ament_cmake_export_include_directories-extras.cmake
[1.251s] -- Up-to-date symlink: /root/colcon_ws/install/slam_msgs/share/slam_msgs/cmake/ament_cmake_export_libraries-extras.cmake
[1.251s] -- Up-to-date symlink: /root/colcon_ws/install/slam_msgs/share/slam_msgs/cmake/ament_cmake_export_targets-extras.cmake
[1.252s] -- Up-to-date symlink: /root/colcon_ws/install/slam_msgs/share/slam_msgs/cmake/rosidl_cmake_export_typesupport_targets-extras.cmake
[1.254s] -- Up-to-date symlink: /root/colcon_ws/install/slam_msgs/share/slam_msgs/cmake/rosidl_cmake_export_typesupport_libraries-extras.cmake
[1.255s] -- Up-to-date symlink: /root/colcon_ws/install/slam_msgs/share/slam_msgs/cmake/slam_msgsConfig.cmake
[1.255s] -- Up-to-date symlink: /root/colcon_ws/install/slam_msgs/share/slam_msgs/cmake/slam_msgsConfig-version.cmake
[1.255s] -- Up-to-date symlink: /root/colcon_ws/install/slam_msgs/share/slam_msgs/package.xml
[1.256s] -- Up-to-date: /root/colcon_ws/install/slam_msgs/lib/libslam_msgs__rosidl_generator_c.so
[1.256s] -- Up-to-date: /root/colcon_ws/install/slam_msgs/lib/libslam_msgs__rosidl_typesupport_fastrtps_c.so
[1.257s] -- Up-to-date: /root/colcon_ws/install/slam_msgs/lib/libslam_msgs__rosidl_typesupport_fastrtps_cpp.so
[1.258s] -- Up-to-date: /root/colcon_ws/install/slam_msgs/lib/libslam_msgs__rosidl_typesupport_introspection_c.so
[1.258s] -- Up-to-date: /root/colcon_ws/install/slam_msgs/lib/libslam_msgs__rosidl_typesupport_c.so
[1.259s] -- Up-to-date: /root/colcon_ws/install/slam_msgs/lib/libslam_msgs__rosidl_typesupport_introspection_cpp.so
[1.260s] -- Up-to-date: /root/colcon_ws/install/slam_msgs/lib/libslam_msgs__rosidl_typesupport_cpp.so
[1.306s] Listing '/root/colcon_ws/install/slam_msgs/local/lib/python3.10/dist-packages/slam_msgs'...
[1.307s] Listing '/root/colcon_ws/install/slam_msgs/local/lib/python3.10/dist-packages/slam_msgs/msg'...
[1.307s] Listing '/root/colcon_ws/install/slam_msgs/local/lib/python3.10/dist-packages/slam_msgs/srv'...
[1.318s] -- Up-to-date: /root/colcon_ws/install/slam_msgs/lib/libslam_msgs__rosidl_generator_py.so
[1.318s] -- Up-to-date: /root/colcon_ws/install/slam_msgs/share/slam_msgs/cmake/export_slam_msgs__rosidl_generator_cExport.cmake
[1.318s] -- Up-to-date: /root/colcon_ws/install/slam_msgs/share/slam_msgs/cmake/export_slam_msgs__rosidl_generator_cExport-noconfig.cmake
[1.319s] -- Up-to-date: /root/colcon_ws/install/slam_msgs/share/slam_msgs/cmake/export_slam_msgs__rosidl_typesupport_fastrtps_cExport.cmake
[1.319s] -- Up-to-date: /root/colcon_ws/install/slam_msgs/share/slam_msgs/cmake/export_slam_msgs__rosidl_typesupport_fastrtps_cExport-noconfig.cmake
[1.322s] -- Up-to-date: /root/colcon_ws/install/slam_msgs/share/slam_msgs/cmake/export_slam_msgs__rosidl_generator_cppExport.cmake
[1.323s] -- Up-to-date: /root/colcon_ws/install/slam_msgs/share/slam_msgs/cmake/export_slam_msgs__rosidl_typesupport_fastrtps_cppExport.cmake
[1.324s] -- Up-to-date: /root/colcon_ws/install/slam_msgs/share/slam_msgs/cmake/export_slam_msgs__rosidl_typesupport_fastrtps_cppExport-noconfig.cmake
[1.324s] -- Up-to-date: /root/colcon_ws/install/slam_msgs/share/slam_msgs/cmake/slam_msgs__rosidl_typesupport_introspection_cExport.cmake
[1.324s] -- Up-to-date: /root/colcon_ws/install/slam_msgs/share/slam_msgs/cmake/slam_msgs__rosidl_typesupport_introspection_cExport-noconfig.cmake
[1.324s] -- Up-to-date: /root/colcon_ws/install/slam_msgs/share/slam_msgs/cmake/slam_msgs__rosidl_typesupport_cExport.cmake
[1.324s] -- Up-to-date: /root/colcon_ws/install/slam_msgs/share/slam_msgs/cmake/slam_msgs__rosidl_typesupport_cExport-noconfig.cmake
[1.328s] -- Up-to-date: /root/colcon_ws/install/slam_msgs/share/slam_msgs/cmake/slam_msgs__rosidl_typesupport_introspection_cppExport.cmake
[1.328s] -- Up-to-date: /root/colcon_ws/install/slam_msgs/share/slam_msgs/cmake/slam_msgs__rosidl_typesupport_introspection_cppExport-noconfig.cmake
[1.329s] -- Up-to-date: /root/colcon_ws/install/slam_msgs/share/slam_msgs/cmake/slam_msgs__rosidl_typesupport_cppExport.cmake
[1.329s] -- Up-to-date: /root/colcon_ws/install/slam_msgs/share/slam_msgs/cmake/slam_msgs__rosidl_typesupport_cppExport-noconfig.cmake
[1.329s] -- Up-to-date: /root/colcon_ws/install/slam_msgs/share/slam_msgs/cmake/export_slam_msgs__rosidl_generator_pyExport.cmake
[1.329s] -- Up-to-date: /root/colcon_ws/install/slam_msgs/share/slam_msgs/cmake/export_slam_msgs__rosidl_generator_pyExport-noconfig.cmake
[1.335s] Invoked command in '/root/colcon_ws/build/slam_msgs' returned '0': CMAKE_PREFIX_PATH=${CMAKE_PREFIX_PATH}:/root/colcon_ws/install/trajectory_publisher:/opt/ros/humble /usr/bin/cmake --install /root/colcon_ws/build/slam_msgs
