[0.186s] DEBUG:colcon:Command line arguments: ['/usr/bin/colcon', 'build', '--symlink-install']
[0.186s] DEBUG:colcon:Parsed command line arguments: Namespace(log_base=None, log_level=None, verb_name='build', build_base='build', install_base='install', merge_install=False, symlink_install=True, test_result_base=None, continue_on_error=False, executor='parallel', parallel_workers=8, event_handlers=None, ignore_user_meta=False, metas=['./colcon.meta'], base_paths=['.'], packages_ignore=None, packages_ignore_regex=None, paths=None, packages_up_to=None, packages_up_to_regex=None, packages_above=None, packages_above_and_dependencies=None, packages_above_depth=None, packages_select_by_dep=None, packages_skip_by_dep=None, packages_skip_up_to=None, packages_select_build_failed=False, packages_skip_build_finished=False, packages_select_test_failures=False, packages_skip_test_passed=False, packages_select=None, packages_skip=None, packages_select_regex=None, packages_skip_regex=None, packages_start=None, packages_end=None, cmake_args=None, cmake_target=None, cmake_target_skip_unavailable=False, cmake_clean_cache=False, cmake_clean_first=False, cmake_force_configure=False, ament_cmake_args=None, catkin_cmake_args=None, catkin_skip_building_tests=False, mixin_files=None, mixin=None, verb_parser=<colcon_mixin.mixin.mixin_argument.MixinArgumentDecorator object at 0x796701b4c7c0>, verb_extension=<colcon_core.verb.build.BuildVerb object at 0x796701d05c90>, main=<bound method BuildVerb.main of <colcon_core.verb.build.BuildVerb object at 0x796701d05c90>>, mixin_verb=('build',))
[0.357s] Level 1:colcon.colcon_core.package_discovery:discover_packages(colcon_meta) check parameters
[0.357s] Level 1:colcon.colcon_core.package_discovery:discover_packages(recursive) check parameters
[0.357s] Level 1:colcon.colcon_core.package_discovery:discover_packages(ignore) check parameters
[0.357s] Level 1:colcon.colcon_core.package_discovery:discover_packages(path) check parameters
[0.358s] Level 1:colcon.colcon_core.package_discovery:discover_packages(colcon_meta) discover
[0.358s] Level 1:colcon.colcon_core.package_discovery:discover_packages(recursive) discover
[0.358s] INFO:colcon.colcon_core.package_discovery:Crawling recursively for packages in '/root/colcon_ws'
[0.358s] Level 1:colcon.colcon_core.package_identification:_identify(.) by extensions ['ignore', 'ignore_ament_install']
[0.358s] Level 1:colcon.colcon_core.package_identification:_identify(.) by extension 'ignore'
[0.358s] Level 1:colcon.colcon_core.package_identification:_identify(.) by extension 'ignore_ament_install'
[0.358s] Level 1:colcon.colcon_core.package_identification:_identify(.) by extensions ['colcon_pkg']
[0.358s] Level 1:colcon.colcon_core.package_identification:_identify(.) by extension 'colcon_pkg'
[0.358s] Level 1:colcon.colcon_core.package_identification:_identify(.) by extensions ['colcon_meta']
[0.358s] Level 1:colcon.colcon_core.package_identification:_identify(.) by extension 'colcon_meta'
[0.358s] Level 1:colcon.colcon_core.package_identification:_identify(.) by extensions ['ros']
[0.358s] Level 1:colcon.colcon_core.package_identification:_identify(.) by extension 'ros'
[0.369s] Level 1:colcon.colcon_core.package_identification:_identify(.) by extensions ['cmake', 'python']
[0.369s] Level 1:colcon.colcon_core.package_identification:_identify(.) by extension 'cmake'
[0.369s] Level 1:colcon.colcon_core.package_identification:_identify(.) by extension 'python'
[0.369s] Level 1:colcon.colcon_core.package_identification:_identify(.) by extensions ['python_setup_py']
[0.369s] Level 1:colcon.colcon_core.package_identification:_identify(.) by extension 'python_setup_py'
[0.369s] Level 1:colcon.colcon_core.package_identification:_identify(build) by extensions ['ignore', 'ignore_ament_install']
[0.369s] Level 1:colcon.colcon_core.package_identification:_identify(build) by extension 'ignore'
[0.369s] Level 1:colcon.colcon_core.package_identification:_identify(build) ignored
[0.370s] Level 1:colcon.colcon_core.package_identification:_identify(install) by extensions ['ignore', 'ignore_ament_install']
[0.370s] Level 1:colcon.colcon_core.package_identification:_identify(install) by extension 'ignore'
[0.370s] Level 1:colcon.colcon_core.package_identification:_identify(install) ignored
[0.370s] Level 1:colcon.colcon_core.package_identification:_identify(log) by extensions ['ignore', 'ignore_ament_install']
[0.370s] Level 1:colcon.colcon_core.package_identification:_identify(log) by extension 'ignore'
[0.370s] Level 1:colcon.colcon_core.package_identification:_identify(log) ignored
[0.370s] Level 1:colcon.colcon_core.package_identification:_identify(src) by extensions ['ignore', 'ignore_ament_install']
[0.370s] Level 1:colcon.colcon_core.package_identification:_identify(src) by extension 'ignore'
[0.370s] Level 1:colcon.colcon_core.package_identification:_identify(src) by extension 'ignore_ament_install'
[0.370s] Level 1:colcon.colcon_core.package_identification:_identify(src) by extensions ['colcon_pkg']
[0.370s] Level 1:colcon.colcon_core.package_identification:_identify(src) by extension 'colcon_pkg'
[0.370s] Level 1:colcon.colcon_core.package_identification:_identify(src) by extensions ['colcon_meta']
[0.370s] Level 1:colcon.colcon_core.package_identification:_identify(src) by extension 'colcon_meta'
[0.370s] Level 1:colcon.colcon_core.package_identification:_identify(src) by extensions ['ros']
[0.371s] Level 1:colcon.colcon_core.package_identification:_identify(src) by extension 'ros'
[0.371s] Level 1:colcon.colcon_core.package_identification:_identify(src) by extensions ['cmake', 'python']
[0.371s] Level 1:colcon.colcon_core.package_identification:_identify(src) by extension 'cmake'
[0.371s] Level 1:colcon.colcon_core.package_identification:_identify(src) by extension 'python'
[0.371s] Level 1:colcon.colcon_core.package_identification:_identify(src) by extensions ['python_setup_py']
[0.371s] Level 1:colcon.colcon_core.package_identification:_identify(src) by extension 'python_setup_py'
[0.371s] Level 1:colcon.colcon_core.package_identification:_identify(src/orb_slam3_ros2_wrapper) by extensions ['ignore', 'ignore_ament_install']
[0.371s] Level 1:colcon.colcon_core.package_identification:_identify(src/orb_slam3_ros2_wrapper) by extension 'ignore'
[0.371s] Level 1:colcon.colcon_core.package_identification:_identify(src/orb_slam3_ros2_wrapper) by extension 'ignore_ament_install'
[0.371s] Level 1:colcon.colcon_core.package_identification:_identify(src/orb_slam3_ros2_wrapper) by extensions ['colcon_pkg']
[0.371s] Level 1:colcon.colcon_core.package_identification:_identify(src/orb_slam3_ros2_wrapper) by extension 'colcon_pkg'
[0.371s] Level 1:colcon.colcon_core.package_identification:_identify(src/orb_slam3_ros2_wrapper) by extensions ['colcon_meta']
[0.371s] Level 1:colcon.colcon_core.package_identification:_identify(src/orb_slam3_ros2_wrapper) by extension 'colcon_meta'
[0.371s] Level 1:colcon.colcon_core.package_identification:_identify(src/orb_slam3_ros2_wrapper) by extensions ['ros']
[0.371s] Level 1:colcon.colcon_core.package_identification:_identify(src/orb_slam3_ros2_wrapper) by extension 'ros'
[0.375s] DEBUG:colcon.colcon_core.package_identification:Package 'src/orb_slam3_ros2_wrapper' with type 'ros.ament_cmake' and name 'orb_slam3_ros2_wrapper'
[0.375s] Level 1:colcon.colcon_core.package_identification:_identify(src/slam_msgs) by extensions ['ignore', 'ignore_ament_install']
[0.375s] Level 1:colcon.colcon_core.package_identification:_identify(src/slam_msgs) by extension 'ignore'
[0.375s] Level 1:colcon.colcon_core.package_identification:_identify(src/slam_msgs) by extension 'ignore_ament_install'
[0.375s] Level 1:colcon.colcon_core.package_identification:_identify(src/slam_msgs) by extensions ['colcon_pkg']
[0.375s] Level 1:colcon.colcon_core.package_identification:_identify(src/slam_msgs) by extension 'colcon_pkg'
[0.375s] Level 1:colcon.colcon_core.package_identification:_identify(src/slam_msgs) by extensions ['colcon_meta']
[0.375s] Level 1:colcon.colcon_core.package_identification:_identify(src/slam_msgs) by extension 'colcon_meta'
[0.375s] Level 1:colcon.colcon_core.package_identification:_identify(src/slam_msgs) by extensions ['ros']
[0.375s] Level 1:colcon.colcon_core.package_identification:_identify(src/slam_msgs) by extension 'ros'
[0.376s] DEBUG:colcon.colcon_core.package_identification:Package 'src/slam_msgs' with type 'ros.ament_cmake' and name 'slam_msgs'
[0.376s] Level 1:colcon.colcon_core.package_identification:_identify(src/trajectory_comparer) by extensions ['ignore', 'ignore_ament_install']
[0.376s] Level 1:colcon.colcon_core.package_identification:_identify(src/trajectory_comparer) by extension 'ignore'
[0.376s] Level 1:colcon.colcon_core.package_identification:_identify(src/trajectory_comparer) by extension 'ignore_ament_install'
[0.376s] Level 1:colcon.colcon_core.package_identification:_identify(src/trajectory_comparer) by extensions ['colcon_pkg']
[0.376s] Level 1:colcon.colcon_core.package_identification:_identify(src/trajectory_comparer) by extension 'colcon_pkg'
[0.376s] Level 1:colcon.colcon_core.package_identification:_identify(src/trajectory_comparer) by extensions ['colcon_meta']
[0.376s] Level 1:colcon.colcon_core.package_identification:_identify(src/trajectory_comparer) by extension 'colcon_meta'
[0.376s] Level 1:colcon.colcon_core.package_identification:_identify(src/trajectory_comparer) by extensions ['ros']
[0.376s] Level 1:colcon.colcon_core.package_identification:_identify(src/trajectory_comparer) by extension 'ros'
[0.378s] DEBUG:colcon.colcon_core.package_identification:Package 'src/trajectory_comparer' with type 'ros.ament_python' and name 'trajectory_comparer'
[0.378s] Level 1:colcon.colcon_core.package_discovery:discover_packages(recursive) using defaults
[0.378s] Level 1:colcon.colcon_core.package_discovery:discover_packages(ignore) discover
[0.378s] Level 1:colcon.colcon_core.package_discovery:discover_packages(ignore) using defaults
[0.378s] Level 1:colcon.colcon_core.package_discovery:discover_packages(path) discover
[0.378s] Level 1:colcon.colcon_core.package_discovery:discover_packages(path) using defaults
[0.403s] Level 5:colcon.colcon_core.verb:set package 'slam_msgs' build argument 'cmake_args' from command line to 'None'
[0.403s] Level 5:colcon.colcon_core.verb:set package 'slam_msgs' build argument 'cmake_target' from command line to 'None'
[0.403s] Level 5:colcon.colcon_core.verb:set package 'slam_msgs' build argument 'cmake_target_skip_unavailable' from command line to 'False'
[0.403s] Level 5:colcon.colcon_core.verb:set package 'slam_msgs' build argument 'cmake_clean_cache' from command line to 'False'
[0.403s] Level 5:colcon.colcon_core.verb:set package 'slam_msgs' build argument 'cmake_clean_first' from command line to 'False'
[0.403s] Level 5:colcon.colcon_core.verb:set package 'slam_msgs' build argument 'cmake_force_configure' from command line to 'False'
[0.403s] Level 5:colcon.colcon_core.verb:set package 'slam_msgs' build argument 'ament_cmake_args' from command line to 'None'
[0.403s] Level 5:colcon.colcon_core.verb:set package 'slam_msgs' build argument 'catkin_cmake_args' from command line to 'None'
[0.403s] Level 5:colcon.colcon_core.verb:set package 'slam_msgs' build argument 'catkin_skip_building_tests' from command line to 'False'
[0.403s] DEBUG:colcon.colcon_core.verb:Building package 'slam_msgs' with the following arguments: {'ament_cmake_args': None, 'build_base': '/root/colcon_ws/build/slam_msgs', 'catkin_cmake_args': None, 'catkin_skip_building_tests': False, 'cmake_args': None, 'cmake_clean_cache': False, 'cmake_clean_first': False, 'cmake_force_configure': False, 'cmake_target': None, 'cmake_target_skip_unavailable': False, 'install_base': '/root/colcon_ws/install/slam_msgs', 'merge_install': False, 'path': '/root/colcon_ws/src/slam_msgs', 'symlink_install': True, 'test_result_base': None}
[0.403s] Level 5:colcon.colcon_core.verb:set package 'trajectory_comparer' build argument 'cmake_args' from command line to 'None'
[0.403s] Level 5:colcon.colcon_core.verb:set package 'trajectory_comparer' build argument 'cmake_target' from command line to 'None'
[0.403s] Level 5:colcon.colcon_core.verb:set package 'trajectory_comparer' build argument 'cmake_target_skip_unavailable' from command line to 'False'
[0.403s] Level 5:colcon.colcon_core.verb:set package 'trajectory_comparer' build argument 'cmake_clean_cache' from command line to 'False'
[0.403s] Level 5:colcon.colcon_core.verb:set package 'trajectory_comparer' build argument 'cmake_clean_first' from command line to 'False'
[0.403s] Level 5:colcon.colcon_core.verb:set package 'trajectory_comparer' build argument 'cmake_force_configure' from command line to 'False'
[0.403s] Level 5:colcon.colcon_core.verb:set package 'trajectory_comparer' build argument 'ament_cmake_args' from command line to 'None'
[0.404s] Level 5:colcon.colcon_core.verb:set package 'trajectory_comparer' build argument 'catkin_cmake_args' from command line to 'None'
[0.404s] Level 5:colcon.colcon_core.verb:set package 'trajectory_comparer' build argument 'catkin_skip_building_tests' from command line to 'False'
[0.404s] DEBUG:colcon.colcon_core.verb:Building package 'trajectory_comparer' with the following arguments: {'ament_cmake_args': None, 'build_base': '/root/colcon_ws/build/trajectory_comparer', 'catkin_cmake_args': None, 'catkin_skip_building_tests': False, 'cmake_args': None, 'cmake_clean_cache': False, 'cmake_clean_first': False, 'cmake_force_configure': False, 'cmake_target': None, 'cmake_target_skip_unavailable': False, 'install_base': '/root/colcon_ws/install/trajectory_comparer', 'merge_install': False, 'path': '/root/colcon_ws/src/trajectory_comparer', 'symlink_install': True, 'test_result_base': None}
[0.404s] Level 5:colcon.colcon_core.verb:set package 'orb_slam3_ros2_wrapper' build argument 'cmake_args' from command line to 'None'
[0.404s] Level 5:colcon.colcon_core.verb:set package 'orb_slam3_ros2_wrapper' build argument 'cmake_target' from command line to 'None'
[0.404s] Level 5:colcon.colcon_core.verb:set package 'orb_slam3_ros2_wrapper' build argument 'cmake_target_skip_unavailable' from command line to 'False'
[0.404s] Level 5:colcon.colcon_core.verb:set package 'orb_slam3_ros2_wrapper' build argument 'cmake_clean_cache' from command line to 'False'
[0.404s] Level 5:colcon.colcon_core.verb:set package 'orb_slam3_ros2_wrapper' build argument 'cmake_clean_first' from command line to 'False'
[0.404s] Level 5:colcon.colcon_core.verb:set package 'orb_slam3_ros2_wrapper' build argument 'cmake_force_configure' from command line to 'False'
[0.404s] Level 5:colcon.colcon_core.verb:set package 'orb_slam3_ros2_wrapper' build argument 'ament_cmake_args' from command line to 'None'
[0.404s] Level 5:colcon.colcon_core.verb:set package 'orb_slam3_ros2_wrapper' build argument 'catkin_cmake_args' from command line to 'None'
[0.404s] Level 5:colcon.colcon_core.verb:set package 'orb_slam3_ros2_wrapper' build argument 'catkin_skip_building_tests' from command line to 'False'
[0.404s] DEBUG:colcon.colcon_core.verb:Building package 'orb_slam3_ros2_wrapper' with the following arguments: {'ament_cmake_args': None, 'build_base': '/root/colcon_ws/build/orb_slam3_ros2_wrapper', 'catkin_cmake_args': None, 'catkin_skip_building_tests': False, 'cmake_args': None, 'cmake_clean_cache': False, 'cmake_clean_first': False, 'cmake_force_configure': False, 'cmake_target': None, 'cmake_target_skip_unavailable': False, 'install_base': '/root/colcon_ws/install/orb_slam3_ros2_wrapper', 'merge_install': False, 'path': '/root/colcon_ws/src/orb_slam3_ros2_wrapper', 'symlink_install': True, 'test_result_base': None}
[0.404s] INFO:colcon.colcon_core.executor:Executing jobs using 'parallel' executor
[0.405s] DEBUG:colcon.colcon_parallel_executor.executor.parallel:run_until_complete
[0.406s] INFO:colcon.colcon_ros.task.ament_cmake.build:Building ROS package in '/root/colcon_ws/src/slam_msgs' with build type 'ament_cmake'
[0.406s] INFO:colcon.colcon_cmake.task.cmake.build:Building CMake package in '/root/colcon_ws/src/slam_msgs'
[0.409s] INFO:colcon.colcon_core.plugin_system:Skipping extension 'colcon_core.shell.bat': Not used on non-Windows systems
[0.409s] INFO:colcon.colcon_core.shell:Skip shell extension 'powershell' for command environment: Not usable outside of PowerShell
[0.410s] DEBUG:colcon.colcon_core.shell:Skip shell extension 'dsv' for command environment
[0.414s] INFO:colcon.colcon_ros.task.ament_python.build:Building ROS package in '/root/colcon_ws/src/trajectory_comparer' with build type 'ament_python'
[0.415s] Level 1:colcon.colcon_core.shell:create_environment_hook('trajectory_comparer', 'ament_prefix_path')
[0.415s] INFO:colcon.colcon_core.shell:Creating environment hook '/root/colcon_ws/install/trajectory_comparer/share/trajectory_comparer/hook/ament_prefix_path.ps1'
[0.416s] INFO:colcon.colcon_core.shell:Creating environment descriptor '/root/colcon_ws/install/trajectory_comparer/share/trajectory_comparer/hook/ament_prefix_path.dsv'
[0.416s] INFO:colcon.colcon_core.shell:Creating environment hook '/root/colcon_ws/install/trajectory_comparer/share/trajectory_comparer/hook/ament_prefix_path.sh'
[0.417s] INFO:colcon.colcon_core.shell:Skip shell extension 'powershell' for command environment: Not usable outside of PowerShell
[0.417s] DEBUG:colcon.colcon_core.shell:Skip shell extension 'dsv' for command environment
[0.425s] DEBUG:colcon.colcon_core.event_handler.log_command:Invoking command in '/root/colcon_ws/build/slam_msgs': CMAKE_PREFIX_PATH=${CMAKE_PREFIX_PATH}:/root/colcon_ws/install/trajectory_publisher:/root/colcon_ws/install/trajectory_comparer:/opt/ros/humble /usr/bin/cmake --build /root/colcon_ws/build/slam_msgs -- -j8 -l8
[0.664s] INFO:colcon.colcon_core.task.python.build:Building Python package in '/root/colcon_ws/src/trajectory_comparer'
[0.665s] INFO:colcon.colcon_core.shell:Skip shell extension 'powershell' for command environment: Not usable outside of PowerShell
[0.665s] DEBUG:colcon.colcon_core.shell:Skip shell extension 'dsv' for command environment
[0.829s] DEBUG:colcon.colcon_core.event_handler.log_command:Invoked command in '/root/colcon_ws/build/slam_msgs' returned '0': CMAKE_PREFIX_PATH=${CMAKE_PREFIX_PATH}:/root/colcon_ws/install/trajectory_publisher:/root/colcon_ws/install/trajectory_comparer:/opt/ros/humble /usr/bin/cmake --build /root/colcon_ws/build/slam_msgs -- -j8 -l8
[0.932s] DEBUG:colcon.colcon_core.event_handler.log_command:Invoking command in '/root/colcon_ws/build/slam_msgs': CMAKE_PREFIX_PATH=${CMAKE_PREFIX_PATH}:/root/colcon_ws/install/trajectory_publisher:/root/colcon_ws/install/trajectory_comparer:/opt/ros/humble /usr/bin/cmake --install /root/colcon_ws/build/slam_msgs
[1.058s] Level 1:colcon.colcon_core.environment:create_environment_scripts_only(slam_msgs)
[1.058s] DEBUG:colcon.colcon_core.event_handler.log_command:Invoked command in '/root/colcon_ws/build/slam_msgs' returned '0': CMAKE_PREFIX_PATH=${CMAKE_PREFIX_PATH}:/root/colcon_ws/install/trajectory_publisher:/root/colcon_ws/install/trajectory_comparer:/opt/ros/humble /usr/bin/cmake --install /root/colcon_ws/build/slam_msgs
[1.063s] Level 1:colcon.colcon_core.environment:checking '/root/colcon_ws/install/slam_msgs' for CMake module files
[1.064s] Level 1:colcon.colcon_core.environment:checking '/root/colcon_ws/install/slam_msgs' for CMake config files
[1.065s] Level 1:colcon.colcon_core.shell:create_environment_hook('slam_msgs', 'cmake_prefix_path')
[1.065s] INFO:colcon.colcon_core.shell:Creating environment hook '/root/colcon_ws/install/slam_msgs/share/slam_msgs/hook/cmake_prefix_path.ps1'
[1.066s] INFO:colcon.colcon_core.shell:Creating environment descriptor '/root/colcon_ws/install/slam_msgs/share/slam_msgs/hook/cmake_prefix_path.dsv'
[1.066s] INFO:colcon.colcon_core.shell:Creating environment hook '/root/colcon_ws/install/slam_msgs/share/slam_msgs/hook/cmake_prefix_path.sh'
[1.066s] Level 1:colcon.colcon_core.environment:checking '/root/colcon_ws/install/slam_msgs/lib'
[1.067s] Level 1:colcon.colcon_core.shell:create_environment_hook('slam_msgs', 'ld_library_path_lib')
[1.067s] INFO:colcon.colcon_core.shell:Creating environment hook '/root/colcon_ws/install/slam_msgs/share/slam_msgs/hook/ld_library_path_lib.ps1'
[1.067s] INFO:colcon.colcon_core.shell:Creating environment descriptor '/root/colcon_ws/install/slam_msgs/share/slam_msgs/hook/ld_library_path_lib.dsv'
[1.067s] INFO:colcon.colcon_core.shell:Creating environment hook '/root/colcon_ws/install/slam_msgs/share/slam_msgs/hook/ld_library_path_lib.sh'
[1.068s] Level 1:colcon.colcon_core.environment:checking '/root/colcon_ws/install/slam_msgs/bin'
[1.068s] Level 1:colcon.colcon_core.environment:checking '/root/colcon_ws/install/slam_msgs/lib/pkgconfig/slam_msgs.pc'
[1.068s] Level 1:colcon.colcon_core.environment:checking '/root/colcon_ws/install/slam_msgs/lib/python3.10/site-packages'
[1.068s] Level 1:colcon.colcon_core.environment:checking '/root/colcon_ws/install/slam_msgs/bin'
[1.068s] INFO:colcon.colcon_core.shell:Creating package script '/root/colcon_ws/install/slam_msgs/share/slam_msgs/package.ps1'
[1.069s] INFO:colcon.colcon_core.shell:Creating package descriptor '/root/colcon_ws/install/slam_msgs/share/slam_msgs/package.dsv'
[1.070s] INFO:colcon.colcon_core.shell:Creating package script '/root/colcon_ws/install/slam_msgs/share/slam_msgs/package.sh'
[1.070s] INFO:colcon.colcon_core.shell:Creating package script '/root/colcon_ws/install/slam_msgs/share/slam_msgs/package.bash'
[1.071s] INFO:colcon.colcon_core.shell:Creating package script '/root/colcon_ws/install/slam_msgs/share/slam_msgs/package.zsh'
[1.072s] Level 1:colcon.colcon_core.environment:create_file_with_runtime_dependencies(/root/colcon_ws/install/slam_msgs/share/colcon-core/packages/slam_msgs)
[1.075s] DEBUG:colcon.colcon_core.event_handler.log_command:Invoking command in '/root/colcon_ws/build/trajectory_comparer': PYTHONPATH=/root/colcon_ws/build/trajectory_comparer/prefix_override:/usr/lib/python3/dist-packages/colcon_core/task/python/colcon_distutils_commands:/root/colcon_ws/install/trajectory_comparer/lib/python3.10/site-packages:${PYTHONPATH} /usr/bin/python3 -W ignore:setup.py install is deprecated setup.py develop --editable --build-directory /root/colcon_ws/build/trajectory_comparer/build --no-deps symlink_data
[1.141s] Level 1:colcon.colcon_core.environment:create_environment_scripts_only(slam_msgs)
[1.141s] Level 1:colcon.colcon_core.environment:checking '/root/colcon_ws/install/slam_msgs' for CMake module files
[1.142s] Level 1:colcon.colcon_core.environment:checking '/root/colcon_ws/install/slam_msgs' for CMake config files
[1.144s] Level 1:colcon.colcon_core.shell:create_environment_hook('slam_msgs', 'cmake_prefix_path')
[1.144s] INFO:colcon.colcon_core.shell:Creating environment hook '/root/colcon_ws/install/slam_msgs/share/slam_msgs/hook/cmake_prefix_path.ps1'
[1.145s] INFO:colcon.colcon_core.shell:Creating environment descriptor '/root/colcon_ws/install/slam_msgs/share/slam_msgs/hook/cmake_prefix_path.dsv'
[1.145s] INFO:colcon.colcon_core.shell:Creating environment hook '/root/colcon_ws/install/slam_msgs/share/slam_msgs/hook/cmake_prefix_path.sh'
[1.145s] Level 1:colcon.colcon_core.environment:checking '/root/colcon_ws/install/slam_msgs/lib'
[1.146s] Level 1:colcon.colcon_core.shell:create_environment_hook('slam_msgs', 'ld_library_path_lib')
[1.146s] INFO:colcon.colcon_core.shell:Creating environment hook '/root/colcon_ws/install/slam_msgs/share/slam_msgs/hook/ld_library_path_lib.ps1'
[1.146s] INFO:colcon.colcon_core.shell:Creating environment descriptor '/root/colcon_ws/install/slam_msgs/share/slam_msgs/hook/ld_library_path_lib.dsv'
[1.147s] INFO:colcon.colcon_core.shell:Creating environment hook '/root/colcon_ws/install/slam_msgs/share/slam_msgs/hook/ld_library_path_lib.sh'
[1.148s] Level 1:colcon.colcon_core.environment:checking '/root/colcon_ws/install/slam_msgs/bin'
[1.148s] Level 1:colcon.colcon_core.environment:checking '/root/colcon_ws/install/slam_msgs/lib/pkgconfig/slam_msgs.pc'
[1.148s] Level 1:colcon.colcon_core.environment:checking '/root/colcon_ws/install/slam_msgs/lib/python3.10/site-packages'
[1.149s] Level 1:colcon.colcon_core.environment:checking '/root/colcon_ws/install/slam_msgs/bin'
[1.149s] INFO:colcon.colcon_core.shell:Creating package script '/root/colcon_ws/install/slam_msgs/share/slam_msgs/package.ps1'
[1.150s] INFO:colcon.colcon_core.shell:Creating package descriptor '/root/colcon_ws/install/slam_msgs/share/slam_msgs/package.dsv'
[1.150s] INFO:colcon.colcon_core.shell:Creating package script '/root/colcon_ws/install/slam_msgs/share/slam_msgs/package.sh'
[1.151s] INFO:colcon.colcon_core.shell:Creating package script '/root/colcon_ws/install/slam_msgs/share/slam_msgs/package.bash'
[1.151s] INFO:colcon.colcon_core.shell:Creating package script '/root/colcon_ws/install/slam_msgs/share/slam_msgs/package.zsh'
[1.152s] Level 1:colcon.colcon_core.environment:create_file_with_runtime_dependencies(/root/colcon_ws/install/slam_msgs/share/colcon-core/packages/slam_msgs)
[1.152s] INFO:colcon.colcon_ros.task.ament_cmake.build:Building ROS package in '/root/colcon_ws/src/orb_slam3_ros2_wrapper' with build type 'ament_cmake'
[1.152s] INFO:colcon.colcon_cmake.task.cmake.build:Building CMake package in '/root/colcon_ws/src/orb_slam3_ros2_wrapper'
[1.153s] INFO:colcon.colcon_core.shell:Skip shell extension 'powershell' for command environment: Not usable outside of PowerShell
[1.153s] DEBUG:colcon.colcon_core.shell:Skip shell extension 'dsv' for command environment
[1.165s] DEBUG:colcon.colcon_core.event_handler.log_command:Invoking command in '/root/colcon_ws/build/orb_slam3_ros2_wrapper': CMAKE_PREFIX_PATH=/root/colcon_ws/install/slam_msgs:/root/colcon_ws/install/trajectory_comparison:/root/colcon_ws/install/orb_slam3_ros2_wrapper:/root/colcon_ws/install/trajectory_publisher:/root/colcon_ws/install/trajectory_comparer:/opt/ros/humble /usr/bin/cmake --build /root/colcon_ws/build/orb_slam3_ros2_wrapper -- -j8 -l8
[1.520s] Level 1:colcon.colcon_core.shell:create_environment_hook('trajectory_comparer', 'pythonpath_develop')
[1.520s] INFO:colcon.colcon_core.shell:Creating environment hook '/root/colcon_ws/build/trajectory_comparer/share/trajectory_comparer/hook/pythonpath_develop.ps1'
[1.521s] DEBUG:colcon.colcon_core.event_handler.log_command:Invoked command in '/root/colcon_ws/build/trajectory_comparer' returned '0': PYTHONPATH=/root/colcon_ws/build/trajectory_comparer/prefix_override:/usr/lib/python3/dist-packages/colcon_core/task/python/colcon_distutils_commands:/root/colcon_ws/install/trajectory_comparer/lib/python3.10/site-packages:${PYTHONPATH} /usr/bin/python3 -W ignore:setup.py install is deprecated setup.py develop --editable --build-directory /root/colcon_ws/build/trajectory_comparer/build --no-deps symlink_data
[1.521s] INFO:colcon.colcon_core.shell:Creating environment descriptor '/root/colcon_ws/build/trajectory_comparer/share/trajectory_comparer/hook/pythonpath_develop.dsv'
[1.521s] INFO:colcon.colcon_core.shell:Creating environment hook '/root/colcon_ws/build/trajectory_comparer/share/trajectory_comparer/hook/pythonpath_develop.sh'
[1.522s] Level 1:colcon.colcon_core.environment:checking '/root/colcon_ws/install/trajectory_comparer' for CMake module files
[1.523s] Level 1:colcon.colcon_core.environment:checking '/root/colcon_ws/install/trajectory_comparer' for CMake config files
[1.523s] Level 1:colcon.colcon_core.environment:checking '/root/colcon_ws/install/trajectory_comparer/lib'
[1.523s] Level 1:colcon.colcon_core.environment:checking '/root/colcon_ws/install/trajectory_comparer/bin'
[1.523s] Level 1:colcon.colcon_core.environment:checking '/root/colcon_ws/install/trajectory_comparer/lib/pkgconfig/trajectory_comparer.pc'
[1.524s] Level 1:colcon.colcon_core.environment:checking '/root/colcon_ws/install/trajectory_comparer/lib/python3.10/site-packages'
[1.524s] Level 1:colcon.colcon_core.shell:create_environment_hook('trajectory_comparer', 'pythonpath')
[1.524s] INFO:colcon.colcon_core.shell:Creating environment hook '/root/colcon_ws/install/trajectory_comparer/share/trajectory_comparer/hook/pythonpath.ps1'
[1.524s] INFO:colcon.colcon_core.shell:Creating environment descriptor '/root/colcon_ws/install/trajectory_comparer/share/trajectory_comparer/hook/pythonpath.dsv'
[1.525s] INFO:colcon.colcon_core.shell:Creating environment hook '/root/colcon_ws/install/trajectory_comparer/share/trajectory_comparer/hook/pythonpath.sh'
[1.525s] Level 1:colcon.colcon_core.environment:checking '/root/colcon_ws/install/trajectory_comparer/bin'
[1.525s] Level 1:colcon.colcon_core.environment:create_environment_scripts_only(trajectory_comparer)
[1.526s] INFO:colcon.colcon_core.shell:Creating package script '/root/colcon_ws/install/trajectory_comparer/share/trajectory_comparer/package.ps1'
[1.526s] INFO:colcon.colcon_core.shell:Creating package descriptor '/root/colcon_ws/install/trajectory_comparer/share/trajectory_comparer/package.dsv'
[1.527s] INFO:colcon.colcon_core.shell:Creating package script '/root/colcon_ws/install/trajectory_comparer/share/trajectory_comparer/package.sh'
[1.527s] INFO:colcon.colcon_core.shell:Creating package script '/root/colcon_ws/install/trajectory_comparer/share/trajectory_comparer/package.bash'
[1.528s] INFO:colcon.colcon_core.shell:Creating package script '/root/colcon_ws/install/trajectory_comparer/share/trajectory_comparer/package.zsh'
[1.528s] Level 1:colcon.colcon_core.environment:create_file_with_runtime_dependencies(/root/colcon_ws/install/trajectory_comparer/share/colcon-core/packages/trajectory_comparer)
[22.814s] DEBUG:colcon.colcon_core.event_handler.log_command:Invoked command in '/root/colcon_ws/build/orb_slam3_ros2_wrapper' returned '2': CMAKE_PREFIX_PATH=/root/colcon_ws/install/slam_msgs:/root/colcon_ws/install/trajectory_comparison:/root/colcon_ws/install/orb_slam3_ros2_wrapper:/root/colcon_ws/install/trajectory_publisher:/root/colcon_ws/install/trajectory_comparer:/opt/ros/humble /usr/bin/cmake --build /root/colcon_ws/build/orb_slam3_ros2_wrapper -- -j8 -l8
[22.870s] Level 1:colcon.colcon_core.environment:create_environment_scripts_only(orb_slam3_ros2_wrapper)
[22.872s] Level 1:colcon.colcon_core.environment:checking '/root/colcon_ws/install/orb_slam3_ros2_wrapper' for CMake module files
[22.875s] Level 1:colcon.colcon_core.environment:checking '/root/colcon_ws/install/orb_slam3_ros2_wrapper' for CMake config files
[22.878s] Level 1:colcon.colcon_core.shell:create_environment_hook('orb_slam3_ros2_wrapper', 'cmake_prefix_path')
[22.879s] INFO:colcon.colcon_core.shell:Creating environment hook '/root/colcon_ws/install/orb_slam3_ros2_wrapper/share/orb_slam3_ros2_wrapper/hook/cmake_prefix_path.ps1'
[22.884s] INFO:colcon.colcon_core.shell:Creating environment descriptor '/root/colcon_ws/install/orb_slam3_ros2_wrapper/share/orb_slam3_ros2_wrapper/hook/cmake_prefix_path.dsv'
[22.884s] INFO:colcon.colcon_core.shell:Creating environment hook '/root/colcon_ws/install/orb_slam3_ros2_wrapper/share/orb_slam3_ros2_wrapper/hook/cmake_prefix_path.sh'
[22.888s] Level 1:colcon.colcon_core.environment:checking '/root/colcon_ws/install/orb_slam3_ros2_wrapper/lib'
[22.888s] Level 1:colcon.colcon_core.environment:checking '/root/colcon_ws/install/orb_slam3_ros2_wrapper/bin'
[22.888s] Level 1:colcon.colcon_core.environment:checking '/root/colcon_ws/install/orb_slam3_ros2_wrapper/lib/pkgconfig/orb_slam3_ros2_wrapper.pc'
[22.891s] Level 1:colcon.colcon_core.environment:checking '/root/colcon_ws/install/orb_slam3_ros2_wrapper/lib/python3.10/site-packages'
[22.892s] Level 1:colcon.colcon_core.environment:checking '/root/colcon_ws/install/orb_slam3_ros2_wrapper/bin'
[22.892s] INFO:colcon.colcon_core.shell:Creating package script '/root/colcon_ws/install/orb_slam3_ros2_wrapper/share/orb_slam3_ros2_wrapper/package.ps1'
[22.893s] INFO:colcon.colcon_core.shell:Creating package descriptor '/root/colcon_ws/install/orb_slam3_ros2_wrapper/share/orb_slam3_ros2_wrapper/package.dsv'
[22.894s] INFO:colcon.colcon_core.shell:Creating package script '/root/colcon_ws/install/orb_slam3_ros2_wrapper/share/orb_slam3_ros2_wrapper/package.sh'
[22.894s] INFO:colcon.colcon_core.shell:Creating package script '/root/colcon_ws/install/orb_slam3_ros2_wrapper/share/orb_slam3_ros2_wrapper/package.bash'
[22.895s] INFO:colcon.colcon_core.shell:Creating package script '/root/colcon_ws/install/orb_slam3_ros2_wrapper/share/orb_slam3_ros2_wrapper/package.zsh'
[22.895s] Level 1:colcon.colcon_core.environment:create_file_with_runtime_dependencies(/root/colcon_ws/install/orb_slam3_ros2_wrapper/share/colcon-core/packages/orb_slam3_ros2_wrapper)
[22.909s] DEBUG:colcon.colcon_parallel_executor.executor.parallel:closing loop
[22.911s] DEBUG:colcon.colcon_parallel_executor.executor.parallel:loop closed
[22.911s] DEBUG:colcon.colcon_parallel_executor.executor.parallel:run_until_complete finished with '2'
[22.911s] DEBUG:colcon.colcon_core.event_reactor:joining thread
[22.973s] INFO:colcon.colcon_core.plugin_system:Skipping extension 'colcon_notification.desktop_notification.notify_send': Could not find 'notify-send'
[22.973s] INFO:colcon.colcon_core.plugin_system:Skipping extension 'colcon_notification.desktop_notification.terminal_notifier': Not used on non-Darwin systems
[22.973s] INFO:colcon.colcon_core.plugin_system:Skipping extension 'colcon_notification.desktop_notification.win32': Not used on non-Windows systems
[22.973s] INFO:colcon.colcon_notification.desktop_notification:Sending desktop notification using 'notify2'
[22.982s] DEBUG:colcon.colcon_notification.desktop_notification.notify2:Failed to initialize notify2: org.freedesktop.DBus.Error.Spawn.ExecFailed: /usr/bin/dbus-launch terminated abnormally without any error message
[22.982s] DEBUG:colcon.colcon_core.event_reactor:joined thread
[22.984s] INFO:colcon.colcon_core.shell:Creating prefix script '/root/colcon_ws/install/local_setup.ps1'
[22.986s] INFO:colcon.colcon_core.shell:Creating prefix util module '/root/colcon_ws/install/_local_setup_util_ps1.py'
[22.987s] INFO:colcon.colcon_core.shell:Creating prefix chain script '/root/colcon_ws/install/setup.ps1'
[22.990s] INFO:colcon.colcon_core.shell:Creating prefix script '/root/colcon_ws/install/local_setup.sh'
[22.990s] INFO:colcon.colcon_core.shell:Creating prefix util module '/root/colcon_ws/install/_local_setup_util_sh.py'
[22.991s] INFO:colcon.colcon_core.shell:Creating prefix chain script '/root/colcon_ws/install/setup.sh'
[23.015s] INFO:colcon.colcon_core.shell:Creating prefix script '/root/colcon_ws/install/local_setup.bash'
[23.016s] INFO:colcon.colcon_core.shell:Creating prefix chain script '/root/colcon_ws/install/setup.bash'
[23.017s] INFO:colcon.colcon_core.shell:Creating prefix script '/root/colcon_ws/install/local_setup.zsh'
[23.017s] INFO:colcon.colcon_core.shell:Creating prefix chain script '/root/colcon_ws/install/setup.zsh'
