[0.018s] Invoking command in '/root/colcon_ws/build/orb_slam3_ros2_wrapper': CMAKE_PREFIX_PATH=/root/colcon_ws/install/slam_msgs:/root/colcon_ws/install/trajectory_comparison:/root/colcon_ws/install/orb_slam3_ros2_wrapper:/root/colcon_ws/install/trajectory_publisher:/root/colcon_ws/install/trajectory_comparer:/opt/ros/humble /usr/bin/cmake --build /root/colcon_ws/build/orb_slam3_ros2_wrapper -- -j8 -l8
[0.081s] [35m[1mConsolidate compiler generated dependencies of target rgbd[0m
[0.135s] [ 20%] [32mBuilding CXX object CMakeFiles/rgbd.dir/src/rgbd/rgbd-slam-node.cpp.o[0m
[6.418s] In file included from [01m[K/home/orb/ORB_SLAM3/include/Frame.h:30[m[K,
[6.418s]                  from [01m[K/home/orb/ORB_SLAM3/include/KeyFrame.h:28[m[K,
[6.418s]                  from [01m[K/home/orb/ORB_SLAM3/include/MapPoint.h:23[m[K,
[6.418s]                  from [01m[K/root/colcon_ws/src/orb_slam3_ros2_wrapper/include/orb_slam3_ros2_wrapper/type_conversion.hpp:26[m[K,
[6.419s]                  from [01m[K/root/colcon_ws/src/orb_slam3_ros2_wrapper/src/rgbd/rgbd-slam-node.hpp:35[m[K,
[6.419s]                  from [01m[K/root/colcon_ws/src/orb_slam3_ros2_wrapper/src/rgbd/rgbd-slam-node.cpp:6[m[K:
[6.419s] [01m[K/home/orb/ORB_SLAM3/include/ImuTypes.h:[m[K In member function ‘[01m[Kvoid ORB_SLAM3::IMU::Preintegrated::printMeasurements() const[m[K’:
[6.419s] [01m[K/home/orb/ORB_SLAM3/include/ImuTypes.h:204:23:[m[K [01;35m[Kwarning: [m[Kcomparison of integer expressions of different signedness: ‘[01m[Kint[m[K’ and ‘[01m[Kstd::vector<ORB_SLAM3::IMU::Preintegrated::integrable>::size_type[m[K’ {aka ‘[01m[Klong unsigned int[m[K’} [[01;35m[K-Wsign-compare[m[K]
[6.419s]   204 |         for(int i=0; [01;35m[Ki<mvMeasurements.size()[m[K; i++){
[6.419s]       |                      [01;35m[K~^~~~~~~~~~~~~~~~~~~~~~[m[K
[6.566s] In file included from [01m[K/home/orb/ORB_SLAM3/Thirdparty/g2o/g2o/types/types_six_dof_expmap.h:37[m[K,
[6.566s]                  from [01m[K/home/orb/ORB_SLAM3/include/Converter.h:26[m[K,
[6.566s]                  from [01m[K/home/orb/ORB_SLAM3/include/Frame.h:33[m[K,
[6.566s]                  from [01m[K/home/orb/ORB_SLAM3/include/KeyFrame.h:28[m[K,
[6.566s]                  from [01m[K/home/orb/ORB_SLAM3/include/MapPoint.h:23[m[K,
[6.566s]                  from [01m[K/root/colcon_ws/src/orb_slam3_ros2_wrapper/include/orb_slam3_ros2_wrapper/type_conversion.hpp:26[m[K,
[6.566s]                  from [01m[K/root/colcon_ws/src/orb_slam3_ros2_wrapper/src/rgbd/rgbd-slam-node.hpp:35[m[K,
[6.566s]                  from [01m[K/root/colcon_ws/src/orb_slam3_ros2_wrapper/src/rgbd/rgbd-slam-node.cpp:6[m[K:
[6.566s] [01m[K/home/orb/ORB_SLAM3/Thirdparty/g2o/g2o/types/../core/base_vertex.h:[m[K At global scope:
[6.566s] [01m[K/home/orb/ORB_SLAM3/Thirdparty/g2o/g2o/types/../core/base_vertex.h:62:74:[m[K [01;35m[Kwarning: [m[K‘[01m[KEigen::AlignedBit[m[K’ is deprecated [[01;35m[K-Wdeprecated-declarations[m[K]
[6.566s]    62 |     typedef Eigen::Map<Matrix<double, D, D>, Matrix<double,D,D>::Flags & [01;35m[KAlignedBit[m[K ? Aligned : Unaligned >  HessianBlockType;
[6.567s]       |                                                                          [01;35m[K^~~~~~~~~~[m[K
[6.567s] In file included from [01m[K/usr/include/eigen3/Eigen/Core:161[m[K,
[6.567s]                  from [01m[K/root/colcon_ws/src/orb_slam3_ros2_wrapper/include/orb_slam3_ros2_wrapper/type_conversion.hpp:10[m[K,
[6.567s]                  from [01m[K/root/colcon_ws/src/orb_slam3_ros2_wrapper/src/rgbd/rgbd-slam-node.hpp:35[m[K,
[6.567s]                  from [01m[K/root/colcon_ws/src/orb_slam3_ros2_wrapper/src/rgbd/rgbd-slam-node.cpp:6[m[K:
[6.567s] [01m[K/usr/include/eigen3/Eigen/src/Core/util/Constants.h:167:37:[m[K [01;36m[Knote: [m[Kdeclared here
[6.567s]   167 | EIGEN_DEPRECATED const unsigned int [01;36m[KAlignedBit[m[K = 0x80;
[6.567s]       |                                     [01;36m[K^~~~~~~~~~[m[K
[6.580s] In file included from [01m[K/home/orb/ORB_SLAM3/Thirdparty/g2o/g2o/types/types_six_dof_expmap.h:38[m[K,
[6.580s]                  from [01m[K/home/orb/ORB_SLAM3/include/Converter.h:26[m[K,
[6.580s]                  from [01m[K/home/orb/ORB_SLAM3/include/Frame.h:33[m[K,
[6.580s]                  from [01m[K/home/orb/ORB_SLAM3/include/KeyFrame.h:28[m[K,
[6.580s]                  from [01m[K/home/orb/ORB_SLAM3/include/MapPoint.h:23[m[K,
[6.580s]                  from [01m[K/root/colcon_ws/src/orb_slam3_ros2_wrapper/include/orb_slam3_ros2_wrapper/type_conversion.hpp:26[m[K,
[6.580s]                  from [01m[K/root/colcon_ws/src/orb_slam3_ros2_wrapper/src/rgbd/rgbd-slam-node.hpp:35[m[K,
[6.580s]                  from [01m[K/root/colcon_ws/src/orb_slam3_ros2_wrapper/src/rgbd/rgbd-slam-node.cpp:6[m[K:
[6.581s] [01m[K/home/orb/ORB_SLAM3/Thirdparty/g2o/g2o/types/../core/base_binary_edge.h:59:82:[m[K [01;35m[Kwarning: [m[K‘[01m[KEigen::AlignedBit[m[K’ is deprecated [[01;35m[K-Wdeprecated-declarations[m[K]
[6.581s]    59 |      typedef Eigen::Map<Matrix<double, Di, Dj>, Matrix<double, Di, Dj>::Flags & [01;35m[KAlignedBit[m[K ? Aligned : Unaligned > HessianBlockType;
[6.581s]       |                                                                                 [01;35m[K^~~~~~~~~~[m[K
[6.581s] 
[6.581s] In file included from [01m[K/usr/include/eigen3/Eigen/Core:161[m[K,
[6.581s]                  from [01m[K/root/colcon_ws/src/orb_slam3_ros2_wrapper/include/orb_slam3_ros2_wrapper/type_conversion.hpp:10[m[K,
[6.581s]                  from [01m[K/root/colcon_ws/src/orb_slam3_ros2_wrapper/src/rgbd/rgbd-slam-node.hpp:35[m[K,
[6.581s]                  from [01m[K/root/colcon_ws/src/orb_slam3_ros2_wrapper/src/rgbd/rgbd-slam-node.cpp:6[m[K:
[6.581s] [01m[K/usr/include/eigen3/Eigen/src/Core/util/Constants.h:167:37:[m[K [01;36m[Knote: [m[Kdeclared here
[6.581s]   167 | EIGEN_DEPRECATED const unsigned int [01;36m[KAlignedBit[m[K = 0x80;
[6.581s]       |                                     [01;36m[K^~~~~~~~~~[m[K
[6.581s] In file included from [01m[K/home/orb/ORB_SLAM3/Thirdparty/g2o/g2o/types/types_six_dof_expmap.h:38[m[K,
[6.581s]                  from [01m[K/home/orb/ORB_SLAM3/include/Converter.h:26[m[K,
[6.581s]                  from [01m[K/home/orb/ORB_SLAM3/include/Frame.h:33[m[K,
[6.581s]                  from [01m[K/home/orb/ORB_SLAM3/include/KeyFrame.h:28[m[K,
[6.581s]                  from [01m[K/home/orb/ORB_SLAM3/include/MapPoint.h:23[m[K,
[6.581s]                  from [01m[K/root/colcon_ws/src/orb_slam3_ros2_wrapper/include/orb_slam3_ros2_wrapper/type_conversion.hpp:26[m[K,
[6.581s]                  from [01m[K/root/colcon_ws/src/orb_slam3_ros2_wrapper/src/rgbd/rgbd-slam-node.hpp:35[m[K,
[6.581s]                  from [01m[K/root/colcon_ws/src/orb_slam3_ros2_wrapper/src/rgbd/rgbd-slam-node.cpp:6[m[K:
[6.581s] [01m[K/home/orb/ORB_SLAM3/Thirdparty/g2o/g2o/types/../core/base_binary_edge.h:60:82:[m[K [01;35m[Kwarning: [m[K‘[01m[KEigen::AlignedBit[m[K’ is deprecated [[01;35m[K-Wdeprecated-declarations[m[K]
[6.581s]    60 |      typedef Eigen::Map<Matrix<double, Dj, Di>, Matrix<double, Dj, Di>::Flags & [01;35m[KAlignedBit[m[K ? Aligned : Unaligned > HessianBlockTransposedType;
[6.582s]       |                                                                                 [01;35m[K^~~~~~~~~~[m[K
[6.582s] 
[6.582s] In file included from [01m[K/usr/include/eigen3/Eigen/Core:161[m[K,
[6.582s]                  from [01m[K/root/colcon_ws/src/orb_slam3_ros2_wrapper/include/orb_slam3_ros2_wrapper/type_conversion.hpp:10[m[K,
[6.582s]                  from [01m[K/root/colcon_ws/src/orb_slam3_ros2_wrapper/src/rgbd/rgbd-slam-node.hpp:35[m[K,
[6.582s]                  from [01m[K/root/colcon_ws/src/orb_slam3_ros2_wrapper/src/rgbd/rgbd-slam-node.cpp:6[m[K:
[6.582s] [01m[K/usr/include/eigen3/Eigen/src/Core/util/Constants.h:167:37:[m[K [01;36m[Knote: [m[Kdeclared here
[6.582s]   167 | EIGEN_DEPRECATED const unsigned int [01;36m[KAlignedBit[m[K = 0x80;
[6.582s]       |                                     [01;36m[K^~~~~~~~~~[m[K
[6.631s] In file included from [01m[K/home/orb/ORB_SLAM3/Thirdparty/g2o/g2o/types/types_six_dof_expmap.h:41[m[K,
[6.631s]                  from [01m[K/home/orb/ORB_SLAM3/include/Converter.h:26[m[K,
[6.632s]                  from [01m[K/home/orb/ORB_SLAM3/include/Frame.h:33[m[K,
[6.632s]                  from [01m[K/home/orb/ORB_SLAM3/include/KeyFrame.h:28[m[K,
[6.632s]                  from [01m[K/home/orb/ORB_SLAM3/include/MapPoint.h:23[m[K,
[6.632s]                  from [01m[K/root/colcon_ws/src/orb_slam3_ros2_wrapper/include/orb_slam3_ros2_wrapper/type_conversion.hpp:26[m[K,
[6.632s]                  from [01m[K/root/colcon_ws/src/orb_slam3_ros2_wrapper/src/rgbd/rgbd-slam-node.hpp:35[m[K,
[6.632s]                  from [01m[K/root/colcon_ws/src/orb_slam3_ros2_wrapper/src/rgbd/rgbd-slam-node.cpp:6[m[K:
[6.632s] [01m[K/home/orb/ORB_SLAM3/Thirdparty/g2o/g2o/types/se3quat.h:43:38:[m[K [01;35m[Kwarning: [m[Kextra ‘[01m[K;[m[K’ [[01;35m[K-Wpedantic[m[K]
[6.632s]    43 |       EIGEN_MAKE_ALIGNED_OPERATOR_NEW[01;35m[K;[m[K
[6.632s]       |                                      [01;35m[K^[m[K
[6.632s]       |                                      [31m[K-[m[K
[6.956s] In file included from [01m[K/home/orb/ORB_SLAM3/Thirdparty/g2o/g2o/types/types_six_dof_expmap.h:37[m[K,
[6.956s]                  from [01m[K/home/orb/ORB_SLAM3/include/Converter.h:26[m[K,
[6.956s]                  from [01m[K/home/orb/ORB_SLAM3/include/Frame.h:33[m[K,
[6.956s]                  from [01m[K/home/orb/ORB_SLAM3/include/KeyFrame.h:28[m[K,
[6.957s]                  from [01m[K/home/orb/ORB_SLAM3/include/MapPoint.h:23[m[K,
[6.957s]                  from [01m[K/root/colcon_ws/src/orb_slam3_ros2_wrapper/include/orb_slam3_ros2_wrapper/type_conversion.hpp:26[m[K,
[6.957s]                  from [01m[K/root/colcon_ws/src/orb_slam3_ros2_wrapper/src/rgbd/rgbd-slam-node.hpp:35[m[K,
[6.957s]                  from [01m[K/root/colcon_ws/src/orb_slam3_ros2_wrapper/src/rgbd/rgbd-slam-node.cpp:6[m[K:
[6.957s] /home/orb/ORB_SLAM3/Thirdparty/g2o/g2o/types/../core/base_vertex.h: In instantiation of ‘[01m[Kclass g2o::BaseVertex<3, Eigen::Matrix<double, 3, 1> >[m[K’:
[6.957s] [01m[K/home/orb/ORB_SLAM3/Thirdparty/g2o/g2o/types/types_sba.h:40:35:[m[K   required from here
[6.957s] [01m[K/home/orb/ORB_SLAM3/Thirdparty/g2o/g2o/types/../core/base_vertex.h:62:72:[m[K [01;35m[Kwarning: [m[K‘[01m[KEigen::AlignedBit[m[K’ is deprecated [[01;35m[K-Wdeprecated-declarations[m[K]
[6.957s]    62 |     typedef Eigen::Map<Matrix<double, D, D>, Matrix<double,D,D>::[01;35m[KFlags & AlignedBit[m[K ? Aligned : Unaligned >  HessianBlockType;
[6.957s]       |                                                                  [01;35m[K~~~~~~^~~~~~~~~~~~[m[K
[6.957s] In file included from [01m[K/usr/include/eigen3/Eigen/Core:161[m[K,
[6.957s]                  from [01m[K/root/colcon_ws/src/orb_slam3_ros2_wrapper/include/orb_slam3_ros2_wrapper/type_conversion.hpp:10[m[K,
[6.957s]                  from [01m[K/root/colcon_ws/src/orb_slam3_ros2_wrapper/src/rgbd/rgbd-slam-node.hpp:35[m[K,
[6.957s]                  from [01m[K/root/colcon_ws/src/orb_slam3_ros2_wrapper/src/rgbd/rgbd-slam-node.cpp:6[m[K:
[6.957s] [01m[K/usr/include/eigen3/Eigen/src/Core/util/Constants.h:167:37:[m[K [01;36m[Knote: [m[Kdeclared here
[6.958s]   167 | EIGEN_DEPRECATED const unsigned int [01;36m[KAlignedBit[m[K = 0x80;
[6.958s]       |                                     [01;36m[K^~~~~~~~~~[m[K
[6.993s] In file included from [01m[K/home/orb/ORB_SLAM3/Thirdparty/g2o/g2o/types/types_six_dof_expmap.h:37[m[K,
[6.993s]                  from [01m[K/home/orb/ORB_SLAM3/include/Converter.h:26[m[K,
[6.993s]                  from [01m[K/home/orb/ORB_SLAM3/include/Frame.h:33[m[K,
[6.993s]                  from [01m[K/home/orb/ORB_SLAM3/include/KeyFrame.h:28[m[K,
[6.993s]                  from [01m[K/home/orb/ORB_SLAM3/include/MapPoint.h:23[m[K,
[6.993s]                  from [01m[K/root/colcon_ws/src/orb_slam3_ros2_wrapper/include/orb_slam3_ros2_wrapper/type_conversion.hpp:26[m[K,
[6.993s]                  from [01m[K/root/colcon_ws/src/orb_slam3_ros2_wrapper/src/rgbd/rgbd-slam-node.hpp:35[m[K,
[6.993s]                  from [01m[K/root/colcon_ws/src/orb_slam3_ros2_wrapper/src/rgbd/rgbd-slam-node.cpp:6[m[K:
[6.994s] /home/orb/ORB_SLAM3/Thirdparty/g2o/g2o/types/../core/base_vertex.h: In instantiation of ‘[01m[Kclass g2o::BaseVertex<6, g2o::SE3Quat>[m[K’:
[6.994s] [01m[K/home/orb/ORB_SLAM3/Thirdparty/g2o/g2o/types/types_six_dof_expmap.h:59:33:[m[K   required from here
[6.994s] [01m[K/home/orb/ORB_SLAM3/Thirdparty/g2o/g2o/types/../core/base_vertex.h:62:72:[m[K [01;35m[Kwarning: [m[K‘[01m[KEigen::AlignedBit[m[K’ is deprecated [[01;35m[K-Wdeprecated-declarations[m[K]
[6.994s]    62 |     typedef Eigen::Map<Matrix<double, D, D>, Matrix<double,D,D>::[01;35m[KFlags & AlignedBit[m[K ? Aligned : Unaligned >  HessianBlockType;
[6.994s]       |                                                                  [01;35m[K~~~~~~^~~~~~~~~~~~[m[K
[6.994s] In file included from [01m[K/usr/include/eigen3/Eigen/Core:161[m[K,
[6.994s]                  from [01m[K/root/colcon_ws/src/orb_slam3_ros2_wrapper/include/orb_slam3_ros2_wrapper/type_conversion.hpp:10[m[K,
[6.994s]                  from [01m[K/root/colcon_ws/src/orb_slam3_ros2_wrapper/src/rgbd/rgbd-slam-node.hpp:35[m[K,
[6.994s]                  from [01m[K/root/colcon_ws/src/orb_slam3_ros2_wrapper/src/rgbd/rgbd-slam-node.cpp:6[m[K:
[6.994s] [01m[K/usr/include/eigen3/Eigen/src/Core/util/Constants.h:167:37:[m[K [01;36m[Knote: [m[Kdeclared here
[6.994s]   167 | EIGEN_DEPRECATED const unsigned int [01;36m[KAlignedBit[m[K = 0x80;
[6.994s]       |                                     [01;36m[K^~~~~~~~~~[m[K
[7.030s] In file included from [01m[K/home/orb/ORB_SLAM3/Thirdparty/g2o/g2o/types/types_six_dof_expmap.h:38[m[K,
[7.030s]                  from [01m[K/home/orb/ORB_SLAM3/include/Converter.h:26[m[K,
[7.031s]                  from [01m[K/home/orb/ORB_SLAM3/include/Frame.h:33[m[K,
[7.031s]                  from [01m[K/home/orb/ORB_SLAM3/include/KeyFrame.h:28[m[K,
[7.031s]                  from [01m[K/home/orb/ORB_SLAM3/include/MapPoint.h:23[m[K,
[7.031s]                  from [01m[K/root/colcon_ws/src/orb_slam3_ros2_wrapper/include/orb_slam3_ros2_wrapper/type_conversion.hpp:26[m[K,
[7.031s]                  from [01m[K/root/colcon_ws/src/orb_slam3_ros2_wrapper/src/rgbd/rgbd-slam-node.hpp:35[m[K,
[7.031s]                  from [01m[K/root/colcon_ws/src/orb_slam3_ros2_wrapper/src/rgbd/rgbd-slam-node.cpp:6[m[K:
[7.031s] /home/orb/ORB_SLAM3/Thirdparty/g2o/g2o/types/../core/base_binary_edge.h: In instantiation of ‘[01m[Kclass g2o::BaseBinaryEdge<6, g2o::SE3Quat, g2o::VertexSE3Expmap, g2o::VertexSE3Expmap>[m[K’:
[7.031s] [01m[K/home/orb/ORB_SLAM3/Thirdparty/g2o/g2o/types/types_six_dof_expmap.h:83:24:[m[K   required from here
[7.031s] [01m[K/home/orb/ORB_SLAM3/Thirdparty/g2o/g2o/types/../core/base_binary_edge.h:59:80:[m[K [01;35m[Kwarning: [m[K‘[01m[KEigen::AlignedBit[m[K’ is deprecated [[01;35m[K-Wdeprecated-declarations[m[K]
[7.031s]    59 |       typedef Eigen::Map<Matrix<double, Di, Dj>, Matrix<double, Di, Dj>::[01;35m[KFlags & AlignedBit[m[K ? Aligned : Unaligned > HessianBlockType;
[7.031s]       |                                                                          [01;35m[K~~~~~~^~~~~~~~~~~~[m[K
[7.031s] In file included from [01m[K/usr/include/eigen3/Eigen/Core:161[m[K,
[7.031s]                  from [01m[K/root/colcon_ws/src/orb_slam3_ros2_wrapper/include/orb_slam3_ros2_wrapper/type_conversion.hpp:10[m[K,
[7.031s]                  from [01m[K/root/colcon_ws/src/orb_slam3_ros2_wrapper/src/rgbd/rgbd-slam-node.hpp:35[m[K,
[7.031s]                  from [01m[K/root/colcon_ws/src/orb_slam3_ros2_wrapper/src/rgbd/rgbd-slam-node.cpp:6[m[K:
[7.031s] [01m[K/usr/include/eigen3/Eigen/src/Core/util/Constants.h:167:37:[m[K [01;36m[Knote: [m[Kdeclared here
[7.031s]   167 | EIGEN_DEPRECATED const unsigned int [01;36m[KAlignedBit[m[K = 0x80;
[7.031s]       |                                     [01;36m[K^~~~~~~~~~[m[K
[7.031s] In file included from [01m[K/home/orb/ORB_SLAM3/Thirdparty/g2o/g2o/types/types_six_dof_expmap.h:38[m[K,
[7.031s]                  from [01m[K/home/orb/ORB_SLAM3/include/Converter.h:26[m[K,
[7.031s]                  from [01m[K/home/orb/ORB_SLAM3/include/Frame.h:33[m[K,
[7.032s]                  from [01m[K/home/orb/ORB_SLAM3/include/KeyFrame.h:28[m[K,
[7.032s]                  from [01m[K/home/orb/ORB_SLAM3/include/MapPoint.h:23[m[K,
[7.032s]                  from [01m[K/root/colcon_ws/src/orb_slam3_ros2_wrapper/include/orb_slam3_ros2_wrapper/type_conversion.hpp:26[m[K,
[7.032s]                  from [01m[K/root/colcon_ws/src/orb_slam3_ros2_wrapper/src/rgbd/rgbd-slam-node.hpp:35[m[K,
[7.032s]                  from [01m[K/root/colcon_ws/src/orb_slam3_ros2_wrapper/src/rgbd/rgbd-slam-node.cpp:6[m[K:
[7.032s] [01m[K/home/orb/ORB_SLAM3/Thirdparty/g2o/g2o/types/../core/base_binary_edge.h:60:80:[m[K [01;35m[Kwarning: [m[K‘[01m[KEigen::AlignedBit[m[K’ is deprecated [[01;35m[K-Wdeprecated-declarations[m[K]
[7.032s]    60 |       typedef Eigen::Map<Matrix<double, Dj, Di>, Matrix<double, Dj, Di>::[01;35m[KFlags & AlignedBit[m[K ? Aligned : Unaligned > HessianBlockTransposedType;
[7.032s]       |                                                                          [01;35m[K~~~~~~^~~~~~~~~~~~[m[K
[7.032s] In file included from [01m[K/usr/include/eigen3/Eigen/Core:161[m[K,
[7.032s]                  from [01m[K/root/colcon_ws/src/orb_slam3_ros2_wrapper/include/orb_slam3_ros2_wrapper/type_conversion.hpp:10[m[K,
[7.032s]                  from [01m[K/root/colcon_ws/src/orb_slam3_ros2_wrapper/src/rgbd/rgbd-slam-node.hpp:35[m[K,
[7.032s]                  from [01m[K/root/colcon_ws/src/orb_slam3_ros2_wrapper/src/rgbd/rgbd-slam-node.cpp:6[m[K:
[7.032s] [01m[K/usr/include/eigen3/Eigen/src/Core/util/Constants.h:167:37:[m[K [01;36m[Knote: [m[Kdeclared here
[7.032s]   167 | EIGEN_DEPRECATED const unsigned int [01;36m[KAlignedBit[m[K = 0x80;
[7.032s]       |                                     [01;36m[K^~~~~~~~~~[m[K
[7.124s] In file included from [01m[K/home/orb/ORB_SLAM3/Thirdparty/g2o/g2o/types/types_six_dof_expmap.h:38[m[K,
[7.124s]                  from [01m[K/home/orb/ORB_SLAM3/include/Converter.h:26[m[K,
[7.124s]                  from [01m[K/home/orb/ORB_SLAM3/include/Frame.h:33[m[K,
[7.124s]                  from [01m[K/home/orb/ORB_SLAM3/include/KeyFrame.h:28[m[K,
[7.124s]                  from [01m[K/home/orb/ORB_SLAM3/include/MapPoint.h:23[m[K,
[7.124s]                  from [01m[K/root/colcon_ws/src/orb_slam3_ros2_wrapper/include/orb_slam3_ros2_wrapper/type_conversion.hpp:26[m[K,
[7.124s]                  from [01m[K/root/colcon_ws/src/orb_slam3_ros2_wrapper/src/rgbd/rgbd-slam-node.hpp:35[m[K,
[7.124s]                  from [01m[K/root/colcon_ws/src/orb_slam3_ros2_wrapper/src/rgbd/rgbd-slam-node.cpp:6[m[K:
[7.124s] /home/orb/ORB_SLAM3/Thirdparty/g2o/g2o/types/../core/base_binary_edge.h: In instantiation of ‘[01m[Kclass g2o::BaseBinaryEdge<2, Eigen::Matrix<double, 2, 1>, g2o::VertexSBAPointXYZ, g2o::VertexSE3Expmap>[m[K’:
[7.124s] [01m[K/home/orb/ORB_SLAM3/Thirdparty/g2o/g2o/types/types_six_dof_expmap.h:114:35:[m[K   required from here
[7.124s] [01m[K/home/orb/ORB_SLAM3/Thirdparty/g2o/g2o/types/../core/base_binary_edge.h:59:80:[m[K [01;35m[Kwarning: [m[K‘[01m[KEigen::AlignedBit[m[K’ is deprecated [[01;35m[K-Wdeprecated-declarations[m[K]
[7.124s]    59 |       typedef Eigen::Map<Matrix<double, Di, Dj>, Matrix<double, Di, Dj>::[01;35m[KFlags & AlignedBit[m[K ? Aligned : Unaligned > HessianBlockType;
[7.125s]       |                                                                          [01;35m[K~~~~~~^~~~~~~~~~~~[m[K
[7.125s] In file included from [01m[K/usr/include/eigen3/Eigen/Core:161[m[K,
[7.125s]                  from [01m[K/root/colcon_ws/src/orb_slam3_ros2_wrapper/include/orb_slam3_ros2_wrapper/type_conversion.hpp:10[m[K,
[7.125s]                  from [01m[K/root/colcon_ws/src/orb_slam3_ros2_wrapper/src/rgbd/rgbd-slam-node.hpp:35[m[K,
[7.125s]                  from [01m[K/root/colcon_ws/src/orb_slam3_ros2_wrapper/src/rgbd/rgbd-slam-node.cpp:6[m[K:
[7.125s] [01m[K/usr/include/eigen3/Eigen/src/Core/util/Constants.h:167:37:[m[K [01;36m[Knote: [m[Kdeclared here
[7.125s]   167 | EIGEN_DEPRECATED const unsigned int [01;36m[KAlignedBit[m[K = 0x80;
[7.125s]       |                                     [01;36m[K^~~~~~~~~~[m[K
[7.143s] In file included from [01m[K/home/orb/ORB_SLAM3/Thirdparty/g2o/g2o/types/types_six_dof_expmap.h:38[m[K,
[7.143s]                  from [01m[K/home/orb/ORB_SLAM3/include/Converter.h:26[m[K,
[7.143s]                  from [01m[K/home/orb/ORB_SLAM3/include/Frame.h:33[m[K,
[7.143s]                  from [01m[K/home/orb/ORB_SLAM3/include/KeyFrame.h:28[m[K,
[7.143s]                  from [01m[K/home/orb/ORB_SLAM3/include/MapPoint.h:23[m[K,
[7.143s]                  from [01m[K/root/colcon_ws/src/orb_slam3_ros2_wrapper/include/orb_slam3_ros2_wrapper/type_conversion.hpp:26[m[K,
[7.143s]                  from [01m[K/root/colcon_ws/src/orb_slam3_ros2_wrapper/src/rgbd/rgbd-slam-node.hpp:35[m[K,
[7.143s]                  from [01m[K/root/colcon_ws/src/orb_slam3_ros2_wrapper/src/rgbd/rgbd-slam-node.cpp:6[m[K:
[7.143s] [01m[K/home/orb/ORB_SLAM3/Thirdparty/g2o/g2o/types/../core/base_binary_edge.h:60:80:[m[K [01;35m[Kwarning: [m[K‘[01m[KEigen::AlignedBit[m[K’ is deprecated [[01;35m[K-Wdeprecated-declarations[m[K]
[7.143s]    60 |       typedef Eigen::Map<Matrix<double, Dj, Di>, Matrix<double, Dj, Di>::[01;35m[KFlags & AlignedBit[m[K ? Aligned : Unaligned > HessianBlockTransposedType;
[7.143s]       |                                                                          [01;35m[K~~~~~~^~~~~~~~~~~~[m[K
[7.143s] In file included from [01m[K/usr/include/eigen3/Eigen/Core:161[m[K,
[7.143s]                  from [01m[K/root/colcon_ws/src/orb_slam3_ros2_wrapper/include/orb_slam3_ros2_wrapper/type_conversion.hpp:10[m[K,
[7.143s]                  from [01m[K/root/colcon_ws/src/orb_slam3_ros2_wrapper/src/rgbd/rgbd-slam-node.hpp:35[m[K,
[7.143s]                  from [01m[K/root/colcon_ws/src/orb_slam3_ros2_wrapper/src/rgbd/rgbd-slam-node.cpp:6[m[K:
[7.143s] [01m[K/usr/include/eigen3/Eigen/src/Core/util/Constants.h:167:37:[m[K [01;36m[Knote: [m[Kdeclared here
[7.143s]   167 | EIGEN_DEPRECATED const unsigned int [01;36m[KAlignedBit[m[K = 0x80;
[7.144s]       |                                     [01;36m[K^~~~~~~~~~[m[K
[7.223s] In file included from [01m[K/home/orb/ORB_SLAM3/Thirdparty/g2o/g2o/types/types_six_dof_expmap.h:38[m[K,
[7.223s]                  from [01m[K/home/orb/ORB_SLAM3/include/Converter.h:26[m[K,
[7.223s]                  from [01m[K/home/orb/ORB_SLAM3/include/Frame.h:33[m[K,
[7.223s]                  from [01m[K/home/orb/ORB_SLAM3/include/KeyFrame.h:28[m[K,
[7.223s]                  from [01m[K/home/orb/ORB_SLAM3/include/MapPoint.h:23[m[K,
[7.223s]                  from [01m[K/root/colcon_ws/src/orb_slam3_ros2_wrapper/include/orb_slam3_ros2_wrapper/type_conversion.hpp:26[m[K,
[7.223s]                  from [01m[K/root/colcon_ws/src/orb_slam3_ros2_wrapper/src/rgbd/rgbd-slam-node.hpp:35[m[K,
[7.223s]                  from [01m[K/root/colcon_ws/src/orb_slam3_ros2_wrapper/src/rgbd/rgbd-slam-node.cpp:6[m[K:
[7.223s] /home/orb/ORB_SLAM3/Thirdparty/g2o/g2o/types/../core/base_binary_edge.h: In instantiation of ‘[01m[Kclass g2o::BaseBinaryEdge<3, Eigen::Matrix<double, 3, 1>, g2o::VertexSBAPointXYZ, g2o::VertexSE3Expmap>[m[K’:
[7.223s] [01m[K/home/orb/ORB_SLAM3/Thirdparty/g2o/g2o/types/types_six_dof_expmap.h:146:41:[m[K   required from here
[7.223s] [01m[K/home/orb/ORB_SLAM3/Thirdparty/g2o/g2o/types/../core/base_binary_edge.h:59:80:[m[K [01;35m[Kwarning: [m[K‘[01m[KEigen::AlignedBit[m[K’ is deprecated [[01;35m[K-Wdeprecated-declarations[m[K]
[7.223s]    59 |       typedef Eigen::Map<Matrix<double, Di, Dj>, Matrix<double, Di, Dj>::[01;35m[KFlags & AlignedBit[m[K ? Aligned : Unaligned > HessianBlockType;
[7.223s]       |                                                                          [01;35m[K~~~~~~^~~~~~~~~~~~[m[K
[7.223s] In file included from [01m[K/usr/include/eigen3/Eigen/Core:161[m[K,
[7.223s]                  from [01m[K/root/colcon_ws/src/orb_slam3_ros2_wrapper/include/orb_slam3_ros2_wrapper/type_conversion.hpp:10[m[K,
[7.223s]                  from [01m[K/root/colcon_ws/src/orb_slam3_ros2_wrapper/src/rgbd/rgbd-slam-node.hpp:35[m[K,
[7.223s]                  from [01m[K/root/colcon_ws/src/orb_slam3_ros2_wrapper/src/rgbd/rgbd-slam-node.cpp:6[m[K:
[7.223s] [01m[K/usr/include/eigen3/Eigen/src/Core/util/Constants.h:167:37:[m[K [01;36m[Knote: [m[Kdeclared here
[7.224s]   167 | EIGEN_DEPRECATED const unsigned int [01;36m[KAlignedBit[m[K = 0x80;
[7.224s]       |                                     [01;36m[K^~~~~~~~~~[m[K
[7.224s] In file included from [01m[K/home/orb/ORB_SLAM3/Thirdparty/g2o/g2o/types/types_six_dof_expmap.h:38[m[K,
[7.224s]                  from [01m[K/home/orb/ORB_SLAM3/include/Converter.h:26[m[K,
[7.224s]                  from [01m[K/home/orb/ORB_SLAM3/include/Frame.h:33[m[K,
[7.224s]                  from [01m[K/home/orb/ORB_SLAM3/include/KeyFrame.h:28[m[K,
[7.224s]                  from [01m[K/home/orb/ORB_SLAM3/include/MapPoint.h:23[m[K,
[7.224s]                  from [01m[K/root/colcon_ws/src/orb_slam3_ros2_wrapper/include/orb_slam3_ros2_wrapper/type_conversion.hpp:26[m[K,
[7.224s]                  from [01m[K/root/colcon_ws/src/orb_slam3_ros2_wrapper/src/rgbd/rgbd-slam-node.hpp:35[m[K,
[7.224s]                  from [01m[K/root/colcon_ws/src/orb_slam3_ros2_wrapper/src/rgbd/rgbd-slam-node.cpp:6[m[K:
[7.224s] [01m[K/home/orb/ORB_SLAM3/Thirdparty/g2o/g2o/types/../core/base_binary_edge.h:60:80:[m[K [01;35m[Kwarning: [m[K‘[01m[KEigen::AlignedBit[m[K’ is deprecated [[01;35m[K-Wdeprecated-declarations[m[K]
[7.224s]    60 |       typedef Eigen::Map<Matrix<double, Dj, Di>, Matrix<double, Dj, Di>::[01;35m[KFlags & AlignedBit[m[K ? Aligned : Unaligned > HessianBlockTransposedType;
[7.224s]       |                                                                          [01;35m[K~~~~~~^~~~~~~~~~~~[m[K
[7.224s] In file included from [01m[K/usr/include/eigen3/Eigen/Core:161[m[K,
[7.224s]                  from [01m[K/root/colcon_ws/src/orb_slam3_ros2_wrapper/include/orb_slam3_ros2_wrapper/type_conversion.hpp:10[m[K,
[7.224s]                  from [01m[K/root/colcon_ws/src/orb_slam3_ros2_wrapper/src/rgbd/rgbd-slam-node.hpp:35[m[K,
[7.224s]                  from [01m[K/root/colcon_ws/src/orb_slam3_ros2_wrapper/src/rgbd/rgbd-slam-node.cpp:6[m[K:
[7.224s] [01m[K/usr/include/eigen3/Eigen/src/Core/util/Constants.h:167:37:[m[K [01;36m[Knote: [m[Kdeclared here
[7.224s]   167 | EIGEN_DEPRECATED const unsigned int [01;36m[KAlignedBit[m[K = 0x80;
[7.224s]       |                                     [01;36m[K^~~~~~~~~~[m[K
[7.497s] In file included from [01m[K/home/orb/ORB_SLAM3/Thirdparty/g2o/g2o/types/types_six_dof_expmap.h:37[m[K,
[7.497s]                  from [01m[K/home/orb/ORB_SLAM3/include/Converter.h:26[m[K,
[7.497s]                  from [01m[K/home/orb/ORB_SLAM3/include/Frame.h:33[m[K,
[7.497s]                  from [01m[K/home/orb/ORB_SLAM3/include/KeyFrame.h:28[m[K,
[7.497s]                  from [01m[K/home/orb/ORB_SLAM3/include/MapPoint.h:23[m[K,
[7.497s]                  from [01m[K/root/colcon_ws/src/orb_slam3_ros2_wrapper/include/orb_slam3_ros2_wrapper/type_conversion.hpp:26[m[K,
[7.497s]                  from [01m[K/root/colcon_ws/src/orb_slam3_ros2_wrapper/src/rgbd/rgbd-slam-node.hpp:35[m[K,
[7.497s]                  from [01m[K/root/colcon_ws/src/orb_slam3_ros2_wrapper/src/rgbd/rgbd-slam-node.cpp:6[m[K:
[7.498s] /home/orb/ORB_SLAM3/Thirdparty/g2o/g2o/types/../core/base_vertex.h: In instantiation of ‘[01m[Kclass g2o::BaseVertex<7, g2o::Sim3>[m[K’:
[7.498s] [01m[K/home/orb/ORB_SLAM3/Thirdparty/g2o/g2o/types/types_seven_dof_expmap.h:48:35:[m[K   required from here
[7.498s] [01m[K/home/orb/ORB_SLAM3/Thirdparty/g2o/g2o/types/../core/base_vertex.h:62:72:[m[K [01;35m[Kwarning: [m[K‘[01m[KEigen::AlignedBit[m[K’ is deprecated [[01;35m[K-Wdeprecated-declarations[m[K]
[7.498s]    62 |     typedef Eigen::Map<Matrix<double, D, D>, Matrix<double,D,D>::[01;35m[KFlags & AlignedBit[m[K ? Aligned : Unaligned >  HessianBlockType;
[7.498s]       |                                                                  [01;35m[K~~~~~~^~~~~~~~~~~~[m[K
[7.498s] In file included from [01m[K/usr/include/eigen3/Eigen/Core:161[m[K,
[7.498s]                  from [01m[K/root/colcon_ws/src/orb_slam3_ros2_wrapper/include/orb_slam3_ros2_wrapper/type_conversion.hpp:10[m[K,
[7.498s]                  from [01m[K/root/colcon_ws/src/orb_slam3_ros2_wrapper/src/rgbd/rgbd-slam-node.hpp:35[m[K,
[7.498s]                  from [01m[K/root/colcon_ws/src/orb_slam3_ros2_wrapper/src/rgbd/rgbd-slam-node.cpp:6[m[K:
[7.498s] [01m[K/usr/include/eigen3/Eigen/src/Core/util/Constants.h:167:37:[m[K [01;36m[Knote: [m[Kdeclared here
[7.498s]   167 | EIGEN_DEPRECATED const unsigned int [01;36m[KAlignedBit[m[K = 0x80;
[7.498s]       |                                     [01;36m[K^~~~~~~~~~[m[K
[7.537s] In file included from [01m[K/home/orb/ORB_SLAM3/Thirdparty/g2o/g2o/types/types_six_dof_expmap.h:38[m[K,
[7.537s]                  from [01m[K/home/orb/ORB_SLAM3/include/Converter.h:26[m[K,
[7.537s]                  from [01m[K/home/orb/ORB_SLAM3/include/Frame.h:33[m[K,
[7.538s]                  from [01m[K/home/orb/ORB_SLAM3/include/KeyFrame.h:28[m[K,
[7.538s]                  from [01m[K/home/orb/ORB_SLAM3/include/MapPoint.h:23[m[K,
[7.538s]                  from [01m[K/root/colcon_ws/src/orb_slam3_ros2_wrapper/include/orb_slam3_ros2_wrapper/type_conversion.hpp:26[m[K,
[7.538s]                  from [01m[K/root/colcon_ws/src/orb_slam3_ros2_wrapper/src/rgbd/rgbd-slam-node.hpp:35[m[K,
[7.538s]                  from [01m[K/root/colcon_ws/src/orb_slam3_ros2_wrapper/src/rgbd/rgbd-slam-node.cpp:6[m[K:
[7.538s] /home/orb/ORB_SLAM3/Thirdparty/g2o/g2o/types/../core/base_binary_edge.h: In instantiation of ‘[01m[Kclass g2o::BaseBinaryEdge<7, g2o::Sim3, g2o::VertexSim3Expmap, g2o::VertexSim3Expmap>[m[K’:
[7.538s] [01m[K/home/orb/ORB_SLAM3/Thirdparty/g2o/g2o/types/types_seven_dof_expmap.h:99:27:[m[K   required from here
[7.538s] [01m[K/home/orb/ORB_SLAM3/Thirdparty/g2o/g2o/types/../core/base_binary_edge.h:59:80:[m[K [01;35m[Kwarning: [m[K‘[01m[KEigen::AlignedBit[m[K’ is deprecated [[01;35m[K-Wdeprecated-declarations[m[K]
[7.538s]    59 |       typedef Eigen::Map<Matrix<double, Di, Dj>, Matrix<double, Di, Dj>::[01;35m[KFlags & AlignedBit[m[K ? Aligned : Unaligned > HessianBlockType;
[7.538s]       |                                                                          [01;35m[K~~~~~~^~~~~~~~~~~~[m[K
[7.538s] In file included from [01m[K/usr/include/eigen3/Eigen/Core:161[m[K,
[7.538s]                  from [01m[K/root/colcon_ws/src/orb_slam3_ros2_wrapper/include/orb_slam3_ros2_wrapper/type_conversion.hpp:10[m[K,
[7.538s]                  from [01m[K/root/colcon_ws/src/orb_slam3_ros2_wrapper/src/rgbd/rgbd-slam-node.hpp:35[m[K,
[7.538s]                  from [01m[K/root/colcon_ws/src/orb_slam3_ros2_wrapper/src/rgbd/rgbd-slam-node.cpp:6[m[K:
[7.538s] [01m[K/usr/include/eigen3/Eigen/src/Core/util/Constants.h:167:37:[m[K [01;36m[Knote: [m[Kdeclared here
[7.538s]   167 | EIGEN_DEPRECATED const unsigned int [01;36m[KAlignedBit[m[K = 0x80;
[7.538s]       |                                     [01;36m[K^~~~~~~~~~[m[K
[7.538s] In file included from [01m[K/home/orb/ORB_SLAM3/Thirdparty/g2o/g2o/types/types_six_dof_expmap.h:38[m[K,
[7.538s]                  from [01m[K/home/orb/ORB_SLAM3/include/Converter.h:26[m[K,
[7.538s]                  from [01m[K/home/orb/ORB_SLAM3/include/Frame.h:33[m[K,
[7.539s]                  from [01m[K/home/orb/ORB_SLAM3/include/KeyFrame.h:28[m[K,
[7.539s]                  from [01m[K/home/orb/ORB_SLAM3/include/MapPoint.h:23[m[K,
[7.539s]                  from [01m[K/root/colcon_ws/src/orb_slam3_ros2_wrapper/include/orb_slam3_ros2_wrapper/type_conversion.hpp:26[m[K,
[7.539s]                  from [01m[K/root/colcon_ws/src/orb_slam3_ros2_wrapper/src/rgbd/rgbd-slam-node.hpp:35[m[K,
[7.539s]                  from [01m[K/root/colcon_ws/src/orb_slam3_ros2_wrapper/src/rgbd/rgbd-slam-node.cpp:6[m[K:
[7.539s] [01m[K/home/orb/ORB_SLAM3/Thirdparty/g2o/g2o/types/../core/base_binary_edge.h:60:80:[m[K [01;35m[Kwarning: [m[K‘[01m[KEigen::AlignedBit[m[K’ is deprecated [[01;35m[K-Wdeprecated-declarations[m[K]
[7.539s]    60 |       typedef Eigen::Map<Matrix<double, Dj, Di>, Matrix<double, Dj, Di>::[01;35m[KFlags & AlignedBit[m[K ? Aligned : Unaligned > HessianBlockTransposedType;
[7.539s]       |                                                                          [01;35m[K~~~~~~^~~~~~~~~~~~[m[K
[7.539s] In file included from [01m[K/usr/include/eigen3/Eigen/Core:161[m[K,
[7.539s]                  from [01m[K/root/colcon_ws/src/orb_slam3_ros2_wrapper/include/orb_slam3_ros2_wrapper/type_conversion.hpp:10[m[K,
[7.539s]                  from [01m[K/root/colcon_ws/src/orb_slam3_ros2_wrapper/src/rgbd/rgbd-slam-node.hpp:35[m[K,
[7.539s]                  from [01m[K/root/colcon_ws/src/orb_slam3_ros2_wrapper/src/rgbd/rgbd-slam-node.cpp:6[m[K:
[7.539s] [01m[K/usr/include/eigen3/Eigen/src/Core/util/Constants.h:167:37:[m[K [01;36m[Knote: [m[Kdeclared here
[7.539s]   167 | EIGEN_DEPRECATED const unsigned int [01;36m[KAlignedBit[m[K = 0x80;
[7.539s]       |                                     [01;36m[K^~~~~~~~~~[m[K
[7.597s] In file included from [01m[K/home/orb/ORB_SLAM3/Thirdparty/g2o/g2o/types/types_six_dof_expmap.h:38[m[K,
[7.597s]                  from [01m[K/home/orb/ORB_SLAM3/include/Converter.h:26[m[K,
[7.597s]                  from [01m[K/home/orb/ORB_SLAM3/include/Frame.h:33[m[K,
[7.597s]                  from [01m[K/home/orb/ORB_SLAM3/include/KeyFrame.h:28[m[K,
[7.597s]                  from [01m[K/home/orb/ORB_SLAM3/include/MapPoint.h:23[m[K,
[7.597s]                  from [01m[K/root/colcon_ws/src/orb_slam3_ros2_wrapper/include/orb_slam3_ros2_wrapper/type_conversion.hpp:26[m[K,
[7.598s]                  from [01m[K/root/colcon_ws/src/orb_slam3_ros2_wrapper/src/rgbd/rgbd-slam-node.hpp:35[m[K,
[7.598s]                  from [01m[K/root/colcon_ws/src/orb_slam3_ros2_wrapper/src/rgbd/rgbd-slam-node.cpp:6[m[K:
[7.598s] /home/orb/ORB_SLAM3/Thirdparty/g2o/g2o/types/../core/base_binary_edge.h: In instantiation of ‘[01m[Kclass g2o::BaseBinaryEdge<2, Eigen::Matrix<double, 2, 1>, g2o::VertexSBAPointXYZ, g2o::VertexSim3Expmap>[m[K’:
[7.598s] [01m[K/home/orb/ORB_SLAM3/Thirdparty/g2o/g2o/types/types_seven_dof_expmap.h:130:36:[m[K   required from here
[7.598s] [01m[K/home/orb/ORB_SLAM3/Thirdparty/g2o/g2o/types/../core/base_binary_edge.h:59:80:[m[K [01;35m[Kwarning: [m[K‘[01m[KEigen::AlignedBit[m[K’ is deprecated [[01;35m[K-Wdeprecated-declarations[m[K]
[7.598s]    59 |       typedef Eigen::Map<Matrix<double, Di, Dj>, Matrix<double, Di, Dj>::[01;35m[KFlags & AlignedBit[m[K ? Aligned : Unaligned > HessianBlockType;
[7.598s]       |                                                                          [01;35m[K~~~~~~^~~~~~~~~~~~[m[K
[7.598s] In file included from [01m[K/usr/include/eigen3/Eigen/Core:161[m[K,
[7.598s]                  from [01m[K/root/colcon_ws/src/orb_slam3_ros2_wrapper/include/orb_slam3_ros2_wrapper/type_conversion.hpp:10[m[K,
[7.598s]                  from [01m[K/root/colcon_ws/src/orb_slam3_ros2_wrapper/src/rgbd/rgbd-slam-node.hpp:35[m[K,
[7.598s]                  from [01m[K/root/colcon_ws/src/orb_slam3_ros2_wrapper/src/rgbd/rgbd-slam-node.cpp:6[m[K:
[7.598s] [01m[K/usr/include/eigen3/Eigen/src/Core/util/Constants.h:167:37:[m[K [01;36m[Knote: [m[Kdeclared here
[7.598s]   167 | EIGEN_DEPRECATED const unsigned int [01;36m[KAlignedBit[m[K = 0x80;
[7.598s]       |                                     [01;36m[K^~~~~~~~~~[m[K
[7.615s] In file included from [01m[K/home/orb/ORB_SLAM3/Thirdparty/g2o/g2o/types/types_six_dof_expmap.h:38[m[K,
[7.615s]                  from [01m[K/home/orb/ORB_SLAM3/include/Converter.h:26[m[K,
[7.615s]                  from [01m[K/home/orb/ORB_SLAM3/include/Frame.h:33[m[K,
[7.615s]                  from [01m[K/home/orb/ORB_SLAM3/include/KeyFrame.h:28[m[K,
[7.615s]                  from [01m[K/home/orb/ORB_SLAM3/include/MapPoint.h:23[m[K,
[7.615s]                  from [01m[K/root/colcon_ws/src/orb_slam3_ros2_wrapper/include/orb_slam3_ros2_wrapper/type_conversion.hpp:26[m[K,
[7.615s]                  from [01m[K/root/colcon_ws/src/orb_slam3_ros2_wrapper/src/rgbd/rgbd-slam-node.hpp:35[m[K,
[7.615s]                  from [01m[K/root/colcon_ws/src/orb_slam3_ros2_wrapper/src/rgbd/rgbd-slam-node.cpp:6[m[K:
[7.616s] [01m[K/home/orb/ORB_SLAM3/Thirdparty/g2o/g2o/types/../core/base_binary_edge.h:60:80:[m[K [01;35m[Kwarning: [m[K‘[01m[KEigen::AlignedBit[m[K’ is deprecated [[01;35m[K-Wdeprecated-declarations[m[K]
[7.616s]    60 |       typedef Eigen::Map<Matrix<double, Dj, Di>, Matrix<double, Dj, Di>::[01;35m[KFlags & AlignedBit[m[K ? Aligned : Unaligned > HessianBlockTransposedType;
[7.616s]       |                                                                          [01;35m[K~~~~~~^~~~~~~~~~~~[m[K
[7.616s] In file included from [01m[K/usr/include/eigen3/Eigen/Core:161[m[K,
[7.616s]                  from [01m[K/root/colcon_ws/src/orb_slam3_ros2_wrapper/include/orb_slam3_ros2_wrapper/type_conversion.hpp:10[m[K,
[7.616s]                  from [01m[K/root/colcon_ws/src/orb_slam3_ros2_wrapper/src/rgbd/rgbd-slam-node.hpp:35[m[K,
[7.616s]                  from [01m[K/root/colcon_ws/src/orb_slam3_ros2_wrapper/src/rgbd/rgbd-slam-node.cpp:6[m[K:
[7.616s] [01m[K/usr/include/eigen3/Eigen/src/Core/util/Constants.h:167:37:[m[K [01;36m[Knote: [m[Kdeclared here
[7.616s]   167 | EIGEN_DEPRECATED const unsigned int [01;36m[KAlignedBit[m[K = 0x80;
[7.616s]       |                                     [01;36m[K^~~~~~~~~~[m[K
[8.971s] In file included from [01m[K/home/orb/ORB_SLAM3/include/Atlas.h:26[m[K,
[8.971s]                  from [01m[K/home/orb/ORB_SLAM3/include/FrameDrawer.h:25[m[K,
[8.972s]                  from [01m[K/home/orb/ORB_SLAM3/include/Viewer.h:23[m[K,
[8.972s]                  from [01m[K/home/orb/ORB_SLAM3/include/Tracking.h:26[m[K,
[8.972s]                  from [01m[K/home/orb/ORB_SLAM3/include/System.h:31[m[K,
[8.972s]                  from [01m[K/root/colcon_ws/src/orb_slam3_ros2_wrapper/include/orb_slam3_ros2_wrapper/orb_slam3_interface.hpp:28[m[K,
[8.972s]                  from [01m[K/root/colcon_ws/src/orb_slam3_ros2_wrapper/src/rgbd/rgbd-slam-node.hpp:36[m[K,
[8.972s]                  from [01m[K/root/colcon_ws/src/orb_slam3_ros2_wrapper/src/rgbd/rgbd-slam-node.cpp:6[m[K:
[8.972s] [01m[K/home/orb/ORB_SLAM3/include/CameraModels/Pinhole.h:[m[K In member function ‘[01m[Kvirtual bool ORB_SLAM3::Pinhole::matchAndtriangulate(const cv::KeyPoint&, const cv::KeyPoint&, ORB_SLAM3::GeometricCamera*, Sophus::SE3f&, Sophus::SE3f&, float, float, Eigen::Vector3f&)[m[K’:
[8.972s] [01m[K/home/orb/ORB_SLAM3/include/CameraModels/Pinhole.h:83:54:[m[K [01;35m[Kwarning: [m[Kunused parameter ‘[01m[Kkp1[m[K’ [[01;35m[K-Wunused-parameter[m[K]
[8.972s]    83 |         bool matchAndtriangulate([01;35m[Kconst cv::KeyPoint& kp1[m[K, const cv::KeyPoint& kp2, GeometricCamera* pOther,
[8.972s]       |                                  [01;35m[K~~~~~~~~~~~~~~~~~~~~^~~[m[K
[8.972s] [01m[K/home/orb/ORB_SLAM3/include/CameraModels/Pinhole.h:83:79:[m[K [01;35m[Kwarning: [m[Kunused parameter ‘[01m[Kkp2[m[K’ [[01;35m[K-Wunused-parameter[m[K]
[8.972s]    83 |         bool matchAndtriangulate(const cv::KeyPoint& kp1, [01;35m[Kconst cv::KeyPoint& kp2[m[K, GeometricCamera* pOther,
[8.973s]       |                                                           [01;35m[K~~~~~~~~~~~~~~~~~~~~^~~[m[K
[8.973s] [01m[K/home/orb/ORB_SLAM3/include/CameraModels/Pinhole.h:83:101:[m[K [01;35m[Kwarning: [m[Kunused parameter ‘[01m[KpOther[m[K’ [[01;35m[K-Wunused-parameter[m[K]
[8.973s]    83 | chAndtriangulate(const cv::KeyPoint& kp1, const cv::KeyPoint& kp2, [01;35m[KGeometricCamera* pOther[m[K,
[8.973s]       |                                                                    [01;35m[K~~~~~~~~~~~~~~~~~^~~~~~[m[K
[8.973s] 
[8.973s] [01m[K/home/orb/ORB_SLAM3/include/CameraModels/Pinhole.h:84:48:[m[K [01;35m[Kwarning: [m[Kunused parameter ‘[01m[KTcw1[m[K’ [[01;35m[K-Wunused-parameter[m[K]
[8.973s]    84 |                                  [01;35m[KSophus::SE3f& Tcw1[m[K, Sophus::SE3f& Tcw2,
[8.973s]       |                                  [01;35m[K~~~~~~~~~~~~~~^~~~[m[K
[8.973s] [01m[K/home/orb/ORB_SLAM3/include/CameraModels/Pinhole.h:84:68:[m[K [01;35m[Kwarning: [m[Kunused parameter ‘[01m[KTcw2[m[K’ [[01;35m[K-Wunused-parameter[m[K]
[8.973s]    84 |                                  Sophus::SE3f& Tcw1, [01;35m[KSophus::SE3f& Tcw2[m[K,
[8.973s]       |                                                      [01;35m[K~~~~~~~~~~~~~~^~~~[m[K
[8.973s] [01m[K/home/orb/ORB_SLAM3/include/CameraModels/Pinhole.h:85:46:[m[K [01;35m[Kwarning: [m[Kunused parameter ‘[01m[KsigmaLevel1[m[K’ [[01;35m[K-Wunused-parameter[m[K]
[8.973s]    85 |                                  [01;35m[Kconst float sigmaLevel1[m[K, const float sigmaLevel2,
[8.973s]       |                                  [01;35m[K~~~~~~~~~~~~^~~~~~~~~~~[m[K
[8.974s] [01m[K/home/orb/ORB_SLAM3/include/CameraModels/Pinhole.h:85:71:[m[K [01;35m[Kwarning: [m[Kunused parameter ‘[01m[KsigmaLevel2[m[K’ [[01;35m[K-Wunused-parameter[m[K]
[8.974s]    85 |                                  const float sigmaLevel1, [01;35m[Kconst float sigmaLevel2[m[K,
[8.974s]       |                                                           [01;35m[K~~~~~~~~~~~~^~~~~~~~~~~[m[K
[8.974s] [01m[K/home/orb/ORB_SLAM3/include/CameraModels/Pinhole.h:86:51:[m[K [01;35m[Kwarning: [m[Kunused parameter ‘[01m[Kx3Dtriangulated[m[K’ [[01;35m[K-Wunused-parameter[m[K]
[8.974s]    86 |                                  [01;35m[KEigen::Vector3f& x3Dtriangulated[m[K) { return false;}
[8.974s]       |                                  [01;35m[K~~~~~~~~~~~~~~~~~^~~~~~~~~~~~~~~[m[K
[8.974s] In file included from [01m[K/home/orb/ORB_SLAM3/include/Atlas.h:27[m[K,
[8.974s]                  from [01m[K/home/orb/ORB_SLAM3/include/FrameDrawer.h:25[m[K,
[8.974s]                  from [01m[K/home/orb/ORB_SLAM3/include/Viewer.h:23[m[K,
[8.974s]                  from [01m[K/home/orb/ORB_SLAM3/include/Tracking.h:26[m[K,
[8.974s]                  from [01m[K/home/orb/ORB_SLAM3/include/System.h:31[m[K,
[8.974s]                  from [01m[K/root/colcon_ws/src/orb_slam3_ros2_wrapper/include/orb_slam3_ros2_wrapper/orb_slam3_interface.hpp:28[m[K,
[8.974s]                  from [01m[K/root/colcon_ws/src/orb_slam3_ros2_wrapper/src/rgbd/rgbd-slam-node.hpp:36[m[K,
[8.974s]                  from [01m[K/root/colcon_ws/src/orb_slam3_ros2_wrapper/src/rgbd/rgbd-slam-node.cpp:6[m[K:
[8.974s] [01m[K/home/orb/ORB_SLAM3/include/CameraModels/KannalaBrandt8.h:[m[K In constructor ‘[01m[KORB_SLAM3::KannalaBrandt8::KannalaBrandt8(std::vector<float>)[m[K’:
[8.974s] [01m[K/home/orb/ORB_SLAM3/include/CameraModels/KannalaBrandt8.h:102:21:[m[K [01;35m[Kwarning: [m[K‘[01m[KORB_SLAM3::KannalaBrandt8::precision[m[K’ will be initialized after [[01;35m[K-Wreorder[m[K]
[8.974s]   102 |         const float [01;35m[Kprecision[m[K;
[8.974s]       |                     [01;35m[K^~~~~~~~~[m[K
[8.974s] [01m[K/home/orb/ORB_SLAM3/include/CameraModels/KannalaBrandt8.h:88:26:[m[K [01;35m[Kwarning: [m[K  ‘[01m[Kstd::vector<int> ORB_SLAM3::KannalaBrandt8::mvLappingArea[m[K’ [[01;35m[K-Wreorder[m[K]
[8.974s]    88 |         std::vector<int> [01;35m[KmvLappingArea[m[K;
[8.974s]       |                          [01;35m[K^~~~~~~~~~~~~[m[K
[8.975s] In file included from [01m[K/home/orb/ORB_SLAM3/include/Atlas.h:27[m[K,
[8.975s]                  from [01m[K/home/orb/ORB_SLAM3/include/FrameDrawer.h:25[m[K,
[8.975s]                  from [01m[K/home/orb/ORB_SLAM3/include/Viewer.h:23[m[K,
[8.975s]                  from [01m[K/home/orb/ORB_SLAM3/include/Tracking.h:26[m[K,
[8.975s]                  from [01m[K/home/orb/ORB_SLAM3/include/System.h:31[m[K,
[8.975s]                  from [01m[K/root/colcon_ws/src/orb_slam3_ros2_wrapper/include/orb_slam3_ros2_wrapper/orb_slam3_interface.hpp:28[m[K,
[8.975s]                  from [01m[K/root/colcon_ws/src/orb_slam3_ros2_wrapper/src/rgbd/rgbd-slam-node.hpp:36[m[K,
[8.975s]                  from [01m[K/root/colcon_ws/src/orb_slam3_ros2_wrapper/src/rgbd/rgbd-slam-node.cpp:6[m[K:
[8.975s] [01m[K/home/orb/ORB_SLAM3/include/CameraModels/KannalaBrandt8.h:47:9:[m[K [01;35m[Kwarning: [m[K  when initialized here [[01;35m[K-Wreorder[m[K]
[8.975s]    47 |         [01;35m[KKannalaBrandt8[m[K(const std::vector<float> _vParameters) : GeometricCamera(_vParameters), precision(1e-6), mvLappingArea(2,0) ,tvr(nullptr) {
[8.975s]       |         [01;35m[K^~~~~~~~~~~~~~[m[K
[8.975s] In file included from [01m[K/home/orb/ORB_SLAM3/include/Atlas.h:27[m[K,
[8.975s]                  from [01m[K/home/orb/ORB_SLAM3/include/FrameDrawer.h:25[m[K,
[8.975s]                  from [01m[K/home/orb/ORB_SLAM3/include/Viewer.h:23[m[K,
[8.975s]                  from [01m[K/home/orb/ORB_SLAM3/include/Tracking.h:26[m[K,
[8.975s]                  from [01m[K/home/orb/ORB_SLAM3/include/System.h:31[m[K,
[8.975s]                  from [01m[K/root/colcon_ws/src/orb_slam3_ros2_wrapper/include/orb_slam3_ros2_wrapper/orb_slam3_interface.hpp:28[m[K,
[8.975s]                  from [01m[K/root/colcon_ws/src/orb_slam3_ros2_wrapper/src/rgbd/rgbd-slam-node.hpp:36[m[K,
[8.975s]                  from [01m[K/root/colcon_ws/src/orb_slam3_ros2_wrapper/src/rgbd/rgbd-slam-node.cpp:6[m[K:
[8.975s] [01m[K/home/orb/ORB_SLAM3/include/CameraModels/KannalaBrandt8.h:[m[K In constructor ‘[01m[KORB_SLAM3::KannalaBrandt8::KannalaBrandt8(std::vector<float>, float)[m[K’:
[8.976s] [01m[K/home/orb/ORB_SLAM3/include/CameraModels/KannalaBrandt8.h:102:21:[m[K [01;35m[Kwarning: [m[K‘[01m[KORB_SLAM3::KannalaBrandt8::precision[m[K’ will be initialized after [[01;35m[K-Wreorder[m[K]
[8.976s]   102 |         const float [01;35m[Kprecision[m[K;
[8.976s]       |                     [01;35m[K^~~~~~~~~[m[K
[8.976s] [01m[K/home/orb/ORB_SLAM3/include/CameraModels/KannalaBrandt8.h:88:26:[m[K [01;35m[Kwarning: [m[K  ‘[01m[Kstd::vector<int> ORB_SLAM3::KannalaBrandt8::mvLappingArea[m[K’ [[01;35m[K-Wreorder[m[K]
[8.976s]    88 |         std::vector<int> [01;35m[KmvLappingArea[m[K;
[8.976s]       |                          [01;35m[K^~~~~~~~~~~~~[m[K
[8.976s] [01m[K/home/orb/ORB_SLAM3/include/CameraModels/KannalaBrandt8.h:53:9:[m[K [01;35m[Kwarning: [m[K  when initialized here [[01;35m[K-Wreorder[m[K]
[8.976s]    53 |         [01;35m[KKannalaBrandt8[m[K(const std::vector<float> _vParameters, const float _precision) : GeometricCamera(_vParameters),
[8.976s]       |         [01;35m[K^~~~~~~~~~~~~~[m[K
[8.976s] [01m[K/home/orb/ORB_SLAM3/include/CameraModels/KannalaBrandt8.h:[m[K In constructor ‘[01m[KORB_SLAM3::KannalaBrandt8::KannalaBrandt8(ORB_SLAM3::KannalaBrandt8*)[m[K’:
[8.976s] [01m[K/home/orb/ORB_SLAM3/include/CameraModels/KannalaBrandt8.h:102:21:[m[K [01;35m[Kwarning: [m[K‘[01m[KORB_SLAM3::KannalaBrandt8::precision[m[K’ will be initialized after [[01;35m[K-Wreorder[m[K]
[8.976s]   102 |         const float [01;35m[Kprecision[m[K;
[8.976s]       |                     [01;35m[K^~~~~~~~~[m[K
[8.976s] [01m[K/home/orb/ORB_SLAM3/include/CameraModels/KannalaBrandt8.h:88:26:[m[K [01;35m[Kwarning: [m[K  ‘[01m[Kstd::vector<int> ORB_SLAM3::KannalaBrandt8::mvLappingArea[m[K’ [[01;35m[K-Wreorder[m[K]
[8.976s]    88 |         std::vector<int> [01;35m[KmvLappingArea[m[K;
[8.976s]       |                          [01;35m[K^~~~~~~~~~~~~[m[K
[8.976s] [01m[K/home/orb/ORB_SLAM3/include/CameraModels/KannalaBrandt8.h:59:9:[m[K [01;35m[Kwarning: [m[K  when initialized here [[01;35m[K-Wreorder[m[K]
[8.976s]    59 |         [01;35m[KKannalaBrandt8[m[K(KannalaBrandt8* pKannala) : GeometricCamera(pKannala->mvParameters), precision(pKannala->precision), mvLappingArea(2,0) ,tvr(nullptr) {
[8.976s]       |         [01;35m[K^~~~~~~~~~~~~~[m[K
[9.570s] [01m[K/root/colcon_ws/src/orb_slam3_ros2_wrapper/src/rgbd/rgbd-slam-node.cpp:[m[K In constructor ‘[01m[KORB_SLAM3_Wrapper::RgbdSlamNode::RgbdSlamNode(const string&, const string&, ORB_SLAM3::System::eSensor)[m[K’:
[9.570s] [01m[K/root/colcon_ws/src/orb_slam3_ros2_wrapper/src/rgbd/rgbd-slam-node.cpp:37:142:[m[K [01;31m[Kerror: [m[K‘[01m[KcameraPoseCallback[m[K’ is not a member of ‘[01m[KORB_SLAM3_Wrapper::RgbdSlamNode[m[K’
[9.570s]    37 | _msgs::msg::PoseStamped>("/orb_slam3/camera_pose", 10, std::bind(&RgbdSlamNode::[01;31m[KcameraPoseCallback[m[K, this, std::placeholders::_1));
[9.570s]       |                                                                                 [01;31m[K^~~~~~~~~~~~~~~~~~[m[K
[9.570s] 
[9.629s] [01m[K/root/colcon_ws/src/orb_slam3_ros2_wrapper/src/rgbd/rgbd-slam-node.cpp:[m[K In member function ‘[01m[Kvoid ORB_SLAM3_Wrapper::RgbdSlamNode::getMapServer(std::shared_ptr<rmw_request_id_s>, std::shared_ptr<slam_msgs::srv::GetMap_Request_<std::allocator<void> > >, std::shared_ptr<slam_msgs::srv::GetMap_Response_<std::allocator<void> > >)[m[K’:
[9.629s] [01m[K/root/colcon_ws/src/orb_slam3_ros2_wrapper/src/rgbd/rgbd-slam-node.cpp:199:71:[m[K [01;35m[Kwarning: [m[Kunused parameter ‘[01m[Krequest_header[m[K’ [[01;35m[K-Wunused-parameter[m[K]
[9.629s]   199 |     void RgbdSlamNode::getMapServer([01;35m[Kstd::shared_ptr<rmw_request_id_t> request_header[m[K,
[9.629s]       |                                     [01;35m[K~~~~~~~~~~~~~~~~~~~~~~~~~~~~~~~~~~^~~~~~~~~~~~~~[m[K
[9.660s] [01m[K/root/colcon_ws/src/orb_slam3_ros2_wrapper/src/rgbd/rgbd-slam-node.cpp:[m[K At global scope:
[9.660s] [01m[K/root/colcon_ws/src/orb_slam3_ros2_wrapper/src/rgbd/rgbd-slam-node.cpp:245:10:[m[K [01;31m[Kerror: [m[Kno declaration matches ‘[01m[Kvoid ORB_SLAM3_Wrapper::RgbdSlamNode::cameraPoseCallback(geometry_msgs::msg::PoseStamped_<std::allocator<void> >::SharedPtr)[m[K’
[9.661s]   245 |     void [01;31m[KRgbdSlamNode[m[K::cameraPoseCallback(const geometry_msgs::msg::PoseStamped::SharedPtr msg)
[9.661s]       |          [01;31m[K^~~~~~~~~~~~[m[K
[9.661s] [01m[K/root/colcon_ws/src/orb_slam3_ros2_wrapper/src/rgbd/rgbd-slam-node.cpp:245:10:[m[K [01;36m[Knote: [m[Kno functions named ‘[01m[Kvoid ORB_SLAM3_Wrapper::RgbdSlamNode::cameraPoseCallback(geometry_msgs::msg::PoseStamped_<std::allocator<void> >::SharedPtr)[m[K’
[9.661s] In file included from [01m[K/root/colcon_ws/src/orb_slam3_ros2_wrapper/src/rgbd/rgbd-slam-node.cpp:6[m[K:
[9.661s] [01m[K/root/colcon_ws/src/orb_slam3_ros2_wrapper/src/rgbd/rgbd-slam-node.hpp:43:11:[m[K [01;36m[Knote: [m[K‘[01m[Kclass ORB_SLAM3_Wrapper::RgbdSlamNode[m[K’ defined here
[9.661s]    43 |     class [01;36m[KRgbdSlamNode[m[K : public rclcpp::Node
[9.661s]       |           [01;36m[K^~~~~~~~~~~~[m[K
[31.414s] gmake[2]: *** [CMakeFiles/rgbd.dir/build.make:104: CMakeFiles/rgbd.dir/src/rgbd/rgbd-slam-node.cpp.o] Error 1
[31.415s] gmake[1]: *** [CMakeFiles/Makefile2:137: CMakeFiles/rgbd.dir/all] Error 2
[31.415s] gmake: *** [Makefile:146: all] Error 2
[31.419s] Invoked command in '/root/colcon_ws/build/orb_slam3_ros2_wrapper' returned '2': CMAKE_PREFIX_PATH=/root/colcon_ws/install/slam_msgs:/root/colcon_ws/install/trajectory_comparison:/root/colcon_ws/install/orb_slam3_ros2_wrapper:/root/colcon_ws/install/trajectory_publisher:/root/colcon_ws/install/trajectory_comparer:/opt/ros/humble /usr/bin/cmake --build /root/colcon_ws/build/orb_slam3_ros2_wrapper -- -j8 -l8
