[0.029s] Invoking command in '/root/colcon_ws/build/slam_msgs': CMAKE_PREFIX_PATH=${CMAKE_PREFIX_PATH}:/root/colcon_ws/install/trajectory_publisher:/root/colcon_ws/install/trajectory_comparer:/opt/ros/humble /usr/bin/cmake --build /root/colcon_ws/build/slam_msgs -- -j8 -l8
[0.126s] [  1%] Built target slam_msgs__cpp
[0.137s] [ 12%] Built target slam_msgs__rosidl_generator_c
[0.148s] [ 12%] Built target ament_cmake_python_symlink_slam_msgs
[0.201s] [ 23%] Built target slam_msgs__rosidl_typesupport_cpp
[0.223s] [ 34%] Built target slam_msgs__rosidl_typesupport_c
[0.238s] [ 47%] Built target slam_msgs__rosidl_typesupport_fastrtps_cpp
[0.243s] [ 56%] Built target slam_msgs__rosidl_typesupport_introspection_cpp
[0.254s] [ 67%] Built target slam_msgs__rosidl_typesupport_fastrtps_c
[0.262s] [ 78%] Built target slam_msgs__rosidl_typesupport_introspection_c
[0.319s] [ 78%] Built target slam_msgs
[0.369s] [ 80%] Built target slam_msgs__py
[0.415s] [ 89%] Built target slam_msgs__rosidl_generator_py
[0.458s] [ 92%] Built target slam_msgs__rosidl_typesupport_introspection_c__pyext
[0.461s] [ 96%] Built target slam_msgs__rosidl_typesupport_c__pyext
[0.463s] [100%] Built target slam_msgs__rosidl_typesupport_fastrtps_c__pyext
[0.626s] running egg_info
[0.627s] writing slam_msgs.egg-info/PKG-INFO
[0.627s] writing dependency_links to slam_msgs.egg-info/dependency_links.txt
[0.628s] writing top-level names to slam_msgs.egg-info/top_level.txt
[0.634s] reading manifest file 'slam_msgs.egg-info/SOURCES.txt'
[0.636s] writing manifest file 'slam_msgs.egg-info/SOURCES.txt'
[0.706s] [100%] Built target ament_cmake_python_build_slam_msgs_egg
[0.724s] Invoked command in '/root/colcon_ws/build/slam_msgs' returned '0': CMAKE_PREFIX_PATH=${CMAKE_PREFIX_PATH}:/root/colcon_ws/install/trajectory_publisher:/root/colcon_ws/install/trajectory_comparer:/opt/ros/humble /usr/bin/cmake --build /root/colcon_ws/build/slam_msgs -- -j8 -l8
[0.877s] Invoking command in '/root/colcon_ws/build/slam_msgs': CMAKE_PREFIX_PATH=${CMAKE_PREFIX_PATH}:/root/colcon_ws/install/trajectory_publisher:/root/colcon_ws/install/trajectory_comparer:/opt/ros/humble /usr/bin/cmake --install /root/colcon_ws/build/slam_msgs
[0.888s] -- Install configuration: ""
[0.889s] -- Execute custom install script
[0.890s] -- Up-to-date symlink: /root/colcon_ws/install/slam_msgs/share/ament_index/resource_index/rosidl_interfaces/slam_msgs
[0.892s] -- Up-to-date symlink: /root/colcon_ws/install/slam_msgs/include/slam_msgs/slam_msgs/msg/detail/key_frame__functions.h
[0.892s] -- Up-to-date symlink: /root/colcon_ws/install/slam_msgs/include/slam_msgs/slam_msgs/msg/detail/key_frame__struct.h
[0.893s] -- Up-to-date symlink: /root/colcon_ws/install/slam_msgs/include/slam_msgs/slam_msgs/msg/detail/key_frame__type_support.h
[0.893s] -- Up-to-date symlink: /root/colcon_ws/install/slam_msgs/include/slam_msgs/slam_msgs/msg/detail/map_data__functions.h
[0.893s] -- Up-to-date symlink: /root/colcon_ws/install/slam_msgs/include/slam_msgs/slam_msgs/msg/detail/map_data__struct.h
[0.894s] -- Up-to-date symlink: /root/colcon_ws/install/slam_msgs/include/slam_msgs/slam_msgs/msg/detail/map_data__type_support.h
[0.894s] -- Up-to-date symlink: /root/colcon_ws/install/slam_msgs/include/slam_msgs/slam_msgs/msg/detail/map_graph__functions.h
[0.894s] -- Up-to-date symlink: /root/colcon_ws/install/slam_msgs/include/slam_msgs/slam_msgs/msg/detail/map_graph__struct.h
[0.895s] -- Up-to-date symlink: /root/colcon_ws/install/slam_msgs/include/slam_msgs/slam_msgs/msg/detail/map_graph__type_support.h
[0.895s] -- Up-to-date symlink: /root/colcon_ws/install/slam_msgs/include/slam_msgs/slam_msgs/msg/key_frame.h
[0.895s] -- Up-to-date symlink: /root/colcon_ws/install/slam_msgs/include/slam_msgs/slam_msgs/msg/map_data.h
[0.896s] -- Up-to-date symlink: /root/colcon_ws/install/slam_msgs/include/slam_msgs/slam_msgs/msg/map_graph.h
[0.897s] -- Up-to-date symlink: /root/colcon_ws/install/slam_msgs/include/slam_msgs/slam_msgs/msg/rosidl_generator_c__visibility_control.h
[0.898s] -- Up-to-date symlink: /root/colcon_ws/install/slam_msgs/include/slam_msgs/slam_msgs/srv/detail/get_map__functions.h
[0.898s] -- Up-to-date symlink: /root/colcon_ws/install/slam_msgs/include/slam_msgs/slam_msgs/srv/detail/get_map__struct.h
[0.898s] -- Up-to-date symlink: /root/colcon_ws/install/slam_msgs/include/slam_msgs/slam_msgs/srv/detail/get_map__type_support.h
[0.898s] -- Up-to-date symlink: /root/colcon_ws/install/slam_msgs/include/slam_msgs/slam_msgs/srv/get_map.h
[0.898s] -- Up-to-date symlink: /root/colcon_ws/install/slam_msgs/share/slam_msgs/environment/library_path.sh
[0.898s] -- Up-to-date symlink: /root/colcon_ws/install/slam_msgs/share/slam_msgs/environment/library_path.dsv
[0.900s] -- Up-to-date symlink: /root/colcon_ws/install/slam_msgs/include/slam_msgs/slam_msgs/msg/detail/key_frame__rosidl_typesupport_fastrtps_c.h
[0.900s] -- Up-to-date symlink: /root/colcon_ws/install/slam_msgs/include/slam_msgs/slam_msgs/msg/detail/map_data__rosidl_typesupport_fastrtps_c.h
[0.901s] -- Up-to-date symlink: /root/colcon_ws/install/slam_msgs/include/slam_msgs/slam_msgs/msg/detail/map_graph__rosidl_typesupport_fastrtps_c.h
[0.901s] -- Up-to-date symlink: /root/colcon_ws/install/slam_msgs/include/slam_msgs/slam_msgs/msg/rosidl_typesupport_fastrtps_c__visibility_control.h
[0.901s] -- Up-to-date symlink: /root/colcon_ws/install/slam_msgs/include/slam_msgs/slam_msgs/srv/detail/get_map__rosidl_typesupport_fastrtps_c.h
[0.903s] -- Up-to-date symlink: /root/colcon_ws/install/slam_msgs/include/slam_msgs/slam_msgs/msg/detail/key_frame__builder.hpp
[0.904s] -- Up-to-date symlink: /root/colcon_ws/install/slam_msgs/include/slam_msgs/slam_msgs/msg/detail/key_frame__struct.hpp
[0.904s] -- Up-to-date symlink: /root/colcon_ws/install/slam_msgs/include/slam_msgs/slam_msgs/msg/detail/key_frame__traits.hpp
[0.904s] -- Up-to-date symlink: /root/colcon_ws/install/slam_msgs/include/slam_msgs/slam_msgs/msg/detail/map_data__builder.hpp
[0.904s] -- Up-to-date symlink: /root/colcon_ws/install/slam_msgs/include/slam_msgs/slam_msgs/msg/detail/map_data__struct.hpp
[0.904s] -- Up-to-date symlink: /root/colcon_ws/install/slam_msgs/include/slam_msgs/slam_msgs/msg/detail/map_data__traits.hpp
[0.904s] -- Up-to-date symlink: /root/colcon_ws/install/slam_msgs/include/slam_msgs/slam_msgs/msg/detail/map_graph__builder.hpp
[0.905s] -- Up-to-date symlink: /root/colcon_ws/install/slam_msgs/include/slam_msgs/slam_msgs/msg/detail/map_graph__struct.hpp
[0.905s] -- Up-to-date symlink: /root/colcon_ws/install/slam_msgs/include/slam_msgs/slam_msgs/msg/detail/map_graph__traits.hpp
[0.905s] -- Up-to-date symlink: /root/colcon_ws/install/slam_msgs/include/slam_msgs/slam_msgs/msg/key_frame.hpp
[0.905s] -- Up-to-date symlink: /root/colcon_ws/install/slam_msgs/include/slam_msgs/slam_msgs/msg/map_data.hpp
[0.905s] -- Up-to-date symlink: /root/colcon_ws/install/slam_msgs/include/slam_msgs/slam_msgs/msg/map_graph.hpp
[0.905s] -- Up-to-date symlink: /root/colcon_ws/install/slam_msgs/include/slam_msgs/slam_msgs/srv/detail/get_map__builder.hpp
[0.906s] -- Up-to-date symlink: /root/colcon_ws/install/slam_msgs/include/slam_msgs/slam_msgs/srv/detail/get_map__struct.hpp
[0.906s] -- Up-to-date symlink: /root/colcon_ws/install/slam_msgs/include/slam_msgs/slam_msgs/srv/detail/get_map__traits.hpp
[0.906s] -- Up-to-date symlink: /root/colcon_ws/install/slam_msgs/include/slam_msgs/slam_msgs/srv/get_map.hpp
[0.908s] -- Up-to-date symlink: /root/colcon_ws/install/slam_msgs/include/slam_msgs/slam_msgs/msg/detail/key_frame__rosidl_typesupport_fastrtps_cpp.hpp
[0.908s] -- Up-to-date symlink: /root/colcon_ws/install/slam_msgs/include/slam_msgs/slam_msgs/msg/detail/map_data__rosidl_typesupport_fastrtps_cpp.hpp
[0.908s] -- Up-to-date symlink: /root/colcon_ws/install/slam_msgs/include/slam_msgs/slam_msgs/msg/detail/map_graph__rosidl_typesupport_fastrtps_cpp.hpp
[0.908s] -- Up-to-date symlink: /root/colcon_ws/install/slam_msgs/include/slam_msgs/slam_msgs/msg/rosidl_typesupport_fastrtps_cpp__visibility_control.h
[0.909s] -- Up-to-date symlink: /root/colcon_ws/install/slam_msgs/include/slam_msgs/slam_msgs/srv/detail/get_map__rosidl_typesupport_fastrtps_cpp.hpp
[0.910s] -- Up-to-date symlink: /root/colcon_ws/install/slam_msgs/include/slam_msgs/slam_msgs/msg/detail/key_frame__rosidl_typesupport_introspection_c.h
[0.910s] -- Up-to-date symlink: /root/colcon_ws/install/slam_msgs/include/slam_msgs/slam_msgs/msg/detail/map_data__rosidl_typesupport_introspection_c.h
[0.910s] -- Up-to-date symlink: /root/colcon_ws/install/slam_msgs/include/slam_msgs/slam_msgs/msg/detail/map_graph__rosidl_typesupport_introspection_c.h
[0.910s] -- Up-to-date symlink: /root/colcon_ws/install/slam_msgs/include/slam_msgs/slam_msgs/msg/rosidl_typesupport_introspection_c__visibility_control.h
[0.911s] -- Up-to-date symlink: /root/colcon_ws/install/slam_msgs/include/slam_msgs/slam_msgs/srv/detail/get_map__rosidl_typesupport_introspection_c.h
[0.911s] -- Up-to-date symlink: /root/colcon_ws/install/slam_msgs/include/slam_msgs/slam_msgs/msg/detail/key_frame__rosidl_typesupport_introspection_cpp.hpp
[0.912s] -- Up-to-date symlink: /root/colcon_ws/install/slam_msgs/include/slam_msgs/slam_msgs/msg/detail/map_data__rosidl_typesupport_introspection_cpp.hpp
[0.912s] -- Up-to-date symlink: /root/colcon_ws/install/slam_msgs/include/slam_msgs/slam_msgs/msg/detail/map_graph__rosidl_typesupport_introspection_cpp.hpp
[0.912s] -- Up-to-date symlink: /root/colcon_ws/install/slam_msgs/include/slam_msgs/slam_msgs/srv/detail/get_map__rosidl_typesupport_introspection_cpp.hpp
[0.913s] -- Up-to-date symlink: /root/colcon_ws/install/slam_msgs/share/slam_msgs/environment/pythonpath.sh
[0.914s] -- Up-to-date symlink: /root/colcon_ws/install/slam_msgs/share/slam_msgs/environment/pythonpath.dsv
[0.914s] -- Up-to-date symlink: /root/colcon_ws/install/slam_msgs/local/lib/python3.10/dist-packages/slam_msgs-1.0.0-py3.10.egg-info/PKG-INFO
[0.915s] -- Up-to-date symlink: /root/colcon_ws/install/slam_msgs/local/lib/python3.10/dist-packages/slam_msgs-1.0.0-py3.10.egg-info/SOURCES.txt
[0.915s] -- Up-to-date symlink: /root/colcon_ws/install/slam_msgs/local/lib/python3.10/dist-packages/slam_msgs-1.0.0-py3.10.egg-info/dependency_links.txt
[0.916s] -- Up-to-date symlink: /root/colcon_ws/install/slam_msgs/local/lib/python3.10/dist-packages/slam_msgs-1.0.0-py3.10.egg-info/top_level.txt
[0.917s] -- Up-to-date symlink: /root/colcon_ws/install/slam_msgs/local/lib/python3.10/dist-packages/slam_msgs/__init__.py
[0.917s] -- Up-to-date symlink: /root/colcon_ws/install/slam_msgs/local/lib/python3.10/dist-packages/slam_msgs/_slam_msgs_s.ep.rosidl_typesupport_c.c
[0.918s] -- Up-to-date symlink: /root/colcon_ws/install/slam_msgs/local/lib/python3.10/dist-packages/slam_msgs/_slam_msgs_s.ep.rosidl_typesupport_fastrtps_c.c
[0.918s] -- Up-to-date symlink: /root/colcon_ws/install/slam_msgs/local/lib/python3.10/dist-packages/slam_msgs/_slam_msgs_s.ep.rosidl_typesupport_introspection_c.c
[0.918s] -- Up-to-date symlink: /root/colcon_ws/install/slam_msgs/local/lib/python3.10/dist-packages/slam_msgs/libslam_msgs__rosidl_generator_py.so
[0.919s] -- Up-to-date symlink: /root/colcon_ws/install/slam_msgs/local/lib/python3.10/dist-packages/slam_msgs/msg/__init__.py
[0.919s] -- Up-to-date symlink: /root/colcon_ws/install/slam_msgs/local/lib/python3.10/dist-packages/slam_msgs/msg/_key_frame.py
[0.920s] -- Up-to-date symlink: /root/colcon_ws/install/slam_msgs/local/lib/python3.10/dist-packages/slam_msgs/msg/_key_frame_s.c
[0.920s] -- Up-to-date symlink: /root/colcon_ws/install/slam_msgs/local/lib/python3.10/dist-packages/slam_msgs/msg/_map_data.py
[0.920s] -- Up-to-date symlink: /root/colcon_ws/install/slam_msgs/local/lib/python3.10/dist-packages/slam_msgs/msg/_map_data_s.c
[0.920s] -- Up-to-date symlink: /root/colcon_ws/install/slam_msgs/local/lib/python3.10/dist-packages/slam_msgs/msg/_map_graph.py
[0.921s] -- Up-to-date symlink: /root/colcon_ws/install/slam_msgs/local/lib/python3.10/dist-packages/slam_msgs/msg/_map_graph_s.c
[0.921s] -- Up-to-date symlink: /root/colcon_ws/install/slam_msgs/local/lib/python3.10/dist-packages/slam_msgs/slam_msgs_s__rosidl_typesupport_c.cpython-310-x86_64-linux-gnu.so
[0.922s] -- Up-to-date symlink: /root/colcon_ws/install/slam_msgs/local/lib/python3.10/dist-packages/slam_msgs/slam_msgs_s__rosidl_typesupport_fastrtps_c.cpython-310-x86_64-linux-gnu.so
[0.922s] -- Up-to-date symlink: /root/colcon_ws/install/slam_msgs/local/lib/python3.10/dist-packages/slam_msgs/slam_msgs_s__rosidl_typesupport_introspection_c.cpython-310-x86_64-linux-gnu.so
[0.922s] -- Up-to-date symlink: /root/colcon_ws/install/slam_msgs/local/lib/python3.10/dist-packages/slam_msgs/srv/__init__.py
[0.922s] -- Up-to-date symlink: /root/colcon_ws/install/slam_msgs/local/lib/python3.10/dist-packages/slam_msgs/srv/_get_map.py
[0.923s] -- Up-to-date symlink: /root/colcon_ws/install/slam_msgs/local/lib/python3.10/dist-packages/slam_msgs/srv/_get_map_s.c
[0.923s] -- Up-to-date symlink: /root/colcon_ws/install/slam_msgs/local/lib/python3.10/dist-packages/slam_msgs/slam_msgs_s__rosidl_typesupport_fastrtps_c.cpython-310-x86_64-linux-gnu.so
[0.924s] -- Up-to-date symlink: /root/colcon_ws/install/slam_msgs/local/lib/python3.10/dist-packages/slam_msgs/slam_msgs_s__rosidl_typesupport_introspection_c.cpython-310-x86_64-linux-gnu.so
[0.925s] -- Up-to-date symlink: /root/colcon_ws/install/slam_msgs/local/lib/python3.10/dist-packages/slam_msgs/slam_msgs_s__rosidl_typesupport_c.cpython-310-x86_64-linux-gnu.so
[0.925s] -- Up-to-date symlink: /root/colcon_ws/install/slam_msgs/share/slam_msgs/msg/MapGraph.idl
[0.926s] -- Up-to-date symlink: /root/colcon_ws/install/slam_msgs/share/slam_msgs/msg/MapData.idl
[0.926s] -- Up-to-date symlink: /root/colcon_ws/install/slam_msgs/share/slam_msgs/msg/KeyFrame.idl
[0.926s] -- Up-to-date symlink: /root/colcon_ws/install/slam_msgs/share/slam_msgs/srv/GetMap.idl
[0.926s] -- Up-to-date symlink: /root/colcon_ws/install/slam_msgs/share/slam_msgs/msg/MapGraph.msg
[0.926s] -- Up-to-date symlink: /root/colcon_ws/install/slam_msgs/share/slam_msgs/msg/MapData.msg
[0.927s] -- Up-to-date symlink: /root/colcon_ws/install/slam_msgs/share/slam_msgs/msg/KeyFrame.msg
[0.927s] -- Up-to-date symlink: /root/colcon_ws/install/slam_msgs/share/slam_msgs/srv/GetMap.srv
[0.927s] -- Up-to-date symlink: /root/colcon_ws/install/slam_msgs/share/slam_msgs/srv/GetMap_Request.msg
[0.927s] -- Up-to-date symlink: /root/colcon_ws/install/slam_msgs/share/slam_msgs/srv/GetMap_Response.msg
[0.928s] -- Up-to-date symlink: /root/colcon_ws/install/slam_msgs/share/ament_index/resource_index/package_run_dependencies/slam_msgs
[0.928s] -- Up-to-date symlink: /root/colcon_ws/install/slam_msgs/share/ament_index/resource_index/parent_prefix_path/slam_msgs
[0.928s] -- Up-to-date symlink: /root/colcon_ws/install/slam_msgs/share/slam_msgs/environment/ament_prefix_path.sh
[0.929s] -- Up-to-date symlink: /root/colcon_ws/install/slam_msgs/share/slam_msgs/environment/ament_prefix_path.dsv
[0.929s] -- Up-to-date symlink: /root/colcon_ws/install/slam_msgs/share/slam_msgs/environment/path.sh
[0.930s] -- Up-to-date symlink: /root/colcon_ws/install/slam_msgs/share/slam_msgs/environment/path.dsv
[0.931s] -- Up-to-date symlink: /root/colcon_ws/install/slam_msgs/share/slam_msgs/local_setup.bash
[0.931s] -- Up-to-date symlink: /root/colcon_ws/install/slam_msgs/share/slam_msgs/local_setup.sh
[0.931s] -- Up-to-date symlink: /root/colcon_ws/install/slam_msgs/share/slam_msgs/local_setup.zsh
[0.931s] -- Up-to-date symlink: /root/colcon_ws/install/slam_msgs/share/slam_msgs/local_setup.dsv
[0.931s] -- Symlinking: /root/colcon_ws/install/slam_msgs/share/slam_msgs/package.dsv
[0.945s] -- Up-to-date symlink: /root/colcon_ws/install/slam_msgs/share/ament_index/resource_index/packages/slam_msgs
[0.945s] -- Up-to-date symlink: /root/colcon_ws/install/slam_msgs/share/slam_msgs/cmake/rosidl_cmake-extras.cmake
[0.946s] -- Up-to-date symlink: /root/colcon_ws/install/slam_msgs/share/slam_msgs/cmake/ament_cmake_export_dependencies-extras.cmake
[0.947s] -- Up-to-date symlink: /root/colcon_ws/install/slam_msgs/share/slam_msgs/cmake/ament_cmake_export_include_directories-extras.cmake
[0.947s] -- Up-to-date symlink: /root/colcon_ws/install/slam_msgs/share/slam_msgs/cmake/ament_cmake_export_libraries-extras.cmake
[0.948s] -- Up-to-date symlink: /root/colcon_ws/install/slam_msgs/share/slam_msgs/cmake/ament_cmake_export_targets-extras.cmake
[0.949s] -- Up-to-date symlink: /root/colcon_ws/install/slam_msgs/share/slam_msgs/cmake/rosidl_cmake_export_typesupport_targets-extras.cmake
[0.949s] -- Up-to-date symlink: /root/colcon_ws/install/slam_msgs/share/slam_msgs/cmake/rosidl_cmake_export_typesupport_libraries-extras.cmake
[0.949s] -- Up-to-date symlink: /root/colcon_ws/install/slam_msgs/share/slam_msgs/cmake/slam_msgsConfig.cmake
[0.950s] -- Up-to-date symlink: /root/colcon_ws/install/slam_msgs/share/slam_msgs/cmake/slam_msgsConfig-version.cmake
[0.950s] -- Up-to-date symlink: /root/colcon_ws/install/slam_msgs/share/slam_msgs/package.xml
[0.951s] -- Up-to-date: /root/colcon_ws/install/slam_msgs/lib/libslam_msgs__rosidl_generator_c.so
[0.952s] -- Up-to-date: /root/colcon_ws/install/slam_msgs/lib/libslam_msgs__rosidl_typesupport_fastrtps_c.so
[0.953s] -- Up-to-date: /root/colcon_ws/install/slam_msgs/lib/libslam_msgs__rosidl_typesupport_fastrtps_cpp.so
[0.954s] -- Up-to-date: /root/colcon_ws/install/slam_msgs/lib/libslam_msgs__rosidl_typesupport_introspection_c.so
[0.955s] -- Up-to-date: /root/colcon_ws/install/slam_msgs/lib/libslam_msgs__rosidl_typesupport_c.so
[0.955s] -- Up-to-date: /root/colcon_ws/install/slam_msgs/lib/libslam_msgs__rosidl_typesupport_introspection_cpp.so
[0.956s] -- Up-to-date: /root/colcon_ws/install/slam_msgs/lib/libslam_msgs__rosidl_typesupport_cpp.so
[1.003s] Listing '/root/colcon_ws/install/slam_msgs/local/lib/python3.10/dist-packages/slam_msgs'...
[1.003s] Listing '/root/colcon_ws/install/slam_msgs/local/lib/python3.10/dist-packages/slam_msgs/msg'...
[1.003s] Listing '/root/colcon_ws/install/slam_msgs/local/lib/python3.10/dist-packages/slam_msgs/srv'...
[1.012s] -- Up-to-date: /root/colcon_ws/install/slam_msgs/lib/libslam_msgs__rosidl_generator_py.so
[1.012s] -- Up-to-date: /root/colcon_ws/install/slam_msgs/share/slam_msgs/cmake/export_slam_msgs__rosidl_generator_cExport.cmake
[1.012s] -- Up-to-date: /root/colcon_ws/install/slam_msgs/share/slam_msgs/cmake/export_slam_msgs__rosidl_generator_cExport-noconfig.cmake
[1.013s] -- Up-to-date: /root/colcon_ws/install/slam_msgs/share/slam_msgs/cmake/export_slam_msgs__rosidl_typesupport_fastrtps_cExport.cmake
[1.013s] -- Up-to-date: /root/colcon_ws/install/slam_msgs/share/slam_msgs/cmake/export_slam_msgs__rosidl_typesupport_fastrtps_cExport-noconfig.cmake
[1.014s] -- Up-to-date: /root/colcon_ws/install/slam_msgs/share/slam_msgs/cmake/export_slam_msgs__rosidl_generator_cppExport.cmake
[1.014s] -- Up-to-date: /root/colcon_ws/install/slam_msgs/share/slam_msgs/cmake/export_slam_msgs__rosidl_typesupport_fastrtps_cppExport.cmake
[1.014s] -- Up-to-date: /root/colcon_ws/install/slam_msgs/share/slam_msgs/cmake/export_slam_msgs__rosidl_typesupport_fastrtps_cppExport-noconfig.cmake
[1.014s] -- Up-to-date: /root/colcon_ws/install/slam_msgs/share/slam_msgs/cmake/slam_msgs__rosidl_typesupport_introspection_cExport.cmake
[1.014s] -- Up-to-date: /root/colcon_ws/install/slam_msgs/share/slam_msgs/cmake/slam_msgs__rosidl_typesupport_introspection_cExport-noconfig.cmake
[1.015s] -- Up-to-date: /root/colcon_ws/install/slam_msgs/share/slam_msgs/cmake/slam_msgs__rosidl_typesupport_cExport.cmake
[1.015s] -- Up-to-date: /root/colcon_ws/install/slam_msgs/share/slam_msgs/cmake/slam_msgs__rosidl_typesupport_cExport-noconfig.cmake
[1.015s] -- Up-to-date: /root/colcon_ws/install/slam_msgs/share/slam_msgs/cmake/slam_msgs__rosidl_typesupport_introspection_cppExport.cmake
[1.015s] -- Up-to-date: /root/colcon_ws/install/slam_msgs/share/slam_msgs/cmake/slam_msgs__rosidl_typesupport_introspection_cppExport-noconfig.cmake
[1.016s] -- Up-to-date: /root/colcon_ws/install/slam_msgs/share/slam_msgs/cmake/slam_msgs__rosidl_typesupport_cppExport.cmake
[1.016s] -- Up-to-date: /root/colcon_ws/install/slam_msgs/share/slam_msgs/cmake/slam_msgs__rosidl_typesupport_cppExport-noconfig.cmake
[1.016s] -- Up-to-date: /root/colcon_ws/install/slam_msgs/share/slam_msgs/cmake/export_slam_msgs__rosidl_generator_pyExport.cmake
[1.016s] -- Up-to-date: /root/colcon_ws/install/slam_msgs/share/slam_msgs/cmake/export_slam_msgs__rosidl_generator_pyExport-noconfig.cmake
[1.020s] Invoked command in '/root/colcon_ws/build/slam_msgs' returned '0': CMAKE_PREFIX_PATH=${CMAKE_PREFIX_PATH}:/root/colcon_ws/install/trajectory_publisher:/root/colcon_ws/install/trajectory_comparer:/opt/ros/humble /usr/bin/cmake --install /root/colcon_ws/build/slam_msgs
