[0.196s] DEBUG:colcon:Command line arguments: ['/usr/bin/colcon', 'build', '--symlink-install']
[0.197s] DEBUG:colcon:Parsed command line arguments: Namespace(log_base=None, log_level=None, verb_name='build', build_base='build', install_base='install', merge_install=False, symlink_install=True, test_result_base=None, continue_on_error=False, executor='parallel', parallel_workers=8, event_handlers=None, ignore_user_meta=False, metas=['./colcon.meta'], base_paths=['.'], packages_ignore=None, packages_ignore_regex=None, paths=None, packages_up_to=None, packages_up_to_regex=None, packages_above=None, packages_above_and_dependencies=None, packages_above_depth=None, packages_select_by_dep=None, packages_skip_by_dep=None, packages_skip_up_to=None, packages_select_build_failed=False, packages_skip_build_finished=False, packages_select_test_failures=False, packages_skip_test_passed=False, packages_select=None, packages_skip=None, packages_select_regex=None, packages_skip_regex=None, packages_start=None, packages_end=None, cmake_args=None, cmake_target=None, cmake_target_skip_unavailable=False, cmake_clean_cache=False, cmake_clean_first=False, cmake_force_configure=False, ament_cmake_args=None, catkin_cmake_args=None, catkin_skip_building_tests=False, mixin_files=None, mixin=None, verb_parser=<colcon_mixin.mixin.mixin_argument.MixinArgumentDecorator object at 0x74594efe4490>, verb_extension=<colcon_core.verb.build.BuildVerb object at 0x74594f199990>, main=<bound method BuildVerb.main of <colcon_core.verb.build.BuildVerb object at 0x74594f199990>>, mixin_verb=('build',))
[0.425s] Level 1:colcon.colcon_core.package_discovery:discover_packages(colcon_meta) check parameters
[0.425s] Level 1:colcon.colcon_core.package_discovery:discover_packages(recursive) check parameters
[0.425s] Level 1:colcon.colcon_core.package_discovery:discover_packages(ignore) check parameters
[0.425s] Level 1:colcon.colcon_core.package_discovery:discover_packages(path) check parameters
[0.425s] Level 1:colcon.colcon_core.package_discovery:discover_packages(colcon_meta) discover
[0.426s] Level 1:colcon.colcon_core.package_discovery:discover_packages(recursive) discover
[0.426s] INFO:colcon.colcon_core.package_discovery:Crawling recursively for packages in '/root/colcon_ws'
[0.426s] Level 1:colcon.colcon_core.package_identification:_identify(.) by extensions ['ignore', 'ignore_ament_install']
[0.426s] Level 1:colcon.colcon_core.package_identification:_identify(.) by extension 'ignore'
[0.426s] Level 1:colcon.colcon_core.package_identification:_identify(.) by extension 'ignore_ament_install'
[0.426s] Level 1:colcon.colcon_core.package_identification:_identify(.) by extensions ['colcon_pkg']
[0.426s] Level 1:colcon.colcon_core.package_identification:_identify(.) by extension 'colcon_pkg'
[0.426s] Level 1:colcon.colcon_core.package_identification:_identify(.) by extensions ['colcon_meta']
[0.426s] Level 1:colcon.colcon_core.package_identification:_identify(.) by extension 'colcon_meta'
[0.426s] Level 1:colcon.colcon_core.package_identification:_identify(.) by extensions ['ros']
[0.426s] Level 1:colcon.colcon_core.package_identification:_identify(.) by extension 'ros'
[0.443s] Level 1:colcon.colcon_core.package_identification:_identify(.) by extensions ['cmake', 'python']
[0.443s] Level 1:colcon.colcon_core.package_identification:_identify(.) by extension 'cmake'
[0.443s] Level 1:colcon.colcon_core.package_identification:_identify(.) by extension 'python'
[0.443s] Level 1:colcon.colcon_core.package_identification:_identify(.) by extensions ['python_setup_py']
[0.443s] Level 1:colcon.colcon_core.package_identification:_identify(.) by extension 'python_setup_py'
[0.444s] Level 1:colcon.colcon_core.package_identification:_identify(build) by extensions ['ignore', 'ignore_ament_install']
[0.444s] Level 1:colcon.colcon_core.package_identification:_identify(build) by extension 'ignore'
[0.444s] Level 1:colcon.colcon_core.package_identification:_identify(build) ignored
[0.444s] Level 1:colcon.colcon_core.package_identification:_identify(install) by extensions ['ignore', 'ignore_ament_install']
[0.444s] Level 1:colcon.colcon_core.package_identification:_identify(install) by extension 'ignore'
[0.444s] Level 1:colcon.colcon_core.package_identification:_identify(install) ignored
[0.444s] Level 1:colcon.colcon_core.package_identification:_identify(log) by extensions ['ignore', 'ignore_ament_install']
[0.444s] Level 1:colcon.colcon_core.package_identification:_identify(log) by extension 'ignore'
[0.444s] Level 1:colcon.colcon_core.package_identification:_identify(log) ignored
[0.444s] Level 1:colcon.colcon_core.package_identification:_identify(src) by extensions ['ignore', 'ignore_ament_install']
[0.445s] Level 1:colcon.colcon_core.package_identification:_identify(src) by extension 'ignore'
[0.445s] Level 1:colcon.colcon_core.package_identification:_identify(src) by extension 'ignore_ament_install'
[0.445s] Level 1:colcon.colcon_core.package_identification:_identify(src) by extensions ['colcon_pkg']
[0.445s] Level 1:colcon.colcon_core.package_identification:_identify(src) by extension 'colcon_pkg'
[0.445s] Level 1:colcon.colcon_core.package_identification:_identify(src) by extensions ['colcon_meta']
[0.445s] Level 1:colcon.colcon_core.package_identification:_identify(src) by extension 'colcon_meta'
[0.445s] Level 1:colcon.colcon_core.package_identification:_identify(src) by extensions ['ros']
[0.445s] Level 1:colcon.colcon_core.package_identification:_identify(src) by extension 'ros'
[0.445s] Level 1:colcon.colcon_core.package_identification:_identify(src) by extensions ['cmake', 'python']
[0.445s] Level 1:colcon.colcon_core.package_identification:_identify(src) by extension 'cmake'
[0.445s] Level 1:colcon.colcon_core.package_identification:_identify(src) by extension 'python'
[0.445s] Level 1:colcon.colcon_core.package_identification:_identify(src) by extensions ['python_setup_py']
[0.445s] Level 1:colcon.colcon_core.package_identification:_identify(src) by extension 'python_setup_py'
[0.445s] Level 1:colcon.colcon_core.package_identification:_identify(src/orb_slam3_ros2_wrapper) by extensions ['ignore', 'ignore_ament_install']
[0.445s] Level 1:colcon.colcon_core.package_identification:_identify(src/orb_slam3_ros2_wrapper) by extension 'ignore'
[0.446s] Level 1:colcon.colcon_core.package_identification:_identify(src/orb_slam3_ros2_wrapper) by extension 'ignore_ament_install'
[0.446s] Level 1:colcon.colcon_core.package_identification:_identify(src/orb_slam3_ros2_wrapper) by extensions ['colcon_pkg']
[0.446s] Level 1:colcon.colcon_core.package_identification:_identify(src/orb_slam3_ros2_wrapper) by extension 'colcon_pkg'
[0.446s] Level 1:colcon.colcon_core.package_identification:_identify(src/orb_slam3_ros2_wrapper) by extensions ['colcon_meta']
[0.446s] Level 1:colcon.colcon_core.package_identification:_identify(src/orb_slam3_ros2_wrapper) by extension 'colcon_meta'
[0.446s] Level 1:colcon.colcon_core.package_identification:_identify(src/orb_slam3_ros2_wrapper) by extensions ['ros']
[0.446s] Level 1:colcon.colcon_core.package_identification:_identify(src/orb_slam3_ros2_wrapper) by extension 'ros'
[0.449s] DEBUG:colcon.colcon_core.package_identification:Package 'src/orb_slam3_ros2_wrapper' with type 'ros.ament_cmake' and name 'orb_slam3_ros2_wrapper'
[0.449s] Level 1:colcon.colcon_core.package_identification:_identify(src/slam_msgs) by extensions ['ignore', 'ignore_ament_install']
[0.449s] Level 1:colcon.colcon_core.package_identification:_identify(src/slam_msgs) by extension 'ignore'
[0.449s] Level 1:colcon.colcon_core.package_identification:_identify(src/slam_msgs) by extension 'ignore_ament_install'
[0.450s] Level 1:colcon.colcon_core.package_identification:_identify(src/slam_msgs) by extensions ['colcon_pkg']
[0.450s] Level 1:colcon.colcon_core.package_identification:_identify(src/slam_msgs) by extension 'colcon_pkg'
[0.450s] Level 1:colcon.colcon_core.package_identification:_identify(src/slam_msgs) by extensions ['colcon_meta']
[0.450s] Level 1:colcon.colcon_core.package_identification:_identify(src/slam_msgs) by extension 'colcon_meta'
[0.450s] Level 1:colcon.colcon_core.package_identification:_identify(src/slam_msgs) by extensions ['ros']
[0.450s] Level 1:colcon.colcon_core.package_identification:_identify(src/slam_msgs) by extension 'ros'
[0.450s] DEBUG:colcon.colcon_core.package_identification:Package 'src/slam_msgs' with type 'ros.ament_cmake' and name 'slam_msgs'
[0.451s] Level 1:colcon.colcon_core.package_identification:_identify(src/trajectory_comparer) by extensions ['ignore', 'ignore_ament_install']
[0.451s] Level 1:colcon.colcon_core.package_identification:_identify(src/trajectory_comparer) by extension 'ignore'
[0.451s] Level 1:colcon.colcon_core.package_identification:_identify(src/trajectory_comparer) by extension 'ignore_ament_install'
[0.451s] Level 1:colcon.colcon_core.package_identification:_identify(src/trajectory_comparer) by extensions ['colcon_pkg']
[0.451s] Level 1:colcon.colcon_core.package_identification:_identify(src/trajectory_comparer) by extension 'colcon_pkg'
[0.451s] Level 1:colcon.colcon_core.package_identification:_identify(src/trajectory_comparer) by extensions ['colcon_meta']
[0.451s] Level 1:colcon.colcon_core.package_identification:_identify(src/trajectory_comparer) by extension 'colcon_meta'
[0.451s] Level 1:colcon.colcon_core.package_identification:_identify(src/trajectory_comparer) by extensions ['ros']
[0.451s] Level 1:colcon.colcon_core.package_identification:_identify(src/trajectory_comparer) by extension 'ros'
[0.453s] DEBUG:colcon.colcon_core.package_identification:Package 'src/trajectory_comparer' with type 'ros.ament_python' and name 'trajectory_comparer'
[0.453s] Level 1:colcon.colcon_core.package_discovery:discover_packages(recursive) using defaults
[0.453s] Level 1:colcon.colcon_core.package_discovery:discover_packages(ignore) discover
[0.453s] Level 1:colcon.colcon_core.package_discovery:discover_packages(ignore) using defaults
[0.453s] Level 1:colcon.colcon_core.package_discovery:discover_packages(path) discover
[0.453s] Level 1:colcon.colcon_core.package_discovery:discover_packages(path) using defaults
[0.483s] Level 5:colcon.colcon_core.verb:set package 'slam_msgs' build argument 'cmake_args' from command line to 'None'
[0.483s] Level 5:colcon.colcon_core.verb:set package 'slam_msgs' build argument 'cmake_target' from command line to 'None'
[0.483s] Level 5:colcon.colcon_core.verb:set package 'slam_msgs' build argument 'cmake_target_skip_unavailable' from command line to 'False'
[0.483s] Level 5:colcon.colcon_core.verb:set package 'slam_msgs' build argument 'cmake_clean_cache' from command line to 'False'
[0.483s] Level 5:colcon.colcon_core.verb:set package 'slam_msgs' build argument 'cmake_clean_first' from command line to 'False'
[0.483s] Level 5:colcon.colcon_core.verb:set package 'slam_msgs' build argument 'cmake_force_configure' from command line to 'False'
[0.483s] Level 5:colcon.colcon_core.verb:set package 'slam_msgs' build argument 'ament_cmake_args' from command line to 'None'
[0.483s] Level 5:colcon.colcon_core.verb:set package 'slam_msgs' build argument 'catkin_cmake_args' from command line to 'None'
[0.483s] Level 5:colcon.colcon_core.verb:set package 'slam_msgs' build argument 'catkin_skip_building_tests' from command line to 'False'
[0.483s] DEBUG:colcon.colcon_core.verb:Building package 'slam_msgs' with the following arguments: {'ament_cmake_args': None, 'build_base': '/root/colcon_ws/build/slam_msgs', 'catkin_cmake_args': None, 'catkin_skip_building_tests': False, 'cmake_args': None, 'cmake_clean_cache': False, 'cmake_clean_first': False, 'cmake_force_configure': False, 'cmake_target': None, 'cmake_target_skip_unavailable': False, 'install_base': '/root/colcon_ws/install/slam_msgs', 'merge_install': False, 'path': '/root/colcon_ws/src/slam_msgs', 'symlink_install': True, 'test_result_base': None}
[0.484s] Level 5:colcon.colcon_core.verb:set package 'trajectory_comparer' build argument 'cmake_args' from command line to 'None'
[0.484s] Level 5:colcon.colcon_core.verb:set package 'trajectory_comparer' build argument 'cmake_target' from command line to 'None'
[0.484s] Level 5:colcon.colcon_core.verb:set package 'trajectory_comparer' build argument 'cmake_target_skip_unavailable' from command line to 'False'
[0.484s] Level 5:colcon.colcon_core.verb:set package 'trajectory_comparer' build argument 'cmake_clean_cache' from command line to 'False'
[0.484s] Level 5:colcon.colcon_core.verb:set package 'trajectory_comparer' build argument 'cmake_clean_first' from command line to 'False'
[0.484s] Level 5:colcon.colcon_core.verb:set package 'trajectory_comparer' build argument 'cmake_force_configure' from command line to 'False'
[0.484s] Level 5:colcon.colcon_core.verb:set package 'trajectory_comparer' build argument 'ament_cmake_args' from command line to 'None'
[0.484s] Level 5:colcon.colcon_core.verb:set package 'trajectory_comparer' build argument 'catkin_cmake_args' from command line to 'None'
[0.484s] Level 5:colcon.colcon_core.verb:set package 'trajectory_comparer' build argument 'catkin_skip_building_tests' from command line to 'False'
[0.484s] DEBUG:colcon.colcon_core.verb:Building package 'trajectory_comparer' with the following arguments: {'ament_cmake_args': None, 'build_base': '/root/colcon_ws/build/trajectory_comparer', 'catkin_cmake_args': None, 'catkin_skip_building_tests': False, 'cmake_args': None, 'cmake_clean_cache': False, 'cmake_clean_first': False, 'cmake_force_configure': False, 'cmake_target': None, 'cmake_target_skip_unavailable': False, 'install_base': '/root/colcon_ws/install/trajectory_comparer', 'merge_install': False, 'path': '/root/colcon_ws/src/trajectory_comparer', 'symlink_install': True, 'test_result_base': None}
[0.484s] Level 5:colcon.colcon_core.verb:set package 'orb_slam3_ros2_wrapper' build argument 'cmake_args' from command line to 'None'
[0.484s] Level 5:colcon.colcon_core.verb:set package 'orb_slam3_ros2_wrapper' build argument 'cmake_target' from command line to 'None'
[0.484s] Level 5:colcon.colcon_core.verb:set package 'orb_slam3_ros2_wrapper' build argument 'cmake_target_skip_unavailable' from command line to 'False'
[0.484s] Level 5:colcon.colcon_core.verb:set package 'orb_slam3_ros2_wrapper' build argument 'cmake_clean_cache' from command line to 'False'
[0.484s] Level 5:colcon.colcon_core.verb:set package 'orb_slam3_ros2_wrapper' build argument 'cmake_clean_first' from command line to 'False'
[0.484s] Level 5:colcon.colcon_core.verb:set package 'orb_slam3_ros2_wrapper' build argument 'cmake_force_configure' from command line to 'False'
[0.484s] Level 5:colcon.colcon_core.verb:set package 'orb_slam3_ros2_wrapper' build argument 'ament_cmake_args' from command line to 'None'
[0.484s] Level 5:colcon.colcon_core.verb:set package 'orb_slam3_ros2_wrapper' build argument 'catkin_cmake_args' from command line to 'None'
[0.484s] Level 5:colcon.colcon_core.verb:set package 'orb_slam3_ros2_wrapper' build argument 'catkin_skip_building_tests' from command line to 'False'
[0.484s] DEBUG:colcon.colcon_core.verb:Building package 'orb_slam3_ros2_wrapper' with the following arguments: {'ament_cmake_args': None, 'build_base': '/root/colcon_ws/build/orb_slam3_ros2_wrapper', 'catkin_cmake_args': None, 'catkin_skip_building_tests': False, 'cmake_args': None, 'cmake_clean_cache': False, 'cmake_clean_first': False, 'cmake_force_configure': False, 'cmake_target': None, 'cmake_target_skip_unavailable': False, 'install_base': '/root/colcon_ws/install/orb_slam3_ros2_wrapper', 'merge_install': False, 'path': '/root/colcon_ws/src/orb_slam3_ros2_wrapper', 'symlink_install': True, 'test_result_base': None}
[0.485s] INFO:colcon.colcon_core.executor:Executing jobs using 'parallel' executor
[0.485s] DEBUG:colcon.colcon_parallel_executor.executor.parallel:run_until_complete
[0.486s] INFO:colcon.colcon_ros.task.ament_cmake.build:Building ROS package in '/root/colcon_ws/src/slam_msgs' with build type 'ament_cmake'
[0.486s] INFO:colcon.colcon_cmake.task.cmake.build:Building CMake package in '/root/colcon_ws/src/slam_msgs'
[0.489s] INFO:colcon.colcon_core.plugin_system:Skipping extension 'colcon_core.shell.bat': Not used on non-Windows systems
[0.489s] INFO:colcon.colcon_core.shell:Skip shell extension 'powershell' for command environment: Not usable outside of PowerShell
[0.489s] DEBUG:colcon.colcon_core.shell:Skip shell extension 'dsv' for command environment
[0.494s] INFO:colcon.colcon_ros.task.ament_python.build:Building ROS package in '/root/colcon_ws/src/trajectory_comparer' with build type 'ament_python'
[0.494s] Level 1:colcon.colcon_core.shell:create_environment_hook('trajectory_comparer', 'ament_prefix_path')
[0.495s] INFO:colcon.colcon_core.shell:Creating environment hook '/root/colcon_ws/install/trajectory_comparer/share/trajectory_comparer/hook/ament_prefix_path.ps1'
[0.497s] INFO:colcon.colcon_core.shell:Creating environment descriptor '/root/colcon_ws/install/trajectory_comparer/share/trajectory_comparer/hook/ament_prefix_path.dsv'
[0.497s] INFO:colcon.colcon_core.shell:Creating environment hook '/root/colcon_ws/install/trajectory_comparer/share/trajectory_comparer/hook/ament_prefix_path.sh'
[0.498s] INFO:colcon.colcon_core.shell:Skip shell extension 'powershell' for command environment: Not usable outside of PowerShell
[0.498s] DEBUG:colcon.colcon_core.shell:Skip shell extension 'dsv' for command environment
[0.505s] DEBUG:colcon.colcon_core.event_handler.log_command:Invoking command in '/root/colcon_ws/build/slam_msgs': CMAKE_PREFIX_PATH=${CMAKE_PREFIX_PATH}:/root/colcon_ws/install/trajectory_publisher:/root/colcon_ws/install/trajectory_comparer:/opt/ros/humble /usr/bin/cmake --build /root/colcon_ws/build/slam_msgs -- -j8 -l8
[0.856s] INFO:colcon.colcon_core.task.python.build:Building Python package in '/root/colcon_ws/src/trajectory_comparer'
[0.857s] INFO:colcon.colcon_core.shell:Skip shell extension 'powershell' for command environment: Not usable outside of PowerShell
[0.857s] DEBUG:colcon.colcon_core.shell:Skip shell extension 'dsv' for command environment
[1.123s] DEBUG:colcon.colcon_core.event_handler.log_command:Invoked command in '/root/colcon_ws/build/slam_msgs' returned '0': CMAKE_PREFIX_PATH=${CMAKE_PREFIX_PATH}:/root/colcon_ws/install/trajectory_publisher:/root/colcon_ws/install/trajectory_comparer:/opt/ros/humble /usr/bin/cmake --build /root/colcon_ws/build/slam_msgs -- -j8 -l8
[1.227s] DEBUG:colcon.colcon_core.event_handler.log_command:Invoking command in '/root/colcon_ws/build/slam_msgs': CMAKE_PREFIX_PATH=${CMAKE_PREFIX_PATH}:/root/colcon_ws/install/trajectory_publisher:/root/colcon_ws/install/trajectory_comparer:/opt/ros/humble /usr/bin/cmake --install /root/colcon_ws/build/slam_msgs
[1.356s] Level 1:colcon.colcon_core.environment:create_environment_scripts_only(slam_msgs)
[1.357s] DEBUG:colcon.colcon_core.event_handler.log_command:Invoked command in '/root/colcon_ws/build/slam_msgs' returned '0': CMAKE_PREFIX_PATH=${CMAKE_PREFIX_PATH}:/root/colcon_ws/install/trajectory_publisher:/root/colcon_ws/install/trajectory_comparer:/opt/ros/humble /usr/bin/cmake --install /root/colcon_ws/build/slam_msgs
[1.361s] Level 1:colcon.colcon_core.environment:checking '/root/colcon_ws/install/slam_msgs' for CMake module files
[1.363s] Level 1:colcon.colcon_core.environment:checking '/root/colcon_ws/install/slam_msgs' for CMake config files
[1.365s] Level 1:colcon.colcon_core.shell:create_environment_hook('slam_msgs', 'cmake_prefix_path')
[1.365s] INFO:colcon.colcon_core.shell:Creating environment hook '/root/colcon_ws/install/slam_msgs/share/slam_msgs/hook/cmake_prefix_path.ps1'
[1.366s] INFO:colcon.colcon_core.shell:Creating environment descriptor '/root/colcon_ws/install/slam_msgs/share/slam_msgs/hook/cmake_prefix_path.dsv'
[1.366s] INFO:colcon.colcon_core.shell:Creating environment hook '/root/colcon_ws/install/slam_msgs/share/slam_msgs/hook/cmake_prefix_path.sh'
[1.367s] Level 1:colcon.colcon_core.environment:checking '/root/colcon_ws/install/slam_msgs/lib'
[1.367s] Level 1:colcon.colcon_core.shell:create_environment_hook('slam_msgs', 'ld_library_path_lib')
[1.368s] INFO:colcon.colcon_core.shell:Creating environment hook '/root/colcon_ws/install/slam_msgs/share/slam_msgs/hook/ld_library_path_lib.ps1'
[1.368s] INFO:colcon.colcon_core.shell:Creating environment descriptor '/root/colcon_ws/install/slam_msgs/share/slam_msgs/hook/ld_library_path_lib.dsv'
[1.368s] INFO:colcon.colcon_core.shell:Creating environment hook '/root/colcon_ws/install/slam_msgs/share/slam_msgs/hook/ld_library_path_lib.sh'
[1.369s] Level 1:colcon.colcon_core.environment:checking '/root/colcon_ws/install/slam_msgs/bin'
[1.369s] Level 1:colcon.colcon_core.environment:checking '/root/colcon_ws/install/slam_msgs/lib/pkgconfig/slam_msgs.pc'
[1.370s] Level 1:colcon.colcon_core.environment:checking '/root/colcon_ws/install/slam_msgs/lib/python3.10/site-packages'
[1.370s] Level 1:colcon.colcon_core.environment:checking '/root/colcon_ws/install/slam_msgs/bin'
[1.371s] INFO:colcon.colcon_core.shell:Creating package script '/root/colcon_ws/install/slam_msgs/share/slam_msgs/package.ps1'
[1.374s] INFO:colcon.colcon_core.shell:Creating package descriptor '/root/colcon_ws/install/slam_msgs/share/slam_msgs/package.dsv'
[1.376s] INFO:colcon.colcon_core.shell:Creating package script '/root/colcon_ws/install/slam_msgs/share/slam_msgs/package.sh'
[1.378s] INFO:colcon.colcon_core.shell:Creating package script '/root/colcon_ws/install/slam_msgs/share/slam_msgs/package.bash'
[1.379s] INFO:colcon.colcon_core.shell:Creating package script '/root/colcon_ws/install/slam_msgs/share/slam_msgs/package.zsh'
[1.380s] Level 1:colcon.colcon_core.environment:create_file_with_runtime_dependencies(/root/colcon_ws/install/slam_msgs/share/colcon-core/packages/slam_msgs)
[1.389s] DEBUG:colcon.colcon_core.task.python.build:While undoing a previous installation files outside the Python library path are being ignored: /root/colcon_ws/install/trajectory_comparer/share/ament_index/resource_index/packages/trajectory_comparer
[1.389s] DEBUG:colcon.colcon_core.task.python.build:While undoing a previous installation files outside the Python library path are being ignored: /root/colcon_ws/install/trajectory_comparer/share/trajectory_comparer/package.xml
[1.390s] DEBUG:colcon.colcon_core.task.python.build:While undoing a previous installation files outside the Python library path are being ignored: /root/colcon_ws/install/trajectory_comparer/lib/trajectory_comparer/simple_trajectory_comparer
[1.392s] DEBUG:colcon.colcon_core.event_handler.log_command:Invoking command in '/root/colcon_ws/build/trajectory_comparer': PYTHONPATH=/root/colcon_ws/build/trajectory_comparer/prefix_override:/usr/lib/python3/dist-packages/colcon_core/task/python/colcon_distutils_commands:/root/colcon_ws/install/trajectory_comparer/lib/python3.10/site-packages:${PYTHONPATH} /usr/bin/python3 -W ignore:setup.py install is deprecated setup.py develop --editable --build-directory /root/colcon_ws/build/trajectory_comparer/build --no-deps symlink_data --force
[1.476s] Level 1:colcon.colcon_core.environment:create_environment_scripts_only(slam_msgs)
[1.477s] Level 1:colcon.colcon_core.environment:checking '/root/colcon_ws/install/slam_msgs' for CMake module files
[1.478s] Level 1:colcon.colcon_core.environment:checking '/root/colcon_ws/install/slam_msgs' for CMake config files
[1.479s] Level 1:colcon.colcon_core.shell:create_environment_hook('slam_msgs', 'cmake_prefix_path')
[1.480s] INFO:colcon.colcon_core.shell:Creating environment hook '/root/colcon_ws/install/slam_msgs/share/slam_msgs/hook/cmake_prefix_path.ps1'
[1.480s] INFO:colcon.colcon_core.shell:Creating environment descriptor '/root/colcon_ws/install/slam_msgs/share/slam_msgs/hook/cmake_prefix_path.dsv'
[1.480s] INFO:colcon.colcon_core.shell:Creating environment hook '/root/colcon_ws/install/slam_msgs/share/slam_msgs/hook/cmake_prefix_path.sh'
[1.481s] Level 1:colcon.colcon_core.environment:checking '/root/colcon_ws/install/slam_msgs/lib'
[1.481s] Level 1:colcon.colcon_core.shell:create_environment_hook('slam_msgs', 'ld_library_path_lib')
[1.482s] INFO:colcon.colcon_core.shell:Creating environment hook '/root/colcon_ws/install/slam_msgs/share/slam_msgs/hook/ld_library_path_lib.ps1'
[1.483s] INFO:colcon.colcon_core.shell:Creating environment descriptor '/root/colcon_ws/install/slam_msgs/share/slam_msgs/hook/ld_library_path_lib.dsv'
[1.484s] INFO:colcon.colcon_core.shell:Creating environment hook '/root/colcon_ws/install/slam_msgs/share/slam_msgs/hook/ld_library_path_lib.sh'
[1.485s] Level 1:colcon.colcon_core.environment:checking '/root/colcon_ws/install/slam_msgs/bin'
[1.486s] Level 1:colcon.colcon_core.environment:checking '/root/colcon_ws/install/slam_msgs/lib/pkgconfig/slam_msgs.pc'
[1.486s] Level 1:colcon.colcon_core.environment:checking '/root/colcon_ws/install/slam_msgs/lib/python3.10/site-packages'
[1.487s] Level 1:colcon.colcon_core.environment:checking '/root/colcon_ws/install/slam_msgs/bin'
[1.489s] INFO:colcon.colcon_core.shell:Creating package script '/root/colcon_ws/install/slam_msgs/share/slam_msgs/package.ps1'
[1.490s] INFO:colcon.colcon_core.shell:Creating package descriptor '/root/colcon_ws/install/slam_msgs/share/slam_msgs/package.dsv'
[1.491s] INFO:colcon.colcon_core.shell:Creating package script '/root/colcon_ws/install/slam_msgs/share/slam_msgs/package.sh'
[1.492s] INFO:colcon.colcon_core.shell:Creating package script '/root/colcon_ws/install/slam_msgs/share/slam_msgs/package.bash'
[1.492s] INFO:colcon.colcon_core.shell:Creating package script '/root/colcon_ws/install/slam_msgs/share/slam_msgs/package.zsh'
[1.493s] Level 1:colcon.colcon_core.environment:create_file_with_runtime_dependencies(/root/colcon_ws/install/slam_msgs/share/colcon-core/packages/slam_msgs)
[1.493s] INFO:colcon.colcon_ros.task.ament_cmake.build:Building ROS package in '/root/colcon_ws/src/orb_slam3_ros2_wrapper' with build type 'ament_cmake'
[1.493s] INFO:colcon.colcon_cmake.task.cmake.build:Building CMake package in '/root/colcon_ws/src/orb_slam3_ros2_wrapper'
[1.493s] INFO:colcon.colcon_core.shell:Skip shell extension 'powershell' for command environment: Not usable outside of PowerShell
[1.493s] DEBUG:colcon.colcon_core.shell:Skip shell extension 'dsv' for command environment
[1.508s] DEBUG:colcon.colcon_core.event_handler.log_command:Invoking command in '/root/colcon_ws/build/orb_slam3_ros2_wrapper': CMAKE_PREFIX_PATH=/root/colcon_ws/install/slam_msgs:/root/colcon_ws/install/trajectory_comparison:/root/colcon_ws/install/orb_slam3_ros2_wrapper:/root/colcon_ws/install/trajectory_publisher:/root/colcon_ws/install/trajectory_comparer:/opt/ros/humble /usr/bin/cmake --build /root/colcon_ws/build/orb_slam3_ros2_wrapper -- -j8 -l8
[1.952s] Level 1:colcon.colcon_core.shell:create_environment_hook('trajectory_comparer', 'pythonpath_develop')
[1.952s] INFO:colcon.colcon_core.shell:Creating environment hook '/root/colcon_ws/build/trajectory_comparer/share/trajectory_comparer/hook/pythonpath_develop.ps1'
[1.952s] DEBUG:colcon.colcon_core.event_handler.log_command:Invoked command in '/root/colcon_ws/build/trajectory_comparer' returned '0': PYTHONPATH=/root/colcon_ws/build/trajectory_comparer/prefix_override:/usr/lib/python3/dist-packages/colcon_core/task/python/colcon_distutils_commands:/root/colcon_ws/install/trajectory_comparer/lib/python3.10/site-packages:${PYTHONPATH} /usr/bin/python3 -W ignore:setup.py install is deprecated setup.py develop --editable --build-directory /root/colcon_ws/build/trajectory_comparer/build --no-deps symlink_data --force
[1.953s] INFO:colcon.colcon_core.shell:Creating environment descriptor '/root/colcon_ws/build/trajectory_comparer/share/trajectory_comparer/hook/pythonpath_develop.dsv'
[1.953s] INFO:colcon.colcon_core.shell:Creating environment hook '/root/colcon_ws/build/trajectory_comparer/share/trajectory_comparer/hook/pythonpath_develop.sh'
[1.954s] Level 1:colcon.colcon_core.environment:checking '/root/colcon_ws/install/trajectory_comparer' for CMake module files
[1.954s] Level 1:colcon.colcon_core.environment:checking '/root/colcon_ws/install/trajectory_comparer' for CMake config files
[1.955s] Level 1:colcon.colcon_core.environment:checking '/root/colcon_ws/install/trajectory_comparer/lib'
[1.955s] Level 1:colcon.colcon_core.environment:checking '/root/colcon_ws/install/trajectory_comparer/bin'
[1.955s] Level 1:colcon.colcon_core.environment:checking '/root/colcon_ws/install/trajectory_comparer/lib/pkgconfig/trajectory_comparer.pc'
[1.955s] Level 1:colcon.colcon_core.environment:checking '/root/colcon_ws/install/trajectory_comparer/lib/python3.10/site-packages'
[1.955s] Level 1:colcon.colcon_core.shell:create_environment_hook('trajectory_comparer', 'pythonpath')
[1.955s] INFO:colcon.colcon_core.shell:Creating environment hook '/root/colcon_ws/install/trajectory_comparer/share/trajectory_comparer/hook/pythonpath.ps1'
[1.956s] INFO:colcon.colcon_core.shell:Creating environment descriptor '/root/colcon_ws/install/trajectory_comparer/share/trajectory_comparer/hook/pythonpath.dsv'
[1.956s] INFO:colcon.colcon_core.shell:Creating environment hook '/root/colcon_ws/install/trajectory_comparer/share/trajectory_comparer/hook/pythonpath.sh'
[1.956s] Level 1:colcon.colcon_core.environment:checking '/root/colcon_ws/install/trajectory_comparer/bin'
[1.956s] Level 1:colcon.colcon_core.environment:create_environment_scripts_only(trajectory_comparer)
[1.957s] INFO:colcon.colcon_core.shell:Creating package script '/root/colcon_ws/install/trajectory_comparer/share/trajectory_comparer/package.ps1'
[1.957s] INFO:colcon.colcon_core.shell:Creating package descriptor '/root/colcon_ws/install/trajectory_comparer/share/trajectory_comparer/package.dsv'
[1.958s] INFO:colcon.colcon_core.shell:Creating package script '/root/colcon_ws/install/trajectory_comparer/share/trajectory_comparer/package.sh'
[1.958s] INFO:colcon.colcon_core.shell:Creating package script '/root/colcon_ws/install/trajectory_comparer/share/trajectory_comparer/package.bash'
[1.959s] INFO:colcon.colcon_core.shell:Creating package script '/root/colcon_ws/install/trajectory_comparer/share/trajectory_comparer/package.zsh'
[1.959s] Level 1:colcon.colcon_core.environment:create_file_with_runtime_dependencies(/root/colcon_ws/install/trajectory_comparer/share/colcon-core/packages/trajectory_comparer)
[33.641s] DEBUG:colcon.colcon_core.event_handler.log_command:Invoked command in '/root/colcon_ws/build/orb_slam3_ros2_wrapper' returned '2': CMAKE_PREFIX_PATH=/root/colcon_ws/install/slam_msgs:/root/colcon_ws/install/trajectory_comparison:/root/colcon_ws/install/orb_slam3_ros2_wrapper:/root/colcon_ws/install/trajectory_publisher:/root/colcon_ws/install/trajectory_comparer:/opt/ros/humble /usr/bin/cmake --build /root/colcon_ws/build/orb_slam3_ros2_wrapper -- -j8 -l8
[33.696s] Level 1:colcon.colcon_core.environment:create_environment_scripts_only(orb_slam3_ros2_wrapper)
[33.696s] Level 1:colcon.colcon_core.environment:checking '/root/colcon_ws/install/orb_slam3_ros2_wrapper' for CMake module files
[33.697s] Level 1:colcon.colcon_core.environment:checking '/root/colcon_ws/install/orb_slam3_ros2_wrapper' for CMake config files
[33.699s] Level 1:colcon.colcon_core.shell:create_environment_hook('orb_slam3_ros2_wrapper', 'cmake_prefix_path')
[33.699s] INFO:colcon.colcon_core.shell:Creating environment hook '/root/colcon_ws/install/orb_slam3_ros2_wrapper/share/orb_slam3_ros2_wrapper/hook/cmake_prefix_path.ps1'
[33.700s] INFO:colcon.colcon_core.shell:Creating environment descriptor '/root/colcon_ws/install/orb_slam3_ros2_wrapper/share/orb_slam3_ros2_wrapper/hook/cmake_prefix_path.dsv'
[33.700s] INFO:colcon.colcon_core.shell:Creating environment hook '/root/colcon_ws/install/orb_slam3_ros2_wrapper/share/orb_slam3_ros2_wrapper/hook/cmake_prefix_path.sh'
[33.701s] Level 1:colcon.colcon_core.environment:checking '/root/colcon_ws/install/orb_slam3_ros2_wrapper/lib'
[33.701s] Level 1:colcon.colcon_core.environment:checking '/root/colcon_ws/install/orb_slam3_ros2_wrapper/bin'
[33.701s] Level 1:colcon.colcon_core.environment:checking '/root/colcon_ws/install/orb_slam3_ros2_wrapper/lib/pkgconfig/orb_slam3_ros2_wrapper.pc'
[33.702s] Level 1:colcon.colcon_core.environment:checking '/root/colcon_ws/install/orb_slam3_ros2_wrapper/lib/python3.10/site-packages'
[33.702s] Level 1:colcon.colcon_core.environment:checking '/root/colcon_ws/install/orb_slam3_ros2_wrapper/bin'
[33.702s] INFO:colcon.colcon_core.shell:Creating package script '/root/colcon_ws/install/orb_slam3_ros2_wrapper/share/orb_slam3_ros2_wrapper/package.ps1'
[33.703s] INFO:colcon.colcon_core.shell:Creating package descriptor '/root/colcon_ws/install/orb_slam3_ros2_wrapper/share/orb_slam3_ros2_wrapper/package.dsv'
[33.703s] INFO:colcon.colcon_core.shell:Creating package script '/root/colcon_ws/install/orb_slam3_ros2_wrapper/share/orb_slam3_ros2_wrapper/package.sh'
[33.704s] INFO:colcon.colcon_core.shell:Creating package script '/root/colcon_ws/install/orb_slam3_ros2_wrapper/share/orb_slam3_ros2_wrapper/package.bash'
[33.704s] INFO:colcon.colcon_core.shell:Creating package script '/root/colcon_ws/install/orb_slam3_ros2_wrapper/share/orb_slam3_ros2_wrapper/package.zsh'
[33.704s] Level 1:colcon.colcon_core.environment:create_file_with_runtime_dependencies(/root/colcon_ws/install/orb_slam3_ros2_wrapper/share/colcon-core/packages/orb_slam3_ros2_wrapper)
[33.715s] DEBUG:colcon.colcon_parallel_executor.executor.parallel:closing loop
[33.715s] DEBUG:colcon.colcon_parallel_executor.executor.parallel:loop closed
[33.715s] DEBUG:colcon.colcon_parallel_executor.executor.parallel:run_until_complete finished with '2'
[33.715s] DEBUG:colcon.colcon_core.event_reactor:joining thread
[33.735s] INFO:colcon.colcon_core.plugin_system:Skipping extension 'colcon_notification.desktop_notification.notify_send': Could not find 'notify-send'
[33.735s] INFO:colcon.colcon_core.plugin_system:Skipping extension 'colcon_notification.desktop_notification.terminal_notifier': Not used on non-Darwin systems
[33.735s] INFO:colcon.colcon_core.plugin_system:Skipping extension 'colcon_notification.desktop_notification.win32': Not used on non-Windows systems
[33.735s] INFO:colcon.colcon_notification.desktop_notification:Sending desktop notification using 'notify2'
[33.745s] DEBUG:colcon.colcon_notification.desktop_notification.notify2:Failed to initialize notify2: org.freedesktop.DBus.Error.Spawn.ExecFailed: /usr/bin/dbus-launch terminated abnormally without any error message
[33.746s] DEBUG:colcon.colcon_core.event_reactor:joined thread
[33.746s] INFO:colcon.colcon_core.shell:Creating prefix script '/root/colcon_ws/install/local_setup.ps1'
[33.748s] INFO:colcon.colcon_core.shell:Creating prefix util module '/root/colcon_ws/install/_local_setup_util_ps1.py'
[33.750s] INFO:colcon.colcon_core.shell:Creating prefix chain script '/root/colcon_ws/install/setup.ps1'
[33.751s] INFO:colcon.colcon_core.shell:Creating prefix script '/root/colcon_ws/install/local_setup.sh'
[33.752s] INFO:colcon.colcon_core.shell:Creating prefix util module '/root/colcon_ws/install/_local_setup_util_sh.py'
[33.753s] INFO:colcon.colcon_core.shell:Creating prefix chain script '/root/colcon_ws/install/setup.sh'
[33.757s] INFO:colcon.colcon_core.shell:Creating prefix script '/root/colcon_ws/install/local_setup.bash'
[33.758s] INFO:colcon.colcon_core.shell:Creating prefix chain script '/root/colcon_ws/install/setup.bash'
[33.760s] INFO:colcon.colcon_core.shell:Creating prefix script '/root/colcon_ws/install/local_setup.zsh'
[33.761s] INFO:colcon.colcon_core.shell:Creating prefix chain script '/root/colcon_ws/install/setup.zsh'
