[0.151s] DEBUG:colcon:Command line arguments: ['/usr/bin/colcon', 'build', '--symlink-install']
[0.151s] DEBUG:colcon:Parsed command line arguments: Namespace(log_base=None, log_level=None, verb_name='build', build_base='build', install_base='install', merge_install=False, symlink_install=True, test_result_base=None, continue_on_error=False, executor='parallel', parallel_workers=8, event_handlers=None, ignore_user_meta=False, metas=['./colcon.meta'], base_paths=['.'], packages_ignore=None, packages_ignore_regex=None, paths=None, packages_up_to=None, packages_up_to_regex=None, packages_above=None, packages_above_and_dependencies=None, packages_above_depth=None, packages_select_by_dep=None, packages_skip_by_dep=None, packages_skip_up_to=None, packages_select_build_failed=False, packages_skip_build_finished=False, packages_select_test_failures=False, packages_skip_test_passed=False, packages_select=None, packages_skip=None, packages_select_regex=None, packages_skip_regex=None, packages_start=None, packages_end=None, cmake_args=None, cmake_target=None, cmake_target_skip_unavailable=False, cmake_clean_cache=False, cmake_clean_first=False, cmake_force_configure=False, ament_cmake_args=None, catkin_cmake_args=None, catkin_skip_building_tests=False, mixin_files=None, mixin=None, verb_parser=<colcon_mixin.mixin.mixin_argument.MixinArgumentDecorator object at 0x7373a1c6c250>, verb_extension=<colcon_core.verb.build.BuildVerb object at 0x7373a1dd9780>, main=<bound method BuildVerb.main of <colcon_core.verb.build.BuildVerb object at 0x7373a1dd9780>>, mixin_verb=('build',))
[0.342s] Level 1:colcon.colcon_core.package_discovery:discover_packages(colcon_meta) check parameters
[0.342s] Level 1:colcon.colcon_core.package_discovery:discover_packages(recursive) check parameters
[0.342s] Level 1:colcon.colcon_core.package_discovery:discover_packages(ignore) check parameters
[0.342s] Level 1:colcon.colcon_core.package_discovery:discover_packages(path) check parameters
[0.342s] Level 1:colcon.colcon_core.package_discovery:discover_packages(colcon_meta) discover
[0.342s] Level 1:colcon.colcon_core.package_discovery:discover_packages(recursive) discover
[0.342s] INFO:colcon.colcon_core.package_discovery:Crawling recursively for packages in '/root/colcon_ws'
[0.342s] Level 1:colcon.colcon_core.package_identification:_identify(.) by extensions ['ignore', 'ignore_ament_install']
[0.342s] Level 1:colcon.colcon_core.package_identification:_identify(.) by extension 'ignore'
[0.342s] Level 1:colcon.colcon_core.package_identification:_identify(.) by extension 'ignore_ament_install'
[0.342s] Level 1:colcon.colcon_core.package_identification:_identify(.) by extensions ['colcon_pkg']
[0.342s] Level 1:colcon.colcon_core.package_identification:_identify(.) by extension 'colcon_pkg'
[0.343s] Level 1:colcon.colcon_core.package_identification:_identify(.) by extensions ['colcon_meta']
[0.343s] Level 1:colcon.colcon_core.package_identification:_identify(.) by extension 'colcon_meta'
[0.343s] Level 1:colcon.colcon_core.package_identification:_identify(.) by extensions ['ros']
[0.343s] Level 1:colcon.colcon_core.package_identification:_identify(.) by extension 'ros'
[0.355s] Level 1:colcon.colcon_core.package_identification:_identify(.) by extensions ['cmake', 'python']
[0.355s] Level 1:colcon.colcon_core.package_identification:_identify(.) by extension 'cmake'
[0.355s] Level 1:colcon.colcon_core.package_identification:_identify(.) by extension 'python'
[0.355s] Level 1:colcon.colcon_core.package_identification:_identify(.) by extensions ['python_setup_py']
[0.355s] Level 1:colcon.colcon_core.package_identification:_identify(.) by extension 'python_setup_py'
[0.355s] Level 1:colcon.colcon_core.package_identification:_identify(build) by extensions ['ignore', 'ignore_ament_install']
[0.355s] Level 1:colcon.colcon_core.package_identification:_identify(build) by extension 'ignore'
[0.355s] Level 1:colcon.colcon_core.package_identification:_identify(build) ignored
[0.356s] Level 1:colcon.colcon_core.package_identification:_identify(install) by extensions ['ignore', 'ignore_ament_install']
[0.356s] Level 1:colcon.colcon_core.package_identification:_identify(install) by extension 'ignore'
[0.356s] Level 1:colcon.colcon_core.package_identification:_identify(install) ignored
[0.356s] Level 1:colcon.colcon_core.package_identification:_identify(log) by extensions ['ignore', 'ignore_ament_install']
[0.356s] Level 1:colcon.colcon_core.package_identification:_identify(log) by extension 'ignore'
[0.356s] Level 1:colcon.colcon_core.package_identification:_identify(log) ignored
[0.357s] Level 1:colcon.colcon_core.package_identification:_identify(src) by extensions ['ignore', 'ignore_ament_install']
[0.357s] Level 1:colcon.colcon_core.package_identification:_identify(src) by extension 'ignore'
[0.357s] Level 1:colcon.colcon_core.package_identification:_identify(src) by extension 'ignore_ament_install'
[0.357s] Level 1:colcon.colcon_core.package_identification:_identify(src) by extensions ['colcon_pkg']
[0.357s] Level 1:colcon.colcon_core.package_identification:_identify(src) by extension 'colcon_pkg'
[0.357s] Level 1:colcon.colcon_core.package_identification:_identify(src) by extensions ['colcon_meta']
[0.357s] Level 1:colcon.colcon_core.package_identification:_identify(src) by extension 'colcon_meta'
[0.357s] Level 1:colcon.colcon_core.package_identification:_identify(src) by extensions ['ros']
[0.357s] Level 1:colcon.colcon_core.package_identification:_identify(src) by extension 'ros'
[0.357s] Level 1:colcon.colcon_core.package_identification:_identify(src) by extensions ['cmake', 'python']
[0.357s] Level 1:colcon.colcon_core.package_identification:_identify(src) by extension 'cmake'
[0.357s] Level 1:colcon.colcon_core.package_identification:_identify(src) by extension 'python'
[0.357s] Level 1:colcon.colcon_core.package_identification:_identify(src) by extensions ['python_setup_py']
[0.357s] Level 1:colcon.colcon_core.package_identification:_identify(src) by extension 'python_setup_py'
[0.358s] Level 1:colcon.colcon_core.package_identification:_identify(src/orb_slam3_ros2_wrapper) by extensions ['ignore', 'ignore_ament_install']
[0.358s] Level 1:colcon.colcon_core.package_identification:_identify(src/orb_slam3_ros2_wrapper) by extension 'ignore'
[0.358s] Level 1:colcon.colcon_core.package_identification:_identify(src/orb_slam3_ros2_wrapper) by extension 'ignore_ament_install'
[0.358s] Level 1:colcon.colcon_core.package_identification:_identify(src/orb_slam3_ros2_wrapper) by extensions ['colcon_pkg']
[0.358s] Level 1:colcon.colcon_core.package_identification:_identify(src/orb_slam3_ros2_wrapper) by extension 'colcon_pkg'
[0.358s] Level 1:colcon.colcon_core.package_identification:_identify(src/orb_slam3_ros2_wrapper) by extensions ['colcon_meta']
[0.358s] Level 1:colcon.colcon_core.package_identification:_identify(src/orb_slam3_ros2_wrapper) by extension 'colcon_meta'
[0.358s] Level 1:colcon.colcon_core.package_identification:_identify(src/orb_slam3_ros2_wrapper) by extensions ['ros']
[0.358s] Level 1:colcon.colcon_core.package_identification:_identify(src/orb_slam3_ros2_wrapper) by extension 'ros'
[0.362s] DEBUG:colcon.colcon_core.package_identification:Package 'src/orb_slam3_ros2_wrapper' with type 'ros.ament_cmake' and name 'orb_slam3_ros2_wrapper'
[0.363s] Level 1:colcon.colcon_core.package_identification:_identify(src/slam_msgs) by extensions ['ignore', 'ignore_ament_install']
[0.363s] Level 1:colcon.colcon_core.package_identification:_identify(src/slam_msgs) by extension 'ignore'
[0.363s] Level 1:colcon.colcon_core.package_identification:_identify(src/slam_msgs) by extension 'ignore_ament_install'
[0.363s] Level 1:colcon.colcon_core.package_identification:_identify(src/slam_msgs) by extensions ['colcon_pkg']
[0.363s] Level 1:colcon.colcon_core.package_identification:_identify(src/slam_msgs) by extension 'colcon_pkg'
[0.363s] Level 1:colcon.colcon_core.package_identification:_identify(src/slam_msgs) by extensions ['colcon_meta']
[0.363s] Level 1:colcon.colcon_core.package_identification:_identify(src/slam_msgs) by extension 'colcon_meta'
[0.363s] Level 1:colcon.colcon_core.package_identification:_identify(src/slam_msgs) by extensions ['ros']
[0.363s] Level 1:colcon.colcon_core.package_identification:_identify(src/slam_msgs) by extension 'ros'
[0.364s] DEBUG:colcon.colcon_core.package_identification:Package 'src/slam_msgs' with type 'ros.ament_cmake' and name 'slam_msgs'
[0.364s] Level 1:colcon.colcon_core.package_identification:_identify(src/trajectory_comparison) by extensions ['ignore', 'ignore_ament_install']
[0.364s] Level 1:colcon.colcon_core.package_identification:_identify(src/trajectory_comparison) by extension 'ignore'
[0.364s] Level 1:colcon.colcon_core.package_identification:_identify(src/trajectory_comparison) by extension 'ignore_ament_install'
[0.364s] Level 1:colcon.colcon_core.package_identification:_identify(src/trajectory_comparison) by extensions ['colcon_pkg']
[0.364s] Level 1:colcon.colcon_core.package_identification:_identify(src/trajectory_comparison) by extension 'colcon_pkg'
[0.365s] Level 1:colcon.colcon_core.package_identification:_identify(src/trajectory_comparison) by extensions ['colcon_meta']
[0.365s] Level 1:colcon.colcon_core.package_identification:_identify(src/trajectory_comparison) by extension 'colcon_meta'
[0.365s] Level 1:colcon.colcon_core.package_identification:_identify(src/trajectory_comparison) by extensions ['ros']
[0.365s] Level 1:colcon.colcon_core.package_identification:_identify(src/trajectory_comparison) by extension 'ros'
[0.367s] DEBUG:colcon.colcon_core.package_identification:Package 'src/trajectory_comparison' with type 'ros.ament_cmake' and name 'trajectory_comparison'
[0.367s] Level 1:colcon.colcon_core.package_discovery:discover_packages(recursive) using defaults
[0.367s] Level 1:colcon.colcon_core.package_discovery:discover_packages(ignore) discover
[0.367s] Level 1:colcon.colcon_core.package_discovery:discover_packages(ignore) using defaults
[0.367s] Level 1:colcon.colcon_core.package_discovery:discover_packages(path) discover
[0.367s] Level 1:colcon.colcon_core.package_discovery:discover_packages(path) using defaults
[0.393s] Level 5:colcon.colcon_core.verb:set package 'slam_msgs' build argument 'cmake_args' from command line to 'None'
[0.393s] Level 5:colcon.colcon_core.verb:set package 'slam_msgs' build argument 'cmake_target' from command line to 'None'
[0.393s] Level 5:colcon.colcon_core.verb:set package 'slam_msgs' build argument 'cmake_target_skip_unavailable' from command line to 'False'
[0.393s] Level 5:colcon.colcon_core.verb:set package 'slam_msgs' build argument 'cmake_clean_cache' from command line to 'False'
[0.393s] Level 5:colcon.colcon_core.verb:set package 'slam_msgs' build argument 'cmake_clean_first' from command line to 'False'
[0.393s] Level 5:colcon.colcon_core.verb:set package 'slam_msgs' build argument 'cmake_force_configure' from command line to 'False'
[0.393s] Level 5:colcon.colcon_core.verb:set package 'slam_msgs' build argument 'ament_cmake_args' from command line to 'None'
[0.393s] Level 5:colcon.colcon_core.verb:set package 'slam_msgs' build argument 'catkin_cmake_args' from command line to 'None'
[0.393s] Level 5:colcon.colcon_core.verb:set package 'slam_msgs' build argument 'catkin_skip_building_tests' from command line to 'False'
[0.393s] DEBUG:colcon.colcon_core.verb:Building package 'slam_msgs' with the following arguments: {'ament_cmake_args': None, 'build_base': '/root/colcon_ws/build/slam_msgs', 'catkin_cmake_args': None, 'catkin_skip_building_tests': False, 'cmake_args': None, 'cmake_clean_cache': False, 'cmake_clean_first': False, 'cmake_force_configure': False, 'cmake_target': None, 'cmake_target_skip_unavailable': False, 'install_base': '/root/colcon_ws/install/slam_msgs', 'merge_install': False, 'path': '/root/colcon_ws/src/slam_msgs', 'symlink_install': True, 'test_result_base': None}
[0.394s] Level 5:colcon.colcon_core.verb:set package 'trajectory_comparison' build argument 'cmake_args' from command line to 'None'
[0.394s] Level 5:colcon.colcon_core.verb:set package 'trajectory_comparison' build argument 'cmake_target' from command line to 'None'
[0.394s] Level 5:colcon.colcon_core.verb:set package 'trajectory_comparison' build argument 'cmake_target_skip_unavailable' from command line to 'False'
[0.394s] Level 5:colcon.colcon_core.verb:set package 'trajectory_comparison' build argument 'cmake_clean_cache' from command line to 'False'
[0.394s] Level 5:colcon.colcon_core.verb:set package 'trajectory_comparison' build argument 'cmake_clean_first' from command line to 'False'
[0.394s] Level 5:colcon.colcon_core.verb:set package 'trajectory_comparison' build argument 'cmake_force_configure' from command line to 'False'
[0.394s] Level 5:colcon.colcon_core.verb:set package 'trajectory_comparison' build argument 'ament_cmake_args' from command line to 'None'
[0.394s] Level 5:colcon.colcon_core.verb:set package 'trajectory_comparison' build argument 'catkin_cmake_args' from command line to 'None'
[0.394s] Level 5:colcon.colcon_core.verb:set package 'trajectory_comparison' build argument 'catkin_skip_building_tests' from command line to 'False'
[0.394s] DEBUG:colcon.colcon_core.verb:Building package 'trajectory_comparison' with the following arguments: {'ament_cmake_args': None, 'build_base': '/root/colcon_ws/build/trajectory_comparison', 'catkin_cmake_args': None, 'catkin_skip_building_tests': False, 'cmake_args': None, 'cmake_clean_cache': False, 'cmake_clean_first': False, 'cmake_force_configure': False, 'cmake_target': None, 'cmake_target_skip_unavailable': False, 'install_base': '/root/colcon_ws/install/trajectory_comparison', 'merge_install': False, 'path': '/root/colcon_ws/src/trajectory_comparison', 'symlink_install': True, 'test_result_base': None}
[0.394s] Level 5:colcon.colcon_core.verb:set package 'orb_slam3_ros2_wrapper' build argument 'cmake_args' from command line to 'None'
[0.394s] Level 5:colcon.colcon_core.verb:set package 'orb_slam3_ros2_wrapper' build argument 'cmake_target' from command line to 'None'
[0.394s] Level 5:colcon.colcon_core.verb:set package 'orb_slam3_ros2_wrapper' build argument 'cmake_target_skip_unavailable' from command line to 'False'
[0.394s] Level 5:colcon.colcon_core.verb:set package 'orb_slam3_ros2_wrapper' build argument 'cmake_clean_cache' from command line to 'False'
[0.394s] Level 5:colcon.colcon_core.verb:set package 'orb_slam3_ros2_wrapper' build argument 'cmake_clean_first' from command line to 'False'
[0.395s] Level 5:colcon.colcon_core.verb:set package 'orb_slam3_ros2_wrapper' build argument 'cmake_force_configure' from command line to 'False'
[0.395s] Level 5:colcon.colcon_core.verb:set package 'orb_slam3_ros2_wrapper' build argument 'ament_cmake_args' from command line to 'None'
[0.395s] Level 5:colcon.colcon_core.verb:set package 'orb_slam3_ros2_wrapper' build argument 'catkin_cmake_args' from command line to 'None'
[0.395s] Level 5:colcon.colcon_core.verb:set package 'orb_slam3_ros2_wrapper' build argument 'catkin_skip_building_tests' from command line to 'False'
[0.395s] DEBUG:colcon.colcon_core.verb:Building package 'orb_slam3_ros2_wrapper' with the following arguments: {'ament_cmake_args': None, 'build_base': '/root/colcon_ws/build/orb_slam3_ros2_wrapper', 'catkin_cmake_args': None, 'catkin_skip_building_tests': False, 'cmake_args': None, 'cmake_clean_cache': False, 'cmake_clean_first': False, 'cmake_force_configure': False, 'cmake_target': None, 'cmake_target_skip_unavailable': False, 'install_base': '/root/colcon_ws/install/orb_slam3_ros2_wrapper', 'merge_install': False, 'path': '/root/colcon_ws/src/orb_slam3_ros2_wrapper', 'symlink_install': True, 'test_result_base': None}
[0.395s] INFO:colcon.colcon_core.executor:Executing jobs using 'parallel' executor
[0.396s] DEBUG:colcon.colcon_parallel_executor.executor.parallel:run_until_complete
[0.396s] INFO:colcon.colcon_ros.task.ament_cmake.build:Building ROS package in '/root/colcon_ws/src/slam_msgs' with build type 'ament_cmake'
[0.396s] INFO:colcon.colcon_cmake.task.cmake.build:Building CMake package in '/root/colcon_ws/src/slam_msgs'
[0.399s] INFO:colcon.colcon_core.plugin_system:Skipping extension 'colcon_core.shell.bat': Not used on non-Windows systems
[0.399s] INFO:colcon.colcon_core.shell:Skip shell extension 'powershell' for command environment: Not usable outside of PowerShell
[0.399s] DEBUG:colcon.colcon_core.shell:Skip shell extension 'dsv' for command environment
[0.405s] INFO:colcon.colcon_ros.task.ament_cmake.build:Building ROS package in '/root/colcon_ws/src/trajectory_comparison' with build type 'ament_cmake'
[0.405s] INFO:colcon.colcon_cmake.task.cmake.build:Building CMake package in '/root/colcon_ws/src/trajectory_comparison'
[0.405s] INFO:colcon.colcon_core.shell:Skip shell extension 'powershell' for command environment: Not usable outside of PowerShell
[0.405s] DEBUG:colcon.colcon_core.shell:Skip shell extension 'dsv' for command environment
[0.418s] DEBUG:colcon.colcon_core.event_handler.log_command:Invoking command in '/root/colcon_ws/build/slam_msgs': CMAKE_PREFIX_PATH=${CMAKE_PREFIX_PATH}:/opt/ros/humble /usr/bin/cmake --build /root/colcon_ws/build/slam_msgs -- -j8 -l8
[0.423s] DEBUG:colcon.colcon_core.event_handler.log_command:Invoking command in '/root/colcon_ws/build/trajectory_comparison': CMAKE_PREFIX_PATH=${CMAKE_PREFIX_PATH}:/opt/ros/humble /usr/bin/cmake --build /root/colcon_ws/build/trajectory_comparison -- -j8 -l8
[0.465s] DEBUG:colcon.colcon_core.event_handler.log_command:Invoked command in '/root/colcon_ws/build/trajectory_comparison' returned '0': CMAKE_PREFIX_PATH=${CMAKE_PREFIX_PATH}:/opt/ros/humble /usr/bin/cmake --build /root/colcon_ws/build/trajectory_comparison -- -j8 -l8
[0.508s] DEBUG:colcon.colcon_core.event_handler.log_command:Invoking command in '/root/colcon_ws/build/trajectory_comparison': CMAKE_PREFIX_PATH=${CMAKE_PREFIX_PATH}:/opt/ros/humble /usr/bin/cmake --install /root/colcon_ws/build/trajectory_comparison
[0.555s] Level 1:colcon.colcon_core.environment:create_environment_scripts_only(trajectory_comparison)
[0.556s] DEBUG:colcon.colcon_core.event_handler.log_command:Invoked command in '/root/colcon_ws/build/trajectory_comparison' returned '0': CMAKE_PREFIX_PATH=${CMAKE_PREFIX_PATH}:/opt/ros/humble /usr/bin/cmake --install /root/colcon_ws/build/trajectory_comparison
[0.559s] Level 1:colcon.colcon_core.environment:checking '/root/colcon_ws/install/trajectory_comparison' for CMake module files
[0.560s] Level 1:colcon.colcon_core.environment:checking '/root/colcon_ws/install/trajectory_comparison' for CMake config files
[0.561s] Level 1:colcon.colcon_core.shell:create_environment_hook('trajectory_comparison', 'cmake_prefix_path')
[0.561s] INFO:colcon.colcon_core.shell:Creating environment hook '/root/colcon_ws/install/trajectory_comparison/share/trajectory_comparison/hook/cmake_prefix_path.ps1'
[0.562s] INFO:colcon.colcon_core.shell:Creating environment descriptor '/root/colcon_ws/install/trajectory_comparison/share/trajectory_comparison/hook/cmake_prefix_path.dsv'
[0.563s] INFO:colcon.colcon_core.shell:Creating environment hook '/root/colcon_ws/install/trajectory_comparison/share/trajectory_comparison/hook/cmake_prefix_path.sh'
[0.564s] Level 1:colcon.colcon_core.environment:checking '/root/colcon_ws/install/trajectory_comparison/lib'
[0.564s] Level 1:colcon.colcon_core.environment:checking '/root/colcon_ws/install/trajectory_comparison/bin'
[0.564s] Level 1:colcon.colcon_core.environment:checking '/root/colcon_ws/install/trajectory_comparison/lib/pkgconfig/trajectory_comparison.pc'
[0.567s] Level 1:colcon.colcon_core.environment:checking '/root/colcon_ws/install/trajectory_comparison/lib/python3.10/site-packages'
[0.567s] Level 1:colcon.colcon_core.environment:checking '/root/colcon_ws/install/trajectory_comparison/bin'
[0.567s] INFO:colcon.colcon_core.shell:Creating package script '/root/colcon_ws/install/trajectory_comparison/share/trajectory_comparison/package.ps1'
[0.569s] INFO:colcon.colcon_core.shell:Creating package descriptor '/root/colcon_ws/install/trajectory_comparison/share/trajectory_comparison/package.dsv'
[0.570s] INFO:colcon.colcon_core.shell:Creating package script '/root/colcon_ws/install/trajectory_comparison/share/trajectory_comparison/package.sh'
[0.571s] INFO:colcon.colcon_core.shell:Creating package script '/root/colcon_ws/install/trajectory_comparison/share/trajectory_comparison/package.bash'
[0.572s] INFO:colcon.colcon_core.shell:Creating package script '/root/colcon_ws/install/trajectory_comparison/share/trajectory_comparison/package.zsh'
[0.573s] Level 1:colcon.colcon_core.environment:create_file_with_runtime_dependencies(/root/colcon_ws/install/trajectory_comparison/share/colcon-core/packages/trajectory_comparison)
[0.597s] Level 1:colcon.colcon_core.environment:create_environment_scripts_only(trajectory_comparison)
[0.598s] Level 1:colcon.colcon_core.environment:checking '/root/colcon_ws/install/trajectory_comparison' for CMake module files
[0.599s] Level 1:colcon.colcon_core.environment:checking '/root/colcon_ws/install/trajectory_comparison' for CMake config files
[0.599s] Level 1:colcon.colcon_core.shell:create_environment_hook('trajectory_comparison', 'cmake_prefix_path')
[0.599s] INFO:colcon.colcon_core.shell:Creating environment hook '/root/colcon_ws/install/trajectory_comparison/share/trajectory_comparison/hook/cmake_prefix_path.ps1'
[0.600s] INFO:colcon.colcon_core.shell:Creating environment descriptor '/root/colcon_ws/install/trajectory_comparison/share/trajectory_comparison/hook/cmake_prefix_path.dsv'
[0.600s] INFO:colcon.colcon_core.shell:Creating environment hook '/root/colcon_ws/install/trajectory_comparison/share/trajectory_comparison/hook/cmake_prefix_path.sh'
[0.601s] Level 1:colcon.colcon_core.environment:checking '/root/colcon_ws/install/trajectory_comparison/lib'
[0.601s] Level 1:colcon.colcon_core.environment:checking '/root/colcon_ws/install/trajectory_comparison/bin'
[0.601s] Level 1:colcon.colcon_core.environment:checking '/root/colcon_ws/install/trajectory_comparison/lib/pkgconfig/trajectory_comparison.pc'
[0.602s] Level 1:colcon.colcon_core.environment:checking '/root/colcon_ws/install/trajectory_comparison/lib/python3.10/site-packages'
[0.602s] Level 1:colcon.colcon_core.environment:checking '/root/colcon_ws/install/trajectory_comparison/bin'
[0.602s] INFO:colcon.colcon_core.shell:Creating package script '/root/colcon_ws/install/trajectory_comparison/share/trajectory_comparison/package.ps1'
[0.603s] INFO:colcon.colcon_core.shell:Creating package descriptor '/root/colcon_ws/install/trajectory_comparison/share/trajectory_comparison/package.dsv'
[0.604s] INFO:colcon.colcon_core.shell:Creating package script '/root/colcon_ws/install/trajectory_comparison/share/trajectory_comparison/package.sh'
[0.605s] INFO:colcon.colcon_core.shell:Creating package script '/root/colcon_ws/install/trajectory_comparison/share/trajectory_comparison/package.bash'
[0.606s] INFO:colcon.colcon_core.shell:Creating package script '/root/colcon_ws/install/trajectory_comparison/share/trajectory_comparison/package.zsh'
[0.606s] Level 1:colcon.colcon_core.environment:create_file_with_runtime_dependencies(/root/colcon_ws/install/trajectory_comparison/share/colcon-core/packages/trajectory_comparison)
[0.867s] DEBUG:colcon.colcon_core.event_handler.log_command:Invoked command in '/root/colcon_ws/build/slam_msgs' returned '0': CMAKE_PREFIX_PATH=${CMAKE_PREFIX_PATH}:/opt/ros/humble /usr/bin/cmake --build /root/colcon_ws/build/slam_msgs -- -j8 -l8
[0.969s] DEBUG:colcon.colcon_core.event_handler.log_command:Invoking command in '/root/colcon_ws/build/slam_msgs': CMAKE_PREFIX_PATH=${CMAKE_PREFIX_PATH}:/opt/ros/humble /usr/bin/cmake --install /root/colcon_ws/build/slam_msgs
[1.086s] Level 1:colcon.colcon_core.environment:create_environment_scripts_only(slam_msgs)
[1.087s] Level 1:colcon.colcon_core.environment:checking '/root/colcon_ws/install/slam_msgs' for CMake module files
[1.087s] DEBUG:colcon.colcon_core.event_handler.log_command:Invoked command in '/root/colcon_ws/build/slam_msgs' returned '0': CMAKE_PREFIX_PATH=${CMAKE_PREFIX_PATH}:/opt/ros/humble /usr/bin/cmake --install /root/colcon_ws/build/slam_msgs
[1.088s] Level 1:colcon.colcon_core.environment:checking '/root/colcon_ws/install/slam_msgs' for CMake config files
[1.089s] Level 1:colcon.colcon_core.shell:create_environment_hook('slam_msgs', 'cmake_prefix_path')
[1.089s] INFO:colcon.colcon_core.shell:Creating environment hook '/root/colcon_ws/install/slam_msgs/share/slam_msgs/hook/cmake_prefix_path.ps1'
[1.089s] INFO:colcon.colcon_core.shell:Creating environment descriptor '/root/colcon_ws/install/slam_msgs/share/slam_msgs/hook/cmake_prefix_path.dsv'
[1.090s] INFO:colcon.colcon_core.shell:Creating environment hook '/root/colcon_ws/install/slam_msgs/share/slam_msgs/hook/cmake_prefix_path.sh'
[1.090s] Level 1:colcon.colcon_core.environment:checking '/root/colcon_ws/install/slam_msgs/lib'
[1.090s] Level 1:colcon.colcon_core.shell:create_environment_hook('slam_msgs', 'ld_library_path_lib')
[1.090s] INFO:colcon.colcon_core.shell:Creating environment hook '/root/colcon_ws/install/slam_msgs/share/slam_msgs/hook/ld_library_path_lib.ps1'
[1.091s] INFO:colcon.colcon_core.shell:Creating environment descriptor '/root/colcon_ws/install/slam_msgs/share/slam_msgs/hook/ld_library_path_lib.dsv'
[1.091s] INFO:colcon.colcon_core.shell:Creating environment hook '/root/colcon_ws/install/slam_msgs/share/slam_msgs/hook/ld_library_path_lib.sh'
[1.091s] Level 1:colcon.colcon_core.environment:checking '/root/colcon_ws/install/slam_msgs/bin'
[1.091s] Level 1:colcon.colcon_core.environment:checking '/root/colcon_ws/install/slam_msgs/lib/pkgconfig/slam_msgs.pc'
[1.092s] Level 1:colcon.colcon_core.environment:checking '/root/colcon_ws/install/slam_msgs/lib/python3.10/site-packages'
[1.092s] Level 1:colcon.colcon_core.environment:checking '/root/colcon_ws/install/slam_msgs/bin'
[1.092s] INFO:colcon.colcon_core.shell:Creating package script '/root/colcon_ws/install/slam_msgs/share/slam_msgs/package.ps1'
[1.093s] INFO:colcon.colcon_core.shell:Creating package descriptor '/root/colcon_ws/install/slam_msgs/share/slam_msgs/package.dsv'
[1.093s] INFO:colcon.colcon_core.shell:Creating package script '/root/colcon_ws/install/slam_msgs/share/slam_msgs/package.sh'
[1.094s] INFO:colcon.colcon_core.shell:Creating package script '/root/colcon_ws/install/slam_msgs/share/slam_msgs/package.bash'
[1.094s] INFO:colcon.colcon_core.shell:Creating package script '/root/colcon_ws/install/slam_msgs/share/slam_msgs/package.zsh'
[1.094s] Level 1:colcon.colcon_core.environment:create_file_with_runtime_dependencies(/root/colcon_ws/install/slam_msgs/share/colcon-core/packages/slam_msgs)
[1.201s] Level 1:colcon.colcon_core.environment:create_environment_scripts_only(slam_msgs)
[1.201s] Level 1:colcon.colcon_core.environment:checking '/root/colcon_ws/install/slam_msgs' for CMake module files
[1.202s] Level 1:colcon.colcon_core.environment:checking '/root/colcon_ws/install/slam_msgs' for CMake config files
[1.203s] Level 1:colcon.colcon_core.shell:create_environment_hook('slam_msgs', 'cmake_prefix_path')
[1.203s] INFO:colcon.colcon_core.shell:Creating environment hook '/root/colcon_ws/install/slam_msgs/share/slam_msgs/hook/cmake_prefix_path.ps1'
[1.204s] INFO:colcon.colcon_core.shell:Creating environment descriptor '/root/colcon_ws/install/slam_msgs/share/slam_msgs/hook/cmake_prefix_path.dsv'
[1.204s] INFO:colcon.colcon_core.shell:Creating environment hook '/root/colcon_ws/install/slam_msgs/share/slam_msgs/hook/cmake_prefix_path.sh'
[1.205s] Level 1:colcon.colcon_core.environment:checking '/root/colcon_ws/install/slam_msgs/lib'
[1.205s] Level 1:colcon.colcon_core.shell:create_environment_hook('slam_msgs', 'ld_library_path_lib')
[1.205s] INFO:colcon.colcon_core.shell:Creating environment hook '/root/colcon_ws/install/slam_msgs/share/slam_msgs/hook/ld_library_path_lib.ps1'
[1.206s] INFO:colcon.colcon_core.shell:Creating environment descriptor '/root/colcon_ws/install/slam_msgs/share/slam_msgs/hook/ld_library_path_lib.dsv'
[1.206s] INFO:colcon.colcon_core.shell:Creating environment hook '/root/colcon_ws/install/slam_msgs/share/slam_msgs/hook/ld_library_path_lib.sh'
[1.206s] Level 1:colcon.colcon_core.environment:checking '/root/colcon_ws/install/slam_msgs/bin'
[1.207s] Level 1:colcon.colcon_core.environment:checking '/root/colcon_ws/install/slam_msgs/lib/pkgconfig/slam_msgs.pc'
[1.207s] Level 1:colcon.colcon_core.environment:checking '/root/colcon_ws/install/slam_msgs/lib/python3.10/site-packages'
[1.207s] Level 1:colcon.colcon_core.environment:checking '/root/colcon_ws/install/slam_msgs/bin'
[1.208s] INFO:colcon.colcon_core.shell:Creating package script '/root/colcon_ws/install/slam_msgs/share/slam_msgs/package.ps1'
[1.208s] INFO:colcon.colcon_core.shell:Creating package descriptor '/root/colcon_ws/install/slam_msgs/share/slam_msgs/package.dsv'
[1.209s] INFO:colcon.colcon_core.shell:Creating package script '/root/colcon_ws/install/slam_msgs/share/slam_msgs/package.sh'
[1.210s] INFO:colcon.colcon_core.shell:Creating package script '/root/colcon_ws/install/slam_msgs/share/slam_msgs/package.bash'
[1.211s] INFO:colcon.colcon_core.shell:Creating package script '/root/colcon_ws/install/slam_msgs/share/slam_msgs/package.zsh'
[1.212s] Level 1:colcon.colcon_core.environment:create_file_with_runtime_dependencies(/root/colcon_ws/install/slam_msgs/share/colcon-core/packages/slam_msgs)
[1.213s] INFO:colcon.colcon_ros.task.ament_cmake.build:Building ROS package in '/root/colcon_ws/src/orb_slam3_ros2_wrapper' with build type 'ament_cmake'
[1.213s] INFO:colcon.colcon_cmake.task.cmake.build:Building CMake package in '/root/colcon_ws/src/orb_slam3_ros2_wrapper'
[1.214s] INFO:colcon.colcon_core.shell:Skip shell extension 'powershell' for command environment: Not usable outside of PowerShell
[1.214s] DEBUG:colcon.colcon_core.shell:Skip shell extension 'dsv' for command environment
[1.228s] DEBUG:colcon.colcon_core.event_handler.log_command:Invoking command in '/root/colcon_ws/build/orb_slam3_ros2_wrapper': CMAKE_PREFIX_PATH=/root/colcon_ws/install/slam_msgs:/root/colcon_ws/install/trajectory_comparison:/root/colcon_ws/install/orb_slam3_ros2_wrapper:/opt/ros/humble /usr/bin/cmake --build /root/colcon_ws/build/orb_slam3_ros2_wrapper -- -j8 -l8
[1.372s] DEBUG:colcon.colcon_core.event_handler.log_command:Invoked command in '/root/colcon_ws/build/orb_slam3_ros2_wrapper' returned '0': CMAKE_PREFIX_PATH=/root/colcon_ws/install/slam_msgs:/root/colcon_ws/install/trajectory_comparison:/root/colcon_ws/install/orb_slam3_ros2_wrapper:/opt/ros/humble /usr/bin/cmake --build /root/colcon_ws/build/orb_slam3_ros2_wrapper -- -j8 -l8
[1.405s] DEBUG:colcon.colcon_core.event_handler.log_command:Invoking command in '/root/colcon_ws/build/orb_slam3_ros2_wrapper': CMAKE_PREFIX_PATH=/root/colcon_ws/install/slam_msgs:/root/colcon_ws/install/trajectory_comparison:/root/colcon_ws/install/orb_slam3_ros2_wrapper:/opt/ros/humble /usr/bin/cmake --install /root/colcon_ws/build/orb_slam3_ros2_wrapper
[1.431s] Level 1:colcon.colcon_core.environment:create_environment_scripts_only(orb_slam3_ros2_wrapper)
[1.431s] Level 1:colcon.colcon_core.environment:checking '/root/colcon_ws/install/orb_slam3_ros2_wrapper' for CMake module files
[1.432s] DEBUG:colcon.colcon_core.event_handler.log_command:Invoked command in '/root/colcon_ws/build/orb_slam3_ros2_wrapper' returned '0': CMAKE_PREFIX_PATH=/root/colcon_ws/install/slam_msgs:/root/colcon_ws/install/trajectory_comparison:/root/colcon_ws/install/orb_slam3_ros2_wrapper:/opt/ros/humble /usr/bin/cmake --install /root/colcon_ws/build/orb_slam3_ros2_wrapper
[1.434s] Level 1:colcon.colcon_core.environment:checking '/root/colcon_ws/install/orb_slam3_ros2_wrapper' for CMake config files
[1.436s] Level 1:colcon.colcon_core.shell:create_environment_hook('orb_slam3_ros2_wrapper', 'cmake_prefix_path')
[1.436s] INFO:colcon.colcon_core.shell:Creating environment hook '/root/colcon_ws/install/orb_slam3_ros2_wrapper/share/orb_slam3_ros2_wrapper/hook/cmake_prefix_path.ps1'
[1.437s] INFO:colcon.colcon_core.shell:Creating environment descriptor '/root/colcon_ws/install/orb_slam3_ros2_wrapper/share/orb_slam3_ros2_wrapper/hook/cmake_prefix_path.dsv'
[1.438s] INFO:colcon.colcon_core.shell:Creating environment hook '/root/colcon_ws/install/orb_slam3_ros2_wrapper/share/orb_slam3_ros2_wrapper/hook/cmake_prefix_path.sh'
[1.439s] Level 1:colcon.colcon_core.environment:checking '/root/colcon_ws/install/orb_slam3_ros2_wrapper/lib'
[1.439s] Level 1:colcon.colcon_core.environment:checking '/root/colcon_ws/install/orb_slam3_ros2_wrapper/bin'
[1.439s] Level 1:colcon.colcon_core.environment:checking '/root/colcon_ws/install/orb_slam3_ros2_wrapper/lib/pkgconfig/orb_slam3_ros2_wrapper.pc'
[1.439s] Level 1:colcon.colcon_core.environment:checking '/root/colcon_ws/install/orb_slam3_ros2_wrapper/lib/python3.10/site-packages'
[1.440s] Level 1:colcon.colcon_core.environment:checking '/root/colcon_ws/install/orb_slam3_ros2_wrapper/bin'
[1.440s] INFO:colcon.colcon_core.shell:Creating package script '/root/colcon_ws/install/orb_slam3_ros2_wrapper/share/orb_slam3_ros2_wrapper/package.ps1'
[1.441s] INFO:colcon.colcon_core.shell:Creating package descriptor '/root/colcon_ws/install/orb_slam3_ros2_wrapper/share/orb_slam3_ros2_wrapper/package.dsv'
[1.441s] INFO:colcon.colcon_core.shell:Creating package script '/root/colcon_ws/install/orb_slam3_ros2_wrapper/share/orb_slam3_ros2_wrapper/package.sh'
[1.442s] INFO:colcon.colcon_core.shell:Creating package script '/root/colcon_ws/install/orb_slam3_ros2_wrapper/share/orb_slam3_ros2_wrapper/package.bash'
[1.442s] INFO:colcon.colcon_core.shell:Creating package script '/root/colcon_ws/install/orb_slam3_ros2_wrapper/share/orb_slam3_ros2_wrapper/package.zsh'
[1.442s] Level 1:colcon.colcon_core.environment:create_file_with_runtime_dependencies(/root/colcon_ws/install/orb_slam3_ros2_wrapper/share/colcon-core/packages/orb_slam3_ros2_wrapper)
[1.475s] Level 1:colcon.colcon_core.environment:create_environment_scripts_only(orb_slam3_ros2_wrapper)
[1.476s] Level 1:colcon.colcon_core.environment:checking '/root/colcon_ws/install/orb_slam3_ros2_wrapper' for CMake module files
[1.476s] Level 1:colcon.colcon_core.environment:checking '/root/colcon_ws/install/orb_slam3_ros2_wrapper' for CMake config files
[1.477s] Level 1:colcon.colcon_core.shell:create_environment_hook('orb_slam3_ros2_wrapper', 'cmake_prefix_path')
[1.477s] INFO:colcon.colcon_core.shell:Creating environment hook '/root/colcon_ws/install/orb_slam3_ros2_wrapper/share/orb_slam3_ros2_wrapper/hook/cmake_prefix_path.ps1'
[1.478s] INFO:colcon.colcon_core.shell:Creating environment descriptor '/root/colcon_ws/install/orb_slam3_ros2_wrapper/share/orb_slam3_ros2_wrapper/hook/cmake_prefix_path.dsv'
[1.478s] INFO:colcon.colcon_core.shell:Creating environment hook '/root/colcon_ws/install/orb_slam3_ros2_wrapper/share/orb_slam3_ros2_wrapper/hook/cmake_prefix_path.sh'
[1.478s] Level 1:colcon.colcon_core.environment:checking '/root/colcon_ws/install/orb_slam3_ros2_wrapper/lib'
[1.478s] Level 1:colcon.colcon_core.environment:checking '/root/colcon_ws/install/orb_slam3_ros2_wrapper/bin'
[1.479s] Level 1:colcon.colcon_core.environment:checking '/root/colcon_ws/install/orb_slam3_ros2_wrapper/lib/pkgconfig/orb_slam3_ros2_wrapper.pc'
[1.479s] Level 1:colcon.colcon_core.environment:checking '/root/colcon_ws/install/orb_slam3_ros2_wrapper/lib/python3.10/site-packages'
[1.479s] Level 1:colcon.colcon_core.environment:checking '/root/colcon_ws/install/orb_slam3_ros2_wrapper/bin'
[1.479s] INFO:colcon.colcon_core.shell:Creating package script '/root/colcon_ws/install/orb_slam3_ros2_wrapper/share/orb_slam3_ros2_wrapper/package.ps1'
[1.480s] INFO:colcon.colcon_core.shell:Creating package descriptor '/root/colcon_ws/install/orb_slam3_ros2_wrapper/share/orb_slam3_ros2_wrapper/package.dsv'
[1.480s] INFO:colcon.colcon_core.shell:Creating package script '/root/colcon_ws/install/orb_slam3_ros2_wrapper/share/orb_slam3_ros2_wrapper/package.sh'
[1.481s] INFO:colcon.colcon_core.shell:Creating package script '/root/colcon_ws/install/orb_slam3_ros2_wrapper/share/orb_slam3_ros2_wrapper/package.bash'
[1.481s] INFO:colcon.colcon_core.shell:Creating package script '/root/colcon_ws/install/orb_slam3_ros2_wrapper/share/orb_slam3_ros2_wrapper/package.zsh'
[1.481s] Level 1:colcon.colcon_core.environment:create_file_with_runtime_dependencies(/root/colcon_ws/install/orb_slam3_ros2_wrapper/share/colcon-core/packages/orb_slam3_ros2_wrapper)
[1.482s] DEBUG:colcon.colcon_parallel_executor.executor.parallel:closing loop
[1.482s] DEBUG:colcon.colcon_parallel_executor.executor.parallel:loop closed
[1.482s] DEBUG:colcon.colcon_parallel_executor.executor.parallel:run_until_complete finished with '0'
[1.482s] DEBUG:colcon.colcon_core.event_reactor:joining thread
[1.488s] INFO:colcon.colcon_core.plugin_system:Skipping extension 'colcon_notification.desktop_notification.notify_send': Could not find 'notify-send'
[1.488s] INFO:colcon.colcon_core.plugin_system:Skipping extension 'colcon_notification.desktop_notification.terminal_notifier': Not used on non-Darwin systems
[1.488s] INFO:colcon.colcon_core.plugin_system:Skipping extension 'colcon_notification.desktop_notification.win32': Not used on non-Windows systems
[1.488s] INFO:colcon.colcon_notification.desktop_notification:Sending desktop notification using 'notify2'
[1.491s] DEBUG:colcon.colcon_notification.desktop_notification.notify2:Failed to initialize notify2: org.freedesktop.DBus.Error.Spawn.ExecFailed: /usr/bin/dbus-launch terminated abnormally without any error message
[1.491s] DEBUG:colcon.colcon_core.event_reactor:joined thread
[1.492s] INFO:colcon.colcon_core.shell:Creating prefix script '/root/colcon_ws/install/local_setup.ps1'
[1.493s] INFO:colcon.colcon_core.shell:Creating prefix util module '/root/colcon_ws/install/_local_setup_util_ps1.py'
[1.495s] INFO:colcon.colcon_core.shell:Creating prefix chain script '/root/colcon_ws/install/setup.ps1'
[1.496s] INFO:colcon.colcon_core.shell:Creating prefix script '/root/colcon_ws/install/local_setup.sh'
[1.497s] INFO:colcon.colcon_core.shell:Creating prefix util module '/root/colcon_ws/install/_local_setup_util_sh.py'
[1.498s] INFO:colcon.colcon_core.shell:Creating prefix chain script '/root/colcon_ws/install/setup.sh'
[1.501s] INFO:colcon.colcon_core.shell:Creating prefix script '/root/colcon_ws/install/local_setup.bash'
[1.502s] INFO:colcon.colcon_core.shell:Creating prefix chain script '/root/colcon_ws/install/setup.bash'
[1.507s] INFO:colcon.colcon_core.shell:Creating prefix script '/root/colcon_ws/install/local_setup.zsh'
[1.509s] INFO:colcon.colcon_core.shell:Creating prefix chain script '/root/colcon_ws/install/setup.zsh'
